Pesquisando os atores: Eleições 2018, Lugar de votação, Candidatos a Presidente, Bolsonaro, Haddad, fraude nas urnas
<topstory.TopStory object at 0x7f84ebc05940>
<genericresult.GenericResult object at 0x7f84ebc05f98>
<video.Video object at 0x7f84ebc059b0>
<topstory.TopStory object at 0x7f84ecf34da0>
<genericresult.GenericResult object at 0x7f84ebc05f60>
<video.Video object at 0x7f84ebc05940>
<topstory.TopStory object at 0x7f84efbbf438>
<genericresult.GenericResult object at 0x7f84ebc05c18>
<video.Video object at 0x7f84ebc05978>
<topstory.TopStory object at 0x7f84ecf34da0>
<genericresult.GenericResult object at 0x7f84ebc05940>
<video.Video object at 0x7f84ebc05c18>
<topstory.TopStory object at 0x7f84efbbf438>
<genericresult.GenericResult object at 0x7f84ebc05ef0>
<video.Video object at 0x7f84ebc05b70>
<topstory.TopStory object at 0x7f84ecf34da0>
<genericresult.GenericResult object at 0x7f84ebc05c18>
<video.Video object at 0x7f84ebc05dd8>
Pesquisando os atores: Eleições 2018, Lugar de votação, Candidatos a Presidente, Bolsonaro, Haddad, fraude nas urnas
<topstory.TopStory object at 0x7f84ebc05e10>
<genericresult.GenericResult object at 0x7f84ebc05518>
<video.Video object at 0x7f84eb3756a0>
<topstory.TopStory object at 0x7f84ebc05160>
<genericresult.GenericResult object at 0x7f84ebc053c8>
<video.Video object at 0x7f84eb375f28>
<topstory.TopStory object at 0x7f84ebbeceb8>
<genericresult.GenericResult object at 0x7f84ebc05f60>
<video.Video object at 0x7f84eb375ac8>
<topstory.TopStory object at 0x7f84ebc05518>
<genericresult.GenericResult object at 0x7f84ebc053c8>
<video.Video object at 0x7f84eb3752e8>
<topstory.TopStory object at 0x7f84ebbece10>
<genericresult.GenericResult object at 0x7f84ebc05208>
<video.Video object at 0x7f84eb375d30>
<topstory.TopStory object at 0x7f84ebc05390>
<genericresult.GenericResult object at 0x7f84ebc053c8>
<video.Video object at 0x7f84eb375d68>
Pesquisando os atores: Eleições 2018, Lugar de votação, Candidatos a Presidente, Bolsonaro, Haddad, fraude nas urnas
<topstory.TopStory object at 0x7f84eb375a58>
<genericresult.GenericResult object at 0x7f84eb375940>
<video.Video object at 0x7f84eb38f588>
<topstory.TopStory object at 0x7f84eb3756a0>
<genericresult.GenericResult object at 0x7f84eb375cc0>
<video.Video object at 0x7f84eb38f438>
<topstory.TopStory object at 0x7f84eb375940>
<genericresult.GenericResult object at 0x7f84eb3756a0>
<video.Video object at 0x7f84eb38f668>
<topstory.TopStory object at 0x7f84eb375a58>
<genericresult.GenericResult object at 0x7f84eb375940>
<video.Video object at 0x7f84eb38f7f0>
<topstory.TopStory object at 0x7f84eb375dd8>
<genericresult.GenericResult object at 0x7f84eb375a58>
<video.Video object at 0x7f84eb38f6a0>
<topstory.TopStory object at 0x7f84eb375f60>
<genericresult.GenericResult object at 0x7f84eb375dd8>
<video.Video object at 0x7f84eb38f240>
Pesquisando os atores: Eleições 2018, Lugar de votação, Candidatos a Presidente, Bolsonaro, Haddad, fraude nas urnas
<topstory.TopStory object at 0x7f84eb375e10>
<genericresult.GenericResult object at 0x7f84eb375c88>
<video.Video object at 0x7f84eb38f780>
<topstory.TopStory object at 0x7f84eb3752e8>
<genericresult.GenericResult object at 0x7f84eb375e10>
<video.Video object at 0x7f84eb38f470>
<topstory.TopStory object at 0x7f84eb375ef0>
<genericresult.GenericResult object at 0x7f84eb3752e8>
<video.Video object at 0x7f84eb38fb38>
<topstory.TopStory object at 0x7f84eb375f28>
<genericresult.GenericResult object at 0x7f84eb375ef0>
<video.Video object at 0x7f84eb38fbe0>
<topstory.TopStory object at 0x7f84eb375898>
<genericresult.GenericResult object at 0x7f84eb375f28>
<video.Video object at 0x7f84eb38f940>
<topstory.TopStory object at 0x7f84eb3759b0>
<genericresult.GenericResult object at 0x7f84eb375898>
<video.Video object at 0x7f84eb38f978>
Pesquisando os atores: Eleições 2018, Lugar de votação, Candidatos a Presidente, Bolsonaro, Haddad, fraude nas urnas
<topstory.TopStory object at 0x7f84eb38f358>
<genericresult.GenericResult object at 0x7f84eb38fd68>
<video.Video object at 0x7f84eb38ff60>
<topstory.TopStory object at 0x7f84eb38ff28>
<genericresult.GenericResult object at 0x7f84eb38ff60>
<video.Video object at 0x7f84eb38f550>
<topstory.TopStory object at 0x7f84eb38fd68>
<genericresult.GenericResult object at 0x7f84eb38f550>
<video.Video object at 0x7f84eb38f320>
<topstory.TopStory object at 0x7f84eb38f9b0>
<genericresult.GenericResult object at 0x7f84eb38fcf8>
<video.Video object at 0x7f84eb38f550>
Traceback (most recent call last):
  File "/home/ibpad-005023/Documentos/Observatorio-google/roda_pesquisas.py", line 93, in <module>
    main()
  File "/home/ibpad-005023/Documentos/Observatorio-google/roda_pesquisas.py", line 84, in main
    google_html = google_search(driver, busca)
  File "/home/ibpad-005023/Documentos/Observatorio-google/roda_pesquisas.py", line 24, in google_search
    driver.get("https://www.google.com")
  File "/home/ibpad-005023/Documentos/Observatorio-google/venv/lib/python3.6/site-packages/selenium/webdriver/remote/webdriver.py", line 326, in get
    self.execute(Command.GET, {'url': url})
  File "/home/ibpad-005023/Documentos/Observatorio-google/venv/lib/python3.6/site-packages/selenium/webdriver/remote/webdriver.py", line 314, in execute
    self.error_handler.check_response(response)
  File "/home/ibpad-005023/Documentos/Observatorio-google/venv/lib/python3.6/site-packages/selenium/webdriver/remote/errorhandler.py", line 242, in check_response
    raise exception_class(message, screen, stacktrace)
selenium.common.exceptions.TimeoutException: Message: Timeout loading page after 300000ms

