Pesquisando os atores: Eleições 2018, Lugar de votação, Candidatos a Presidente, Lula, Bolsonaro, Haddad, Marina Silva, Alckmin, Ciro Gomes, João Amoedo, Álvaro Dias, Cabo Daciolo, Boulos
<topstory.TopStory object at 0x7f3dd7041a90>
<genericresult.GenericResult object at 0x7f3dd7041fd0>
<video.Video object at 0x7f3dd70417b8>
<topstory.TopStory object at 0x7f3dd8370d30>
<genericresult.GenericResult object at 0x7f3dd7041f60>
<video.Video object at 0x7f3dd7041a90>
<topstory.TopStory object at 0x7f3ddaffb438>
<genericresult.GenericResult object at 0x7f3dd7041ef0>
<video.Video object at 0x7f3dd7041e48>
<topstory.TopStory object at 0x7f3dd8370d30>
<genericresult.GenericResult object at 0x7f3dd7041f28>
<video.Video object at 0x7f3dd7041ac8>
<topstory.TopStory object at 0x7f3ddaffb438>
<genericresult.GenericResult object at 0x7f3dd7041f28>
<video.Video object at 0x7f3dd7041a90>
<topstory.TopStory object at 0x7f3dd8370d30>
<genericresult.GenericResult object at 0x7f3dd7041ba8>
<video.Video object at 0x7f3dd7041e80>
<topstory.TopStory object at 0x7f3ddaffb438>
<genericresult.GenericResult object at 0x7f3dd7041e48>
<video.Video object at 0x7f3dd7041f60>
<topstory.TopStory object at 0x7f3dd8370d30>
<genericresult.GenericResult object at 0x7f3dd7041a58>
<video.Video object at 0x7f3dd7041b38>
<topstory.TopStory object at 0x7f3ddaffb438>
<genericresult.GenericResult object at 0x7f3dd7041ef0>
<video.Video object at 0x7f3dd7041940>
<topstory.TopStory object at 0x7f3dd8370d30>
<genericresult.GenericResult object at 0x7f3dd7041b00>
<video.Video object at 0x7f3dd7041da0>
<topstory.TopStory object at 0x7f3ddaffb438>
<genericresult.GenericResult object at 0x7f3dd7041e48>
<video.Video object at 0x7f3dd7041e10>
<topstory.TopStory object at 0x7f3dd8370d30>
<genericresult.GenericResult object at 0x7f3dd7041b38>
<video.Video object at 0x7f3dd7041908>
<topstory.TopStory object at 0x7f3ddaffb438>
<genericresult.GenericResult object at 0x7f3dd7041f28>
<video.Video object at 0x7f3dd7041a58>
Pesquisando os atores: Eleições 2018, Lugar de votação, Candidatos a Presidente, Lula, Bolsonaro, Haddad, Marina Silva, Alckmin, Ciro Gomes, João Amoedo, Álvaro Dias, Cabo Daciolo, Boulos
<topstory.TopStory object at 0x7f3ddaffb438>
<genericresult.GenericResult object at 0x7f3dd7041898>
<video.Video object at 0x7f3dd67a8d30>
<topstory.TopStory object at 0x7f3dd7041710>
<genericresult.GenericResult object at 0x7f3dd7041438>
<video.Video object at 0x7f3dd70414a8>
<topstory.TopStory object at 0x7f3dd7041b38>
<genericresult.GenericResult object at 0x7f3dd7041b70>
<video.Video object at 0x7f3dd7041320>
<topstory.TopStory object at 0x7f3dd7041908>
<genericresult.GenericResult object at 0x7f3dd7041ef0>
<video.Video object at 0x7f3dd7041198>
<topstory.TopStory object at 0x7f3dd7041710>
<genericresult.GenericResult object at 0x7f3dd7041438>
<video.Video object at 0x7f3dd7041d30>
<topstory.TopStory object at 0x7f3dd7041b38>
<genericresult.GenericResult object at 0x7f3dd7041b70>
<video.Video object at 0x7f3dd7041898>
<topstory.TopStory object at 0x7f3dd7041908>
<genericresult.GenericResult object at 0x7f3dd7041ef0>
<video.Video object at 0x7f3dd7041d68>
<topstory.TopStory object at 0x7f3dd7041710>
<genericresult.GenericResult object at 0x7f3dd7041438>
<video.Video object at 0x7f3dd7041860>
<topstory.TopStory object at 0x7f3dd7041b38>
<genericresult.GenericResult object at 0x7f3dd7041b70>
<video.Video object at 0x7f3dd7041dd8>
<topstory.TopStory object at 0x7f3dd7041908>
<genericresult.GenericResult object at 0x7f3dd7041ef0>
<video.Video object at 0x7f3dd7041358>
<topstory.TopStory object at 0x7f3dd7041710>
<genericresult.GenericResult object at 0x7f3dd7041438>
<video.Video object at 0x7f3dd70414a8>
<topstory.TopStory object at 0x7f3dd7041b38>
<genericresult.GenericResult object at 0x7f3dd7041b70>
<video.Video object at 0x7f3dd7041320>
<topstory.TopStory object at 0x7f3dd7041908>
<genericresult.GenericResult object at 0x7f3dd7041ef0>
<video.Video object at 0x7f3dd7041198>
Pesquisando os atores: Eleições 2018, Lugar de votação, Candidatos a Presidente, Lula, Bolsonaro, Haddad, Marina Silva, Alckmin, Ciro Gomes, João Amoedo, Álvaro Dias, Cabo Daciolo, Boulos
<topstory.TopStory object at 0x7f3dd67a8e10>
<genericresult.GenericResult object at 0x7f3dd67a8978>
<video.Video object at 0x7f3dd67c95f8>
<topstory.TopStory object at 0x7f3dd67a8f60>
<genericresult.GenericResult object at 0x7f3dd67a8128>
<video.Video object at 0x7f3dd67c9588>
<topstory.TopStory object at 0x7f3dd67a8be0>
<genericresult.GenericResult object at 0x7f3dd67a8da0>
<video.Video object at 0x7f3dd67c9518>
<topstory.TopStory object at 0x7f3dd67a8e10>
<genericresult.GenericResult object at 0x7f3dd67a8a90>
<video.Video object at 0x7f3dd67c92b0>
<topstory.TopStory object at 0x7f3dd67a8978>
<genericresult.GenericResult object at 0x7f3dd67a8f60>
<video.Video object at 0x7f3dd67c90f0>
<topstory.TopStory object at 0x7f3dd67a8c50>
<genericresult.GenericResult object at 0x7f3dd67a8be0>
<video.Video object at 0x7f3dd67c9240>
<topstory.TopStory object at 0x7f3dd67a80b8>
<genericresult.GenericResult object at 0x7f3dd67a8e10>
<video.Video object at 0x7f3dd67c96d8>
<topstory.TopStory object at 0x7f3dd67a8128>
<genericresult.GenericResult object at 0x7f3dd67a8978>
<video.Video object at 0x7f3dd67c9668>
<topstory.TopStory object at 0x7f3dd67a8da0>
<genericresult.GenericResult object at 0x7f3dd67a8c50>
<video.Video object at 0x7f3dd67c9588>
<topstory.TopStory object at 0x7f3dd67a8a90>
<genericresult.GenericResult object at 0x7f3dd67a80b8>
<video.Video object at 0x7f3dd67c9780>
<topstory.TopStory object at 0x7f3dd67a8f60>
<genericresult.GenericResult object at 0x7f3dd67a8128>
<video.Video object at 0x7f3dd67c9a58>
<topstory.TopStory object at 0x7f3dd67a8be0>
<genericresult.GenericResult object at 0x7f3dd67a8da0>
<video.Video object at 0x7f3dd67c9978>
<topstory.TopStory object at 0x7f3dd67a8e10>
<genericresult.GenericResult object at 0x7f3dd67a8a90>
<video.Video object at 0x7f3dd67c9278>
Pesquisando os atores: Eleições 2018, Lugar de votação, Candidatos a Presidente, Lula, Bolsonaro, Haddad, Marina Silva, Alckmin, Ciro Gomes, João Amoedo, Álvaro Dias, Cabo Daciolo, Boulos
<topstory.TopStory object at 0x7f3dd67a8f28>
<genericresult.GenericResult object at 0x7f3dd67a8e80>
<video.Video object at 0x7f3dd67c9748>
<topstory.TopStory object at 0x7f3dd67a8cf8>
<genericresult.GenericResult object at 0x7f3dd67a8cc0>
<video.Video object at 0x7f3dd67c9438>
<topstory.TopStory object at 0x7f3dd67a8e80>
<genericresult.GenericResult object at 0x7f3dd67a8cf8>
<video.Video object at 0x7f3dd67c9ef0>
<topstory.TopStory object at 0x7f3dd67a8f28>
<genericresult.GenericResult object at 0x7f3dd67a8e80>
<video.Video object at 0x7f3dd67c9d68>
<topstory.TopStory object at 0x7f3dd67a8d68>
<genericresult.GenericResult object at 0x7f3dd67a8f28>
<video.Video object at 0x7f3dd67c95f8>
<topstory.TopStory object at 0x7f3dd67a8ef0>
<genericresult.GenericResult object at 0x7f3dd67a8d68>
<video.Video object at 0x7f3dd67c9fd0>
<topstory.TopStory object at 0x7f3dd67a8588>
<genericresult.GenericResult object at 0x7f3dd67a8ef0>
<video.Video object at 0x7f3dd67c96d8>
<topstory.TopStory object at 0x7f3dd67a8cc0>
<genericresult.GenericResult object at 0x7f3dd67a8588>
<video.Video object at 0x7f3dd67c9668>
<topstory.TopStory object at 0x7f3dd67a8cf8>
<genericresult.GenericResult object at 0x7f3dd67a8cc0>
<video.Video object at 0x7f3dd67c9b38>
<topstory.TopStory object at 0x7f3dd67a8e80>
<genericresult.GenericResult object at 0x7f3dd67a8cf8>
<video.Video object at 0x7f3dd67c92b0>
<topstory.TopStory object at 0x7f3dd67a8f28>
<genericresult.GenericResult object at 0x7f3dd67a8e80>
<video.Video object at 0x7f3dd67c97f0>
<topstory.TopStory object at 0x7f3dd67a8d68>
<genericresult.GenericResult object at 0x7f3dd67a8f28>
<video.Video object at 0x7f3dd67c9630>
<topstory.TopStory object at 0x7f3dd67a8ef0>
<genericresult.GenericResult object at 0x7f3dd67a8d68>
<video.Video object at 0x7f3dd67c9400>
Pesquisando os atores: Eleições 2018, Lugar de votação, Candidatos a Presidente, Lula, Bolsonaro, Haddad, Marina Silva, Alckmin, Ciro Gomes, João Amoedo, Álvaro Dias, Cabo Daciolo, Boulos
<topstory.TopStory object at 0x7f3dd67c9e80>
<genericresult.GenericResult object at 0x7f3dd67c9c18>
<video.Video object at 0x7f3dd67c99e8>
<topstory.TopStory object at 0x7f3dd67a8978>
<genericresult.GenericResult object at 0x7f3dd67c9390>
<video.Video object at 0x7f3dd67c9c18>
Traceback (most recent call last):
  File "/home/ibpad-005023/Documentos/Observatorio-google/roda_pesquisas.py", line 93, in <module>
    main()
  File "/home/ibpad-005023/Documentos/Observatorio-google/roda_pesquisas.py", line 84, in main
    google_html = google_search(driver, busca)
  File "/home/ibpad-005023/Documentos/Observatorio-google/roda_pesquisas.py", line 24, in google_search
    driver.get("https://www.google.com")
  File "/home/ibpad-005023/Documentos/Observatorio-google/venv/lib/python3.6/site-packages/selenium/webdriver/remote/webdriver.py", line 326, in get
    self.execute(Command.GET, {'url': url})
  File "/home/ibpad-005023/Documentos/Observatorio-google/venv/lib/python3.6/site-packages/selenium/webdriver/remote/webdriver.py", line 314, in execute
    self.error_handler.check_response(response)
  File "/home/ibpad-005023/Documentos/Observatorio-google/venv/lib/python3.6/site-packages/selenium/webdriver/remote/errorhandler.py", line 242, in check_response
    raise exception_class(message, screen, stacktrace)
selenium.common.exceptions.TimeoutException: Message: Timeout loading page after 300000ms

