Pesquisando os atores: Eleições 2018, Lugar de votação, Candidatos a Presidente, Bolsonaro, Haddad, fraude nas urnas
<topstory.TopStory object at 0x7f85fac25940>
<genericresult.GenericResult object at 0x7f85fac25f98>
<video.Video object at 0x7f85fac259b0>
<topstory.TopStory object at 0x7f85fbf54da0>
<genericresult.GenericResult object at 0x7f85fac25f60>
<video.Video object at 0x7f85fac25940>
<topstory.TopStory object at 0x7f85febdf438>
<genericresult.GenericResult object at 0x7f85fac25da0>
<video.Video object at 0x7f85fac25978>
<topstory.TopStory object at 0x7f85fbf54da0>
<genericresult.GenericResult object at 0x7f85fac25940>
<video.Video object at 0x7f85fac25da0>
<topstory.TopStory object at 0x7f85febdf438>
<genericresult.GenericResult object at 0x7f85fac25ef0>
<video.Video object at 0x7f85fac25b70>
<topstory.TopStory object at 0x7f85fbf54da0>
<genericresult.GenericResult object at 0x7f85fac25908>
Pesquisando os atores: Eleições 2018, Lugar de votação, Candidatos a Presidente, Bolsonaro, Haddad, fraude nas urnas
<topstory.TopStory object at 0x7f85fac25ac8>
<genericresult.GenericResult object at 0x7f85fac25518>
<video.Video object at 0x7f85fa395978>
<topstory.TopStory object at 0x7f85fbf54da0>
<genericresult.GenericResult object at 0x7f85fac253c8>
<video.Video object at 0x7f85fa395e80>
<topstory.TopStory object at 0x7f85fac0ceb8>
<genericresult.GenericResult object at 0x7f85fac25278>
<video.Video object at 0x7f85fa395d68>
<topstory.TopStory object at 0x7f85fbf54da0>
<genericresult.GenericResult object at 0x7f85fac25518>
<video.Video object at 0x7f85fa395ac8>
<topstory.TopStory object at 0x7f85fac0ceb8>
<genericresult.GenericResult object at 0x7f85fac25828>
<video.Video object at 0x7f85fa395978>
Traceback (most recent call last):
  File "/home/ibpad-005023/Documentos/Observatorio-google/roda_pesquisas.py", line 93, in <module>
    main()
  File "/home/ibpad-005023/Documentos/Observatorio-google/roda_pesquisas.py", line 84, in main
    google_html = google_search(driver, busca)
  File "/home/ibpad-005023/Documentos/Observatorio-google/roda_pesquisas.py", line 24, in google_search
    driver.get("https://www.google.com")
  File "/home/ibpad-005023/Documentos/Observatorio-google/venv/lib/python3.6/site-packages/selenium/webdriver/remote/webdriver.py", line 326, in get
    self.execute(Command.GET, {'url': url})
  File "/home/ibpad-005023/Documentos/Observatorio-google/venv/lib/python3.6/site-packages/selenium/webdriver/remote/webdriver.py", line 314, in execute
    self.error_handler.check_response(response)
  File "/home/ibpad-005023/Documentos/Observatorio-google/venv/lib/python3.6/site-packages/selenium/webdriver/remote/errorhandler.py", line 242, in check_response
    raise exception_class(message, screen, stacktrace)
selenium.common.exceptions.TimeoutException: Message: Timeout loading page after 300000ms

