Pesquisando os atores: Eleições 2018, Lugar de votação, Candidatos a Presidente, Bolsonaro, Haddad, fraude nas urnas
<topstory.TopStory object at 0x7fb0c3336940>
<genericresult.GenericResult object at 0x7fb0c3336f98>
<video.Video object at 0x7fb0c33369b0>
<topstory.TopStory object at 0x7fb0c4665da0>
<genericresult.GenericResult object at 0x7fb0c3336f60>
<video.Video object at 0x7fb0c3336940>
<topstory.TopStory object at 0x7fb0c72f0438>
<genericresult.GenericResult object at 0x7fb0c3336c18>
<video.Video object at 0x7fb0c3336978>
<topstory.TopStory object at 0x7fb0c4665da0>
<genericresult.GenericResult object at 0x7fb0c3336940>
<video.Video object at 0x7fb0c3336f98>
<topstory.TopStory object at 0x7fb0c72f0438>
<genericresult.GenericResult object at 0x7fb0c3336978>
<video.Video object at 0x7fb0c3336828>
<topstory.TopStory object at 0x7fb0c4665da0>
<genericresult.GenericResult object at 0x7fb0c3336c18>
<video.Video object at 0x7fb0c3336a90>
Pesquisando os atores: Eleições 2018, Lugar de votação, Candidatos a Presidente, Bolsonaro, Haddad, fraude nas urnas
<topstory.TopStory object at 0x7fb0c3336ef0>
<genericresult.GenericResult object at 0x7fb0c3336518>
<video.Video object at 0x7fb0c2aa5ac8>
<topstory.TopStory object at 0x7fb0c3336160>
<genericresult.GenericResult object at 0x7fb0c33363c8>
<video.Video object at 0x7fb0c2aa5b70>
<topstory.TopStory object at 0x7fb0c331deb8>
<genericresult.GenericResult object at 0x7fb0c3336be0>
<video.Video object at 0x7fb0c2aa5d68>
Traceback (most recent call last):
  File "/home/ibpad-005023/Documentos/Observatorio-google/roda_pesquisas.py", line 93, in <module>
    main()
  File "/home/ibpad-005023/Documentos/Observatorio-google/roda_pesquisas.py", line 84, in main
    google_html = google_search(driver, busca)
  File "/home/ibpad-005023/Documentos/Observatorio-google/roda_pesquisas.py", line 25, in google_search
    driver.get(base_link + query)
  File "/home/ibpad-005023/Documentos/Observatorio-google/venv/lib/python3.6/site-packages/selenium/webdriver/remote/webdriver.py", line 326, in get
    self.execute(Command.GET, {'url': url})
  File "/home/ibpad-005023/Documentos/Observatorio-google/venv/lib/python3.6/site-packages/selenium/webdriver/remote/webdriver.py", line 314, in execute
    self.error_handler.check_response(response)
  File "/home/ibpad-005023/Documentos/Observatorio-google/venv/lib/python3.6/site-packages/selenium/webdriver/remote/errorhandler.py", line 242, in check_response
    raise exception_class(message, screen, stacktrace)
selenium.common.exceptions.TimeoutException: Message: Timeout loading page after 300000ms

