Pesquisando os atores: Eleições 2018, Lugar de votação, Candidatos a Presidente, Lula, Bolsonaro, Haddad, Marina Silva, Alckmin, Ciro Gomes, João Amoedo, Álvaro Dias, Cabo Daciolo, Boulos
<topstory.TopStory object at 0x7fadc0a1bb00>
<genericresult.GenericResult object at 0x7fadc0a1bc88>
<video.Video object at 0x7fadc0a1bcf8>
<topstory.TopStory object at 0x7fadc1d4ada0>
<genericresult.GenericResult object at 0x7fadc0a1bfd0>
<video.Video object at 0x7fadc0a1b978>
<topstory.TopStory object at 0x7fadc49d5438>
<genericresult.GenericResult object at 0x7fadc0a1bd68>
<video.Video object at 0x7fadc0a1b2e8>
<topstory.TopStory object at 0x7fadc1d4ada0>
<genericresult.GenericResult object at 0x7fadc0a1bda0>
<video.Video object at 0x7fadc0a1bcf8>
<topstory.TopStory object at 0x7fadc49d5438>
<genericresult.GenericResult object at 0x7fadc0a1b2e8>
<video.Video object at 0x7fadc0a1bda0>
<topstory.TopStory object at 0x7fadc1d4ada0>
<genericresult.GenericResult object at 0x7fadc0a1bc88>
<video.Video object at 0x7fadc0a1bfd0>
<topstory.TopStory object at 0x7fadc49d5438>
<genericresult.GenericResult object at 0x7fadc0a1b9b0>
<video.Video object at 0x7fadc0a1b898>
<topstory.TopStory object at 0x7fadc1d4ada0>
<genericresult.GenericResult object at 0x7fadc0a1be80>
<video.Video object at 0x7fadc0a1b9b0>
<topstory.TopStory object at 0x7fadc49d5438>
<genericresult.GenericResult object at 0x7fadc0a1ba90>
<video.Video object at 0x7fadc0a1bc88>
<topstory.TopStory object at 0x7fadc1d4ada0>
<genericresult.GenericResult object at 0x7fadc0a1bfd0>
<video.Video object at 0x7fadc0a1bcf8>
<topstory.TopStory object at 0x7fadc49d5438>
<genericresult.GenericResult object at 0x7fadc0a1beb8>
<video.Video object at 0x7fadc0a1bb70>
<topstory.TopStory object at 0x7fadc1d4ada0>
<genericresult.GenericResult object at 0x7fadc0a1be80>
<video.Video object at 0x7fadc0a1ba90>
<topstory.TopStory object at 0x7fadc49d5438>
<genericresult.GenericResult object at 0x7fadc0a1b978>
<video.Video object at 0x7fadc0a1bd68>
Pesquisando os atores: Eleições 2018, Lugar de votação, Candidatos a Presidente, Lula, Bolsonaro, Haddad, Marina Silva, Alckmin, Ciro Gomes, João Amoedo, Álvaro Dias, Cabo Daciolo, Boulos
<topstory.TopStory object at 0x7fadc49d5438>
<genericresult.GenericResult object at 0x7fadc0a1bc18>
<video.Video object at 0x7fadc018bef0>
<topstory.TopStory object at 0x7fadc0a1b390>
<genericresult.GenericResult object at 0x7fadc0a1b4a8>
<video.Video object at 0x7fadc018bac8>
<topstory.TopStory object at 0x7fadc0a1bcf8>
<genericresult.GenericResult object at 0x7fadc0a1b8d0>
<video.Video object at 0x7fadc018beb8>
<topstory.TopStory object at 0x7fadc0a1b828>
<genericresult.GenericResult object at 0x7fadc0a1b3c8>
<video.Video object at 0x7fadc018b860>
<topstory.TopStory object at 0x7fadc0a1b390>
<genericresult.GenericResult object at 0x7fadc0a1b3c8>
<video.Video object at 0x7fadc018bfd0>
<topstory.TopStory object at 0x7fadc018bda0>
<genericresult.GenericResult object at 0x7fadc018be10>
<video.Video object at 0x7fadc018b8d0>
<topstory.TopStory object at 0x7fadc018be80>
<genericresult.GenericResult object at 0x7fadc018bdd8>
<video.Video object at 0x7fadc018bc88>
<topstory.TopStory object at 0x7fadc018bc88>
<genericresult.GenericResult object at 0x7fadc018bbe0>
<video.Video object at 0x7fadc018bef0>
<topstory.TopStory object at 0x7fadc0a1b278>
<genericresult.GenericResult object at 0x7fadc0a1b208>
<video.Video object at 0x7fadc018bc50>
<topstory.TopStory object at 0x7fadc0a1b828>
<genericresult.GenericResult object at 0x7fadc0a1b3c8>
<video.Video object at 0x7fadc018be10>
<topstory.TopStory object at 0x7fadc0a1b4a8>
<genericresult.GenericResult object at 0x7fadc0a1bdd8>
<video.Video object at 0x7fadc018be80>
<topstory.TopStory object at 0x7fadc0a1b278>
<genericresult.GenericResult object at 0x7fadc0a1bdd8>
<video.Video object at 0x7fadc018b9b0>
<topstory.TopStory object at 0x7fadc0a1b390>
<genericresult.GenericResult object at 0x7fadc0a1be48>
Pesquisando os atores: Eleições 2018, Lugar de votação, Candidatos a Presidente, Lula, Bolsonaro, Haddad, Marina Silva, Alckmin, Ciro Gomes, João Amoedo, Álvaro Dias, Cabo Daciolo, Boulos
<topstory.TopStory object at 0x7fadc018ba58>
<genericresult.GenericResult object at 0x7fadc01a6550>
<video.Video object at 0x7fadc01a6780>
<topstory.TopStory object at 0x7fadc018b390>
<genericresult.GenericResult object at 0x7fadc01a65c0>
<video.Video object at 0x7fadc01a67b8>
<topstory.TopStory object at 0x7fadc018bc88>
<genericresult.GenericResult object at 0x7fadc01a65f8>
<video.Video object at 0x7fadc01a6ba8>
<topstory.TopStory object at 0x7fadc018ba58>
<genericresult.GenericResult object at 0x7fadc01aa1d0>
<video.Video object at 0x7fadc01aa518>
<topstory.TopStory object at 0x7fadc018bbe0>
<genericresult.GenericResult object at 0x7fadc01aa390>
<video.Video object at 0x7fadc01aa5c0>
<topstory.TopStory object at 0x7fadc018b390>
<genericresult.GenericResult object at 0x7fadc01aa518>
<video.Video object at 0x7fadc01aaa58>
<topstory.TopStory object at 0x7fadc018bc88>
<genericresult.GenericResult object at 0x7fadc01aaa20>
<video.Video object at 0x7fadc01aa9e8>
<topstory.TopStory object at 0x7fadc018ba58>
<genericresult.GenericResult object at 0x7fadc01aa898>
<video.Video object at 0x7fadc01aa4e0>
<topstory.TopStory object at 0x7fadc018bbe0>
<genericresult.GenericResult object at 0x7fadc01aa9e8>
<video.Video object at 0x7fadc01aa400>
<topstory.TopStory object at 0x7fadc018b390>
<genericresult.GenericResult object at 0x7fadc01aa390>
<video.Video object at 0x7fadc01aa048>
<topstory.TopStory object at 0x7fadc018bc88>
<genericresult.GenericResult object at 0x7fadc01aac88>
<video.Video object at 0x7fadc01aaa90>
<topstory.TopStory object at 0x7fadc018ba58>
<genericresult.GenericResult object at 0x7fadc01aa048>
<video.Video object at 0x7fadc01aa908>
<topstory.TopStory object at 0x7fadc018bbe0>
<genericresult.GenericResult object at 0x7fadc01aaa90>
Pesquisando os atores: Eleições 2018, Lugar de votação, Candidatos a Presidente, Lula, Bolsonaro, Haddad, Marina Silva, Alckmin, Ciro Gomes, João Amoedo, Álvaro Dias, Cabo Daciolo, Boulos
<topstory.TopStory object at 0x7fadc018bf28>
<genericresult.GenericResult object at 0x7fadc018b8d0>
<video.Video object at 0x7fadc01aa208>
<topstory.TopStory object at 0x7fadc018be10>
<genericresult.GenericResult object at 0x7fadc018b780>
<video.Video object at 0x7fadc01aacc0>
<topstory.TopStory object at 0x7fadc018b8d0>
<genericresult.GenericResult object at 0x7fadc018be10>
<video.Video object at 0x7fadc01aacf8>
<topstory.TopStory object at 0x7fadc018bf28>
<genericresult.GenericResult object at 0x7fadc018b8d0>
<video.Video object at 0x7fadc01aa630>
<topstory.TopStory object at 0x7fadc018b908>
<genericresult.GenericResult object at 0x7fadc018bf28>
<video.Video object at 0x7fadc01aa710>
<topstory.TopStory object at 0x7fadc018bfd0>
<genericresult.GenericResult object at 0x7fadc018b908>
<video.Video object at 0x7fadc01aae10>
<topstory.TopStory object at 0x7fadc018bdd8>
<genericresult.GenericResult object at 0x7fadc018bfd0>
<video.Video object at 0x7fadc01aa400>
<topstory.TopStory object at 0x7fadc018b780>
<genericresult.GenericResult object at 0x7fadc018bdd8>
<video.Video object at 0x7fadc01aadd8>
<topstory.TopStory object at 0x7fadc018be10>
<genericresult.GenericResult object at 0x7fadc018b780>
<video.Video object at 0x7fadc01aa470>
<topstory.TopStory object at 0x7fadc018b8d0>
<genericresult.GenericResult object at 0x7fadc018be10>
<video.Video object at 0x7fadc01aaf60>
<topstory.TopStory object at 0x7fadc018bf28>
<genericresult.GenericResult object at 0x7fadc018b8d0>
<video.Video object at 0x7fadc01aa630>
<topstory.TopStory object at 0x7fadc018b908>
<genericresult.GenericResult object at 0x7fadc018bf28>
<video.Video object at 0x7fadc01aa780>
<topstory.TopStory object at 0x7fadc018bfd0>
<genericresult.GenericResult object at 0x7fadc018b908>
Pesquisando os atores: Eleições 2018, Lugar de votação, Candidatos a Presidente, Lula, Bolsonaro, Haddad, Marina Silva, Alckmin, Ciro Gomes, João Amoedo, Álvaro Dias, Cabo Daciolo, Boulos
<topstory.TopStory object at 0x7fadc01aacc0>
<genericresult.GenericResult object at 0x7fadc01aa438>
<video.Video object at 0x7fadc01aa2e8>
<topstory.TopStory object at 0x7fadc018bba8>
<genericresult.GenericResult object at 0x7fadc01aabe0>
<video.Video object at 0x7fadc01aacf8>
<topstory.TopStory object at 0x7fadc018bef0>
<genericresult.GenericResult object at 0x7fadc01aa4a8>
<video.Video object at 0x7fadc01aab38>
<topstory.TopStory object at 0x7fadc018bba8>
<genericresult.GenericResult object at 0x7fadc01aa048>
<video.Video object at 0x7fadc01aa4a8>
<topstory.TopStory object at 0x7fadc018bef0>
<genericresult.GenericResult object at 0x7fadc01aaeb8>
<video.Video object at 0x7fadc01aa550>
<topstory.TopStory object at 0x7fadc018bba8>
<genericresult.GenericResult object at 0x7fadc01aa668>
<video.Video object at 0x7fadc01aa780>
<topstory.TopStory object at 0x7fadc018bef0>
<genericresult.GenericResult object at 0x7fadc01aafd0>
<video.Video object at 0x7fadc01aa400>
<topstory.TopStory object at 0x7fadc018bba8>
<genericresult.GenericResult object at 0x7fadc01aa5c0>
<video.Video object at 0x7fadc01aab38>
<topstory.TopStory object at 0x7fadc018bef0>
<genericresult.GenericResult object at 0x7fadc01aa5f8>
<video.Video object at 0x7fadc01aa240>
Traceback (most recent call last):
  File "/home/ibpad-005023/Documentos/Observatorio-google/roda_pesquisas.py", line 93, in <module>
    main()
  File "/home/ibpad-005023/Documentos/Observatorio-google/roda_pesquisas.py", line 84, in main
    google_html = google_search(driver, busca)
  File "/home/ibpad-005023/Documentos/Observatorio-google/roda_pesquisas.py", line 25, in google_search
    driver.get(base_link + query)
  File "/home/ibpad-005023/Documentos/Observatorio-google/venv/lib/python3.6/site-packages/selenium/webdriver/remote/webdriver.py", line 326, in get
    self.execute(Command.GET, {'url': url})
  File "/home/ibpad-005023/Documentos/Observatorio-google/venv/lib/python3.6/site-packages/selenium/webdriver/remote/webdriver.py", line 314, in execute
    self.error_handler.check_response(response)
  File "/home/ibpad-005023/Documentos/Observatorio-google/venv/lib/python3.6/site-packages/selenium/webdriver/remote/errorhandler.py", line 242, in check_response
    raise exception_class(message, screen, stacktrace)
selenium.common.exceptions.TimeoutException: Message: Timeout loading page after 300000ms

