Pesquisando os atores: Eleições 2018, Lugar de votação, Candidatos a Presidente, Lula, Bolsonaro, Haddad, Marina Silva, Alckmin, Ciro Gomes, João Amoedo, Álvaro Dias, Cabo Daciolo, Boulos
<topstory.TopStory object at 0x7fa2b7085a58>
<genericresult.GenericResult object at 0x7fa2b7085f98>
<video.Video object at 0x7fa2b70859e8>
<topstory.TopStory object at 0x7fa2b83b4cf8>
<genericresult.GenericResult object at 0x7fa2b7085f28>
<video.Video object at 0x7fa2b7085be0>
<topstory.TopStory object at 0x7fa2bb03f438>
<genericresult.GenericResult object at 0x7fa2b7085b70>
<video.Video object at 0x7fa2b7085b38>
<topstory.TopStory object at 0x7fa2b83b4cf8>
<genericresult.GenericResult object at 0x7fa2b7085908>
<video.Video object at 0x7fa2b7085be0>
<topstory.TopStory object at 0x7fa2bb03f438>
<genericresult.GenericResult object at 0x7fa2b7085a20>
<video.Video object at 0x7fa2b7085eb8>
<topstory.TopStory object at 0x7fa2b83b4cf8>
<genericresult.GenericResult object at 0x7fa2b7085a58>
<video.Video object at 0x7fa2b7085f28>
<topstory.TopStory object at 0x7fa2bb03f438>
<genericresult.GenericResult object at 0x7fa2b7085a90>
<video.Video object at 0x7fa2b7085908>
<topstory.TopStory object at 0x7fa2b83b4cf8>
<genericresult.GenericResult object at 0x7fa2b7085cc0>
<video.Video object at 0x7fa2b70859e8>
<topstory.TopStory object at 0x7fa2bb03f438>
<genericresult.GenericResult object at 0x7fa2b7085908>
<video.Video object at 0x7fa2b7085a58>
<topstory.TopStory object at 0x7fa2b83b4cf8>
<genericresult.GenericResult object at 0x7fa2b7085be0>
<video.Video object at 0x7fa2b7085780>
<topstory.TopStory object at 0x7fa2bb03f438>
<genericresult.GenericResult object at 0x7fa2b7085c50>
<video.Video object at 0x7fa2b7085ef0>
<topstory.TopStory object at 0x7fa2b83b4cf8>
<genericresult.GenericResult object at 0x7fa2b7085780>
<video.Video object at 0x7fa2b7085c50>
<topstory.TopStory object at 0x7fa2bb03f438>
<genericresult.GenericResult object at 0x7fa2b7085cc0>
<video.Video object at 0x7fa2b7085e48>
Pesquisando os atores: Eleições 2018, Lugar de votação, Candidatos a Presidente, Lula, Bolsonaro, Haddad, Marina Silva, Alckmin, Ciro Gomes, João Amoedo, Álvaro Dias, Cabo Daciolo, Boulos
<topstory.TopStory object at 0x7fa2bb03f438>
<genericresult.GenericResult object at 0x7fa2b7085eb8>
<video.Video object at 0x7fa2b67f5ba8>
<topstory.TopStory object at 0x7fa2b70852e8>
<genericresult.GenericResult object at 0x7fa2b7085400>
<video.Video object at 0x7fa2b67f5e10>
<topstory.TopStory object at 0x7fa2b7085b70>
<genericresult.GenericResult object at 0x7fa2b7085828>
<video.Video object at 0x7fa2b67f5f28>
<topstory.TopStory object at 0x7fa2b7085da0>
<genericresult.GenericResult object at 0x7fa2b7085320>
<video.Video object at 0x7fa2b67f5908>
<topstory.TopStory object at 0x7fa2b70852e8>
<genericresult.GenericResult object at 0x7fa2b7085320>
<video.Video object at 0x7fa2b67f5a58>
<topstory.TopStory object at 0x7fa2b70850b8>
<genericresult.GenericResult object at 0x7fa2b70851d0>
<video.Video object at 0x7fa2b67f5f98>
<topstory.TopStory object at 0x7fa2b7085160>
<genericresult.GenericResult object at 0x7fa2b70851d0>
<video.Video object at 0x7fa2b67f5908>
<topstory.TopStory object at 0x7fa2b7085470>
<genericresult.GenericResult object at 0x7fa2b7085eb8>
<video.Video object at 0x7fa2b67f5e10>
<topstory.TopStory object at 0x7fa2b70852e8>
<genericresult.GenericResult object at 0x7fa2b7085160>
<video.Video object at 0x7fa2b67f5978>
<topstory.TopStory object at 0x7fa2b7085320>
<genericresult.GenericResult object at 0x7fa2b7085160>
<video.Video object at 0x7fa2b67f5cc0>
<topstory.TopStory object at 0x7fa2b7085400>
<genericresult.GenericResult object at 0x7fa2b7085860>
<video.Video object at 0x7fa2b67f5a90>
<topstory.TopStory object at 0x7fa2b7085b70>
<genericresult.GenericResult object at 0x7fa2b7085860>
<video.Video object at 0x7fa2b67f5a58>
<topstory.TopStory object at 0x7fa2b7085da0>
<genericresult.GenericResult object at 0x7fa2b7085d30>
<video.Video object at 0x7fa2b67f5b00>
Pesquisando os atores: Eleições 2018, Lugar de votação, Candidatos a Presidente, Lula, Bolsonaro, Haddad, Marina Silva, Alckmin, Ciro Gomes, João Amoedo, Álvaro Dias, Cabo Daciolo, Boulos
<topstory.TopStory object at 0x7fa2b67f5f60>
<genericresult.GenericResult object at 0x7fa2b6814518>
<video.Video object at 0x7fa2b6814748>
<topstory.TopStory object at 0x7fa2b67f5f28>
<genericresult.GenericResult object at 0x7fa2b67f5a20>
<video.Video object at 0x7fa2b6814748>
<topstory.TopStory object at 0x7fa2b67f5ac8>
<genericresult.GenericResult object at 0x7fa2b67f5f28>
<video.Video object at 0x7fa2b680c358>
<topstory.TopStory object at 0x7fa2b67f5f60>
<genericresult.GenericResult object at 0x7fa2b67f5ac8>
<video.Video object at 0x7fa2b680c828>
<topstory.TopStory object at 0x7fa2b67f5c50>
<genericresult.GenericResult object at 0x7fa2b67f5f60>
<video.Video object at 0x7fa2b680c438>
<topstory.TopStory object at 0x7fa2b67f5e48>
<genericresult.GenericResult object at 0x7fa2b67f5c50>
<video.Video object at 0x7fa2b680c048>
<topstory.TopStory object at 0x7fa2b67f5a20>
<genericresult.GenericResult object at 0x7fa2b67f5e48>
<video.Video object at 0x7fa2b680c748>
<topstory.TopStory object at 0x7fa2b67f5f28>
<genericresult.GenericResult object at 0x7fa2b67f5a20>
<video.Video object at 0x7fa2b680c3c8>
<topstory.TopStory object at 0x7fa2b67f5ac8>
<genericresult.GenericResult object at 0x7fa2b67f5f28>
<video.Video object at 0x7fa2b680c390>
<topstory.TopStory object at 0x7fa2b67f5f60>
<genericresult.GenericResult object at 0x7fa2b67f5ac8>
<video.Video object at 0x7fa2b680c828>
<topstory.TopStory object at 0x7fa2b67f5c50>
<genericresult.GenericResult object at 0x7fa2b67f5f60>
<video.Video object at 0x7fa2b680c2b0>
<topstory.TopStory object at 0x7fa2b67f5e48>
<genericresult.GenericResult object at 0x7fa2b67f5c50>
<video.Video object at 0x7fa2b680c438>
<topstory.TopStory object at 0x7fa2b67f5a20>
<genericresult.GenericResult object at 0x7fa2b67f5e48>
<video.Video object at 0x7fa2b680c898>
Pesquisando os atores: Eleições 2018, Lugar de votação, Candidatos a Presidente, Lula, Bolsonaro, Haddad, Marina Silva, Alckmin, Ciro Gomes, João Amoedo, Álvaro Dias, Cabo Daciolo, Boulos
<topstory.TopStory object at 0x7fa2b67f56d8>
<genericresult.GenericResult object at 0x7fa2b67f5cf8>
<video.Video object at 0x7fa2b680c2e8>
<topstory.TopStory object at 0x7fa2b67f5cc0>
<genericresult.GenericResult object at 0x7fa2b67f5d68>
<video.Video object at 0x7fa2b680c2e8>
<topstory.TopStory object at 0x7fa2b67f5cf8>
<genericresult.GenericResult object at 0x7fa2b67f5cc0>
<video.Video object at 0x7fa2b680c390>
<topstory.TopStory object at 0x7fa2b67f56d8>
<genericresult.GenericResult object at 0x7fa2b67f5cf8>
<video.Video object at 0x7fa2b680ccf8>
<topstory.TopStory object at 0x7fa2b67f5ba8>
<genericresult.GenericResult object at 0x7fa2b67f56d8>
<video.Video object at 0x7fa2b680c320>
<topstory.TopStory object at 0x7fa2b67f5860>
<genericresult.GenericResult object at 0x7fa2b67f5ba8>
<video.Video object at 0x7fa2b680cf98>
<topstory.TopStory object at 0x7fa2b67f5eb8>
<genericresult.GenericResult object at 0x7fa2b67f5860>
<video.Video object at 0x7fa2b680c4a8>
Traceback (most recent call last):
  File "/home/ibpad-005023/Documentos/Observatorio-google/roda_pesquisas.py", line 93, in <module>
    main()
  File "/home/ibpad-005023/Documentos/Observatorio-google/roda_pesquisas.py", line 84, in main
    google_html = google_search(driver, busca)
  File "/home/ibpad-005023/Documentos/Observatorio-google/roda_pesquisas.py", line 25, in google_search
    driver.get(base_link + query)
  File "/home/ibpad-005023/Documentos/Observatorio-google/venv/lib/python3.6/site-packages/selenium/webdriver/remote/webdriver.py", line 326, in get
    self.execute(Command.GET, {'url': url})
  File "/home/ibpad-005023/Documentos/Observatorio-google/venv/lib/python3.6/site-packages/selenium/webdriver/remote/webdriver.py", line 312, in execute
    response = self.command_executor.execute(driver_command, params)
  File "/home/ibpad-005023/Documentos/Observatorio-google/venv/lib/python3.6/site-packages/selenium/webdriver/remote/remote_connection.py", line 472, in execute
    return self._request(command_info[0], url, body=data)
  File "/home/ibpad-005023/Documentos/Observatorio-google/venv/lib/python3.6/site-packages/selenium/webdriver/remote/remote_connection.py", line 496, in _request
    resp = self._conn.getresponse()
  File "/usr/lib/python3.6/http/client.py", line 1331, in getresponse
    response.begin()
  File "/usr/lib/python3.6/http/client.py", line 297, in begin
    version, status, reason = self._read_status()
  File "/usr/lib/python3.6/http/client.py", line 258, in _read_status
    line = str(self.fp.readline(_MAXLINE + 1), "iso-8859-1")
  File "/usr/lib/python3.6/socket.py", line 586, in readinto
    return self._sock.recv_into(b)
KeyboardInterrupt
