Pesquisando os atores: Eleições 2018, Lugar de votação, Candidatos a Presidente, Lula, Bolsonaro, Haddad, Marina Silva, Alckmin, Ciro Gomes, João Amoedo, Álvaro Dias, Cabo Daciolo, Boulos
<topstory.TopStory object at 0x7fb402acfb00>
<genericresult.GenericResult object at 0x7fb402acfc88>
<video.Video object at 0x7fb402acfcf8>
<topstory.TopStory object at 0x7fb403dfeda0>
<genericresult.GenericResult object at 0x7fb402acffd0>
<video.Video object at 0x7fb402acf978>
<topstory.TopStory object at 0x7fb406a89438>
<genericresult.GenericResult object at 0x7fb402acfda0>
<video.Video object at 0x7fb402acf2e8>
<topstory.TopStory object at 0x7fb403dfeda0>
<genericresult.GenericResult object at 0x7fb402acfcf8>
<video.Video object at 0x7fb402acf898>
<topstory.TopStory object at 0x7fb406a89438>
<genericresult.GenericResult object at 0x7fb402acfb00>
<video.Video object at 0x7fb402acfe80>
<topstory.TopStory object at 0x7fb403dfeda0>
<genericresult.GenericResult object at 0x7fb402acffd0>
<video.Video object at 0x7fb402acfef0>
<topstory.TopStory object at 0x7fb406a89438>
<genericresult.GenericResult object at 0x7fb402acfcf8>
<video.Video object at 0x7fb402acff60>
<topstory.TopStory object at 0x7fb403dfeda0>
<genericresult.GenericResult object at 0x7fb402acfda0>
<video.Video object at 0x7fb402acf978>
<topstory.TopStory object at 0x7fb406a89438>
<genericresult.GenericResult object at 0x7fb402acfba8>
<video.Video object at 0x7fb402acfe80>
<topstory.TopStory object at 0x7fb403dfeda0>
<genericresult.GenericResult object at 0x7fb402acfc18>
<video.Video object at 0x7fb402acf898>
<topstory.TopStory object at 0x7fb406a89438>
<genericresult.GenericResult object at 0x7fb402acfda0>
<video.Video object at 0x7fb402acf978>
<topstory.TopStory object at 0x7fb403dfeda0>
<genericresult.GenericResult object at 0x7fb402acff60>
<video.Video object at 0x7fb402acf828>
<topstory.TopStory object at 0x7fb406a89438>
<genericresult.GenericResult object at 0x7fb402acf898>
<video.Video object at 0x7fb402acfb70>
Pesquisando os atores: Eleições 2018, Lugar de votação, Candidatos a Presidente, Lula, Bolsonaro, Haddad, Marina Silva, Alckmin, Ciro Gomes, João Amoedo, Álvaro Dias, Cabo Daciolo, Boulos
<topstory.TopStory object at 0x7fb406a89438>
<genericresult.GenericResult object at 0x7fb402acfb00>
<video.Video object at 0x7fb402240c50>
<topstory.TopStory object at 0x7fb402acf390>
<genericresult.GenericResult object at 0x7fb402acf4a8>
<video.Video object at 0x7fb4022408d0>
<topstory.TopStory object at 0x7fb402acf9b0>
<genericresult.GenericResult object at 0x7fb402acf8d0>
<video.Video object at 0x7fb402240940>
<topstory.TopStory object at 0x7fb402acff98>
<genericresult.GenericResult object at 0x7fb402acf3c8>
<video.Video object at 0x7fb402240cc0>
<topstory.TopStory object at 0x7fb402acf390>
<genericresult.GenericResult object at 0x7fb402acf3c8>
<video.Video object at 0x7fb402240400>
<topstory.TopStory object at 0x7fb402240cc0>
<genericresult.GenericResult object at 0x7fb402240dd8>
<video.Video object at 0x7fb402240c88>
<topstory.TopStory object at 0x7fb402240eb8>
<genericresult.GenericResult object at 0x7fb402240400>
<video.Video object at 0x7fb402240f60>
<topstory.TopStory object at 0x7fb402240f60>
<genericresult.GenericResult object at 0x7fb402240cf8>
<video.Video object at 0x7fb402240e10>
<topstory.TopStory object at 0x7fb402acf390>
<genericresult.GenericResult object at 0x7fb402acf4a8>
<topstory.TopStory object at 0x7fb402acf9b0>
<genericresult.GenericResult object at 0x7fb402acfb00>
<video.Video object at 0x7fb402240cc0>
<topstory.TopStory object at 0x7fb402acf278>
<genericresult.GenericResult object at 0x7fb402acf3c8>
<video.Video object at 0x7fb4022409b0>
<topstory.TopStory object at 0x7fb402acf390>
<genericresult.GenericResult object at 0x7fb402acf518>
<video.Video object at 0x7fb402240dd8>
<topstory.TopStory object at 0x7fb402acf9b0>
<genericresult.GenericResult object at 0x7fb402acf8d0>
<video.Video object at 0x7fb402240860>
Pesquisando os atores: Eleições 2018, Lugar de votação, Candidatos a Presidente, Lula, Bolsonaro, Haddad, Marina Silva, Alckmin, Ciro Gomes, João Amoedo, Álvaro Dias, Cabo Daciolo, Boulos
<topstory.TopStory object at 0x7fb40225c780>
<genericresult.GenericResult object at 0x7fb40225c5c0>
<video.Video object at 0x7fb40225c128>
<topstory.TopStory object at 0x7fb402240e48>
<genericresult.GenericResult object at 0x7fb40225c6d8>
<video.Video object at 0x7fb40225c048>
<topstory.TopStory object at 0x7fb402240be0>
<genericresult.GenericResult object at 0x7fb40225c3c8>
<video.Video object at 0x7fb40225cac8>
<topstory.TopStory object at 0x7fb402240f28>
<genericresult.GenericResult object at 0x7fb40225c048>
<video.Video object at 0x7fb40225c470>
<topstory.TopStory object at 0x7fb402240e48>
<genericresult.GenericResult object at 0x7fb40225c2e8>
<video.Video object at 0x7fb40225c080>
<topstory.TopStory object at 0x7fb402240be0>
<genericresult.GenericResult object at 0x7fb40225cb38>
<video.Video object at 0x7fb40225c160>
<topstory.TopStory object at 0x7fb402240f28>
<genericresult.GenericResult object at 0x7fb40225c7f0>
<video.Video object at 0x7fb40225cb00>
<topstory.TopStory object at 0x7fb402240e48>
<genericresult.GenericResult object at 0x7fb40225c2b0>
<video.Video object at 0x7fb40225c4a8>
<topstory.TopStory object at 0x7fb402240be0>
<genericresult.GenericResult object at 0x7fb40225c630>
<topstory.TopStory object at 0x7fb402240f28>
<genericresult.GenericResult object at 0x7fb40225c358>
<video.Video object at 0x7fb40225c160>
<topstory.TopStory object at 0x7fb402240e48>
<genericresult.GenericResult object at 0x7fb40225c9b0>
<video.Video object at 0x7fb40225c978>
<topstory.TopStory object at 0x7fb402240be0>
<genericresult.GenericResult object at 0x7fb40225c208>
<video.Video object at 0x7fb40225cb38>
<topstory.TopStory object at 0x7fb402240f28>
<genericresult.GenericResult object at 0x7fb40225c978>
<video.Video object at 0x7fb40225c048>
Pesquisando os atores: Eleições 2018, Lugar de votação, Candidatos a Presidente, Lula, Bolsonaro, Haddad, Marina Silva, Alckmin, Ciro Gomes, João Amoedo, Álvaro Dias, Cabo Daciolo, Boulos
<topstory.TopStory object at 0x7fb402acf390>
<genericresult.GenericResult object at 0x7fb4022409e8>
<video.Video object at 0x7fb40225c240>
<topstory.TopStory object at 0x7fb402ab6e10>
<genericresult.GenericResult object at 0x7fb402240da0>
<video.Video object at 0x7fb40225c240>
<topstory.TopStory object at 0x7fb402acf390>
<genericresult.GenericResult object at 0x7fb402240cf8>
<video.Video object at 0x7fb40225ccf8>
<topstory.TopStory object at 0x7fb402ab6e10>
<genericresult.GenericResult object at 0x7fb402240da0>
<video.Video object at 0x7fb40225c9e8>
<topstory.TopStory object at 0x7fb402acf390>
<genericresult.GenericResult object at 0x7fb402240cf8>
<video.Video object at 0x7fb40225cb38>
<topstory.TopStory object at 0x7fb402ab6e10>
<genericresult.GenericResult object at 0x7fb402240da0>
<video.Video object at 0x7fb40225c160>
<topstory.TopStory object at 0x7fb402acf390>
<genericresult.GenericResult object at 0x7fb402240cf8>
<video.Video object at 0x7fb40225c198>
<topstory.TopStory object at 0x7fb402ab6e10>
<genericresult.GenericResult object at 0x7fb402240da0>
<video.Video object at 0x7fb40225ccf8>
<topstory.TopStory object at 0x7fb402acf390>
<genericresult.GenericResult object at 0x7fb402240cf8>
<topstory.TopStory object at 0x7fb402ab6e10>
<genericresult.GenericResult object at 0x7fb402240da0>
<video.Video object at 0x7fb40225c9e8>
<topstory.TopStory object at 0x7fb402acf390>
<genericresult.GenericResult object at 0x7fb402240cf8>
<video.Video object at 0x7fb40225c630>
<topstory.TopStory object at 0x7fb402ab6e10>
<genericresult.GenericResult object at 0x7fb402240da0>
<video.Video object at 0x7fb40225c898>
<topstory.TopStory object at 0x7fb402acf390>
<genericresult.GenericResult object at 0x7fb402240cf8>
<video.Video object at 0x7fb40225c0f0>
Pesquisando os atores: Eleições 2018, Lugar de votação, Candidatos a Presidente, Lula, Bolsonaro, Haddad, Marina Silva, Alckmin, Ciro Gomes, João Amoedo, Álvaro Dias, Cabo Daciolo, Boulos
<topstory.TopStory object at 0x7fb40225c2b0>
<genericresult.GenericResult object at 0x7fb40225c278>
<video.Video object at 0x7fb40225c240>
<topstory.TopStory object at 0x7fb402240c18>
<genericresult.GenericResult object at 0x7fb40225cac8>
<video.Video object at 0x7fb40225cd30>
<topstory.TopStory object at 0x7fb402240940>
<genericresult.GenericResult object at 0x7fb40225c278>
<video.Video object at 0x7fb40225c668>
<topstory.TopStory object at 0x7fb402240c18>
<genericresult.GenericResult object at 0x7fb40225cc50>
<video.Video object at 0x7fb40225c278>
<topstory.TopStory object at 0x7fb402240940>
<genericresult.GenericResult object at 0x7fb40225c438>
<video.Video object at 0x7fb40225c240>
<topstory.TopStory object at 0x7fb402240c18>
<genericresult.GenericResult object at 0x7fb40225cd68>
<video.Video object at 0x7fb40225cf60>
<topstory.TopStory object at 0x7fb402240940>
<genericresult.GenericResult object at 0x7fb40225c240>
<video.Video object at 0x7fb40225c8d0>
<topstory.TopStory object at 0x7fb402240c18>
<genericresult.GenericResult object at 0x7fb40225cac8>
<video.Video object at 0x7fb40225c470>
Traceback (most recent call last):
  File "/home/ibpad-005023/Documentos/Observatorio-google/roda_pesquisas.py", line 93, in <module>
    main()
  File "/home/ibpad-005023/Documentos/Observatorio-google/roda_pesquisas.py", line 84, in main
    google_html = google_search(driver, busca)
  File "/home/ibpad-005023/Documentos/Observatorio-google/roda_pesquisas.py", line 25, in google_search
    driver.get(base_link + query)
  File "/home/ibpad-005023/Documentos/Observatorio-google/venv/lib/python3.6/site-packages/selenium/webdriver/remote/webdriver.py", line 326, in get
    self.execute(Command.GET, {'url': url})
  File "/home/ibpad-005023/Documentos/Observatorio-google/venv/lib/python3.6/site-packages/selenium/webdriver/remote/webdriver.py", line 314, in execute
    self.error_handler.check_response(response)
  File "/home/ibpad-005023/Documentos/Observatorio-google/venv/lib/python3.6/site-packages/selenium/webdriver/remote/errorhandler.py", line 242, in check_response
    raise exception_class(message, screen, stacktrace)
selenium.common.exceptions.TimeoutException: Message: Timeout loading page after 300000ms

