Pesquisando os atores: Eleições 2018, Lugar de votação, Candidatos a Presidente, Lula, Bolsonaro, Haddad, Marina Silva, Alckmin, Ciro Gomes, João Amoedo, Álvaro Dias, Cabo Daciolo, Boulos
<topstory.TopStory object at 0x7f95bd7fdac8>
<genericresult.GenericResult object at 0x7f95bd7fddd8>
<video.Video object at 0x7f95bd7fd2b0>
<topstory.TopStory object at 0x7f95beb2cd68>
<genericresult.GenericResult object at 0x7f95bd7fdfd0>
<video.Video object at 0x7f95bd7fda90>
<topstory.TopStory object at 0x7f95c17b7438>
<genericresult.GenericResult object at 0x7f95bd7fd2b0>
<video.Video object at 0x7f95bd7fdbe0>
<topstory.TopStory object at 0x7f95beb2cd68>
<genericresult.GenericResult object at 0x7f95bd7fd978>
<video.Video object at 0x7f95bd7fda90>
<topstory.TopStory object at 0x7f95c17b7438>
<genericresult.GenericResult object at 0x7f95bd7fd940>
<video.Video object at 0x7f95bd7fdb00>
<topstory.TopStory object at 0x7f95beb2cd68>
<genericresult.GenericResult object at 0x7f95bd7fdb70>
<video.Video object at 0x7f95bd7fddd8>
<topstory.TopStory object at 0x7f95c17b7438>
<genericresult.GenericResult object at 0x7f95bd7fdbe0>
<video.Video object at 0x7f95bd7fd978>
<topstory.TopStory object at 0x7f95beb2cd68>
<genericresult.GenericResult object at 0x7f95bd7fdd30>
<video.Video object at 0x7f95bd7fdf60>
<topstory.TopStory object at 0x7f95c17b7438>
<genericresult.GenericResult object at 0x7f95bd7fdf98>
<video.Video object at 0x7f95bd7fda90>
<topstory.TopStory object at 0x7f95beb2cd68>
<genericresult.GenericResult object at 0x7f95bd7fdfd0>
<video.Video object at 0x7f95bd7fdf28>
<topstory.TopStory object at 0x7f95c17b7438>
<genericresult.GenericResult object at 0x7f95bd7fdd30>
<video.Video object at 0x7f95bd7fdb00>
<topstory.TopStory object at 0x7f95beb2cd68>
<genericresult.GenericResult object at 0x7f95bd7fdba8>
<video.Video object at 0x7f95bd7fdf98>
<topstory.TopStory object at 0x7f95c17b7438>
<genericresult.GenericResult object at 0x7f95bd7fdf28>
<video.Video object at 0x7f95bd7fd940>
Pesquisando os atores: Eleições 2018, Lugar de votação, Candidatos a Presidente, Lula, Bolsonaro, Haddad, Marina Silva, Alckmin, Ciro Gomes, João Amoedo, Álvaro Dias, Cabo Daciolo, Boulos
<topstory.TopStory object at 0x7f95c17b7438>
<genericresult.GenericResult object at 0x7f95bd7fdac8>
<video.Video object at 0x7f95bcf6d9e8>
<topstory.TopStory object at 0x7f95bd7fd358>
<genericresult.GenericResult object at 0x7f95bd7fd470>
<video.Video object at 0x7f95bcf6db70>
<topstory.TopStory object at 0x7f95bd7fdd30>
<genericresult.GenericResult object at 0x7f95bd7fd898>
<video.Video object at 0x7f95bcf6d358>
<topstory.TopStory object at 0x7f95bd7fd978>
<genericresult.GenericResult object at 0x7f95bd7fd390>
<video.Video object at 0x7f95bcf6dc18>
<topstory.TopStory object at 0x7f95bd7fd358>
<genericresult.GenericResult object at 0x7f95bd7fd390>
<video.Video object at 0x7f95bcf6df98>
<topstory.TopStory object at 0x7f95bd7fd128>
<genericresult.GenericResult object at 0x7f95bd7fd240>
<video.Video object at 0x7f95bcf6dc50>
<topstory.TopStory object at 0x7f95bd7fd1d0>
<genericresult.GenericResult object at 0x7f95bd7fd358>
<video.Video object at 0x7f95bcf6d898>
<topstory.TopStory object at 0x7f95bd7fda58>
<genericresult.GenericResult object at 0x7f95bd7fdac8>
<video.Video object at 0x7f95bcf6dd68>
<topstory.TopStory object at 0x7f95bd7fd128>
<genericresult.GenericResult object at 0x7f95bd7fdeb8>
<video.Video object at 0x7f95bcf6db00>
<topstory.TopStory object at 0x7f95bd7fd1d0>
<genericresult.GenericResult object at 0x7f95bd7fdeb8>
<video.Video object at 0x7f95bcf6d8d0>
<topstory.TopStory object at 0x7f95bd7fd4e0>
<genericresult.GenericResult object at 0x7f95bd7fd390>
<video.Video object at 0x7f95bcf6dba8>
<topstory.TopStory object at 0x7f95bd7fd978>
<genericresult.GenericResult object at 0x7f95bd7fd1d0>
<video.Video object at 0x7f95bcf6d358>
<topstory.TopStory object at 0x7f95bd7fd898>
<genericresult.GenericResult object at 0x7f95bd7fd1d0>
<video.Video object at 0x7f95bcf6dc18>
Pesquisando os atores: Eleições 2018, Lugar de votação, Candidatos a Presidente, Lula, Bolsonaro, Haddad, Marina Silva, Alckmin, Ciro Gomes, João Amoedo, Álvaro Dias, Cabo Daciolo, Boulos
<topstory.TopStory object at 0x7f95bcf6dcf8>
<genericresult.GenericResult object at 0x7f95bcf88550>
<video.Video object at 0x7f95bcf88518>
<topstory.TopStory object at 0x7f95bcf6d978>
<genericresult.GenericResult object at 0x7f95bcf883c8>
<video.Video object at 0x7f95bcf88908>
<topstory.TopStory object at 0x7f95bcf6db70>
<genericresult.GenericResult object at 0x7f95bcf884a8>
<video.Video object at 0x7f95bcf88588>
<topstory.TopStory object at 0x7f95bcf6dcf8>
<genericresult.GenericResult object at 0x7f95bcf85518>
<video.Video object at 0x7f95bcf858d0>
<topstory.TopStory object at 0x7f95bcf6d828>
<genericresult.GenericResult object at 0x7f95bcf85550>
<video.Video object at 0x7f95bcf85048>
<topstory.TopStory object at 0x7f95bcf6d978>
<genericresult.GenericResult object at 0x7f95bcf850f0>
<video.Video object at 0x7f95bcf856a0>
<topstory.TopStory object at 0x7f95bcf6db70>
<genericresult.GenericResult object at 0x7f95bcf85c88>
<video.Video object at 0x7f95bcf85668>
<topstory.TopStory object at 0x7f95bcf6dcf8>
<genericresult.GenericResult object at 0x7f95bcf855c0>
<video.Video object at 0x7f95bcf85780>
<topstory.TopStory object at 0x7f95bcf6d828>
<genericresult.GenericResult object at 0x7f95bcf85048>
<video.Video object at 0x7f95bcf850b8>
<topstory.TopStory object at 0x7f95bcf6d978>
<genericresult.GenericResult object at 0x7f95bcf85470>
<video.Video object at 0x7f95bcf85828>
<topstory.TopStory object at 0x7f95bcf6db70>
<genericresult.GenericResult object at 0x7f95bcf85898>
<video.Video object at 0x7f95bcf85048>
<topstory.TopStory object at 0x7f95bcf6dcf8>
<genericresult.GenericResult object at 0x7f95bcf85198>
<video.Video object at 0x7f95bcf85470>
<topstory.TopStory object at 0x7f95bcf6d828>
<genericresult.GenericResult object at 0x7f95bcf85828>
<video.Video object at 0x7f95bcf856d8>
Pesquisando os atores: Eleições 2018, Lugar de votação, Candidatos a Presidente, Lula, Bolsonaro, Haddad, Marina Silva, Alckmin, Ciro Gomes, João Amoedo, Álvaro Dias, Cabo Daciolo, Boulos
<topstory.TopStory object at 0x7f95bcf6d3c8>
<genericresult.GenericResult object at 0x7f95bcf6d9b0>
<video.Video object at 0x7f95bcf85860>
<topstory.TopStory object at 0x7f95bcf6d9b0>
<genericresult.GenericResult object at 0x7f95bcf6d8d0>
<video.Video object at 0x7f95bcf85860>
<topstory.TopStory object at 0x7f95bcf6d3c8>
<genericresult.GenericResult object at 0x7f95bcf6d9b0>
<video.Video object at 0x7f95bcf85a58>
<topstory.TopStory object at 0x7f95bcf6da90>
<genericresult.GenericResult object at 0x7f95bcf6d3c8>
<video.Video object at 0x7f95bcf85d68>
<topstory.TopStory object at 0x7f95bcf6df60>
<genericresult.GenericResult object at 0x7f95bcf6da90>
<video.Video object at 0x7f95bcf857f0>
<topstory.TopStory object at 0x7f95bcf6de80>
<genericresult.GenericResult object at 0x7f95bcf6df60>
<video.Video object at 0x7f95bcf85f60>
<topstory.TopStory object at 0x7f95bcf6d8d0>
<genericresult.GenericResult object at 0x7f95bcf6de80>
<video.Video object at 0x7f95bcf85ef0>
<topstory.TopStory object at 0x7f95bcf6d9b0>
<genericresult.GenericResult object at 0x7f95bcf6d8d0>
<video.Video object at 0x7f95bcf85b70>
Traceback (most recent call last):
  File "/home/ibpad-005023/Documentos/Observatorio-google/roda_pesquisas.py", line 93, in <module>
    main()
  File "/home/ibpad-005023/Documentos/Observatorio-google/roda_pesquisas.py", line 84, in main
    google_html = google_search(driver, busca)
  File "/home/ibpad-005023/Documentos/Observatorio-google/roda_pesquisas.py", line 24, in google_search
    driver.get("https://www.google.com")
  File "/home/ibpad-005023/Documentos/Observatorio-google/venv/lib/python3.6/site-packages/selenium/webdriver/remote/webdriver.py", line 326, in get
    self.execute(Command.GET, {'url': url})
  File "/home/ibpad-005023/Documentos/Observatorio-google/venv/lib/python3.6/site-packages/selenium/webdriver/remote/webdriver.py", line 314, in execute
    self.error_handler.check_response(response)
  File "/home/ibpad-005023/Documentos/Observatorio-google/venv/lib/python3.6/site-packages/selenium/webdriver/remote/errorhandler.py", line 242, in check_response
    raise exception_class(message, screen, stacktrace)
selenium.common.exceptions.TimeoutException: Message: Timeout loading page after 300000ms

