Pesquisando os atores: Eleições 2018, Lugar de votação, Candidatos a Presidente, Lula, Bolsonaro, Haddad, Marina Silva, Alckmin, Ciro Gomes, João Amoedo, Álvaro Dias, Cabo Daciolo, Boulos
<topstory.TopStory object at 0x7f7b5c5cea90>
<genericresult.GenericResult object at 0x7f7b5c5cefd0>
<video.Video object at 0x7f7b5c5ce7b8>
<topstory.TopStory object at 0x7f7b5d8fdd30>
<genericresult.GenericResult object at 0x7f7b5c5cef60>
<video.Video object at 0x7f7b5c5cea58>
<topstory.TopStory object at 0x7f7b60588438>
<genericresult.GenericResult object at 0x7f7b5c5ce940>
<video.Video object at 0x7f7b5c5ceba8>
<topstory.TopStory object at 0x7f7b5d8fdd30>
<genericresult.GenericResult object at 0x7f7b5c5ced30>
<video.Video object at 0x7f7b5c5cea58>
<topstory.TopStory object at 0x7f7b60588438>
<genericresult.GenericResult object at 0x7f7b5c5ceda0>
<video.Video object at 0x7f7b5c5ceb38>
<topstory.TopStory object at 0x7f7b5d8fdd30>
<genericresult.GenericResult object at 0x7f7b5c5ceb00>
<video.Video object at 0x7f7b5c5cef60>
<topstory.TopStory object at 0x7f7b60588438>
<genericresult.GenericResult object at 0x7f7b5c5ce7b8>
<video.Video object at 0x7f7b5c5ce940>
<topstory.TopStory object at 0x7f7b5d8fdd30>
<genericresult.GenericResult object at 0x7f7b5c5ced30>
<video.Video object at 0x7f7b5c5ceda0>
<topstory.TopStory object at 0x7f7b60588438>
<genericresult.GenericResult object at 0x7f7b5c5cee80>
<video.Video object at 0x7f7b5c5ceac8>
<topstory.TopStory object at 0x7f7b5d8fdd30>
<genericresult.GenericResult object at 0x7f7b5c5ceb00>
<video.Video object at 0x7f7b5c5ceb70>
<topstory.TopStory object at 0x7f7b60588438>
<genericresult.GenericResult object at 0x7f7b5c5cef60>
<video.Video object at 0x7f7b5c5ceb00>
<topstory.TopStory object at 0x7f7b5d8fdd30>
<genericresult.GenericResult object at 0x7f7b5c5cea90>
<video.Video object at 0x7f7b5c5ceba8>
<topstory.TopStory object at 0x7f7b60588438>
<genericresult.GenericResult object at 0x7f7b5c5cedd8>
Pesquisando os atores: Eleições 2018, Lugar de votação, Candidatos a Presidente, Lula, Bolsonaro, Haddad, Marina Silva, Alckmin, Ciro Gomes, João Amoedo, Álvaro Dias, Cabo Daciolo, Boulos
<topstory.TopStory object at 0x7f7b60588438>
<genericresult.GenericResult object at 0x7f7b5c5ced30>
<video.Video object at 0x7f7b5bd3ee10>
<topstory.TopStory object at 0x7f7b5c5ce4a8>
<genericresult.GenericResult object at 0x7f7b5c5ce208>
<video.Video object at 0x7f7b5bd3eba8>
<topstory.TopStory object at 0x7f7b5c5ced30>
<genericresult.GenericResult object at 0x7f7b5c5ce320>
<video.Video object at 0x7f7b5bd3ee80>
<topstory.TopStory object at 0x7f7b5c5ce198>
<genericresult.GenericResult object at 0x7f7b5c5ce438>
<video.Video object at 0x7f7b5bd3e940>
<topstory.TopStory object at 0x7f7b5c5cef60>
<genericresult.GenericResult object at 0x7f7b5c5ce208>
<video.Video object at 0x7f7b5bd3eb70>
<topstory.TopStory object at 0x7f7b5c5ce860>
<genericresult.GenericResult object at 0x7f7b5c5ce320>
<video.Video object at 0x7f7b5bd3ec50>
<topstory.TopStory object at 0x7f7b5c5ce4a8>
<genericresult.GenericResult object at 0x7f7b5c5ce438>
<video.Video object at 0x7f7b5bd3e860>
<topstory.TopStory object at 0x7f7b5c5ced30>
<genericresult.GenericResult object at 0x7f7b5c5ce208>
<video.Video object at 0x7f7b5bd3e9b0>
<topstory.TopStory object at 0x7f7b5c5ce198>
<genericresult.GenericResult object at 0x7f7b5c5ce320>
<video.Video object at 0x7f7b5bd3eb70>
<topstory.TopStory object at 0x7f7b5c5cef60>
<genericresult.GenericResult object at 0x7f7b5c5ce438>
<video.Video object at 0x7f7b5bd3ecf8>
<topstory.TopStory object at 0x7f7b5c5ce860>
<genericresult.GenericResult object at 0x7f7b5c5ce208>
<video.Video object at 0x7f7b5bd3ef28>
<topstory.TopStory object at 0x7f7b5c5ce4a8>
<genericresult.GenericResult object at 0x7f7b5c5ce320>
<video.Video object at 0x7f7b5bd3ec50>
<topstory.TopStory object at 0x7f7b5c5ced30>
<genericresult.GenericResult object at 0x7f7b5c5ce438>
<video.Video object at 0x7f7b5bd3eb38>
Pesquisando os atores: Eleições 2018, Lugar de votação, Candidatos a Presidente, Lula, Bolsonaro, Haddad, Marina Silva, Alckmin, Ciro Gomes, João Amoedo, Álvaro Dias, Cabo Daciolo, Boulos
<topstory.TopStory object at 0x7f7b5bd3eef0>
<genericresult.GenericResult object at 0x7f7b5bd54550>
<video.Video object at 0x7f7b5bd54780>
<topstory.TopStory object at 0x7f7b5bd3ea58>
<genericresult.GenericResult object at 0x7f7b5bd3ef28>
<video.Video object at 0x7f7b5bd545f8>
<topstory.TopStory object at 0x7f7b5bd3e860>
<genericresult.GenericResult object at 0x7f7b5bd3ecc0>
<video.Video object at 0x7f7b5bd542b0>
<topstory.TopStory object at 0x7f7b5bd3ef28>
<genericresult.GenericResult object at 0x7f7b5bd3ea58>
<video.Video object at 0x7f7b5bd56630>
<topstory.TopStory object at 0x7f7b5bd3ecc0>
<genericresult.GenericResult object at 0x7f7b5bd3e860>
<video.Video object at 0x7f7b5bd569e8>
<topstory.TopStory object at 0x7f7b5bd3ea58>
<genericresult.GenericResult object at 0x7f7b5bd3ef28>
<video.Video object at 0x7f7b5bd561d0>
<topstory.TopStory object at 0x7f7b5bd3e860>
<genericresult.GenericResult object at 0x7f7b5bd3ecc0>
<video.Video object at 0x7f7b5bd56a90>
<topstory.TopStory object at 0x7f7b5bd3ef28>
<genericresult.GenericResult object at 0x7f7b5bd3ea58>
<video.Video object at 0x7f7b5bd562e8>
<topstory.TopStory object at 0x7f7b5bd3ecc0>
<genericresult.GenericResult object at 0x7f7b5bd3e860>
<video.Video object at 0x7f7b5bd56c50>
<topstory.TopStory object at 0x7f7b5bd3ea58>
<genericresult.GenericResult object at 0x7f7b5bd3ef28>
<video.Video object at 0x7f7b5bd562e8>
<topstory.TopStory object at 0x7f7b5bd3e860>
<genericresult.GenericResult object at 0x7f7b5bd3ecc0>
<video.Video object at 0x7f7b5bd563c8>
<topstory.TopStory object at 0x7f7b5bd3ef28>
<genericresult.GenericResult object at 0x7f7b5bd3ea58>
<video.Video object at 0x7f7b5bd56748>
<topstory.TopStory object at 0x7f7b5bd3ecc0>
<genericresult.GenericResult object at 0x7f7b5bd3e860>
Pesquisando os atores: Eleições 2018, Lugar de votação, Candidatos a Presidente, Lula, Bolsonaro, Haddad, Marina Silva, Alckmin, Ciro Gomes, João Amoedo, Álvaro Dias, Cabo Daciolo, Boulos
<topstory.TopStory object at 0x7f7b5bd3ee48>
<genericresult.GenericResult object at 0x7f7b5bd3ebe0>
<video.Video object at 0x7f7b5bd561d0>
<topstory.TopStory object at 0x7f7b5bd3eac8>
<genericresult.GenericResult object at 0x7f7b5bd3ee80>
<video.Video object at 0x7f7b5bd56400>
<topstory.TopStory object at 0x7f7b5bd3ebe0>
<genericresult.GenericResult object at 0x7f7b5bd3eac8>
<video.Video object at 0x7f7b5bd56c88>
<topstory.TopStory object at 0x7f7b5bd3ee48>
<genericresult.GenericResult object at 0x7f7b5bd3ebe0>
<video.Video object at 0x7f7b5bd56eb8>
<topstory.TopStory object at 0x7f7b5bd3e9b0>
<genericresult.GenericResult object at 0x7f7b5bd3ee48>
<video.Video object at 0x7f7b5bd560b8>
<topstory.TopStory object at 0x7f7b5bd3eda0>
<genericresult.GenericResult object at 0x7f7b5bd3e9b0>
<video.Video object at 0x7f7b5bd56160>
<topstory.TopStory object at 0x7f7b5bd3eb00>
<genericresult.GenericResult object at 0x7f7b5bd3eda0>
<video.Video object at 0x7f7b5bd56d68>
<topstory.TopStory object at 0x7f7b5bd3ee80>
<genericresult.GenericResult object at 0x7f7b5bd3eb00>
<video.Video object at 0x7f7b5bd56358>
<topstory.TopStory object at 0x7f7b5bd3eac8>
<genericresult.GenericResult object at 0x7f7b5bd3ee80>
<video.Video object at 0x7f7b5bd56780>
<topstory.TopStory object at 0x7f7b5bd3ebe0>
<genericresult.GenericResult object at 0x7f7b5bd3eac8>
<video.Video object at 0x7f7b5bd56eb8>
<topstory.TopStory object at 0x7f7b5bd3ee48>
<genericresult.GenericResult object at 0x7f7b5bd3ebe0>
<video.Video object at 0x7f7b5bd56320>
<topstory.TopStory object at 0x7f7b5bd3e9b0>
<genericresult.GenericResult object at 0x7f7b5bd3ee48>
<video.Video object at 0x7f7b5bd562b0>
<topstory.TopStory object at 0x7f7b5bd3eda0>
<genericresult.GenericResult object at 0x7f7b5bd3e9b0>
Pesquisando os atores: Eleições 2018, Lugar de votação, Candidatos a Presidente, Lula, Bolsonaro, Haddad, Marina Silva, Alckmin, Ciro Gomes, João Amoedo, Álvaro Dias, Cabo Daciolo, Boulos
<topstory.TopStory object at 0x7f7b5bd56e80>
<genericresult.GenericResult object at 0x7f7b5bd567f0>
<video.Video object at 0x7f7b5bd566d8>
Traceback (most recent call last):
  File "/home/ibpad-005023/Documentos/Observatorio-google/roda_pesquisas.py", line 93, in <module>
    main()
  File "/home/ibpad-005023/Documentos/Observatorio-google/roda_pesquisas.py", line 84, in main
    google_html = google_search(driver, busca)
  File "/home/ibpad-005023/Documentos/Observatorio-google/roda_pesquisas.py", line 24, in google_search
    driver.get("https://www.google.com")
  File "/home/ibpad-005023/Documentos/Observatorio-google/venv/lib/python3.6/site-packages/selenium/webdriver/remote/webdriver.py", line 326, in get
    self.execute(Command.GET, {'url': url})
  File "/home/ibpad-005023/Documentos/Observatorio-google/venv/lib/python3.6/site-packages/selenium/webdriver/remote/webdriver.py", line 314, in execute
    self.error_handler.check_response(response)
  File "/home/ibpad-005023/Documentos/Observatorio-google/venv/lib/python3.6/site-packages/selenium/webdriver/remote/errorhandler.py", line 242, in check_response
    raise exception_class(message, screen, stacktrace)
selenium.common.exceptions.TimeoutException: Message: Timeout loading page after 300000ms

