Pesquisando os atores: Eleições 2018, Lugar de votação, Candidatos a Presidente, Lula, Bolsonaro, Haddad, Marina Silva, Alckmin, Ciro Gomes, João Amoedo, Álvaro Dias, Cabo Daciolo, Boulos
<topstory.TopStory object at 0x7fd68258fb00>
<genericresult.GenericResult object at 0x7fd68258fc88>
<video.Video object at 0x7fd68258fcf8>
<topstory.TopStory object at 0x7fd6838beda0>
<genericresult.GenericResult object at 0x7fd68258ffd0>
<video.Video object at 0x7fd68258f978>
<topstory.TopStory object at 0x7fd686549438>
<genericresult.GenericResult object at 0x7fd68258fda0>
<video.Video object at 0x7fd68258f2e8>
<topstory.TopStory object at 0x7fd6838beda0>
<genericresult.GenericResult object at 0x7fd68258ff98>
<video.Video object at 0x7fd68258feb8>
<topstory.TopStory object at 0x7fd686549438>
<genericresult.GenericResult object at 0x7fd68258f2e8>
<video.Video object at 0x7fd68258ff60>
<topstory.TopStory object at 0x7fd6838beda0>
<genericresult.GenericResult object at 0x7fd68258fe80>
<video.Video object at 0x7fd68258fba8>
<topstory.TopStory object at 0x7fd686549438>
<genericresult.GenericResult object at 0x7fd68258fbe0>
<video.Video object at 0x7fd68258ff98>
<topstory.TopStory object at 0x7fd6838beda0>
<genericresult.GenericResult object at 0x7fd68258fb00>
<video.Video object at 0x7fd68258f828>
Traceback (most recent call last):
  File "/home/ibpad-005023/Documentos/Observatorio-google/roda_pesquisas.py", line 93, in <module>
    main()
  File "/home/ibpad-005023/Documentos/Observatorio-google/roda_pesquisas.py", line 84, in main
    google_html = google_search(driver, busca)
  File "/home/ibpad-005023/Documentos/Observatorio-google/roda_pesquisas.py", line 24, in google_search
    driver.get("https://www.google.com")
  File "/home/ibpad-005023/Documentos/Observatorio-google/venv/lib/python3.6/site-packages/selenium/webdriver/remote/webdriver.py", line 326, in get
    self.execute(Command.GET, {'url': url})
  File "/home/ibpad-005023/Documentos/Observatorio-google/venv/lib/python3.6/site-packages/selenium/webdriver/remote/webdriver.py", line 314, in execute
    self.error_handler.check_response(response)
  File "/home/ibpad-005023/Documentos/Observatorio-google/venv/lib/python3.6/site-packages/selenium/webdriver/remote/errorhandler.py", line 242, in check_response
    raise exception_class(message, screen, stacktrace)
selenium.common.exceptions.TimeoutException: Message: Timeout loading page after 300000ms

