Pesquisando os atores: Eleições 2018, Lugar de votação, Candidatos a Presidente, Lula, Bolsonaro, Haddad, Marina Silva, Alckmin, Ciro Gomes, João Amoedo, Álvaro Dias, Cabo Daciolo, Boulos
<topstory.TopStory object at 0x7f216c721ac8>
<genericresult.GenericResult object at 0x7f216c721c50>
<video.Video object at 0x7f216c721cc0>
<topstory.TopStory object at 0x7f216da50d68>
<genericresult.GenericResult object at 0x7f216c721f98>
<video.Video object at 0x7f216c721940>
<topstory.TopStory object at 0x7f21706db438>
<genericresult.GenericResult object at 0x7f216c721cc0>
<video.Video object at 0x7f216c721978>
<topstory.TopStory object at 0x7f216da50d68>
<genericresult.GenericResult object at 0x7f216c721a58>
<video.Video object at 0x7f216c721940>
<topstory.TopStory object at 0x7f21706db438>
<genericresult.GenericResult object at 0x7f216c7212b0>
<video.Video object at 0x7f216c721e10>
<topstory.TopStory object at 0x7f216da50d68>
<genericresult.GenericResult object at 0x7f216c721b38>
<video.Video object at 0x7f216c721ba8>
<topstory.TopStory object at 0x7f21706db438>
<genericresult.GenericResult object at 0x7f216c721e80>
<video.Video object at 0x7f216c721978>
<topstory.TopStory object at 0x7f216da50d68>
<genericresult.GenericResult object at 0x7f216c721c50>
<video.Video object at 0x7f216c721a58>
<topstory.TopStory object at 0x7f21706db438>
<genericresult.GenericResult object at 0x7f216c721f28>
<video.Video object at 0x7f216c721e10>
<topstory.TopStory object at 0x7f216da50d68>
<genericresult.GenericResult object at 0x7f216c7212b0>
<video.Video object at 0x7f216c721e48>
<topstory.TopStory object at 0x7f21706db438>
<genericresult.GenericResult object at 0x7f216c721a58>
<video.Video object at 0x7f216c721cc0>
<topstory.TopStory object at 0x7f216da50d68>
<genericresult.GenericResult object at 0x7f216c721f60>
<video.Video object at 0x7f216c721f28>
<topstory.TopStory object at 0x7f21706db438>
<genericresult.GenericResult object at 0x7f216c721e48>
<video.Video object at 0x7f216c721b70>
Pesquisando os atores: Eleições 2018, Lugar de votação, Candidatos a Presidente, Lula, Bolsonaro, Haddad, Marina Silva, Alckmin, Ciro Gomes, João Amoedo, Álvaro Dias, Cabo Daciolo, Boulos
<topstory.TopStory object at 0x7f21706db438>
<genericresult.GenericResult object at 0x7f216c7212b0>
<video.Video object at 0x7f216be91a90>
<topstory.TopStory object at 0x7f216c721748>
<genericresult.GenericResult object at 0x7f216c7218d0>
<video.Video object at 0x7f216be91be0>
<topstory.TopStory object at 0x7f216c721128>
<genericresult.GenericResult object at 0x7f216c7218d0>
<video.Video object at 0x7f216be91b70>
<topstory.TopStory object at 0x7f216c7211d0>
<genericresult.GenericResult object at 0x7f216c7218d0>
<video.Video object at 0x7f216be91cc0>
<topstory.TopStory object at 0x7f216c7212b0>
<genericresult.GenericResult object at 0x7f216c7218d0>
<video.Video object at 0x7f216be91e80>
<topstory.TopStory object at 0x7f216c721358>
<genericresult.GenericResult object at 0x7f216c7218d0>
<video.Video object at 0x7f216be91b00>
<topstory.TopStory object at 0x7f216c721390>
<genericresult.GenericResult object at 0x7f216c7218d0>
<video.Video object at 0x7f216be91e80>
<topstory.TopStory object at 0x7f216c721898>
<genericresult.GenericResult object at 0x7f216c7218d0>
<video.Video object at 0x7f216be91f28>
<topstory.TopStory object at 0x7f216c721748>
<genericresult.GenericResult object at 0x7f216c7218d0>
<video.Video object at 0x7f216be91ba8>
<topstory.TopStory object at 0x7f216c721128>
<genericresult.GenericResult object at 0x7f216c7218d0>
<video.Video object at 0x7f216be91ef0>
<topstory.TopStory object at 0x7f216c7211d0>
<genericresult.GenericResult object at 0x7f216c7218d0>
<video.Video object at 0x7f216be913c8>
<topstory.TopStory object at 0x7f216c7212b0>
<genericresult.GenericResult object at 0x7f216c7218d0>
<video.Video object at 0x7f216be91a90>
<topstory.TopStory object at 0x7f216c721358>
<genericresult.GenericResult object at 0x7f216c7218d0>
<video.Video object at 0x7f216be91cc0>
Pesquisando os atores: Eleições 2018, Lugar de votação, Candidatos a Presidente, Lula, Bolsonaro, Haddad, Marina Silva, Alckmin, Ciro Gomes, João Amoedo, Álvaro Dias, Cabo Daciolo, Boulos
<topstory.TopStory object at 0x7f216be91358>
<genericresult.GenericResult object at 0x7f216bea7550>
<video.Video object at 0x7f216bea7780>
<topstory.TopStory object at 0x7f216be91c18>
<genericresult.GenericResult object at 0x7f216bea7048>
<video.Video object at 0x7f216bea7908>
<topstory.TopStory object at 0x7f216be91358>
<genericresult.GenericResult object at 0x7f216bea7b70>
<video.Video object at 0x7f216bea7518>
<topstory.TopStory object at 0x7f216be918d0>
<genericresult.GenericResult object at 0x7f216bea7320>
<video.Video object at 0x7f216bea7160>
<topstory.TopStory object at 0x7f216be913c8>
<genericresult.GenericResult object at 0x7f216bea7ba8>
<video.Video object at 0x7f216bea7b70>
<topstory.TopStory object at 0x7f216be91c18>
<genericresult.GenericResult object at 0x7f216bea7588>
<video.Video object at 0x7f216bea7a58>
<topstory.TopStory object at 0x7f216be91358>
<genericresult.GenericResult object at 0x7f216bea7390>
<video.Video object at 0x7f216bea76a0>
<topstory.TopStory object at 0x7f216be918d0>
<genericresult.GenericResult object at 0x7f216bea7278>
<video.Video object at 0x7f216bea7588>
<topstory.TopStory object at 0x7f216be913c8>
<genericresult.GenericResult object at 0x7f216bea75f8>
<video.Video object at 0x7f216bea74e0>
<topstory.TopStory object at 0x7f216be91c18>
<genericresult.GenericResult object at 0x7f216bea7940>
<video.Video object at 0x7f216bea7278>
<topstory.TopStory object at 0x7f216be91358>
<genericresult.GenericResult object at 0x7f216bea7828>
<video.Video object at 0x7f216bea75f8>
<topstory.TopStory object at 0x7f216be918d0>
<genericresult.GenericResult object at 0x7f216bea7860>
<video.Video object at 0x7f216bea7128>
<topstory.TopStory object at 0x7f216be913c8>
<genericresult.GenericResult object at 0x7f216bea7630>
<video.Video object at 0x7f216bea7b00>
Pesquisando os atores: Eleições 2018, Lugar de votação, Candidatos a Presidente, Lula, Bolsonaro, Haddad, Marina Silva, Alckmin, Ciro Gomes, João Amoedo, Álvaro Dias, Cabo Daciolo, Boulos
<topstory.TopStory object at 0x7f216be91cf8>
<genericresult.GenericResult object at 0x7f216be91f28>
<video.Video object at 0x7f216bea78d0>
<topstory.TopStory object at 0x7f216be91748>
<genericresult.GenericResult object at 0x7f216be91c88>
<video.Video object at 0x7f216bea77f0>
<topstory.TopStory object at 0x7f216be91f28>
<genericresult.GenericResult object at 0x7f216be91748>
<video.Video object at 0x7f216bea7cc0>
<topstory.TopStory object at 0x7f216be91cf8>
<genericresult.GenericResult object at 0x7f216be91f28>
<video.Video object at 0x7f216bea7780>
<topstory.TopStory object at 0x7f216be919e8>
<genericresult.GenericResult object at 0x7f216be91cf8>
<video.Video object at 0x7f216bea7160>
Traceback (most recent call last):
  File "/home/ibpad-005023/Documentos/Observatorio-google/roda_pesquisas.py", line 93, in <module>
    main()
  File "/home/ibpad-005023/Documentos/Observatorio-google/roda_pesquisas.py", line 84, in main
    google_html = google_search(driver, busca)
  File "/home/ibpad-005023/Documentos/Observatorio-google/roda_pesquisas.py", line 25, in google_search
    driver.get(base_link + query)
  File "/home/ibpad-005023/Documentos/Observatorio-google/venv/lib/python3.6/site-packages/selenium/webdriver/remote/webdriver.py", line 326, in get
    self.execute(Command.GET, {'url': url})
  File "/home/ibpad-005023/Documentos/Observatorio-google/venv/lib/python3.6/site-packages/selenium/webdriver/remote/webdriver.py", line 314, in execute
    self.error_handler.check_response(response)
  File "/home/ibpad-005023/Documentos/Observatorio-google/venv/lib/python3.6/site-packages/selenium/webdriver/remote/errorhandler.py", line 242, in check_response
    raise exception_class(message, screen, stacktrace)
selenium.common.exceptions.TimeoutException: Message: Timeout loading page after 300000ms

