Pesquisando os atores: Eleições 2018, Lugar de votação, Candidatos a Presidente, Lula, Bolsonaro, Haddad, Marina Silva, Alckmin, Ciro Gomes, João Amoedo, Álvaro Dias, Cabo Daciolo, Boulos
<topstory.TopStory object at 0x7f3a46c6db00>
<genericresult.GenericResult object at 0x7f3a46c6dc88>
<video.Video object at 0x7f3a46c6dcf8>
<topstory.TopStory object at 0x7f3a47f9cda0>
<genericresult.GenericResult object at 0x7f3a46c6dfd0>
<video.Video object at 0x7f3a46c6d978>
<topstory.TopStory object at 0x7f3a4ac27438>
<genericresult.GenericResult object at 0x7f3a46c6de80>
<video.Video object at 0x7f3a46c6d9b0>
<topstory.TopStory object at 0x7f3a47f9cda0>
<genericresult.GenericResult object at 0x7f3a46c6deb8>
<video.Video object at 0x7f3a46c6d978>
<topstory.TopStory object at 0x7f3a4ac27438>
<genericresult.GenericResult object at 0x7f3a46c6d2e8>
<video.Video object at 0x7f3a46c6dba8>
<topstory.TopStory object at 0x7f3a47f9cda0>
<genericresult.GenericResult object at 0x7f3a46c6db70>
<video.Video object at 0x7f3a46c6dfd0>
<topstory.TopStory object at 0x7f3a4ac27438>
<genericresult.GenericResult object at 0x7f3a46c6d9b0>
<video.Video object at 0x7f3a46c6dd68>
<topstory.TopStory object at 0x7f3a47f9cda0>
<genericresult.GenericResult object at 0x7f3a46c6d828>
<video.Video object at 0x7f3a46c6dbe0>
<topstory.TopStory object at 0x7f3a4ac27438>
<genericresult.GenericResult object at 0x7f3a46c6dcf8>
<video.Video object at 0x7f3a46c6d2e8>
Traceback (most recent call last):
  File "/home/ibpad-005023/Documentos/Observatorio-google/roda_pesquisas.py", line 93, in <module>
    main()
  File "/home/ibpad-005023/Documentos/Observatorio-google/roda_pesquisas.py", line 84, in main
    google_html = google_search(driver, busca)
  File "/home/ibpad-005023/Documentos/Observatorio-google/roda_pesquisas.py", line 25, in google_search
    driver.get(base_link + query)
  File "/home/ibpad-005023/Documentos/Observatorio-google/venv/lib/python3.6/site-packages/selenium/webdriver/remote/webdriver.py", line 326, in get
    self.execute(Command.GET, {'url': url})
  File "/home/ibpad-005023/Documentos/Observatorio-google/venv/lib/python3.6/site-packages/selenium/webdriver/remote/webdriver.py", line 314, in execute
    self.error_handler.check_response(response)
  File "/home/ibpad-005023/Documentos/Observatorio-google/venv/lib/python3.6/site-packages/selenium/webdriver/remote/errorhandler.py", line 242, in check_response
    raise exception_class(message, screen, stacktrace)
selenium.common.exceptions.TimeoutException: Message: Timeout loading page after 300000ms

