Pesquisando os atores: Eleições 2018, Lugar de votação, Candidatos a Presidente, Lula, Bolsonaro, Haddad, Marina Silva, Alckmin, Ciro Gomes, João Amoedo, Álvaro Dias, Cabo Daciolo, Boulos
<topstory.TopStory object at 0x7f16573a1b00>
<genericresult.GenericResult object at 0x7f16573a1c88>
<video.Video object at 0x7f16573a1cf8>
<topstory.TopStory object at 0x7f16586d0da0>
<genericresult.GenericResult object at 0x7f16573a1fd0>
<video.Video object at 0x7f16573a1978>
<topstory.TopStory object at 0x7f165b35b438>
<genericresult.GenericResult object at 0x7f16573a1da0>
<video.Video object at 0x7f16573a1828>
<topstory.TopStory object at 0x7f16586d0da0>
<genericresult.GenericResult object at 0x7f16573a1f98>
<video.Video object at 0x7f16573a1eb8>
<topstory.TopStory object at 0x7f165b35b438>
<genericresult.GenericResult object at 0x7f16573a1828>
<video.Video object at 0x7f16573a1f60>
<topstory.TopStory object at 0x7f16586d0da0>
<genericresult.GenericResult object at 0x7f16573a1c88>
<video.Video object at 0x7f16573a1fd0>
<topstory.TopStory object at 0x7f165b35b438>
<genericresult.GenericResult object at 0x7f16573a1e48>
<video.Video object at 0x7f16573a12e8>
<topstory.TopStory object at 0x7f16586d0da0>
<genericresult.GenericResult object at 0x7f16573a1a90>
<video.Video object at 0x7f16573a1828>
<topstory.TopStory object at 0x7f165b35b438>
<genericresult.GenericResult object at 0x7f16573a1978>
<video.Video object at 0x7f16573a1f98>
<topstory.TopStory object at 0x7f16586d0da0>
<genericresult.GenericResult object at 0x7f16573a1c88>
<video.Video object at 0x7f16573a1c18>
<topstory.TopStory object at 0x7f165b35b438>
<genericresult.GenericResult object at 0x7f16573a12e8>
<video.Video object at 0x7f16573a1828>
<topstory.TopStory object at 0x7f16586d0da0>
<genericresult.GenericResult object at 0x7f16573a1be0>
<video.Video object at 0x7f16573a1b70>
<topstory.TopStory object at 0x7f165b35b438>
<genericresult.GenericResult object at 0x7f16573a1da0>
<video.Video object at 0x7f16573a1ba8>
Pesquisando os atores: Eleições 2018, Lugar de votação, Candidatos a Presidente, Lula, Bolsonaro, Haddad, Marina Silva, Alckmin, Ciro Gomes, João Amoedo, Álvaro Dias, Cabo Daciolo, Boulos
<topstory.TopStory object at 0x7f165b35b438>
<genericresult.GenericResult object at 0x7f16573a19b0>
<video.Video object at 0x7f1656b128d0>
<topstory.TopStory object at 0x7f16573a1780>
<genericresult.GenericResult object at 0x7f16573a1908>
<video.Video object at 0x7f1656b12d30>
<topstory.TopStory object at 0x7f16573a1160>
<genericresult.GenericResult object at 0x7f16573a1908>
<video.Video object at 0x7f1656b12f60>
<topstory.TopStory object at 0x7f16573a1208>
<genericresult.GenericResult object at 0x7f16573a1908>
<video.Video object at 0x7f1656b12d30>
<topstory.TopStory object at 0x7f16573a19b0>
<genericresult.GenericResult object at 0x7f16573a1908>
<video.Video object at 0x7f1656b12ac8>
<topstory.TopStory object at 0x7f16573a1390>
<genericresult.GenericResult object at 0x7f16573a1908>
<video.Video object at 0x7f1656b12390>
<topstory.TopStory object at 0x7f16573a13c8>
<genericresult.GenericResult object at 0x7f16573a1908>
<video.Video object at 0x7f1656b12c88>
<topstory.TopStory object at 0x7f16573a18d0>
<genericresult.GenericResult object at 0x7f16573a1908>
<video.Video object at 0x7f1656b128d0>
<topstory.TopStory object at 0x7f16573a1780>
<genericresult.GenericResult object at 0x7f16573a1908>
<video.Video object at 0x7f1656b12860>
<topstory.TopStory object at 0x7f16573a1160>
<genericresult.GenericResult object at 0x7f16573a1908>
<video.Video object at 0x7f1656b128d0>
<topstory.TopStory object at 0x7f16573a1208>
<genericresult.GenericResult object at 0x7f16573a1908>
<video.Video object at 0x7f1656b12e48>
<topstory.TopStory object at 0x7f16573a19b0>
<genericresult.GenericResult object at 0x7f16573a1908>
<video.Video object at 0x7f1656b128d0>
<topstory.TopStory object at 0x7f16573a1390>
<genericresult.GenericResult object at 0x7f16573a1908>
<video.Video object at 0x7f1656b12ac8>
Pesquisando os atores: Eleições 2018, Lugar de votação, Candidatos a Presidente, Lula, Bolsonaro, Haddad, Marina Silva, Alckmin, Ciro Gomes, João Amoedo, Álvaro Dias, Cabo Daciolo, Boulos
<topstory.TopStory object at 0x7f1656b12f98>
<genericresult.GenericResult object at 0x7f1656b25550>
<video.Video object at 0x7f1656b25518>
<topstory.TopStory object at 0x7f1656b12a58>
<genericresult.GenericResult object at 0x7f1656b25668>
<video.Video object at 0x7f1656b25390>
<topstory.TopStory object at 0x7f1656b12f98>
<genericresult.GenericResult object at 0x7f1656b257f0>
<video.Video object at 0x7f1656b25128>
<topstory.TopStory object at 0x7f1656b12e80>
<genericresult.GenericResult object at 0x7f1656b25550>
<video.Video object at 0x7f1656b259b0>
<topstory.TopStory object at 0x7f1656b12ba8>
<genericresult.GenericResult object at 0x7f1656b25128>
<video.Video object at 0x7f1656b25358>
<topstory.TopStory object at 0x7f1656b12a58>
<genericresult.GenericResult object at 0x7f1656b25748>
<video.Video object at 0x7f1656b25940>
<topstory.TopStory object at 0x7f1656b12f98>
<genericresult.GenericResult object at 0x7f1656b258d0>
<video.Video object at 0x7f1656b25208>
<topstory.TopStory object at 0x7f1656b12e80>
<genericresult.GenericResult object at 0x7f1656b25278>
<video.Video object at 0x7f1656b256a0>
<topstory.TopStory object at 0x7f1656b12ba8>
<genericresult.GenericResult object at 0x7f1656b25898>
<video.Video object at 0x7f1656b259e8>
<topstory.TopStory object at 0x7f1656b12a58>
<genericresult.GenericResult object at 0x7f1656b252e8>
<video.Video object at 0x7f1656b255f8>
<topstory.TopStory object at 0x7f1656b12f98>
<genericresult.GenericResult object at 0x7f1656b25128>
<video.Video object at 0x7f1656b257f0>
<topstory.TopStory object at 0x7f1656b12e80>
<genericresult.GenericResult object at 0x7f1656b25828>
<video.Video object at 0x7f1656b25748>
<topstory.TopStory object at 0x7f1656b12ba8>
<genericresult.GenericResult object at 0x7f1656b25518>
<video.Video object at 0x7f1656b25780>
Pesquisando os atores: Eleições 2018, Lugar de votação, Candidatos a Presidente, Lula, Bolsonaro, Haddad, Marina Silva, Alckmin, Ciro Gomes, João Amoedo, Álvaro Dias, Cabo Daciolo, Boulos
<topstory.TopStory object at 0x7f1656b12860>
<genericresult.GenericResult object at 0x7f1656b128d0>
<video.Video object at 0x7f1656b25a20>
<topstory.TopStory object at 0x7f1656b128d0>
<genericresult.GenericResult object at 0x7f1656b12dd8>
<video.Video object at 0x7f1656b25898>
<topstory.TopStory object at 0x7f1656b12860>
<genericresult.GenericResult object at 0x7f1656b128d0>
<video.Video object at 0x7f1656b25cf8>
<topstory.TopStory object at 0x7f1656b12780>
<genericresult.GenericResult object at 0x7f1656b12860>
<video.Video object at 0x7f1656b25da0>
<topstory.TopStory object at 0x7f1656b12c50>
<genericresult.GenericResult object at 0x7f1656b12780>
<video.Video object at 0x7f1656b25f60>
<topstory.TopStory object at 0x7f1656b12be0>
<genericresult.GenericResult object at 0x7f1656b12c50>
<video.Video object at 0x7f1656b251d0>
<topstory.TopStory object at 0x7f1656b12dd8>
<genericresult.GenericResult object at 0x7f1656b12be0>
<video.Video object at 0x7f1656b25438>
<topstory.TopStory object at 0x7f1656b128d0>
<genericresult.GenericResult object at 0x7f1656b12dd8>
<video.Video object at 0x7f1656b25a58>
<topstory.TopStory object at 0x7f1656b12860>
<genericresult.GenericResult object at 0x7f1656b128d0>
<video.Video object at 0x7f1656b25908>
<topstory.TopStory object at 0x7f1656b12780>
<genericresult.GenericResult object at 0x7f1656b12860>
<video.Video object at 0x7f1656b25f28>
<topstory.TopStory object at 0x7f1656b12c50>
<genericresult.GenericResult object at 0x7f1656b12780>
<video.Video object at 0x7f1656b25cf8>
Traceback (most recent call last):
  File "/home/ibpad-005023/Documentos/Observatorio-google/roda_pesquisas.py", line 93, in <module>
    main()
  File "/home/ibpad-005023/Documentos/Observatorio-google/roda_pesquisas.py", line 84, in main
    google_html = google_search(driver, busca)
  File "/home/ibpad-005023/Documentos/Observatorio-google/roda_pesquisas.py", line 25, in google_search
    driver.get(base_link + query)
  File "/home/ibpad-005023/Documentos/Observatorio-google/venv/lib/python3.6/site-packages/selenium/webdriver/remote/webdriver.py", line 326, in get
    self.execute(Command.GET, {'url': url})
  File "/home/ibpad-005023/Documentos/Observatorio-google/venv/lib/python3.6/site-packages/selenium/webdriver/remote/webdriver.py", line 314, in execute
    self.error_handler.check_response(response)
  File "/home/ibpad-005023/Documentos/Observatorio-google/venv/lib/python3.6/site-packages/selenium/webdriver/remote/errorhandler.py", line 242, in check_response
    raise exception_class(message, screen, stacktrace)
selenium.common.exceptions.TimeoutException: Message: Timeout loading page after 300000ms

