Pesquisando os atores: Eleições 2018, Lugar de votação, Candidatos a Presidente, Lula, Bolsonaro, Haddad, Marina Silva, Alckmin, Ciro Gomes, João Amoedo, Álvaro Dias, Cabo Daciolo, Boulos
<topstory.TopStory object at 0x7f6bd7da9b00>
<genericresult.GenericResult object at 0x7f6bd7da9c88>
<video.Video object at 0x7f6bd7da9cf8>
<topstory.TopStory object at 0x7f6bd90d8dd8>
<genericresult.GenericResult object at 0x7f6bd7da9fd0>
<video.Video object at 0x7f6bd7da9b00>
<topstory.TopStory object at 0x7f6bdbd63438>
<genericresult.GenericResult object at 0x7f6bd7da9da0>
<video.Video object at 0x7f6bd7da9828>
<topstory.TopStory object at 0x7f6bd90d8dd8>
<genericresult.GenericResult object at 0x7f6bd7da9b00>
<video.Video object at 0x7f6bd7da9c88>
<topstory.TopStory object at 0x7f6bdbd63438>
<genericresult.GenericResult object at 0x7f6bd7da9828>
<video.Video object at 0x7f6bd7da9c88>
<topstory.TopStory object at 0x7f6bd90d8dd8>
<genericresult.GenericResult object at 0x7f6bd7da9a90>
<video.Video object at 0x7f6bd7da9da0>
<topstory.TopStory object at 0x7f6bdbd63438>
<genericresult.GenericResult object at 0x7f6bd7da9eb8>
<video.Video object at 0x7f6bd7da9b00>
<topstory.TopStory object at 0x7f6bd90d8dd8>
<genericresult.GenericResult object at 0x7f6bd7da9b70>
<video.Video object at 0x7f6bd7da9da0>
<topstory.TopStory object at 0x7f6bdbd63438>
<genericresult.GenericResult object at 0x7f6bd7da9b00>
<video.Video object at 0x7f6bd7da92e8>
<topstory.TopStory object at 0x7f6bd90d8dd8>
<genericresult.GenericResult object at 0x7f6bd7da9e80>
<video.Video object at 0x7f6bd7da9ef0>
<topstory.TopStory object at 0x7f6bdbd63438>
<genericresult.GenericResult object at 0x7f6bd7da92e8>
<video.Video object at 0x7f6bd7da9e80>
<topstory.TopStory object at 0x7f6bd90d8dd8>
<genericresult.GenericResult object at 0x7f6bd7da9f60>
<video.Video object at 0x7f6bd7da9898>
<topstory.TopStory object at 0x7f6bdbd63438>
<genericresult.GenericResult object at 0x7f6bd7da9ba8>
<video.Video object at 0x7f6bd7da9fd0>
Pesquisando os atores: Eleições 2018, Lugar de votação, Candidatos a Presidente, Lula, Bolsonaro, Haddad, Marina Silva, Alckmin, Ciro Gomes, João Amoedo, Álvaro Dias, Cabo Daciolo, Boulos
<topstory.TopStory object at 0x7f6bdbd63438>
<genericresult.GenericResult object at 0x7f6bd7da9908>
<video.Video object at 0x7f6bd7519908>
<topstory.TopStory object at 0x7f6bd7da93c8>
<genericresult.GenericResult object at 0x7f6bd7da9908>
<video.Video object at 0x7f6bd7519a20>
<topstory.TopStory object at 0x7f6bd7da9b70>
<genericresult.GenericResult object at 0x7f6bd7da98d0>
<video.Video object at 0x7f6bd75199e8>
<topstory.TopStory object at 0x7f6bd7da99b0>
<genericresult.GenericResult object at 0x7f6bd7da98d0>
<video.Video object at 0x7f6bd7519dd8>
<topstory.TopStory object at 0x7f6bd7519d30>
<genericresult.GenericResult object at 0x7f6bd75199e8>
<video.Video object at 0x7f6bd7519c88>
<topstory.TopStory object at 0x7f6bd7519a58>
<genericresult.GenericResult object at 0x7f6bd7519ef0>
<video.Video object at 0x7f6bd7519c18>
<topstory.TopStory object at 0x7f6bd7519c18>
<genericresult.GenericResult object at 0x7f6bd7519eb8>
<video.Video object at 0x7f6bd7519e80>
<topstory.TopStory object at 0x7f6bd7519c50>
<genericresult.GenericResult object at 0x7f6bd7519b70>
<video.Video object at 0x7f6bd7519c18>
<topstory.TopStory object at 0x7f6bd7da99b0>
<genericresult.GenericResult object at 0x7f6bd7da9d68>
<video.Video object at 0x7f6bd7519748>
<topstory.TopStory object at 0x7f6bd7da93c8>
<genericresult.GenericResult object at 0x7f6bd7da9ef0>
<video.Video object at 0x7f6bd7519c18>
<topstory.TopStory object at 0x7f6bd7da94a8>
<genericresult.GenericResult object at 0x7f6bd7da9160>
<video.Video object at 0x7f6bd7519e80>
<topstory.TopStory object at 0x7f6bd7da99b0>
<genericresult.GenericResult object at 0x7f6bd7da9780>
<video.Video object at 0x7f6bd7519860>
<topstory.TopStory object at 0x7f6bd7da93c8>
<genericresult.GenericResult object at 0x7f6bd7da9908>
<video.Video object at 0x7f6bd75199b0>
Pesquisando os atores: Eleições 2018, Lugar de votação, Candidatos a Presidente, Lula, Bolsonaro, Haddad, Marina Silva, Alckmin, Ciro Gomes, João Amoedo, Álvaro Dias, Cabo Daciolo, Boulos
<topstory.TopStory object at 0x7f6bd75197f0>
<genericresult.GenericResult object at 0x7f6bd7539550>
<video.Video object at 0x7f6bd7539518>
<topstory.TopStory object at 0x7f6bd7519f98>
<genericresult.GenericResult object at 0x7f6bd7539668>
<video.Video object at 0x7f6bd7539a20>
<topstory.TopStory object at 0x7f6bd75197f0>
<genericresult.GenericResult object at 0x7f6bd75393c8>
<video.Video object at 0x7f6bd7539ac8>
<topstory.TopStory object at 0x7f6bd7519c50>
<genericresult.GenericResult object at 0x7f6bd7539c50>
<video.Video object at 0x7f6bd75398d0>
<topstory.TopStory object at 0x7f6bd7519e80>
<genericresult.GenericResult object at 0x7f6bd7539898>
<video.Video object at 0x7f6bd7539198>
<topstory.TopStory object at 0x7f6bd7519f98>
<genericresult.GenericResult object at 0x7f6bd7539080>
<video.Video object at 0x7f6bd7539ac8>
<topstory.TopStory object at 0x7f6bd75197f0>
<genericresult.GenericResult object at 0x7f6bd7539080>
<video.Video object at 0x7f6bd75397b8>
<topstory.TopStory object at 0x7f6bd7519c50>
<genericresult.GenericResult object at 0x7f6bd7539160>
<video.Video object at 0x7f6bd7539c18>
<topstory.TopStory object at 0x7f6bd7519e80>
<genericresult.GenericResult object at 0x7f6bd7539518>
<video.Video object at 0x7f6bd7539710>
<topstory.TopStory object at 0x7f6bd7519f98>
<genericresult.GenericResult object at 0x7f6bd7539d68>
<video.Video object at 0x7f6bd7539860>
Traceback (most recent call last):
  File "/home/ibpad-005023/Documentos/Observatorio-google/roda_pesquisas.py", line 93, in <module>
    main()
  File "/home/ibpad-005023/Documentos/Observatorio-google/roda_pesquisas.py", line 84, in main
    google_html = google_search(driver, busca)
  File "/home/ibpad-005023/Documentos/Observatorio-google/roda_pesquisas.py", line 24, in google_search
    driver.get("https://www.google.com")
  File "/home/ibpad-005023/Documentos/Observatorio-google/venv/lib/python3.6/site-packages/selenium/webdriver/remote/webdriver.py", line 326, in get
    self.execute(Command.GET, {'url': url})
  File "/home/ibpad-005023/Documentos/Observatorio-google/venv/lib/python3.6/site-packages/selenium/webdriver/remote/webdriver.py", line 314, in execute
    self.error_handler.check_response(response)
  File "/home/ibpad-005023/Documentos/Observatorio-google/venv/lib/python3.6/site-packages/selenium/webdriver/remote/errorhandler.py", line 242, in check_response
    raise exception_class(message, screen, stacktrace)
selenium.common.exceptions.TimeoutException: Message: Timeout loading page after 300000ms

