Pesquisando os atores: Eleições 2018, Lugar de votação, Candidatos a Presidente, Lula, Bolsonaro, Haddad, Marina Silva, Alckmin, Ciro Gomes, João Amoedo, Álvaro Dias, Cabo Daciolo, Boulos
<topstory.TopStory object at 0x7f0d16041b00>
<genericresult.GenericResult object at 0x7f0d16041c88>
<video.Video object at 0x7f0d16041cf8>
<topstory.TopStory object at 0x7f0d17370da0>
<genericresult.GenericResult object at 0x7f0d16041fd0>
<video.Video object at 0x7f0d16041978>
<topstory.TopStory object at 0x7f0d19ffb438>
<genericresult.GenericResult object at 0x7f0d16041a90>
<video.Video object at 0x7f0d16041828>
<topstory.TopStory object at 0x7f0d17370da0>
<genericresult.GenericResult object at 0x7f0d16041eb8>
<video.Video object at 0x7f0d16041898>
<topstory.TopStory object at 0x7f0d19ffb438>
<genericresult.GenericResult object at 0x7f0d16041c18>
<video.Video object at 0x7f0d16041978>
<topstory.TopStory object at 0x7f0d17370da0>
<genericresult.GenericResult object at 0x7f0d16041e80>
<video.Video object at 0x7f0d16041e48>
<topstory.TopStory object at 0x7f0d19ffb438>
<genericresult.GenericResult object at 0x7f0d16041eb8>
<video.Video object at 0x7f0d16041b70>
<topstory.TopStory object at 0x7f0d17370da0>
<genericresult.GenericResult object at 0x7f0d16041a90>
<video.Video object at 0x7f0d16041be0>
Traceback (most recent call last):
  File "/home/ibpad-005023/Documentos/Observatorio-google/roda_pesquisas.py", line 93, in <module>
    main()
  File "/home/ibpad-005023/Documentos/Observatorio-google/roda_pesquisas.py", line 84, in main
    google_html = google_search(driver, busca)
  File "/home/ibpad-005023/Documentos/Observatorio-google/roda_pesquisas.py", line 25, in google_search
    driver.get(base_link + query)
  File "/home/ibpad-005023/Documentos/Observatorio-google/venv/lib/python3.6/site-packages/selenium/webdriver/remote/webdriver.py", line 326, in get
    self.execute(Command.GET, {'url': url})
  File "/home/ibpad-005023/Documentos/Observatorio-google/venv/lib/python3.6/site-packages/selenium/webdriver/remote/webdriver.py", line 314, in execute
    self.error_handler.check_response(response)
  File "/home/ibpad-005023/Documentos/Observatorio-google/venv/lib/python3.6/site-packages/selenium/webdriver/remote/errorhandler.py", line 242, in check_response
    raise exception_class(message, screen, stacktrace)
selenium.common.exceptions.TimeoutException: Message: Timeout loading page after 300000ms

