Pesquisando os atores: Eleições 2018, Lugar de votação, Candidatos a Presidente, Lula, Bolsonaro, Haddad, Marina Silva, Alckmin, Ciro Gomes, João Amoedo, Álvaro Dias, Cabo Daciolo, Boulos
<topstory.TopStory object at 0x7f216898eb00>
<genericresult.GenericResult object at 0x7f216898ec88>
<video.Video object at 0x7f216898ecf8>
<topstory.TopStory object at 0x7f2169cbdda0>
<genericresult.GenericResult object at 0x7f216898efd0>
<video.Video object at 0x7f216898e978>
<topstory.TopStory object at 0x7f216c948438>
<genericresult.GenericResult object at 0x7f216898eda0>
<video.Video object at 0x7f216898e828>
<topstory.TopStory object at 0x7f2169cbdda0>
<genericresult.GenericResult object at 0x7f216898ee10>
<video.Video object at 0x7f216898eeb8>
<topstory.TopStory object at 0x7f216c948438>
<genericresult.GenericResult object at 0x7f216898e828>
<video.Video object at 0x7f216898ef60>
<topstory.TopStory object at 0x7f2169cbdda0>
<genericresult.GenericResult object at 0x7f216898eef0>
<video.Video object at 0x7f216898eb70>
<topstory.TopStory object at 0x7f216c948438>
<genericresult.GenericResult object at 0x7f216898eb00>
<video.Video object at 0x7f216898eba8>
<topstory.TopStory object at 0x7f2169cbdda0>
<genericresult.GenericResult object at 0x7f216898ee10>
<video.Video object at 0x7f216898e978>
<topstory.TopStory object at 0x7f216c948438>
<genericresult.GenericResult object at 0x7f216898ef98>
<video.Video object at 0x7f216898e9b0>
<topstory.TopStory object at 0x7f2169cbdda0>
<genericresult.GenericResult object at 0x7f216898e828>
<video.Video object at 0x7f216898eba8>
<topstory.TopStory object at 0x7f216c948438>
<genericresult.GenericResult object at 0x7f216898ee10>
<video.Video object at 0x7f216898ef60>
<topstory.TopStory object at 0x7f2169cbdda0>
<genericresult.GenericResult object at 0x7f216898e860>
<video.Video object at 0x7f216898ef98>
<topstory.TopStory object at 0x7f216c948438>
<genericresult.GenericResult object at 0x7f216898ec18>
<video.Video object at 0x7f216898efd0>
Pesquisando os atores: Eleições 2018, Lugar de votação, Candidatos a Presidente, Lula, Bolsonaro, Haddad, Marina Silva, Alckmin, Ciro Gomes, João Amoedo, Álvaro Dias, Cabo Daciolo, Boulos
<topstory.TopStory object at 0x7f216c948438>
<genericresult.GenericResult object at 0x7f216898eef0>
<video.Video object at 0x7f21680fde48>
<topstory.TopStory object at 0x7f216898e390>
<genericresult.GenericResult object at 0x7f216898e4a8>
<video.Video object at 0x7f21680fde80>
<topstory.TopStory object at 0x7f216898ec88>
<genericresult.GenericResult object at 0x7f216898e8d0>
<video.Video object at 0x7f21680fdcf8>
<topstory.TopStory object at 0x7f216898e9b0>
<genericresult.GenericResult object at 0x7f216898e3c8>
<video.Video object at 0x7f21680fdcc0>
<topstory.TopStory object at 0x7f216898e390>
<genericresult.GenericResult object at 0x7f216898e3c8>
<video.Video object at 0x7f21680fdd68>
<topstory.TopStory object at 0x7f21680fdc50>
<genericresult.GenericResult object at 0x7f21680fde80>
<video.Video object at 0x7f21680fda58>
<topstory.TopStory object at 0x7f21680fde48>
<genericresult.GenericResult object at 0x7f21680fdd68>
<video.Video object at 0x7f21680fdeb8>
<topstory.TopStory object at 0x7f21680fdeb8>
<genericresult.GenericResult object at 0x7f21680fdc18>
<video.Video object at 0x7f21680fdf60>
<topstory.TopStory object at 0x7f216898ec88>
<genericresult.GenericResult object at 0x7f216898e2e8>
<video.Video object at 0x7f21680fdba8>
<topstory.TopStory object at 0x7f216898e4a8>
<genericresult.GenericResult object at 0x7f216898e208>
<video.Video object at 0x7f21680fdcc0>
<topstory.TopStory object at 0x7f216898e160>
<genericresult.GenericResult object at 0x7f216898eef0>
<video.Video object at 0x7f21680fde48>
<topstory.TopStory object at 0x7f216898ec88>
<genericresult.GenericResult object at 0x7f216898eef0>
<video.Video object at 0x7f21680fdb00>
<topstory.TopStory object at 0x7f216898e780>
<genericresult.GenericResult object at 0x7f216898e908>
<video.Video object at 0x7f21680fde48>
Pesquisando os atores: Eleições 2018, Lugar de votação, Candidatos a Presidente, Lula, Bolsonaro, Haddad, Marina Silva, Alckmin, Ciro Gomes, João Amoedo, Álvaro Dias, Cabo Daciolo, Boulos
<topstory.TopStory object at 0x7f216811b780>
<genericresult.GenericResult object at 0x7f216811b5c0>
<video.Video object at 0x7f216811b128>
<topstory.TopStory object at 0x7f21680fdda0>
<genericresult.GenericResult object at 0x7f216811b6d8>
<video.Video object at 0x7f216811b048>
<topstory.TopStory object at 0x7f21680fd780>
<genericresult.GenericResult object at 0x7f216811b7f0>
<video.Video object at 0x7f216811b5f8>
<topstory.TopStory object at 0x7f21680fda20>
<genericresult.GenericResult object at 0x7f216811b198>
<video.Video object at 0x7f216811b630>
<topstory.TopStory object at 0x7f21680fdda0>
<genericresult.GenericResult object at 0x7f216811b5f8>
<video.Video object at 0x7f216811b470>
<topstory.TopStory object at 0x7f21680fd780>
<genericresult.GenericResult object at 0x7f216811b978>
<video.Video object at 0x7f216811b128>
Traceback (most recent call last):
  File "/home/ibpad-005023/Documentos/Observatorio-google/roda_pesquisas.py", line 93, in <module>
    main()
  File "/home/ibpad-005023/Documentos/Observatorio-google/roda_pesquisas.py", line 84, in main
    google_html = google_search(driver, busca)
  File "/home/ibpad-005023/Documentos/Observatorio-google/roda_pesquisas.py", line 24, in google_search
    driver.get("https://www.google.com")
  File "/home/ibpad-005023/Documentos/Observatorio-google/venv/lib/python3.6/site-packages/selenium/webdriver/remote/webdriver.py", line 326, in get
    self.execute(Command.GET, {'url': url})
  File "/home/ibpad-005023/Documentos/Observatorio-google/venv/lib/python3.6/site-packages/selenium/webdriver/remote/webdriver.py", line 314, in execute
    self.error_handler.check_response(response)
  File "/home/ibpad-005023/Documentos/Observatorio-google/venv/lib/python3.6/site-packages/selenium/webdriver/remote/errorhandler.py", line 242, in check_response
    raise exception_class(message, screen, stacktrace)
selenium.common.exceptions.TimeoutException: Message: Timeout loading page after 300000ms

