Pesquisando os atores: Eleições 2018, Lugar de votação, Candidatos a Presidente, Lula, Bolsonaro, Haddad, Marina Silva, Alckmin, Ciro Gomes, João Amoedo, Álvaro Dias, Cabo Daciolo, Boulos
<topstory.TopStory object at 0x7f8b47c6cb00>
<genericresult.GenericResult object at 0x7f8b47c6cc88>
<video.Video object at 0x7f8b47c6ccf8>
<topstory.TopStory object at 0x7f8b48f9bda0>
<genericresult.GenericResult object at 0x7f8b47c6cfd0>
<video.Video object at 0x7f8b47c6c978>
<topstory.TopStory object at 0x7f8b4bc26438>
<genericresult.GenericResult object at 0x7f8b47c6cda0>
<video.Video object at 0x7f8b47c6c828>
<topstory.TopStory object at 0x7f8b48f9bda0>
<genericresult.GenericResult object at 0x7f8b47c6c860>
<video.Video object at 0x7f8b47c6ceb8>
<topstory.TopStory object at 0x7f8b4bc26438>
<genericresult.GenericResult object at 0x7f8b47c6c828>
<video.Video object at 0x7f8b47c6cf60>
<topstory.TopStory object at 0x7f8b48f9bda0>
<genericresult.GenericResult object at 0x7f8b47c6cc88>
<video.Video object at 0x7f8b47c6cc18>
<topstory.TopStory object at 0x7f8b4bc26438>
<genericresult.GenericResult object at 0x7f8b47c6cba8>
<video.Video object at 0x7f8b47c6cef0>
<topstory.TopStory object at 0x7f8b48f9bda0>
<genericresult.GenericResult object at 0x7f8b47c6c860>
<video.Video object at 0x7f8b47c6c978>
<topstory.TopStory object at 0x7f8b4bc26438>
<genericresult.GenericResult object at 0x7f8b47c6cbe0>
<video.Video object at 0x7f8b47c6cb70>
<topstory.TopStory object at 0x7f8b48f9bda0>
<genericresult.GenericResult object at 0x7f8b47c6ce48>
<video.Video object at 0x7f8b47c6cf98>
<topstory.TopStory object at 0x7f8b4bc26438>
<genericresult.GenericResult object at 0x7f8b47c6cba8>
<video.Video object at 0x7f8b47c6c9b0>
<topstory.TopStory object at 0x7f8b48f9bda0>
<genericresult.GenericResult object at 0x7f8b47c6cda0>
<video.Video object at 0x7f8b47c6cba8>
<topstory.TopStory object at 0x7f8b4bc26438>
<genericresult.GenericResult object at 0x7f8b47c6c9b0>
<video.Video object at 0x7f8b47c6cc88>
Pesquisando os atores: Eleições 2018, Lugar de votação, Candidatos a Presidente, Lula, Bolsonaro, Haddad, Marina Silva, Alckmin, Ciro Gomes, João Amoedo, Álvaro Dias, Cabo Daciolo, Boulos
<topstory.TopStory object at 0x7f8b4bc26438>
<genericresult.GenericResult object at 0x7f8b47c6ce80>
<video.Video object at 0x7f8b473dcb00>
<topstory.TopStory object at 0x7f8b47c6c390>
<genericresult.GenericResult object at 0x7f8b47c6c4a8>
<video.Video object at 0x7f8b473dcd30>
<topstory.TopStory object at 0x7f8b47c6c860>
<genericresult.GenericResult object at 0x7f8b47c6c8d0>
<video.Video object at 0x7f8b473dca58>
<topstory.TopStory object at 0x7f8b47c6cf60>
<genericresult.GenericResult object at 0x7f8b47c6c3c8>
<video.Video object at 0x7f8b473dcf98>
<topstory.TopStory object at 0x7f8b47c6c390>
<genericresult.GenericResult object at 0x7f8b47c6c3c8>
<video.Video object at 0x7f8b473dccf8>
<topstory.TopStory object at 0x7f8b473dcd68>
<genericresult.GenericResult object at 0x7f8b473dcc18>
<video.Video object at 0x7f8b473dcda0>
<topstory.TopStory object at 0x7f8b473dcfd0>
<genericresult.GenericResult object at 0x7f8b473dccf8>
<video.Video object at 0x7f8b473dca58>
<topstory.TopStory object at 0x7f8b473dca58>
<genericresult.GenericResult object at 0x7f8b473dcf28>
<video.Video object at 0x7f8b473dc9e8>
<topstory.TopStory object at 0x7f8b47c6ce80>
<genericresult.GenericResult object at 0x7f8b47c6cf60>
<video.Video object at 0x7f8b473dcf60>
<topstory.TopStory object at 0x7f8b47c6c860>
<genericresult.GenericResult object at 0x7f8b47c6c518>
<video.Video object at 0x7f8b473dc390>
<topstory.TopStory object at 0x7f8b47c6c908>
<genericresult.GenericResult object at 0x7f8b47c6c3c8>
<video.Video object at 0x7f8b473dccf8>
<topstory.TopStory object at 0x7f8b47c6ce80>
<genericresult.GenericResult object at 0x7f8b47c6cdd8>
<video.Video object at 0x7f8b473dc860>
<topstory.TopStory object at 0x7f8b47c6c860>
<genericresult.GenericResult object at 0x7f8b47c6cdd8>
<video.Video object at 0x7f8b473dca20>
Traceback (most recent call last):
  File "/home/ibpad-005023/Documentos/Observatorio-google/roda_pesquisas.py", line 93, in <module>
    main()
  File "/home/ibpad-005023/Documentos/Observatorio-google/roda_pesquisas.py", line 81, in main
    gmail_sign_in(driver, profile)
  File "/home/ibpad-005023/Documentos/Observatorio-google/roda_pesquisas.py", line 32, in gmail_sign_in
    driver.get("http://mail.google.com")
  File "/home/ibpad-005023/Documentos/Observatorio-google/venv/lib/python3.6/site-packages/selenium/webdriver/remote/webdriver.py", line 326, in get
    self.execute(Command.GET, {'url': url})
  File "/home/ibpad-005023/Documentos/Observatorio-google/venv/lib/python3.6/site-packages/selenium/webdriver/remote/webdriver.py", line 314, in execute
    self.error_handler.check_response(response)
  File "/home/ibpad-005023/Documentos/Observatorio-google/venv/lib/python3.6/site-packages/selenium/webdriver/remote/errorhandler.py", line 242, in check_response
    raise exception_class(message, screen, stacktrace)
selenium.common.exceptions.TimeoutException: Message: Timeout loading page after 300000ms

