Pesquisando os atores: Eleições 2018, Lugar de votação, Candidatos a Presidente, Lula, Bolsonaro, Haddad, Marina Silva, Alckmin, Ciro Gomes, João Amoedo, Álvaro Dias, Cabo Daciolo, Boulos
<topstory.TopStory object at 0x7f7319b5ab00>
<genericresult.GenericResult object at 0x7f7319b5ac88>
<video.Video object at 0x7f7319b5acf8>
<topstory.TopStory object at 0x7f731ae89da0>
<genericresult.GenericResult object at 0x7f7319b5afd0>
<video.Video object at 0x7f7319b5ab00>
<topstory.TopStory object at 0x7f731db14438>
<genericresult.GenericResult object at 0x7f7319b5ae80>
<video.Video object at 0x7f7319b5ad68>
<topstory.TopStory object at 0x7f731ae89da0>
<genericresult.GenericResult object at 0x7f7319b5a978>
<video.Video object at 0x7f7319b5ac18>
<topstory.TopStory object at 0x7f731db14438>
<genericresult.GenericResult object at 0x7f7319b5abe0>
<video.Video object at 0x7f7319b5af98>
<topstory.TopStory object at 0x7f731ae89da0>
<genericresult.GenericResult object at 0x7f7319b5ae10>
<video.Video object at 0x7f7319b5a828>
<topstory.TopStory object at 0x7f731db14438>
<genericresult.GenericResult object at 0x7f7319b5af98>
<video.Video object at 0x7f7319b5a9b0>
<topstory.TopStory object at 0x7f731ae89da0>
<genericresult.GenericResult object at 0x7f7319b5a828>
<video.Video object at 0x7f7319b5acf8>
<topstory.TopStory object at 0x7f731db14438>
<genericresult.GenericResult object at 0x7f7319b5a9b0>
<video.Video object at 0x7f7319b5abe0>
<topstory.TopStory object at 0x7f731ae89da0>
<genericresult.GenericResult object at 0x7f7319b5ae80>
<video.Video object at 0x7f7319b5a9b0>
<topstory.TopStory object at 0x7f731db14438>
<genericresult.GenericResult object at 0x7f7319b5a860>
<video.Video object at 0x7f7319b5af98>
<topstory.TopStory object at 0x7f731ae89da0>
<genericresult.GenericResult object at 0x7f7319b5ae48>
<video.Video object at 0x7f7319b5ab00>
<topstory.TopStory object at 0x7f731db14438>
<genericresult.GenericResult object at 0x7f7319b5a828>
<video.Video object at 0x7f7319b5abe0>
Pesquisando os atores: Eleições 2018, Lugar de votação, Candidatos a Presidente, Lula, Bolsonaro, Haddad, Marina Silva, Alckmin, Ciro Gomes, João Amoedo, Álvaro Dias, Cabo Daciolo, Boulos
<topstory.TopStory object at 0x7f731db14438>
<genericresult.GenericResult object at 0x7f7319b5a908>
<video.Video object at 0x7f73192c3550>
<topstory.TopStory object at 0x7f73192c3cf8>
<genericresult.GenericResult object at 0x7f73192c3da0>
<video.Video object at 0x7f7319b5add8>
<topstory.TopStory object at 0x7f7319b5a780>
<genericresult.GenericResult object at 0x7f7319b5aeb8>
<video.Video object at 0x7f73192c3ef0>
<topstory.TopStory object at 0x7f73192c3cf8>
<genericresult.GenericResult object at 0x7f73192c3550>
<video.Video object at 0x7f7319b5a208>
<topstory.TopStory object at 0x7f7319b5a8d0>
<genericresult.GenericResult object at 0x7f7319b5ada0>
<video.Video object at 0x7f73192c3ac8>
<topstory.TopStory object at 0x7f73192c3ba8>
<genericresult.GenericResult object at 0x7f73192c3cc0>
<video.Video object at 0x7f7319b5ad68>
<topstory.TopStory object at 0x7f7319b5a8d0>
<genericresult.GenericResult object at 0x7f7319b5a160>
<video.Video object at 0x7f73192c3e10>
<topstory.TopStory object at 0x7f73192c3d68>
<genericresult.GenericResult object at 0x7f73192c3f98>
<video.Video object at 0x7f7319b5a8d0>
<topstory.TopStory object at 0x7f7319b5a908>
<genericresult.GenericResult object at 0x7f7319b5a8d0>
<video.Video object at 0x7f73192c39b0>
<topstory.TopStory object at 0x7f73192c3198>
<genericresult.GenericResult object at 0x7f73192c39b0>
<video.Video object at 0x7f7319b5a780>
<topstory.TopStory object at 0x7f7319b5ad68>
<genericresult.GenericResult object at 0x7f7319b5a978>
<video.Video object at 0x7f73192c3c88>
<topstory.TopStory object at 0x7f73192c3cc0>
<genericresult.GenericResult object at 0x7f73192c3dd8>
<video.Video object at 0x7f7319b5add8>
<topstory.TopStory object at 0x7f7319b5add8>
<genericresult.GenericResult object at 0x7f7319b5a3c8>
<video.Video object at 0x7f73192c3e48>
Pesquisando os atores: Eleições 2018, Lugar de votação, Candidatos a Presidente, Lula, Bolsonaro, Haddad, Marina Silva, Alckmin, Ciro Gomes, João Amoedo, Álvaro Dias, Cabo Daciolo, Boulos
<topstory.TopStory object at 0x7f73192e4908>
<genericresult.GenericResult object at 0x7f73192e4748>
<video.Video object at 0x7f73192e4470>
<topstory.TopStory object at 0x7f73192c3a20>
<genericresult.GenericResult object at 0x7f73192c3ba8>
<video.Video object at 0x7f73192e4470>
<topstory.TopStory object at 0x7f73192c3ef0>
<genericresult.GenericResult object at 0x7f73192c3da0>
<video.Video object at 0x7f73192e49b0>
<topstory.TopStory object at 0x7f73192c39b0>
<genericresult.GenericResult object at 0x7f73192c3048>
<video.Video object at 0x7f73192e4828>
<topstory.TopStory object at 0x7f73192c3c88>
<genericresult.GenericResult object at 0x7f73192c3c18>
<video.Video object at 0x7f73192e46a0>
<topstory.TopStory object at 0x7f73192c3ba8>
<genericresult.GenericResult object at 0x7f73192c32e8>
<video.Video object at 0x7f73192e46a0>
<topstory.TopStory object at 0x7f73192c3da0>
<genericresult.GenericResult object at 0x7f73192c3080>
<video.Video object at 0x7f73192e4e48>
<topstory.TopStory object at 0x7f73192c3048>
<genericresult.GenericResult object at 0x7f73192c3b00>
<video.Video object at 0x7f73192e4b70>
<topstory.TopStory object at 0x7f73192c3c18>
<genericresult.GenericResult object at 0x7f73192c3a20>
<video.Video object at 0x7f73192e4400>
<topstory.TopStory object at 0x7f73192c32e8>
<genericresult.GenericResult object at 0x7f73192c3ef0>
<video.Video object at 0x7f73192e4400>
<topstory.TopStory object at 0x7f73192c3080>
<genericresult.GenericResult object at 0x7f73192c39b0>
<video.Video object at 0x7f73192e47f0>
<topstory.TopStory object at 0x7f73192c3b00>
<genericresult.GenericResult object at 0x7f73192c3c88>
<video.Video object at 0x7f73192e4208>
<topstory.TopStory object at 0x7f73192c3a20>
<genericresult.GenericResult object at 0x7f73192c3ba8>
<video.Video object at 0x7f73192e4208>
Pesquisando os atores: Eleições 2018, Lugar de votação, Candidatos a Presidente, Lula, Bolsonaro, Haddad, Marina Silva, Alckmin, Ciro Gomes, João Amoedo, Álvaro Dias, Cabo Daciolo, Boulos
<topstory.TopStory object at 0x7f7319b5a978>
<genericresult.GenericResult object at 0x7f73192e4908>
<video.Video object at 0x7f73192e4c88>
<topstory.TopStory object at 0x7f7319b5ab70>
<genericresult.GenericResult object at 0x7f73192e4cc0>
<video.Video object at 0x7f73192e4908>
<topstory.TopStory object at 0x7f7319b5a978>
<genericresult.GenericResult object at 0x7f73192e4da0>
<video.Video object at 0x7f73192e4ac8>
<topstory.TopStory object at 0x7f7319b5ab70>
<genericresult.GenericResult object at 0x7f73192e4908>
<video.Video object at 0x7f73192e42b0>
<topstory.TopStory object at 0x7f7319b5a978>
<genericresult.GenericResult object at 0x7f73192e48d0>
<video.Video object at 0x7f73192e45c0>
<topstory.TopStory object at 0x7f7319b5ab70>
<genericresult.GenericResult object at 0x7f73192e4978>
<video.Video object at 0x7f73192e48d0>
<topstory.TopStory object at 0x7f7319b5a978>
<genericresult.GenericResult object at 0x7f73192e4978>
<video.Video object at 0x7f73192e4160>
<topstory.TopStory object at 0x7f7319b5ab70>
<genericresult.GenericResult object at 0x7f73192e4550>
<video.Video object at 0x7f73192e46d8>
<topstory.TopStory object at 0x7f7319b5a978>
<genericresult.GenericResult object at 0x7f73192e4400>
<video.Video object at 0x7f73192e4b70>
<topstory.TopStory object at 0x7f7319b5ab70>
<genericresult.GenericResult object at 0x7f73192e4390>
<video.Video object at 0x7f73192e4400>
<topstory.TopStory object at 0x7f7319b5a978>
<genericresult.GenericResult object at 0x7f73192e4a90>
<video.Video object at 0x7f73192e4278>
<topstory.TopStory object at 0x7f7319b5ab70>
<genericresult.GenericResult object at 0x7f73192e45c0>
<video.Video object at 0x7f73192e4da0>
<topstory.TopStory object at 0x7f7319b5a978>
<genericresult.GenericResult object at 0x7f73192e4f98>
<video.Video object at 0x7f73192e45c0>
Traceback (most recent call last):
  File "/home/ibpad-005023/Documentos/Observatorio-google/roda_pesquisas.py", line 93, in <module>
    main()
  File "/home/ibpad-005023/Documentos/Observatorio-google/roda_pesquisas.py", line 81, in main
    gmail_sign_in(driver, profile)
  File "/home/ibpad-005023/Documentos/Observatorio-google/roda_pesquisas.py", line 32, in gmail_sign_in
    driver.get("http://mail.google.com")
  File "/home/ibpad-005023/Documentos/Observatorio-google/venv/lib/python3.6/site-packages/selenium/webdriver/remote/webdriver.py", line 326, in get
    self.execute(Command.GET, {'url': url})
  File "/home/ibpad-005023/Documentos/Observatorio-google/venv/lib/python3.6/site-packages/selenium/webdriver/remote/webdriver.py", line 314, in execute
    self.error_handler.check_response(response)
  File "/home/ibpad-005023/Documentos/Observatorio-google/venv/lib/python3.6/site-packages/selenium/webdriver/remote/errorhandler.py", line 242, in check_response
    raise exception_class(message, screen, stacktrace)
selenium.common.exceptions.TimeoutException: Message: Timeout loading page after 300000ms

