Pesquisando os atores: Eleições 2018, Lugar de votação, Candidatos a Presidente, Lula, Bolsonaro, Haddad, Marina Silva, Alckmin, Ciro Gomes, João Amoedo, Álvaro Dias, Cabo Daciolo, Boulos
<topstory.TopStory object at 0x7f7eb005eac8>
<genericresult.GenericResult object at 0x7f7eb005ec50>
<video.Video object at 0x7f7eb005ecc0>
<topstory.TopStory object at 0x7f7eb138dd68>
<genericresult.GenericResult object at 0x7f7eb005ef98>
<video.Video object at 0x7f7eb005e940>
<topstory.TopStory object at 0x7f7eb4018438>
<genericresult.GenericResult object at 0x7f7eb005efd0>
<video.Video object at 0x7f7eb005e7f0>
<topstory.TopStory object at 0x7f7eb138dd68>
<genericresult.GenericResult object at 0x7f7eb005ee80>
<video.Video object at 0x7f7eb005ecc0>
<topstory.TopStory object at 0x7f7eb4018438>
<genericresult.GenericResult object at 0x7f7eb005e7f0>
<video.Video object at 0x7f7eb005ef28>
<topstory.TopStory object at 0x7f7eb138dd68>
<genericresult.GenericResult object at 0x7f7eb005ebe0>
<video.Video object at 0x7f7eb005ef98>
<topstory.TopStory object at 0x7f7eb4018438>
<genericresult.GenericResult object at 0x7f7eb005eac8>
<video.Video object at 0x7f7eb005e940>
<topstory.TopStory object at 0x7f7eb138dd68>
<genericresult.GenericResult object at 0x7f7eb005ee80>
<video.Video object at 0x7f7eb005ec50>
<topstory.TopStory object at 0x7f7eb4018438>
<genericresult.GenericResult object at 0x7f7eb005ecc0>
<video.Video object at 0x7f7eb005e7f0>
<topstory.TopStory object at 0x7f7eb138dd68>
<genericresult.GenericResult object at 0x7f7eb005e940>
<video.Video object at 0x7f7eb005ed68>
<topstory.TopStory object at 0x7f7eb4018438>
<genericresult.GenericResult object at 0x7f7eb005eac8>
<video.Video object at 0x7f7eb005e940>
<topstory.TopStory object at 0x7f7eb138dd68>
<genericresult.GenericResult object at 0x7f7eb005ed68>
<video.Video object at 0x7f7eb005eeb8>
<topstory.TopStory object at 0x7f7eb4018438>
<genericresult.GenericResult object at 0x7f7eb005eb70>
<video.Video object at 0x7f7eb005ef28>
Pesquisando os atores: Eleições 2018, Lugar de votação, Candidatos a Presidente, Lula, Bolsonaro, Haddad, Marina Silva, Alckmin, Ciro Gomes, João Amoedo, Álvaro Dias, Cabo Daciolo, Boulos
<topstory.TopStory object at 0x7f7eb4018438>
<genericresult.GenericResult object at 0x7f7eb005ebe0>
<video.Video object at 0x7f7eaf7cf908>
<topstory.TopStory object at 0x7f7eb005e358>
<genericresult.GenericResult object at 0x7f7eb005e470>
<video.Video object at 0x7f7eaf7cf978>
<topstory.TopStory object at 0x7f7eb005e7f0>
<genericresult.GenericResult object at 0x7f7eb005e898>
<video.Video object at 0x7f7eaf7cfbe0>
<topstory.TopStory object at 0x7f7eb005ef60>
<genericresult.GenericResult object at 0x7f7eb005e898>
<video.Video object at 0x7f7eaf7cfe80>
<topstory.TopStory object at 0x7f7eb005e128>
<genericresult.GenericResult object at 0x7f7eb005e1d0>
<video.Video object at 0x7f7eaf7cf828>
<topstory.TopStory object at 0x7f7eb005e390>
<genericresult.GenericResult object at 0x7f7eb005ef60>
<video.Video object at 0x7f7eaf7cfb00>
<topstory.TopStory object at 0x7f7eb005e8d0>
<genericresult.GenericResult object at 0x7f7eb005ecc0>
<video.Video object at 0x7f7eaf7cfb70>
<topstory.TopStory object at 0x7f7eb005e128>
<genericresult.GenericResult object at 0x7f7eb005ecc0>
<video.Video object at 0x7f7eaf7cfb00>
<topstory.TopStory object at 0x7f7eb005eda0>
<genericresult.GenericResult object at 0x7f7eb005e7f0>
<video.Video object at 0x7f7eaf7cf978>
<topstory.TopStory object at 0x7f7eb005e4e0>
<genericresult.GenericResult object at 0x7f7eb005e128>
<video.Video object at 0x7f7eaf7cf9e8>
<topstory.TopStory object at 0x7f7eb005e240>
<genericresult.GenericResult object at 0x7f7eb005e128>
<video.Video object at 0x7f7eaf7cff60>
<topstory.TopStory object at 0x7f7eb005ebe0>
<genericresult.GenericResult object at 0x7f7eb005e748>
<video.Video object at 0x7f7eaf7cf8d0>
<topstory.TopStory object at 0x7f7eb005e470>
<genericresult.GenericResult object at 0x7f7eb005e748>
<video.Video object at 0x7f7eaf7cfc50>
Pesquisando os atores: Eleições 2018, Lugar de votação, Candidatos a Presidente, Lula, Bolsonaro, Haddad, Marina Silva, Alckmin, Ciro Gomes, João Amoedo, Álvaro Dias, Cabo Daciolo, Boulos
<topstory.TopStory object at 0x7f7eaf7cfc18>
<genericresult.GenericResult object at 0x7f7eaf7c6550>
<video.Video object at 0x7f7eaf7c6518>
<topstory.TopStory object at 0x7f7eaf7cfd68>
<genericresult.GenericResult object at 0x7f7eaf7c6160>
<video.Video object at 0x7f7eaf7c6860>
<topstory.TopStory object at 0x7f7eaf7cfe48>
<genericresult.GenericResult object at 0x7f7eaf7c6ac8>
<video.Video object at 0x7f7eaf7c65f8>
<topstory.TopStory object at 0x7f7eaf7cfc18>
<genericresult.GenericResult object at 0x7f7eaf7eb518>
<video.Video object at 0x7f7eaf7eb8d0>
<topstory.TopStory object at 0x7f7eaf7cfcc0>
<genericresult.GenericResult object at 0x7f7eaf7eb748>
<video.Video object at 0x7f7eaf7eb048>
<topstory.TopStory object at 0x7f7eaf7cfd68>
<genericresult.GenericResult object at 0x7f7eaf7eb278>
<video.Video object at 0x7f7eaf7eb6a0>
<topstory.TopStory object at 0x7f7eaf7cfe48>
<genericresult.GenericResult object at 0x7f7eaf7eb0f0>
<video.Video object at 0x7f7eaf7ebac8>
<topstory.TopStory object at 0x7f7eaf7cfc18>
<genericresult.GenericResult object at 0x7f7eaf7eb748>
<video.Video object at 0x7f7eaf7eb278>
<topstory.TopStory object at 0x7f7eaf7cfcc0>
<genericresult.GenericResult object at 0x7f7eaf7eb2e8>
<video.Video object at 0x7f7eaf7eb1d0>
<topstory.TopStory object at 0x7f7eaf7cfd68>
<genericresult.GenericResult object at 0x7f7eaf7ebac8>
<video.Video object at 0x7f7eaf7ebbe0>
<topstory.TopStory object at 0x7f7eaf7cfe48>
<genericresult.GenericResult object at 0x7f7eaf7eb358>
<video.Video object at 0x7f7eaf7ebc88>
<topstory.TopStory object at 0x7f7eaf7cfc18>
<genericresult.GenericResult object at 0x7f7eaf7eb320>
<video.Video object at 0x7f7eaf7eb0f0>
<topstory.TopStory object at 0x7f7eaf7cfcc0>
<genericresult.GenericResult object at 0x7f7eaf7ebac8>
<video.Video object at 0x7f7eaf7eb3c8>
Pesquisando os atores: Eleições 2018, Lugar de votação, Candidatos a Presidente, Lula, Bolsonaro, Haddad, Marina Silva, Alckmin, Ciro Gomes, João Amoedo, Álvaro Dias, Cabo Daciolo, Boulos
<topstory.TopStory object at 0x7f7eaf7cfcf8>
<genericresult.GenericResult object at 0x7f7eaf7cff98>
<video.Video object at 0x7f7eaf7eb4e0>
<topstory.TopStory object at 0x7f7eaf7cff98>
<genericresult.GenericResult object at 0x7f7eaf7cf828>
<video.Video object at 0x7f7eaf7eb4e0>
<topstory.TopStory object at 0x7f7eaf7cfcf8>
<genericresult.GenericResult object at 0x7f7eaf7cff98>
<video.Video object at 0x7f7eaf7ebcc0>
<topstory.TopStory object at 0x7f7eaf7cf358>
<genericresult.GenericResult object at 0x7f7eaf7cfcf8>
<video.Video object at 0x7f7eaf7ebd68>
<topstory.TopStory object at 0x7f7eaf7cf748>
<genericresult.GenericResult object at 0x7f7eaf7cf358>
<video.Video object at 0x7f7eaf7ebf60>
<topstory.TopStory object at 0x7f7eaf7cf978>
<genericresult.GenericResult object at 0x7f7eaf7cf748>
<video.Video object at 0x7f7eaf7eb2b0>
<topstory.TopStory object at 0x7f7eaf7cf828>
<genericresult.GenericResult object at 0x7f7eaf7cf978>
<video.Video object at 0x7f7eaf7eb5c0>
<topstory.TopStory object at 0x7f7eaf7cff98>
<genericresult.GenericResult object at 0x7f7eaf7cf828>
<video.Video object at 0x7f7eaf7eb588>
<topstory.TopStory object at 0x7f7eaf7cfcf8>
<genericresult.GenericResult object at 0x7f7eaf7cff98>
<video.Video object at 0x7f7eaf7ebbe0>
<topstory.TopStory object at 0x7f7eaf7cf358>
<genericresult.GenericResult object at 0x7f7eaf7cfcf8>
<video.Video object at 0x7f7eaf7eb208>
<topstory.TopStory object at 0x7f7eaf7cf748>
<genericresult.GenericResult object at 0x7f7eaf7cf358>
<video.Video object at 0x7f7eaf7eb6a0>
<topstory.TopStory object at 0x7f7eaf7cf978>
<genericresult.GenericResult object at 0x7f7eaf7cf748>
<video.Video object at 0x7f7eaf7eb080>
<topstory.TopStory object at 0x7f7eaf7cf828>
<genericresult.GenericResult object at 0x7f7eaf7cf978>
<video.Video object at 0x7f7eaf7eb710>
Pesquisando os atores: Eleições 2018, Lugar de votação, Candidatos a Presidente, Lula, Bolsonaro, Haddad, Marina Silva, Alckmin, Ciro Gomes, João Amoedo, Álvaro Dias, Cabo Daciolo, Boulos
<topstory.TopStory object at 0x7f7eaf7eb358>
<genericresult.GenericResult object at 0x7f7eaf7ebbe0>
<video.Video object at 0x7f7eaf7eb080>
<topstory.TopStory object at 0x7f7eaf7cfa90>
<genericresult.GenericResult object at 0x7f7eaf7eb6d8>
<video.Video object at 0x7f7eaf7eb2e8>
<topstory.TopStory object at 0x7f7eaf7cfbe0>
<genericresult.GenericResult object at 0x7f7eaf7ebc18>
<video.Video object at 0x7f7eaf7eb278>
<topstory.TopStory object at 0x7f7eaf7cfa90>
<genericresult.GenericResult object at 0x7f7eaf7ebb70>
<video.Video object at 0x7f7eaf7ebbe0>
<topstory.TopStory object at 0x7f7eaf7cfbe0>
<genericresult.GenericResult object at 0x7f7eaf7eb5f8>
<video.Video object at 0x7f7eaf7eb6d8>
<topstory.TopStory object at 0x7f7eaf7cfa90>
<genericresult.GenericResult object at 0x7f7eaf7ebbe0>
<video.Video object at 0x7f7eaf7ebfd0>
<topstory.TopStory object at 0x7f7eaf7cfbe0>
<genericresult.GenericResult object at 0x7f7eaf7eb6d8>
<video.Video object at 0x7f7eaf7eb128>
Traceback (most recent call last):
  File "/home/ibpad-005023/Documentos/Observatorio-google/roda_pesquisas.py", line 93, in <module>
    main()
  File "/home/ibpad-005023/Documentos/Observatorio-google/roda_pesquisas.py", line 84, in main
    google_html = google_search(driver, busca)
  File "/home/ibpad-005023/Documentos/Observatorio-google/roda_pesquisas.py", line 25, in google_search
    driver.get(base_link + query)
  File "/home/ibpad-005023/Documentos/Observatorio-google/venv/lib/python3.6/site-packages/selenium/webdriver/remote/webdriver.py", line 326, in get
    self.execute(Command.GET, {'url': url})
  File "/home/ibpad-005023/Documentos/Observatorio-google/venv/lib/python3.6/site-packages/selenium/webdriver/remote/webdriver.py", line 314, in execute
    self.error_handler.check_response(response)
  File "/home/ibpad-005023/Documentos/Observatorio-google/venv/lib/python3.6/site-packages/selenium/webdriver/remote/errorhandler.py", line 242, in check_response
    raise exception_class(message, screen, stacktrace)
selenium.common.exceptions.TimeoutException: Message: Timeout loading page after 300000ms

