Pesquisando os atores: Eleições 2018, Lugar de votação, Candidatos a Presidente, Lula, Bolsonaro, Haddad, Marina Silva, Alckmin, Ciro Gomes, João Amoedo, Álvaro Dias, Cabo Daciolo, Boulos
<topstory.TopStory object at 0x7ff370c26b00>
<genericresult.GenericResult object at 0x7ff370c26c88>
<video.Video object at 0x7ff370c26cf8>
<topstory.TopStory object at 0x7ff371f55da0>
<genericresult.GenericResult object at 0x7ff370c26fd0>
<video.Video object at 0x7ff370c26978>
<topstory.TopStory object at 0x7ff374be0438>
<genericresult.GenericResult object at 0x7ff370c26cf8>
<video.Video object at 0x7ff370c262e8>
<topstory.TopStory object at 0x7ff371f55da0>
<genericresult.GenericResult object at 0x7ff370c26978>
<video.Video object at 0x7ff370c26c18>
<topstory.TopStory object at 0x7ff374be0438>
<genericresult.GenericResult object at 0x7ff370c26898>
<video.Video object at 0x7ff370c26c18>
<topstory.TopStory object at 0x7ff371f55da0>
<genericresult.GenericResult object at 0x7ff370c26be0>
<video.Video object at 0x7ff370c269b0>
<topstory.TopStory object at 0x7ff374be0438>
<genericresult.GenericResult object at 0x7ff370c262e8>
<video.Video object at 0x7ff370c26d68>
<topstory.TopStory object at 0x7ff371f55da0>
<genericresult.GenericResult object at 0x7ff370c26b00>
<video.Video object at 0x7ff370c26eb8>
<topstory.TopStory object at 0x7ff374be0438>
<genericresult.GenericResult object at 0x7ff370c26d68>
<video.Video object at 0x7ff370c26c88>
<topstory.TopStory object at 0x7ff371f55da0>
<genericresult.GenericResult object at 0x7ff370c26ef0>
<video.Video object at 0x7ff370c26e80>
<topstory.TopStory object at 0x7ff374be0438>
<genericresult.GenericResult object at 0x7ff370c26c18>
<video.Video object at 0x7ff370c26f60>
<topstory.TopStory object at 0x7ff371f55da0>
<genericresult.GenericResult object at 0x7ff370c26e80>
<video.Video object at 0x7ff370c26898>
<topstory.TopStory object at 0x7ff374be0438>
<genericresult.GenericResult object at 0x7ff370c26f60>
<video.Video object at 0x7ff370c26978>
Pesquisando os atores: Eleições 2018, Lugar de votação, Candidatos a Presidente, Lula, Bolsonaro, Haddad, Marina Silva, Alckmin, Ciro Gomes, João Amoedo, Álvaro Dias, Cabo Daciolo, Boulos
<topstory.TopStory object at 0x7ff374be0438>
<genericresult.GenericResult object at 0x7ff370c26c88>
<video.Video object at 0x7ff370396f28>
<topstory.TopStory object at 0x7ff370396f98>
<genericresult.GenericResult object at 0x7ff370396b70>
<video.Video object at 0x7ff370c26780>
<topstory.TopStory object at 0x7ff370c26518>
<genericresult.GenericResult object at 0x7ff370c26390>
<video.Video object at 0x7ff3703963c8>
<topstory.TopStory object at 0x7ff370c26160>
<genericresult.GenericResult object at 0x7ff370c26a90>
<video.Video object at 0x7ff370396be0>
<topstory.TopStory object at 0x7ff370c26908>
<genericresult.GenericResult object at 0x7ff370c263c8>
<video.Video object at 0x7ff370396e10>
<topstory.TopStory object at 0x7ff370c26208>
<genericresult.GenericResult object at 0x7ff370c26a90>
<video.Video object at 0x7ff370396fd0>
<topstory.TopStory object at 0x7ff370c26780>
<genericresult.GenericResult object at 0x7ff370c263c8>
<video.Video object at 0x7ff370396be0>
<topstory.TopStory object at 0x7ff370c26390>
<genericresult.GenericResult object at 0x7ff370c26a90>
<video.Video object at 0x7ff370396b00>
<topstory.TopStory object at 0x7ff370c264a8>
<genericresult.GenericResult object at 0x7ff370c263c8>
<video.Video object at 0x7ff370396828>
<topstory.TopStory object at 0x7ff370c26c88>
<genericresult.GenericResult object at 0x7ff370c26a90>
<video.Video object at 0x7ff370396da0>
<topstory.TopStory object at 0x7ff370396978>
<genericresult.GenericResult object at 0x7ff370396da0>
<video.Video object at 0x7ff370c26dd8>
<topstory.TopStory object at 0x7ff370c26208>
<genericresult.GenericResult object at 0x7ff370c26dd8>
<video.Video object at 0x7ff370396b70>
<topstory.TopStory object at 0x7ff3703963c8>
<genericresult.GenericResult object at 0x7ff370396eb8>
<video.Video object at 0x7ff370c26208>
Pesquisando os atores: Eleições 2018, Lugar de votação, Candidatos a Presidente, Lula, Bolsonaro, Haddad, Marina Silva, Alckmin, Ciro Gomes, João Amoedo, Álvaro Dias, Cabo Daciolo, Boulos
<topstory.TopStory object at 0x7ff3703b3908>
<genericresult.GenericResult object at 0x7ff3703b3748>
<video.Video object at 0x7ff3703b32b0>
<topstory.TopStory object at 0x7ff370396d30>
<genericresult.GenericResult object at 0x7ff370c26518>
<video.Video object at 0x7ff3703b32b0>
<topstory.TopStory object at 0x7ff370396cf8>
<genericresult.GenericResult object at 0x7ff370c26160>
<video.Video object at 0x7ff3703b37f0>
<topstory.TopStory object at 0x7ff370396d30>
<genericresult.GenericResult object at 0x7ff370c26518>
<video.Video object at 0x7ff3703b39e8>
<topstory.TopStory object at 0x7ff370396cf8>
<genericresult.GenericResult object at 0x7ff370c26160>
<video.Video object at 0x7ff3703b3668>
<topstory.TopStory object at 0x7ff370396d30>
<genericresult.GenericResult object at 0x7ff370c26518>
<video.Video object at 0x7ff3703b34e0>
Traceback (most recent call last):
  File "/home/ibpad-005023/Documentos/Observatorio-google/roda_pesquisas.py", line 93, in <module>
    main()
  File "/home/ibpad-005023/Documentos/Observatorio-google/roda_pesquisas.py", line 84, in main
    google_html = google_search(driver, busca)
  File "/home/ibpad-005023/Documentos/Observatorio-google/roda_pesquisas.py", line 24, in google_search
    driver.get("https://www.google.com")
  File "/home/ibpad-005023/Documentos/Observatorio-google/venv/lib/python3.6/site-packages/selenium/webdriver/remote/webdriver.py", line 326, in get
    self.execute(Command.GET, {'url': url})
  File "/home/ibpad-005023/Documentos/Observatorio-google/venv/lib/python3.6/site-packages/selenium/webdriver/remote/webdriver.py", line 314, in execute
    self.error_handler.check_response(response)
  File "/home/ibpad-005023/Documentos/Observatorio-google/venv/lib/python3.6/site-packages/selenium/webdriver/remote/errorhandler.py", line 242, in check_response
    raise exception_class(message, screen, stacktrace)
selenium.common.exceptions.TimeoutException: Message: Timeout loading page after 300000ms

