Pesquisando os atores: Eleições 2018, Lugar de votação, Candidatos a Presidente, Lula, Bolsonaro, Haddad, Marina Silva, Alckmin, Ciro Gomes, João Amoedo, Álvaro Dias, Cabo Daciolo, Boulos
<topstory.TopStory object at 0x7f8092ce1b00>
<genericresult.GenericResult object at 0x7f8092ce1c88>
<video.Video object at 0x7f8092ce1cf8>
<topstory.TopStory object at 0x7f8094010da0>
<genericresult.GenericResult object at 0x7f8092ce1fd0>
<video.Video object at 0x7f8092ce1a90>
<topstory.TopStory object at 0x7f8096c9b438>
<genericresult.GenericResult object at 0x7f8092ce19b0>
<video.Video object at 0x7f8092ce1828>
<topstory.TopStory object at 0x7f8094010da0>
<genericresult.GenericResult object at 0x7f8092ce1978>
<video.Video object at 0x7f8092ce1c88>
<topstory.TopStory object at 0x7f8096c9b438>
<genericresult.GenericResult object at 0x7f8092ce12e8>
<video.Video object at 0x7f8092ce1e80>
<topstory.TopStory object at 0x7f8094010da0>
<genericresult.GenericResult object at 0x7f8092ce1cf8>
<video.Video object at 0x7f8092ce1ef0>
<topstory.TopStory object at 0x7f8096c9b438>
<genericresult.GenericResult object at 0x7f8092ce1b70>
<video.Video object at 0x7f8092ce1cf8>
<topstory.TopStory object at 0x7f8094010da0>
<genericresult.GenericResult object at 0x7f8092ce12e8>
<video.Video object at 0x7f8092ce1b00>
<topstory.TopStory object at 0x7f8096c9b438>
<genericresult.GenericResult object at 0x7f8092ce1da0>
<video.Video object at 0x7f8092ce1d68>
<topstory.TopStory object at 0x7f8094010da0>
<genericresult.GenericResult object at 0x7f8092ce1978>
<video.Video object at 0x7f8092ce1a90>
<topstory.TopStory object at 0x7f8096c9b438>
<genericresult.GenericResult object at 0x7f8092ce1f60>
<video.Video object at 0x7f8092ce1e48>
<topstory.TopStory object at 0x7f8094010da0>
<genericresult.GenericResult object at 0x7f8092ce1cf8>
<video.Video object at 0x7f8092ce1ba8>
<topstory.TopStory object at 0x7f8096c9b438>
<genericresult.GenericResult object at 0x7f8092ce1b00>
<video.Video object at 0x7f8092ce1cf8>
Pesquisando os atores: Eleições 2018, Lugar de votação, Candidatos a Presidente, Lula, Bolsonaro, Haddad, Marina Silva, Alckmin, Ciro Gomes, João Amoedo, Álvaro Dias, Cabo Daciolo, Boulos
<topstory.TopStory object at 0x7f8096c9b438>
<genericresult.GenericResult object at 0x7f8092ce1908>
<video.Video object at 0x7f80924485c0>
<topstory.TopStory object at 0x7f8092ce1518>
<genericresult.GenericResult object at 0x7f8092ce1908>
<video.Video object at 0x7f8092ce1390>
<topstory.TopStory object at 0x7f8092ce1eb8>
<genericresult.GenericResult object at 0x7f8092ce1978>
<video.Video object at 0x7f8092ce1390>
<topstory.TopStory object at 0x7f8092ce1390>
<genericresult.GenericResult object at 0x7f8092ce1278>
<video.Video object at 0x7f8092448ba8>
<topstory.TopStory object at 0x7f8092ce1860>
<genericresult.GenericResult object at 0x7f8092ce1978>
<video.Video object at 0x7f8092448b38>
<topstory.TopStory object at 0x7f8092ce18d0>
<genericresult.GenericResult object at 0x7f8092ce13c8>
<video.Video object at 0x7f8092ce1dd8>
<topstory.TopStory object at 0x7f8092ce1dd8>
<genericresult.GenericResult object at 0x7f8092ce1278>
<video.Video object at 0x7f8092ce1160>
<topstory.TopStory object at 0x7f8092ce1160>
<genericresult.GenericResult object at 0x7f8092ce1be0>
<video.Video object at 0x7f8092448cc0>
<topstory.TopStory object at 0x7f8092ce1208>
<genericresult.GenericResult object at 0x7f8092ce1278>
<video.Video object at 0x7f8092448f98>
<topstory.TopStory object at 0x7f8092ce1860>
<genericresult.GenericResult object at 0x7f8092ce1a90>
<video.Video object at 0x7f8092ce1390>
<topstory.TopStory object at 0x7f8092ce1390>
<genericresult.GenericResult object at 0x7f8092ce1be0>
<video.Video object at 0x7f8092ce1278>
<topstory.TopStory object at 0x7f8092ce1278>
<genericresult.GenericResult object at 0x7f8092ce18d0>
<video.Video object at 0x7f8092448f60>
<topstory.TopStory object at 0x7f8092ce1208>
<genericresult.GenericResult object at 0x7f8092ce1390>
<video.Video object at 0x7f8092ce19b0>
Pesquisando os atores: Eleições 2018, Lugar de votação, Candidatos a Presidente, Lula, Bolsonaro, Haddad, Marina Silva, Alckmin, Ciro Gomes, João Amoedo, Álvaro Dias, Cabo Daciolo, Boulos
<topstory.TopStory object at 0x7f8092448d68>
<genericresult.GenericResult object at 0x7f809246e278>
<video.Video object at 0x7f809246e7f0>
<topstory.TopStory object at 0x7f8092ce1eb8>
<genericresult.GenericResult object at 0x7f8092448d68>
<video.Video object at 0x7f809246e390>
<topstory.TopStory object at 0x7f8092ce1be0>
<genericresult.GenericResult object at 0x7f80924485c0>
<video.Video object at 0x7f809246e668>
<topstory.TopStory object at 0x7f8092ce1eb8>
<genericresult.GenericResult object at 0x7f8092448d68>
<video.Video object at 0x7f809246e3c8>
<topstory.TopStory object at 0x7f8092ce1be0>
<genericresult.GenericResult object at 0x7f80924485c0>
<video.Video object at 0x7f809246eb70>
<topstory.TopStory object at 0x7f8092ce1eb8>
<genericresult.GenericResult object at 0x7f8092448d68>
<video.Video object at 0x7f809246e400>
<topstory.TopStory object at 0x7f8092ce1be0>
<genericresult.GenericResult object at 0x7f80924485c0>
<video.Video object at 0x7f809246e278>
<topstory.TopStory object at 0x7f8092ce1eb8>
<genericresult.GenericResult object at 0x7f8092448d68>
<video.Video object at 0x7f809246ebe0>
<topstory.TopStory object at 0x7f8092ce1be0>
<genericresult.GenericResult object at 0x7f80924485c0>
<video.Video object at 0x7f809246e160>
<topstory.TopStory object at 0x7f8092ce1eb8>
<genericresult.GenericResult object at 0x7f8092448d68>
<video.Video object at 0x7f809246ee10>
<topstory.TopStory object at 0x7f8092ce1be0>
<genericresult.GenericResult object at 0x7f80924485c0>
<video.Video object at 0x7f809246e320>
<topstory.TopStory object at 0x7f8092ce1eb8>
<genericresult.GenericResult object at 0x7f8092448d68>
<video.Video object at 0x7f809246eb38>
<topstory.TopStory object at 0x7f8092ce1be0>
<genericresult.GenericResult object at 0x7f80924485c0>
<video.Video object at 0x7f809246ea20>
Pesquisando os atores: Eleições 2018, Lugar de votação, Candidatos a Presidente, Lula, Bolsonaro, Haddad, Marina Silva, Alckmin, Ciro Gomes, João Amoedo, Álvaro Dias, Cabo Daciolo, Boulos
<topstory.TopStory object at 0x7f80924481d0>
<genericresult.GenericResult object at 0x7f8092448d30>
<video.Video object at 0x7f809246e278>
<topstory.TopStory object at 0x7f8092448c18>
<genericresult.GenericResult object at 0x7f8092448e48>
<video.Video object at 0x7f809246e860>
<topstory.TopStory object at 0x7f8092448d30>
<genericresult.GenericResult object at 0x7f8092448c18>
<video.Video object at 0x7f809246e978>
<topstory.TopStory object at 0x7f80924481d0>
<genericresult.GenericResult object at 0x7f8092448d30>
<video.Video object at 0x7f809246ee80>
<topstory.TopStory object at 0x7f8092448550>
<genericresult.GenericResult object at 0x7f80924481d0>
<video.Video object at 0x7f809246eb00>
Traceback (most recent call last):
  File "/home/ibpad-005023/Documentos/Observatorio-google/roda_pesquisas.py", line 93, in <module>
    main()
  File "/home/ibpad-005023/Documentos/Observatorio-google/roda_pesquisas.py", line 84, in main
    google_html = google_search(driver, busca)
  File "/home/ibpad-005023/Documentos/Observatorio-google/roda_pesquisas.py", line 25, in google_search
    driver.get(base_link + query)
  File "/home/ibpad-005023/Documentos/Observatorio-google/venv/lib/python3.6/site-packages/selenium/webdriver/remote/webdriver.py", line 326, in get
    self.execute(Command.GET, {'url': url})
  File "/home/ibpad-005023/Documentos/Observatorio-google/venv/lib/python3.6/site-packages/selenium/webdriver/remote/webdriver.py", line 314, in execute
    self.error_handler.check_response(response)
  File "/home/ibpad-005023/Documentos/Observatorio-google/venv/lib/python3.6/site-packages/selenium/webdriver/remote/errorhandler.py", line 242, in check_response
    raise exception_class(message, screen, stacktrace)
selenium.common.exceptions.TimeoutException: Message: Timeout loading page after 300000ms

