Pesquisando os atores: Eleições 2018, Lugar de votação, Candidatos a Presidente, Lula, Bolsonaro, Haddad, Marina Silva, Alckmin, Ciro Gomes, João Amoedo, Álvaro Dias, Cabo Daciolo, Boulos
<topstory.TopStory object at 0x7f968b13db00>
<genericresult.GenericResult object at 0x7f968b13dc88>
<video.Video object at 0x7f968b13dcf8>
<topstory.TopStory object at 0x7f968c46cda0>
<genericresult.GenericResult object at 0x7f968b13dfd0>
<video.Video object at 0x7f968b13d978>
<topstory.TopStory object at 0x7f968f0f7438>
<genericresult.GenericResult object at 0x7f968b13de48>
<video.Video object at 0x7f968b13d828>
<topstory.TopStory object at 0x7f968c46cda0>
<genericresult.GenericResult object at 0x7f968b13dda0>
<video.Video object at 0x7f968b13d2e8>
<topstory.TopStory object at 0x7f968f0f7438>
<genericresult.GenericResult object at 0x7f968b13db00>
<video.Video object at 0x7f968b13dba8>
<topstory.TopStory object at 0x7f968c46cda0>
<genericresult.GenericResult object at 0x7f968b13de10>
<video.Video object at 0x7f968b13deb8>
<topstory.TopStory object at 0x7f968f0f7438>
<genericresult.GenericResult object at 0x7f968b13de48>
<video.Video object at 0x7f968b13df60>
<topstory.TopStory object at 0x7f968c46cda0>
<genericresult.GenericResult object at 0x7f968b13d9b0>
<video.Video object at 0x7f968b13d978>
<topstory.TopStory object at 0x7f968f0f7438>
<genericresult.GenericResult object at 0x7f968b13de80>
<video.Video object at 0x7f968b13dd68>
<topstory.TopStory object at 0x7f968c46cda0>
<genericresult.GenericResult object at 0x7f968b13dfd0>
<video.Video object at 0x7f968b13dc88>
<topstory.TopStory object at 0x7f968f0f7438>
<genericresult.GenericResult object at 0x7f968b13df98>
<video.Video object at 0x7f968b13dba8>
Traceback (most recent call last):
  File "/home/ibpad-005023/Documentos/Observatorio-google/roda_pesquisas.py", line 93, in <module>
    main()
  File "/home/ibpad-005023/Documentos/Observatorio-google/roda_pesquisas.py", line 84, in main
    google_html = google_search(driver, busca)
  File "/home/ibpad-005023/Documentos/Observatorio-google/roda_pesquisas.py", line 24, in google_search
    driver.get("https://www.google.com")
  File "/home/ibpad-005023/Documentos/Observatorio-google/venv/lib/python3.6/site-packages/selenium/webdriver/remote/webdriver.py", line 326, in get
    self.execute(Command.GET, {'url': url})
  File "/home/ibpad-005023/Documentos/Observatorio-google/venv/lib/python3.6/site-packages/selenium/webdriver/remote/webdriver.py", line 314, in execute
    self.error_handler.check_response(response)
  File "/home/ibpad-005023/Documentos/Observatorio-google/venv/lib/python3.6/site-packages/selenium/webdriver/remote/errorhandler.py", line 242, in check_response
    raise exception_class(message, screen, stacktrace)
selenium.common.exceptions.TimeoutException: Message: Timeout loading page after 300000ms

