Pesquisando os atores: Eleições 2018, Lugar de votação, Candidatos a Presidente, Lula, Bolsonaro, Haddad, Marina Silva, Alckmin, Ciro Gomes, João Amoedo, Álvaro Dias, Cabo Daciolo, Boulos
<topstory.TopStory object at 0x7fcd6e30cb00>
<genericresult.GenericResult object at 0x7fcd6e30cc88>
<video.Video object at 0x7fcd6e30ccf8>
<topstory.TopStory object at 0x7fcd6f63bda0>
<genericresult.GenericResult object at 0x7fcd6e30cfd0>
<video.Video object at 0x7fcd6e30c978>
<topstory.TopStory object at 0x7fcd722c6438>
<genericresult.GenericResult object at 0x7fcd6e30ce80>
<video.Video object at 0x7fcd6e30c2e8>
<topstory.TopStory object at 0x7fcd6f63bda0>
<genericresult.GenericResult object at 0x7fcd6e30cbe0>
<topstory.TopStory object at 0x7fcd722c6438>
<genericresult.GenericResult object at 0x7fcd6e30cb00>
<video.Video object at 0x7fcd6e30c2e8>
<topstory.TopStory object at 0x7fcd6f63bda0>
<genericresult.GenericResult object at 0x7fcd6e30c898>
<video.Video object at 0x7fcd6e30cb00>
<topstory.TopStory object at 0x7fcd722c6438>
<genericresult.GenericResult object at 0x7fcd6e30cf60>
<video.Video object at 0x7fcd6e30ceb8>
<topstory.TopStory object at 0x7fcd6f63bda0>
<genericresult.GenericResult object at 0x7fcd6e30cc88>
<video.Video object at 0x7fcd6e30cb70>
<topstory.TopStory object at 0x7fcd722c6438>
<genericresult.GenericResult object at 0x7fcd6e30cd68>
<video.Video object at 0x7fcd6e30cba8>
<topstory.TopStory object at 0x7fcd6f63bda0>
<genericresult.GenericResult object at 0x7fcd6e30ce80>
<video.Video object at 0x7fcd6e30ceb8>
<topstory.TopStory object at 0x7fcd722c6438>
<genericresult.GenericResult object at 0x7fcd6e30ce10>
<video.Video object at 0x7fcd6e30c828>
<topstory.TopStory object at 0x7fcd6f63bda0>
<genericresult.GenericResult object at 0x7fcd6e30ceb8>
<video.Video object at 0x7fcd6e30ce10>
<topstory.TopStory object at 0x7fcd722c6438>
<genericresult.GenericResult object at 0x7fcd6e30c828>
<video.Video object at 0x7fcd6e30cb00>
Pesquisando os atores: Eleições 2018, Lugar de votação, Candidatos a Presidente, Lula, Bolsonaro, Haddad, Marina Silva, Alckmin, Ciro Gomes, João Amoedo, Álvaro Dias, Cabo Daciolo, Boulos
<topstory.TopStory object at 0x7fcd722c6438>
<genericresult.GenericResult object at 0x7fcd6e30cbe0>
<video.Video object at 0x7fcd6da7cf98>
<topstory.TopStory object at 0x7fcd6e30c390>
<genericresult.GenericResult object at 0x7fcd6e30c4a8>
<video.Video object at 0x7fcd6da7c9e8>
<topstory.TopStory object at 0x7fcd6e30ce10>
<genericresult.GenericResult object at 0x7fcd6e30c8d0>
<video.Video object at 0x7fcd6da7ccc0>
<topstory.TopStory object at 0x7fcd6e30cc88>
<genericresult.GenericResult object at 0x7fcd6e30c3c8>
<topstory.TopStory object at 0x7fcd6e30c390>
<genericresult.GenericResult object at 0x7fcd6e30c208>
<video.Video object at 0x7fcd6da7cb38>
<topstory.TopStory object at 0x7fcd6e30ce10>
<genericresult.GenericResult object at 0x7fcd6e30c278>
<video.Video object at 0x7fcd6da7ccc0>
<topstory.TopStory object at 0x7fcd6e30cc88>
<genericresult.GenericResult object at 0x7fcd6e30c780>
<video.Video object at 0x7fcd6da7cac8>
<topstory.TopStory object at 0x7fcd6e30c390>
<genericresult.GenericResult object at 0x7fcd6e30c780>
<video.Video object at 0x7fcd6da7cc50>
<topstory.TopStory object at 0x7fcd6da7ca58>
<genericresult.GenericResult object at 0x7fcd6da7cd68>
<video.Video object at 0x7fcd6da7cf98>
<topstory.TopStory object at 0x7fcd6da7ce10>
<genericresult.GenericResult object at 0x7fcd6da7ccf8>
<video.Video object at 0x7fcd6da7c8d0>
<topstory.TopStory object at 0x7fcd6da7cba8>
<genericresult.GenericResult object at 0x7fcd6da7cf60>
<video.Video object at 0x7fcd6da7cbe0>
<topstory.TopStory object at 0x7fcd6da7cb38>
<genericresult.GenericResult object at 0x7fcd6da7cef0>
<video.Video object at 0x7fcd6da7ce48>
<topstory.TopStory object at 0x7fcd6da7c860>
<genericresult.GenericResult object at 0x7fcd6da7c8d0>
<video.Video object at 0x7fcd6da7ce48>
Pesquisando os atores: Eleições 2018, Lugar de votação, Candidatos a Presidente, Lula, Bolsonaro, Haddad, Marina Silva, Alckmin, Ciro Gomes, João Amoedo, Álvaro Dias, Cabo Daciolo, Boulos
<topstory.TopStory object at 0x7fcd6da8c780>
<genericresult.GenericResult object at 0x7fcd6da8c5c0>
<video.Video object at 0x7fcd6da8c128>
<topstory.TopStory object at 0x7fcd6da7c9b0>
<genericresult.GenericResult object at 0x7fcd6da8c6d8>
<video.Video object at 0x7fcd6da8c470>
<topstory.TopStory object at 0x7fcd6da7ce80>
<genericresult.GenericResult object at 0x7fcd6da8c0b8>
<video.Video object at 0x7fcd6da8c438>
<topstory.TopStory object at 0x7fcd6da7cfd0>
<genericresult.GenericResult object at 0x7fcd6da8c198>
<topstory.TopStory object at 0x7fcd6da7cd68>
<genericresult.GenericResult object at 0x7fcd6da9c1d0>
<video.Video object at 0x7fcd6da9c7f0>
<topstory.TopStory object at 0x7fcd6da7c9b0>
<genericresult.GenericResult object at 0x7fcd6da9c390>
<video.Video object at 0x7fcd6da9c978>
<topstory.TopStory object at 0x7fcd6da7ce80>
<genericresult.GenericResult object at 0x7fcd6da9c7f0>
<video.Video object at 0x7fcd6da9c898>
<topstory.TopStory object at 0x7fcd6da7cfd0>
<genericresult.GenericResult object at 0x7fcd6da9c128>
<video.Video object at 0x7fcd6da9c048>
<topstory.TopStory object at 0x7fcd6da7cd68>
<genericresult.GenericResult object at 0x7fcd6da9ca58>
<video.Video object at 0x7fcd6da9c2e8>
<topstory.TopStory object at 0x7fcd6da7c9b0>
<genericresult.GenericResult object at 0x7fcd6da9c0f0>
<video.Video object at 0x7fcd6da9cbe0>
<topstory.TopStory object at 0x7fcd6da7ce80>
<genericresult.GenericResult object at 0x7fcd6da9e1d0>
<video.Video object at 0x7fcd6da9e7f0>
<topstory.TopStory object at 0x7fcd6da7cfd0>
<genericresult.GenericResult object at 0x7fcd6da9e390>
<video.Video object at 0x7fcd6da9e978>
<topstory.TopStory object at 0x7fcd6da7cd68>
<genericresult.GenericResult object at 0x7fcd6da9e7f0>
<video.Video object at 0x7fcd6da9e940>
Pesquisando os atores: Eleições 2018, Lugar de votação, Candidatos a Presidente, Lula, Bolsonaro, Haddad, Marina Silva, Alckmin, Ciro Gomes, João Amoedo, Álvaro Dias, Cabo Daciolo, Boulos
<topstory.TopStory object at 0x7fcd6e2f3eb8>
<genericresult.GenericResult object at 0x7fcd6da7ca20>
<video.Video object at 0x7fcd6da9e7b8>
<topstory.TopStory object at 0x7fcd6da7ca20>
<genericresult.GenericResult object at 0x7fcd6e2f3eb8>
<video.Video object at 0x7fcd6da9e7b8>
<topstory.TopStory object at 0x7fcd6e2f3e10>
<genericresult.GenericResult object at 0x7fcd6da7ca20>
<video.Video object at 0x7fcd6da9e828>
<topstory.TopStory object at 0x7fcd6da7cac8>
<genericresult.GenericResult object at 0x7fcd6e2f3e10>
Traceback (most recent call last):
  File "/home/ibpad-005023/Documentos/Observatorio-google/roda_pesquisas.py", line 93, in <module>
    main()
  File "/home/ibpad-005023/Documentos/Observatorio-google/roda_pesquisas.py", line 84, in main
    google_html = google_search(driver, busca)
  File "/home/ibpad-005023/Documentos/Observatorio-google/roda_pesquisas.py", line 25, in google_search
    driver.get(base_link + query)
  File "/home/ibpad-005023/Documentos/Observatorio-google/venv/lib/python3.6/site-packages/selenium/webdriver/remote/webdriver.py", line 326, in get
    self.execute(Command.GET, {'url': url})
  File "/home/ibpad-005023/Documentos/Observatorio-google/venv/lib/python3.6/site-packages/selenium/webdriver/remote/webdriver.py", line 314, in execute
    self.error_handler.check_response(response)
  File "/home/ibpad-005023/Documentos/Observatorio-google/venv/lib/python3.6/site-packages/selenium/webdriver/remote/errorhandler.py", line 242, in check_response
    raise exception_class(message, screen, stacktrace)
selenium.common.exceptions.TimeoutException: Message: Timeout loading page after 300000ms

