Pesquisando os atores: Eleições 2018, Lugar de votação, Candidatos a Presidente, Lula, Bolsonaro, Haddad, Marina Silva, Alckmin, Ciro Gomes, João Amoedo, Álvaro Dias, Cabo Daciolo, Boulos
<topstory.TopStory object at 0x7f06eeaeeb00>
<genericresult.GenericResult object at 0x7f06eeaeec88>
<video.Video object at 0x7f06eeaeecf8>
<topstory.TopStory object at 0x7f06efe1dda0>
<genericresult.GenericResult object at 0x7f06eeaeefd0>
<video.Video object at 0x7f06eeaee978>
<topstory.TopStory object at 0x7f06f2aa8438>
<genericresult.GenericResult object at 0x7f06eeaeee48>
<video.Video object at 0x7f06eeaee828>
<topstory.TopStory object at 0x7f06efe1dda0>
<genericresult.GenericResult object at 0x7f06eeaeeeb8>
<video.Video object at 0x7f06eeaeecf8>
<topstory.TopStory object at 0x7f06f2aa8438>
<genericresult.GenericResult object at 0x7f06eeaee828>
<video.Video object at 0x7f06eeaeef60>
<topstory.TopStory object at 0x7f06efe1dda0>
<genericresult.GenericResult object at 0x7f06eeaeeb70>
<video.Video object at 0x7f06eeaeee10>
<topstory.TopStory object at 0x7f06f2aa8438>
<genericresult.GenericResult object at 0x7f06eeaeeda0>
<video.Video object at 0x7f06eeaee898>
<topstory.TopStory object at 0x7f06efe1dda0>
<genericresult.GenericResult object at 0x7f06eeaeebe0>
<video.Video object at 0x7f06eeaee828>
<topstory.TopStory object at 0x7f06f2aa8438>
<genericresult.GenericResult object at 0x7f06eeaeec18>
<video.Video object at 0x7f06eeaeeeb8>
<topstory.TopStory object at 0x7f06efe1dda0>
<genericresult.GenericResult object at 0x7f06eeaee898>
<video.Video object at 0x7f06eeaeed68>
<topstory.TopStory object at 0x7f06f2aa8438>
<genericresult.GenericResult object at 0x7f06eeaeee48>
<video.Video object at 0x7f06eeaeecf8>
<topstory.TopStory object at 0x7f06efe1dda0>
<genericresult.GenericResult object at 0x7f06eeaee978>
<video.Video object at 0x7f06eeaeec18>
<topstory.TopStory object at 0x7f06f2aa8438>
<genericresult.GenericResult object at 0x7f06eeaeeba8>
<video.Video object at 0x7f06eeaee898>
Pesquisando os atores: Eleições 2018, Lugar de votação, Candidatos a Presidente, Lula, Bolsonaro, Haddad, Marina Silva, Alckmin, Ciro Gomes, João Amoedo, Álvaro Dias, Cabo Daciolo, Boulos
<topstory.TopStory object at 0x7f06f2aa8438>
<genericresult.GenericResult object at 0x7f06eeaeee10>
<video.Video object at 0x7f06ee25e940>
<topstory.TopStory object at 0x7f06eeaee390>
<genericresult.GenericResult object at 0x7f06eeaee4a8>
<video.Video object at 0x7f06ee25ecc0>
<topstory.TopStory object at 0x7f06eeaeeb70>
<genericresult.GenericResult object at 0x7f06eeaee8d0>
<video.Video object at 0x7f06ee25ed68>
<topstory.TopStory object at 0x7f06eeaeec18>
<genericresult.GenericResult object at 0x7f06eeaee8d0>
<video.Video object at 0x7f06ee25ee80>
<topstory.TopStory object at 0x7f06ee25e780>
<genericresult.GenericResult object at 0x7f06ee25ecc0>
<video.Video object at 0x7f06ee25eef0>
<topstory.TopStory object at 0x7f06ee25ef98>
<genericresult.GenericResult object at 0x7f06ee25ee48>
<video.Video object at 0x7f06ee25e8d0>
<topstory.TopStory object at 0x7f06ee25e8d0>
<genericresult.GenericResult object at 0x7f06ee25ecf8>
<video.Video object at 0x7f06ee25ee10>
<topstory.TopStory object at 0x7f06ee25edd8>
<genericresult.GenericResult object at 0x7f06ee25e908>
<video.Video object at 0x7f06ee25ee10>
<topstory.TopStory object at 0x7f06eeaeedd8>
<genericresult.GenericResult object at 0x7f06eeaee208>
<video.Video object at 0x7f06ee25eda0>
<topstory.TopStory object at 0x7f06eeaee3c8>
<genericresult.GenericResult object at 0x7f06eeaee208>
<video.Video object at 0x7f06ee25e908>
<topstory.TopStory object at 0x7f06eeaeec18>
<genericresult.GenericResult object at 0x7f06eeaee4a8>
<video.Video object at 0x7f06ee25ee80>
<topstory.TopStory object at 0x7f06eeaeee10>
<genericresult.GenericResult object at 0x7f06eeaee3c8>
<video.Video object at 0x7f06ee25eb70>
<topstory.TopStory object at 0x7f06eeaee278>
<genericresult.GenericResult object at 0x7f06eeaee3c8>
<video.Video object at 0x7f06ee25ee80>
Pesquisando os atores: Eleições 2018, Lugar de votação, Candidatos a Presidente, Lula, Bolsonaro, Haddad, Marina Silva, Alckmin, Ciro Gomes, João Amoedo, Álvaro Dias, Cabo Daciolo, Boulos
<topstory.TopStory object at 0x7f06ee27a780>
<genericresult.GenericResult object at 0x7f06ee27a5c0>
<video.Video object at 0x7f06ee27a128>
<topstory.TopStory object at 0x7f06ee25ea58>
<genericresult.GenericResult object at 0x7f06ee27a6d8>
<video.Video object at 0x7f06ee27a048>
<topstory.TopStory object at 0x7f06ee25e860>
<genericresult.GenericResult object at 0x7f06ee27a390>
<video.Video object at 0x7f06ee27a438>
<topstory.TopStory object at 0x7f06ee25edd8>
<genericresult.GenericResult object at 0x7f06ee27a898>
<video.Video object at 0x7f06ee27a9b0>
<topstory.TopStory object at 0x7f06ee25ef98>
<genericresult.GenericResult object at 0x7f06ee27a5c0>
<video.Video object at 0x7f06ee27a160>
<topstory.TopStory object at 0x7f06ee25ea58>
<genericresult.GenericResult object at 0x7f06ee27a588>
<video.Video object at 0x7f06ee27ac50>
<topstory.TopStory object at 0x7f06ee25e860>
<genericresult.GenericResult object at 0x7f06ee27a8d0>
<video.Video object at 0x7f06ee27a2e8>
<topstory.TopStory object at 0x7f06ee25edd8>
<genericresult.GenericResult object at 0x7f06ee27a7b8>
<video.Video object at 0x7f06ee27a048>
<topstory.TopStory object at 0x7f06ee25ef98>
<genericresult.GenericResult object at 0x7f06ee27a5f8>
<video.Video object at 0x7f06ee27a0f0>
<topstory.TopStory object at 0x7f06ee25ea58>
<genericresult.GenericResult object at 0x7f06ee27abe0>
<video.Video object at 0x7f06ee27a630>
<topstory.TopStory object at 0x7f06ee25e860>
<genericresult.GenericResult object at 0x7f06ee27a860>
<video.Video object at 0x7f06ee27a9e8>
<topstory.TopStory object at 0x7f06ee25edd8>
<genericresult.GenericResult object at 0x7f06ee27a630>
<video.Video object at 0x7f06ee27a278>
<topstory.TopStory object at 0x7f06ee25ef98>
<genericresult.GenericResult object at 0x7f06ee27a9e8>
<video.Video object at 0x7f06ee27a240>
Pesquisando os atores: Eleições 2018, Lugar de votação, Candidatos a Presidente, Lula, Bolsonaro, Haddad, Marina Silva, Alckmin, Ciro Gomes, João Amoedo, Álvaro Dias, Cabo Daciolo, Boulos
<topstory.TopStory object at 0x7f06ee25ec18>
<genericresult.GenericResult object at 0x7f06ee25ec50>
<video.Video object at 0x7f06ee27a978>
<topstory.TopStory object at 0x7f06ee25e780>
<genericresult.GenericResult object at 0x7f06ee25eb38>
<video.Video object at 0x7f06ee27a978>
<topstory.TopStory object at 0x7f06ee25ec50>
<genericresult.GenericResult object at 0x7f06ee25e780>
<video.Video object at 0x7f06ee27aba8>
<topstory.TopStory object at 0x7f06ee25ec18>
<genericresult.GenericResult object at 0x7f06ee25ec50>
<video.Video object at 0x7f06ee27a6d8>
<topstory.TopStory object at 0x7f06ee25eba8>
<genericresult.GenericResult object at 0x7f06ee25ec18>
<video.Video object at 0x7f06ee27ae10>
<topstory.TopStory object at 0x7f06ee25ed30>
<genericresult.GenericResult object at 0x7f06ee25eba8>
<video.Video object at 0x7f06ee27a898>
<topstory.TopStory object at 0x7f06ee25ebe0>
<genericresult.GenericResult object at 0x7f06ee25ed30>
<video.Video object at 0x7f06ee27ae48>
<topstory.TopStory object at 0x7f06ee25eb38>
<genericresult.GenericResult object at 0x7f06ee25ebe0>
<video.Video object at 0x7f06ee27a320>
<topstory.TopStory object at 0x7f06ee25e780>
<genericresult.GenericResult object at 0x7f06ee25eb38>
<video.Video object at 0x7f06ee27acc0>
<topstory.TopStory object at 0x7f06ee25ec50>
<genericresult.GenericResult object at 0x7f06ee25e780>
<video.Video object at 0x7f06ee27a390>
<topstory.TopStory object at 0x7f06ee25ec18>
<genericresult.GenericResult object at 0x7f06ee25ec50>
<video.Video object at 0x7f06ee27a128>
<topstory.TopStory object at 0x7f06ee25eba8>
<genericresult.GenericResult object at 0x7f06ee25ec18>
<video.Video object at 0x7f06ee27ada0>
<topstory.TopStory object at 0x7f06ee25ed30>
<genericresult.GenericResult object at 0x7f06ee25eba8>
<video.Video object at 0x7f06ee27acf8>
Pesquisando os atores: Eleições 2018, Lugar de votação, Candidatos a Presidente, Lula, Bolsonaro, Haddad, Marina Silva, Alckmin, Ciro Gomes, João Amoedo, Álvaro Dias, Cabo Daciolo, Boulos
<topstory.TopStory object at 0x7f06ee27a518>
<genericresult.GenericResult object at 0x7f06ee27a3c8>
<video.Video object at 0x7f06ee283240>
<topstory.TopStory object at 0x7f06ee25e8d0>
<genericresult.GenericResult object at 0x7f06ee27a400>
<video.Video object at 0x7f06ee27a588>
<topstory.TopStory object at 0x7f06ee25e390>
<genericresult.GenericResult object at 0x7f06ee27a898>
<video.Video object at 0x7f06ee27a8d0>
<topstory.TopStory object at 0x7f06ee25e8d0>
<genericresult.GenericResult object at 0x7f06ee27aa90>
<video.Video object at 0x7f06ee27a6d8>
<topstory.TopStory object at 0x7f06ee25e390>
<genericresult.GenericResult object at 0x7f06ee27a0b8>
<video.Video object at 0x7f06ee27aef0>
<topstory.TopStory object at 0x7f06ee25e8d0>
<genericresult.GenericResult object at 0x7f06ee27a940>
<video.Video object at 0x7f06ee27abe0>
<topstory.TopStory object at 0x7f06ee25e390>
<genericresult.GenericResult object at 0x7f06ee27a898>
<video.Video object at 0x7f06ee27af28>
<topstory.TopStory object at 0x7f06ee25e8d0>
<genericresult.GenericResult object at 0x7f06ee27aef0>
<video.Video object at 0x7f06ee27a828>
<topstory.TopStory object at 0x7f06ee25e390>
<genericresult.GenericResult object at 0x7f06ee27a390>
<video.Video object at 0x7f06ee27ad68>
<topstory.TopStory object at 0x7f06ee25e8d0>
<genericresult.GenericResult object at 0x7f06ee27a588>
<video.Video object at 0x7f06ee27af28>
<topstory.TopStory object at 0x7f06ee25e390>
<genericresult.GenericResult object at 0x7f06ee27a400>
<video.Video object at 0x7f06ee27a630>
<topstory.TopStory object at 0x7f06ee25e8d0>
<genericresult.GenericResult object at 0x7f06ee27aef0>
<video.Video object at 0x7f06ee27aa20>
Traceback (most recent call last):
  File "/home/ibpad-005023/Documentos/Observatorio-google/roda_pesquisas.py", line 93, in <module>
    main()
  File "/home/ibpad-005023/Documentos/Observatorio-google/roda_pesquisas.py", line 84, in main
    google_html = google_search(driver, busca)
  File "/home/ibpad-005023/Documentos/Observatorio-google/roda_pesquisas.py", line 25, in google_search
    driver.get(base_link + query)
  File "/home/ibpad-005023/Documentos/Observatorio-google/venv/lib/python3.6/site-packages/selenium/webdriver/remote/webdriver.py", line 326, in get
    self.execute(Command.GET, {'url': url})
  File "/home/ibpad-005023/Documentos/Observatorio-google/venv/lib/python3.6/site-packages/selenium/webdriver/remote/webdriver.py", line 314, in execute
    self.error_handler.check_response(response)
  File "/home/ibpad-005023/Documentos/Observatorio-google/venv/lib/python3.6/site-packages/selenium/webdriver/remote/errorhandler.py", line 242, in check_response
    raise exception_class(message, screen, stacktrace)
selenium.common.exceptions.TimeoutException: Message: Timeout loading page after 300000ms

