Pesquisando os atores: Eleições 2018, Lugar de votação, Candidatos a Presidente, Lula, Bolsonaro, Haddad, Marina Silva, Alckmin, Ciro Gomes, João Amoedo, Álvaro Dias, Cabo Daciolo, Boulos
<topstory.TopStory object at 0x7fe648bf9ac8>
<genericresult.GenericResult object at 0x7fe648bf9c50>
<video.Video object at 0x7fe648bf9cc0>
<topstory.TopStory object at 0x7fe649f28d68>
<genericresult.GenericResult object at 0x7fe648bf9f98>
<video.Video object at 0x7fe648bf9940>
<topstory.TopStory object at 0x7fe64cbb3438>
<genericresult.GenericResult object at 0x7fe648bf9cc0>
<video.Video object at 0x7fe648bf97f0>
<topstory.TopStory object at 0x7fe649f28d68>
<genericresult.GenericResult object at 0x7fe648bf9dd8>
<video.Video object at 0x7fe648bf9860>
<topstory.TopStory object at 0x7fe64cbb3438>
<genericresult.GenericResult object at 0x7fe648bf9940>
<video.Video object at 0x7fe648bf9e10>
<topstory.TopStory object at 0x7fe649f28d68>
<genericresult.GenericResult object at 0x7fe648bf9978>
<video.Video object at 0x7fe648bf9ba8>
<topstory.TopStory object at 0x7fe64cbb3438>
<genericresult.GenericResult object at 0x7fe648bf9cc0>
<video.Video object at 0x7fe648bf9dd8>
<topstory.TopStory object at 0x7fe649f28d68>
<genericresult.GenericResult object at 0x7fe648bf9f60>
<video.Video object at 0x7fe648bf9b38>
<topstory.TopStory object at 0x7fe64cbb3438>
<genericresult.GenericResult object at 0x7fe648bf92b0>
<video.Video object at 0x7fe648bf9f28>
<topstory.TopStory object at 0x7fe649f28d68>
<genericresult.GenericResult object at 0x7fe648bf9d30>
<video.Video object at 0x7fe648bf9c50>
<topstory.TopStory object at 0x7fe64cbb3438>
<genericresult.GenericResult object at 0x7fe648bf9f60>
<video.Video object at 0x7fe648bf9d30>
<topstory.TopStory object at 0x7fe649f28d68>
<genericresult.GenericResult object at 0x7fe648bf9be0>
<video.Video object at 0x7fe648bf9f98>
<topstory.TopStory object at 0x7fe64cbb3438>
<genericresult.GenericResult object at 0x7fe648bf9978>
<video.Video object at 0x7fe648bf9b38>
Pesquisando os atores: Eleições 2018, Lugar de votação, Candidatos a Presidente, Lula, Bolsonaro, Haddad, Marina Silva, Alckmin, Ciro Gomes, João Amoedo, Álvaro Dias, Cabo Daciolo, Boulos
<topstory.TopStory object at 0x7fe64cbb3438>
<genericresult.GenericResult object at 0x7fe648bf9b70>
<video.Video object at 0x7fe648369be0>
<topstory.TopStory object at 0x7fe648bf9358>
<genericresult.GenericResult object at 0x7fe648bf9470>
<video.Video object at 0x7fe648369cf8>
<topstory.TopStory object at 0x7fe648bf9f60>
<genericresult.GenericResult object at 0x7fe648bf9898>
<video.Video object at 0x7fe648369358>
<topstory.TopStory object at 0x7fe648bf9860>
<genericresult.GenericResult object at 0x7fe648bf9898>
<video.Video object at 0x7fe648369cf8>
<topstory.TopStory object at 0x7fe648bf9128>
<genericresult.GenericResult object at 0x7fe648bf91d0>
<video.Video object at 0x7fe648369358>
<topstory.TopStory object at 0x7fe648bf9390>
<genericresult.GenericResult object at 0x7fe648bf9860>
<video.Video object at 0x7fe648369898>
<topstory.TopStory object at 0x7fe648bf98d0>
<genericresult.GenericResult object at 0x7fe648bf9c50>
<video.Video object at 0x7fe648369b00>
<topstory.TopStory object at 0x7fe648bf9128>
<genericresult.GenericResult object at 0x7fe648bf9c50>
<video.Video object at 0x7fe648369828>
<topstory.TopStory object at 0x7fe648bf9da0>
<genericresult.GenericResult object at 0x7fe648bf9f60>
<video.Video object at 0x7fe648369a20>
<topstory.TopStory object at 0x7fe648bf94e0>
<genericresult.GenericResult object at 0x7fe648bf9128>
<video.Video object at 0x7fe648369cc0>
<topstory.TopStory object at 0x7fe648bf9240>
<genericresult.GenericResult object at 0x7fe648bf9128>
<video.Video object at 0x7fe648369a20>
<topstory.TopStory object at 0x7fe648bf9b70>
<genericresult.GenericResult object at 0x7fe648bf9748>
<video.Video object at 0x7fe648369cc0>
<topstory.TopStory object at 0x7fe648bf9470>
<genericresult.GenericResult object at 0x7fe648bf9748>
<video.Video object at 0x7fe6483699b0>
Pesquisando os atores: Eleições 2018, Lugar de votação, Candidatos a Presidente, Lula, Bolsonaro, Haddad, Marina Silva, Alckmin, Ciro Gomes, João Amoedo, Álvaro Dias, Cabo Daciolo, Boulos
<topstory.TopStory object at 0x7fe648369c88>
<genericresult.GenericResult object at 0x7fe64837f550>
<video.Video object at 0x7fe64837f518>
<topstory.TopStory object at 0x7fe648369f28>
<genericresult.GenericResult object at 0x7fe64837f0b8>
<video.Video object at 0x7fe64837f860>
<topstory.TopStory object at 0x7fe6483698d0>
<genericresult.GenericResult object at 0x7fe64837f2e8>
<video.Video object at 0x7fe64837f5f8>
<topstory.TopStory object at 0x7fe648369c88>
<genericresult.GenericResult object at 0x7fe64837f438>
<video.Video object at 0x7fe64837f4e0>
<topstory.TopStory object at 0x7fe6483693c8>
<genericresult.GenericResult object at 0x7fe64837f978>
<video.Video object at 0x7fe64837fb00>
<topstory.TopStory object at 0x7fe648369f28>
<genericresult.GenericResult object at 0x7fe64837fc50>
<video.Video object at 0x7fe64837f780>
Traceback (most recent call last):
  File "/home/ibpad-005023/Documentos/Observatorio-google/roda_pesquisas.py", line 93, in <module>
    main()
  File "/home/ibpad-005023/Documentos/Observatorio-google/roda_pesquisas.py", line 84, in main
    google_html = google_search(driver, busca)
  File "/home/ibpad-005023/Documentos/Observatorio-google/roda_pesquisas.py", line 24, in google_search
    driver.get("https://www.google.com")
  File "/home/ibpad-005023/Documentos/Observatorio-google/venv/lib/python3.6/site-packages/selenium/webdriver/remote/webdriver.py", line 326, in get
    self.execute(Command.GET, {'url': url})
  File "/home/ibpad-005023/Documentos/Observatorio-google/venv/lib/python3.6/site-packages/selenium/webdriver/remote/webdriver.py", line 314, in execute
    self.error_handler.check_response(response)
  File "/home/ibpad-005023/Documentos/Observatorio-google/venv/lib/python3.6/site-packages/selenium/webdriver/remote/errorhandler.py", line 242, in check_response
    raise exception_class(message, screen, stacktrace)
selenium.common.exceptions.TimeoutException: Message: Timeout loading page after 300000ms

