Pesquisando os atores: Eleições 2018, Lugar de votação, Candidatos a Presidente, Bolsonaro, Haddad, fraude nas urnas
<topstory.TopStory object at 0x7f6b9f956940>
<genericresult.GenericResult object at 0x7f6b9f956f98>
<video.Video object at 0x7f6b9f9569b0>
<topstory.TopStory object at 0x7f6ba0c85da0>
<genericresult.GenericResult object at 0x7f6b9f956f60>
<video.Video object at 0x7f6b9f956940>
<topstory.TopStory object at 0x7f6ba3910438>
<genericresult.GenericResult object at 0x7f6b9f956f60>
<video.Video object at 0x7f6b9f956e48>
<topstory.TopStory object at 0x7f6ba0c85da0>
<genericresult.GenericResult object at 0x7f6b9f956908>
<video.Video object at 0x7f6b9f956b70>
<topstory.TopStory object at 0x7f6ba3910438>
<genericresult.GenericResult object at 0x7f6b9f956908>
<video.Video object at 0x7f6b9f956d68>
<topstory.TopStory object at 0x7f6ba0c85da0>
<genericresult.GenericResult object at 0x7f6b9f956e80>
<video.Video object at 0x7f6b9f956a90>
Pesquisando os atores: Eleições 2018, Lugar de votação, Candidatos a Presidente, Bolsonaro, Haddad, fraude nas urnas
<topstory.TopStory object at 0x7f6ba0c85da0>
<genericresult.GenericResult object at 0x7f6b9f956278>
<video.Video object at 0x7f6b9f0bea58>
<topstory.TopStory object at 0x7f6b9f0befd0>
<genericresult.GenericResult object at 0x7f6b9f0be898>
<video.Video object at 0x7f6b9f0bea90>
<topstory.TopStory object at 0x7f6b9f956b00>
<genericresult.GenericResult object at 0x7f6b9f956208>
<video.Video object at 0x7f6b9f0be240>
<topstory.TopStory object at 0x7f6b9f0beb38>
<genericresult.GenericResult object at 0x7f6b9f0beef0>
<video.Video object at 0x7f6b9f0be278>
<topstory.TopStory object at 0x7f6b9f0be940>
<genericresult.GenericResult object at 0x7f6b9f0beb38>
<video.Video object at 0x7f6b9f0bec50>
<topstory.TopStory object at 0x7f6b9f0be898>
<genericresult.GenericResult object at 0x7f6b9f0bec88>
<video.Video object at 0x7f6b9f0befd0>
Pesquisando os atores: Eleições 2018, Lugar de votação, Candidatos a Presidente, Bolsonaro, Haddad, fraude nas urnas
<topstory.TopStory object at 0x7f6b9f0df898>
<genericresult.GenericResult object at 0x7f6b9f0df6d8>
<video.Video object at 0x7f6b9f0df320>
<topstory.TopStory object at 0x7f6b9f0beef0>
<genericresult.GenericResult object at 0x7f6b9f956278>
<video.Video object at 0x7f6b9f0df320>
<topstory.TopStory object at 0x7f6b9f0be550>
<genericresult.GenericResult object at 0x7f6b9f956860>
<video.Video object at 0x7f6b9f0df320>
Traceback (most recent call last):
  File "/home/ibpad-005023/Documentos/Observatorio-google/roda_pesquisas.py", line 93, in <module>
    main()
  File "/home/ibpad-005023/Documentos/Observatorio-google/roda_pesquisas.py", line 84, in main
    google_html = google_search(driver, busca)
  File "/home/ibpad-005023/Documentos/Observatorio-google/roda_pesquisas.py", line 25, in google_search
    driver.get(base_link + query)
  File "/home/ibpad-005023/Documentos/Observatorio-google/venv/lib/python3.6/site-packages/selenium/webdriver/remote/webdriver.py", line 326, in get
    self.execute(Command.GET, {'url': url})
  File "/home/ibpad-005023/Documentos/Observatorio-google/venv/lib/python3.6/site-packages/selenium/webdriver/remote/webdriver.py", line 314, in execute
    self.error_handler.check_response(response)
  File "/home/ibpad-005023/Documentos/Observatorio-google/venv/lib/python3.6/site-packages/selenium/webdriver/remote/errorhandler.py", line 242, in check_response
    raise exception_class(message, screen, stacktrace)
selenium.common.exceptions.TimeoutException: Message: Timeout loading page after 300000ms

