Pesquisando os atores: Eleições 2018, Lugar de votação, Candidatos a Presidente, Lula, Bolsonaro, Haddad, Marina Silva, Alckmin, Ciro Gomes, João Amoedo, Álvaro Dias, Cabo Daciolo, Boulos
<topstory.TopStory object at 0x7fa094166b00>
<genericresult.GenericResult object at 0x7fa094166c88>
<video.Video object at 0x7fa094166cf8>
<topstory.TopStory object at 0x7fa095495da0>
<genericresult.GenericResult object at 0x7fa094166fd0>
<video.Video object at 0x7fa094166b00>
<topstory.TopStory object at 0x7fa098120438>
<genericresult.GenericResult object at 0x7fa094166a90>
<video.Video object at 0x7fa094166828>
<topstory.TopStory object at 0x7fa095495da0>
<genericresult.GenericResult object at 0x7fa094166da0>
<video.Video object at 0x7fa094166a90>
<topstory.TopStory object at 0x7fa098120438>
<genericresult.GenericResult object at 0x7fa0941669b0>
<video.Video object at 0x7fa094166c88>
<topstory.TopStory object at 0x7fa095495da0>
<genericresult.GenericResult object at 0x7fa094166f60>
<video.Video object at 0x7fa094166828>
<topstory.TopStory object at 0x7fa098120438>
<genericresult.GenericResult object at 0x7fa094166cf8>
<video.Video object at 0x7fa094166b70>
<topstory.TopStory object at 0x7fa095495da0>
<genericresult.GenericResult object at 0x7fa094166e48>
<video.Video object at 0x7fa094166ba8>
<topstory.TopStory object at 0x7fa098120438>
<genericresult.GenericResult object at 0x7fa094166b70>
<video.Video object at 0x7fa094166c18>
<topstory.TopStory object at 0x7fa095495da0>
<genericresult.GenericResult object at 0x7fa094166b00>
<video.Video object at 0x7fa094166e80>
<topstory.TopStory object at 0x7fa098120438>
<genericresult.GenericResult object at 0x7fa094166ef0>
<video.Video object at 0x7fa094166978>
<topstory.TopStory object at 0x7fa095495da0>
<genericresult.GenericResult object at 0x7fa094166da0>
<video.Video object at 0x7fa094166e48>
<topstory.TopStory object at 0x7fa098120438>
<genericresult.GenericResult object at 0x7fa094166978>
<video.Video object at 0x7fa094166c88>
Pesquisando os atores: Eleições 2018, Lugar de votação, Candidatos a Presidente, Lula, Bolsonaro, Haddad, Marina Silva, Alckmin, Ciro Gomes, João Amoedo, Álvaro Dias, Cabo Daciolo, Boulos
<topstory.TopStory object at 0x7fa098120438>
<genericresult.GenericResult object at 0x7fa094166908>
<video.Video object at 0x7fa0938d6f28>
<topstory.TopStory object at 0x7fa094166208>
<genericresult.GenericResult object at 0x7fa094166eb8>
<video.Video object at 0x7fa0938d6908>
<topstory.TopStory object at 0x7fa0941664a8>
<genericresult.GenericResult object at 0x7fa094166908>
<video.Video object at 0x7fa0938d6940>
<topstory.TopStory object at 0x7fa094166390>
<genericresult.GenericResult object at 0x7fa094166eb8>
<video.Video object at 0x7fa0938d6e10>
<topstory.TopStory object at 0x7fa094166c18>
<genericresult.GenericResult object at 0x7fa094166eb8>
<video.Video object at 0x7fa0938d6908>
<topstory.TopStory object at 0x7fa094166160>
<genericresult.GenericResult object at 0x7fa094166780>
<video.Video object at 0x7fa0938d6b70>
<topstory.TopStory object at 0x7fa094166cf8>
<genericresult.GenericResult object at 0x7fa0941664a8>
<video.Video object at 0x7fa0938d6e80>
<topstory.TopStory object at 0x7fa094166208>
<genericresult.GenericResult object at 0x7fa094166780>
<video.Video object at 0x7fa0938d6908>
<topstory.TopStory object at 0x7fa0938d69e8>
<genericresult.GenericResult object at 0x7fa0938d6c50>
<video.Video object at 0x7fa0938d6fd0>
<topstory.TopStory object at 0x7fa0938d6cf8>
<genericresult.GenericResult object at 0x7fa0938d6c18>
<video.Video object at 0x7fa0938d6fd0>
Traceback (most recent call last):
  File "/home/ibpad-005023/Documentos/Observatorio-google/roda_pesquisas.py", line 93, in <module>
    main()
  File "/home/ibpad-005023/Documentos/Observatorio-google/roda_pesquisas.py", line 84, in main
    google_html = google_search(driver, busca)
  File "/home/ibpad-005023/Documentos/Observatorio-google/roda_pesquisas.py", line 24, in google_search
    driver.get("https://www.google.com")
  File "/home/ibpad-005023/Documentos/Observatorio-google/venv/lib/python3.6/site-packages/selenium/webdriver/remote/webdriver.py", line 326, in get
    self.execute(Command.GET, {'url': url})
  File "/home/ibpad-005023/Documentos/Observatorio-google/venv/lib/python3.6/site-packages/selenium/webdriver/remote/webdriver.py", line 314, in execute
    self.error_handler.check_response(response)
  File "/home/ibpad-005023/Documentos/Observatorio-google/venv/lib/python3.6/site-packages/selenium/webdriver/remote/errorhandler.py", line 242, in check_response
    raise exception_class(message, screen, stacktrace)
selenium.common.exceptions.TimeoutException: Message: Timeout loading page after 300000ms

