Pesquisando os atores: Eleições 2018, Lugar de votação, Candidatos a Presidente, Lula, Bolsonaro, Haddad, Marina Silva, Alckmin, Ciro Gomes, João Amoedo, Álvaro Dias, Cabo Daciolo, Boulos
<topstory.TopStory object at 0x7f17d6ed3b00>
<genericresult.GenericResult object at 0x7f17d6ed3c88>
<video.Video object at 0x7f17d6ed3cf8>
<topstory.TopStory object at 0x7f17d8202da0>
<genericresult.GenericResult object at 0x7f17d6ed3fd0>
<video.Video object at 0x7f17d6ed3b00>
<topstory.TopStory object at 0x7f17dae8d438>
<genericresult.GenericResult object at 0x7f17d6ed3d68>
<video.Video object at 0x7f17d6ed3828>
<topstory.TopStory object at 0x7f17d8202da0>
<genericresult.GenericResult object at 0x7f17d6ed3b00>
<video.Video object at 0x7f17d6ed3d68>
<topstory.TopStory object at 0x7f17dae8d438>
<genericresult.GenericResult object at 0x7f17d6ed3f98>
<video.Video object at 0x7f17d6ed3c88>
<topstory.TopStory object at 0x7f17d8202da0>
<genericresult.GenericResult object at 0x7f17d6ed39b0>
<video.Video object at 0x7f17d6ed3828>
<topstory.TopStory object at 0x7f17dae8d438>
<genericresult.GenericResult object at 0x7f17d6ed3ba8>
<video.Video object at 0x7f17d6ed3ef0>
<topstory.TopStory object at 0x7f17d8202da0>
<genericresult.GenericResult object at 0x7f17d6ed3c18>
<video.Video object at 0x7f17d6ed3828>
<topstory.TopStory object at 0x7f17dae8d438>
<genericresult.GenericResult object at 0x7f17d6ed3ef0>
<video.Video object at 0x7f17d6ed3e48>
<topstory.TopStory object at 0x7f17d8202da0>
<genericresult.GenericResult object at 0x7f17d6ed3cf8>
<video.Video object at 0x7f17d6ed3b70>
<topstory.TopStory object at 0x7f17dae8d438>
<genericresult.GenericResult object at 0x7f17d6ed3e48>
<video.Video object at 0x7f17d6ed3fd0>
<topstory.TopStory object at 0x7f17d8202da0>
<genericresult.GenericResult object at 0x7f17d6ed3b70>
<video.Video object at 0x7f17d6ed3da0>
<topstory.TopStory object at 0x7f17dae8d438>
<genericresult.GenericResult object at 0x7f17d6ed3fd0>
<video.Video object at 0x7f17d6ed3cf8>
Pesquisando os atores: Eleições 2018, Lugar de votação, Candidatos a Presidente, Lula, Bolsonaro, Haddad, Marina Silva, Alckmin, Ciro Gomes, João Amoedo, Álvaro Dias, Cabo Daciolo, Boulos
<topstory.TopStory object at 0x7f17dae8d438>
<genericresult.GenericResult object at 0x7f17d6ed3908>
<video.Video object at 0x7f17d6643ba8>
<topstory.TopStory object at 0x7f17d6ed3208>
<genericresult.GenericResult object at 0x7f17d6ed3eb8>
<video.Video object at 0x7f17d6643a58>
<topstory.TopStory object at 0x7f17d6ed34a8>
<genericresult.GenericResult object at 0x7f17d6ed3908>
<video.Video object at 0x7f17d6643ef0>
Traceback (most recent call last):
  File "/home/ibpad-005023/Documentos/Observatorio-google/roda_pesquisas.py", line 93, in <module>
    main()
  File "/home/ibpad-005023/Documentos/Observatorio-google/roda_pesquisas.py", line 84, in main
    google_html = google_search(driver, busca)
  File "/home/ibpad-005023/Documentos/Observatorio-google/roda_pesquisas.py", line 25, in google_search
    driver.get(base_link + query)
  File "/home/ibpad-005023/Documentos/Observatorio-google/venv/lib/python3.6/site-packages/selenium/webdriver/remote/webdriver.py", line 326, in get
    self.execute(Command.GET, {'url': url})
  File "/home/ibpad-005023/Documentos/Observatorio-google/venv/lib/python3.6/site-packages/selenium/webdriver/remote/webdriver.py", line 314, in execute
    self.error_handler.check_response(response)
  File "/home/ibpad-005023/Documentos/Observatorio-google/venv/lib/python3.6/site-packages/selenium/webdriver/remote/errorhandler.py", line 242, in check_response
    raise exception_class(message, screen, stacktrace)
selenium.common.exceptions.TimeoutException: Message: Timeout loading page after 300000ms

