Pesquisando os atores: Eleições 2018, Lugar de votação, Candidatos a Presidente, Lula, Bolsonaro, Haddad, Marina Silva, Alckmin, Ciro Gomes, João Amoedo, Álvaro Dias, Cabo Daciolo, Boulos
<topstory.TopStory object at 0x7f9ef6418b00>
<genericresult.GenericResult object at 0x7f9ef6418c88>
<video.Video object at 0x7f9ef6418cf8>
<topstory.TopStory object at 0x7f9ef7747da0>
<genericresult.GenericResult object at 0x7f9ef6418fd0>
<video.Video object at 0x7f9ef6418978>
<topstory.TopStory object at 0x7f9efa3d2438>
<genericresult.GenericResult object at 0x7f9ef6418e80>
<video.Video object at 0x7f9ef6418828>
<topstory.TopStory object at 0x7f9ef7747da0>
<genericresult.GenericResult object at 0x7f9ef6418eb8>
<video.Video object at 0x7f9ef6418cf8>
<topstory.TopStory object at 0x7f9efa3d2438>
<genericresult.GenericResult object at 0x7f9ef6418c88>
<video.Video object at 0x7f9ef6418f60>
<topstory.TopStory object at 0x7f9ef7747da0>
<genericresult.GenericResult object at 0x7f9ef6418fd0>
<video.Video object at 0x7f9ef6418ba8>
<topstory.TopStory object at 0x7f9efa3d2438>
<genericresult.GenericResult object at 0x7f9ef6418eb8>
<video.Video object at 0x7f9ef6418b00>
<topstory.TopStory object at 0x7f9ef7747da0>
<genericresult.GenericResult object at 0x7f9ef6418e10>
<video.Video object at 0x7f9ef6418da0>
<topstory.TopStory object at 0x7f9efa3d2438>
<genericresult.GenericResult object at 0x7f9ef6418b70>
<video.Video object at 0x7f9ef6418fd0>
<topstory.TopStory object at 0x7f9ef7747da0>
<genericresult.GenericResult object at 0x7f9ef6418cf8>
<video.Video object at 0x7f9ef6418f98>
<topstory.TopStory object at 0x7f9efa3d2438>
<genericresult.GenericResult object at 0x7f9ef64189b0>
<video.Video object at 0x7f9ef6418be0>
<topstory.TopStory object at 0x7f9ef7747da0>
<genericresult.GenericResult object at 0x7f9ef6418f98>
<video.Video object at 0x7f9ef64189b0>
<topstory.TopStory object at 0x7f9efa3d2438>
<genericresult.GenericResult object at 0x7f9ef6418be0>
<video.Video object at 0x7f9ef6418f60>
Pesquisando os atores: Eleições 2018, Lugar de votação, Candidatos a Presidente, Lula, Bolsonaro, Haddad, Marina Silva, Alckmin, Ciro Gomes, João Amoedo, Álvaro Dias, Cabo Daciolo, Boulos
<topstory.TopStory object at 0x7f9efa3d2438>
<genericresult.GenericResult object at 0x7f9ef6418c88>
<video.Video object at 0x7f9ef5b88da0>
<topstory.TopStory object at 0x7f9ef6418390>
<genericresult.GenericResult object at 0x7f9ef64184a8>
<video.Video object at 0x7f9ef5b88f60>
<topstory.TopStory object at 0x7f9ef6418b00>
<genericresult.GenericResult object at 0x7f9ef64188d0>
<video.Video object at 0x7f9ef5b88a20>
<topstory.TopStory object at 0x7f9ef6418fd0>
<genericresult.GenericResult object at 0x7f9ef64183c8>
<video.Video object at 0x7f9ef5b88908>
<topstory.TopStory object at 0x7f9ef6418390>
<genericresult.GenericResult object at 0x7f9ef64183c8>
<video.Video object at 0x7f9ef5b88c18>
<topstory.TopStory object at 0x7f9ef5b88e10>
<genericresult.GenericResult object at 0x7f9ef5b88b70>
<video.Video object at 0x7f9ef5b88f60>
<topstory.TopStory object at 0x7f9ef5b888d0>
<genericresult.GenericResult object at 0x7f9ef5b88c18>
<video.Video object at 0x7f9ef5b88a20>
<topstory.TopStory object at 0x7f9ef5b88a20>
<genericresult.GenericResult object at 0x7f9ef5b88b38>
<video.Video object at 0x7f9ef5b88fd0>
<topstory.TopStory object at 0x7f9ef6418518>
<genericresult.GenericResult object at 0x7f9ef64188d0>
<video.Video object at 0x7f9ef5b88da0>
<topstory.TopStory object at 0x7f9ef6418b00>
<genericresult.GenericResult object at 0x7f9ef64188d0>
<video.Video object at 0x7f9ef5b88400>
<topstory.TopStory object at 0x7f9ef6418c88>
<genericresult.GenericResult object at 0x7f9ef6418278>
<video.Video object at 0x7f9ef5b88f60>
<topstory.TopStory object at 0x7f9ef6418dd8>
<genericresult.GenericResult object at 0x7f9ef6418b00>
<video.Video object at 0x7f9ef5b889b0>
<topstory.TopStory object at 0x7f9ef64183c8>
<genericresult.GenericResult object at 0x7f9ef6418390>
<video.Video object at 0x7f9ef5b888d0>
Pesquisando os atores: Eleições 2018, Lugar de votação, Candidatos a Presidente, Lula, Bolsonaro, Haddad, Marina Silva, Alckmin, Ciro Gomes, João Amoedo, Álvaro Dias, Cabo Daciolo, Boulos
<topstory.TopStory object at 0x7f9ef5ba3780>
<genericresult.GenericResult object at 0x7f9ef5ba35c0>
<video.Video object at 0x7f9ef5ba3128>
<topstory.TopStory object at 0x7f9ef5b88e80>
<genericresult.GenericResult object at 0x7f9ef5ba36d8>
<video.Video object at 0x7f9ef5ba3550>
<topstory.TopStory object at 0x7f9ef5b88f28>
<genericresult.GenericResult object at 0x7f9ef5ba3160>
<video.Video object at 0x7f9ef5ba3438>
<topstory.TopStory object at 0x7f9ef5b88d30>
<genericresult.GenericResult object at 0x7f9ef5ba3898>
<video.Video object at 0x7f9ef5ba3940>
<topstory.TopStory object at 0x7f9ef5b88e80>
<genericresult.GenericResult object at 0x7f9ef5ba3438>
<video.Video object at 0x7f9ef5ba34a8>
<topstory.TopStory object at 0x7f9ef5b88f28>
<genericresult.GenericResult object at 0x7f9ef5ba3c50>
<video.Video object at 0x7f9ef5ba3208>
<topstory.TopStory object at 0x7f9ef5b88d30>
<genericresult.GenericResult object at 0x7f9ef5ba3860>
<video.Video object at 0x7f9ef5ba3c88>
<topstory.TopStory object at 0x7f9ef5b88e80>
<genericresult.GenericResult object at 0x7f9ef5ba3320>
<video.Video object at 0x7f9ef5ba3898>
<topstory.TopStory object at 0x7f9ef5b88f28>
<genericresult.GenericResult object at 0x7f9ef5ba3c88>
<video.Video object at 0x7f9ef5ba3b38>
<topstory.TopStory object at 0x7f9ef5b88d30>
<genericresult.GenericResult object at 0x7f9ef5ba3978>
<video.Video object at 0x7f9ef5ba3550>
<topstory.TopStory object at 0x7f9ef5b88e80>
<genericresult.GenericResult object at 0x7f9ef5ba34e0>
<video.Video object at 0x7f9ef5ba3c18>
<topstory.TopStory object at 0x7f9ef5b88f28>
<genericresult.GenericResult object at 0x7f9ef5ba3550>
<video.Video object at 0x7f9ef5ba30b8>
<topstory.TopStory object at 0x7f9ef5b88d30>
<genericresult.GenericResult object at 0x7f9ef5ba3c18>
<video.Video object at 0x7f9ef5ba3518>
Pesquisando os atores: Eleições 2018, Lugar de votação, Candidatos a Presidente, Lula, Bolsonaro, Haddad, Marina Silva, Alckmin, Ciro Gomes, João Amoedo, Álvaro Dias, Cabo Daciolo, Boulos
<topstory.TopStory object at 0x7f9ef6418dd8>
<genericresult.GenericResult object at 0x7f9ef5b88390>
<video.Video object at 0x7f9ef5ba3470>
<topstory.TopStory object at 0x7f9ef63ffe10>
<genericresult.GenericResult object at 0x7f9ef5b88b70>
<video.Video object at 0x7f9ef5ba3470>
<topstory.TopStory object at 0x7f9ef6418dd8>
<genericresult.GenericResult object at 0x7f9ef5b88b38>
<video.Video object at 0x7f9ef5ba3588>
<topstory.TopStory object at 0x7f9ef63ffe10>
<genericresult.GenericResult object at 0x7f9ef5b88b70>
<video.Video object at 0x7f9ef5ba30b8>
<topstory.TopStory object at 0x7f9ef6418dd8>
<genericresult.GenericResult object at 0x7f9ef5b88b38>
<video.Video object at 0x7f9ef5ba3dd8>
<topstory.TopStory object at 0x7f9ef63ffe10>
<genericresult.GenericResult object at 0x7f9ef5b88b70>
<video.Video object at 0x7f9ef5ba3f60>
<topstory.TopStory object at 0x7f9ef6418dd8>
<genericresult.GenericResult object at 0x7f9ef5b88b38>
<video.Video object at 0x7f9ef5ba3198>
<topstory.TopStory object at 0x7f9ef63ffe10>
<genericresult.GenericResult object at 0x7f9ef5b88b70>
<video.Video object at 0x7f9ef5ba3a20>
<topstory.TopStory object at 0x7f9ef6418dd8>
<genericresult.GenericResult object at 0x7f9ef5b88b38>
<video.Video object at 0x7f9ef5ba3b38>
<topstory.TopStory object at 0x7f9ef63ffe10>
<genericresult.GenericResult object at 0x7f9ef5b88b70>
<video.Video object at 0x7f9ef5ba3e10>
<topstory.TopStory object at 0x7f9ef6418dd8>
<genericresult.GenericResult object at 0x7f9ef5b88b38>
<video.Video object at 0x7f9ef5ba3588>
Traceback (most recent call last):
  File "/home/ibpad-005023/Documentos/Observatorio-google/roda_pesquisas.py", line 93, in <module>
    main()
  File "/home/ibpad-005023/Documentos/Observatorio-google/roda_pesquisas.py", line 84, in main
    google_html = google_search(driver, busca)
  File "/home/ibpad-005023/Documentos/Observatorio-google/roda_pesquisas.py", line 25, in google_search
    driver.get(base_link + query)
  File "/home/ibpad-005023/Documentos/Observatorio-google/venv/lib/python3.6/site-packages/selenium/webdriver/remote/webdriver.py", line 326, in get
    self.execute(Command.GET, {'url': url})
  File "/home/ibpad-005023/Documentos/Observatorio-google/venv/lib/python3.6/site-packages/selenium/webdriver/remote/webdriver.py", line 314, in execute
    self.error_handler.check_response(response)
  File "/home/ibpad-005023/Documentos/Observatorio-google/venv/lib/python3.6/site-packages/selenium/webdriver/remote/errorhandler.py", line 242, in check_response
    raise exception_class(message, screen, stacktrace)
selenium.common.exceptions.TimeoutException: Message: Timeout loading page after 300000ms

