Pesquisando os atores: Eleições 2018, Lugar de votação, Candidatos a Presidente, Lula, Bolsonaro, Haddad, Marina Silva, Alckmin, Ciro Gomes, João Amoedo, Álvaro Dias, Cabo Daciolo, Boulos
<topstory.TopStory object at 0x7f93e2b00b00>
<genericresult.GenericResult object at 0x7f93e2b00c88>
<video.Video object at 0x7f93e2b00cf8>
<topstory.TopStory object at 0x7f93e3e2fda0>
<genericresult.GenericResult object at 0x7f93e2b00fd0>
<video.Video object at 0x7f93e2b00978>
<topstory.TopStory object at 0x7f93e6aba438>
<genericresult.GenericResult object at 0x7f93e2b00da0>
<video.Video object at 0x7f93e2b002e8>
<topstory.TopStory object at 0x7f93e3e2fda0>
<genericresult.GenericResult object at 0x7f93e2b00d68>
<video.Video object at 0x7f93e2b00eb8>
<topstory.TopStory object at 0x7f93e6aba438>
<genericresult.GenericResult object at 0x7f93e2b002e8>
<video.Video object at 0x7f93e2b00f60>
<topstory.TopStory object at 0x7f93e3e2fda0>
<genericresult.GenericResult object at 0x7f93e2b00ef0>
<video.Video object at 0x7f93e2b00c88>
<topstory.TopStory object at 0x7f93e6aba438>
<genericresult.GenericResult object at 0x7f93e2b00cf8>
<video.Video object at 0x7f93e2b00b70>
<topstory.TopStory object at 0x7f93e3e2fda0>
<genericresult.GenericResult object at 0x7f93e2b00f98>
<video.Video object at 0x7f93e2b00828>
<topstory.TopStory object at 0x7f93e6aba438>
<genericresult.GenericResult object at 0x7f93e2b00b00>
<video.Video object at 0x7f93e2b00fd0>
Traceback (most recent call last):
  File "/home/ibpad-005023/Documentos/Observatorio-google/roda_pesquisas.py", line 93, in <module>
    main()
  File "/home/ibpad-005023/Documentos/Observatorio-google/roda_pesquisas.py", line 84, in main
    google_html = google_search(driver, busca)
  File "/home/ibpad-005023/Documentos/Observatorio-google/roda_pesquisas.py", line 24, in google_search
    driver.get("https://www.google.com")
  File "/home/ibpad-005023/Documentos/Observatorio-google/venv/lib/python3.6/site-packages/selenium/webdriver/remote/webdriver.py", line 326, in get
    self.execute(Command.GET, {'url': url})
  File "/home/ibpad-005023/Documentos/Observatorio-google/venv/lib/python3.6/site-packages/selenium/webdriver/remote/webdriver.py", line 314, in execute
    self.error_handler.check_response(response)
  File "/home/ibpad-005023/Documentos/Observatorio-google/venv/lib/python3.6/site-packages/selenium/webdriver/remote/errorhandler.py", line 242, in check_response
    raise exception_class(message, screen, stacktrace)
selenium.common.exceptions.TimeoutException: Message: Timeout loading page after 300000ms

