Pesquisando os atores: Eleições 2018, Lugar de votação, Candidatos a Presidente, Lula, Bolsonaro, Haddad, Marina Silva, Alckmin, Ciro Gomes, João Amoedo, Álvaro Dias, Cabo Daciolo, Boulos
<topstory.TopStory object at 0x7f99640f6b00>
<genericresult.GenericResult object at 0x7f99640f6c88>
<video.Video object at 0x7f99640f6cf8>
<topstory.TopStory object at 0x7f9965425da0>
<genericresult.GenericResult object at 0x7f99640f6fd0>
<video.Video object at 0x7f99640f6978>
<topstory.TopStory object at 0x7f99680b0438>
<genericresult.GenericResult object at 0x7f99640f6da0>
<video.Video object at 0x7f99640f6828>
<topstory.TopStory object at 0x7f9965425da0>
<genericresult.GenericResult object at 0x7f99640f6860>
<video.Video object at 0x7f99640f62e8>
<topstory.TopStory object at 0x7f99680b0438>
<genericresult.GenericResult object at 0x7f99640f6978>
<video.Video object at 0x7f99640f6ba8>
<topstory.TopStory object at 0x7f9965425da0>
<genericresult.GenericResult object at 0x7f99640f6e80>
<video.Video object at 0x7f99640f6fd0>
<topstory.TopStory object at 0x7f99680b0438>
<genericresult.GenericResult object at 0x7f99640f6860>
<video.Video object at 0x7f99640f6b70>
<topstory.TopStory object at 0x7f9965425da0>
<genericresult.GenericResult object at 0x7f99640f6da0>
<video.Video object at 0x7f99640f6f98>
<topstory.TopStory object at 0x7f99680b0438>
<genericresult.GenericResult object at 0x7f99640f6c88>
<video.Video object at 0x7f99640f6ba8>
<topstory.TopStory object at 0x7f9965425da0>
<genericresult.GenericResult object at 0x7f99640f6cf8>
<video.Video object at 0x7f99640f6eb8>
<topstory.TopStory object at 0x7f99680b0438>
<genericresult.GenericResult object at 0x7f99640f6860>
<video.Video object at 0x7f99640f6828>
<topstory.TopStory object at 0x7f9965425da0>
<genericresult.GenericResult object at 0x7f99640f6978>
<video.Video object at 0x7f99640f6860>
<topstory.TopStory object at 0x7f99680b0438>
<genericresult.GenericResult object at 0x7f99640f6828>
<video.Video object at 0x7f99640f6f60>
Pesquisando os atores: Eleições 2018, Lugar de votação, Candidatos a Presidente, Lula, Bolsonaro, Haddad, Marina Silva, Alckmin, Ciro Gomes, João Amoedo, Álvaro Dias, Cabo Daciolo, Boulos
<topstory.TopStory object at 0x7f99680b0438>
<genericresult.GenericResult object at 0x7f99640f6be0>
<video.Video object at 0x7f9963866860>
<topstory.TopStory object at 0x7f99640f6390>
<genericresult.GenericResult object at 0x7f99640f64a8>
<video.Video object at 0x7f9963866eb8>
Traceback (most recent call last):
  File "/home/ibpad-005023/Documentos/Observatorio-google/roda_pesquisas.py", line 93, in <module>
    main()
  File "/home/ibpad-005023/Documentos/Observatorio-google/roda_pesquisas.py", line 84, in main
    google_html = google_search(driver, busca)
  File "/home/ibpad-005023/Documentos/Observatorio-google/roda_pesquisas.py", line 25, in google_search
    driver.get(base_link + query)
  File "/home/ibpad-005023/Documentos/Observatorio-google/venv/lib/python3.6/site-packages/selenium/webdriver/remote/webdriver.py", line 326, in get
    self.execute(Command.GET, {'url': url})
  File "/home/ibpad-005023/Documentos/Observatorio-google/venv/lib/python3.6/site-packages/selenium/webdriver/remote/webdriver.py", line 314, in execute
    self.error_handler.check_response(response)
  File "/home/ibpad-005023/Documentos/Observatorio-google/venv/lib/python3.6/site-packages/selenium/webdriver/remote/errorhandler.py", line 242, in check_response
    raise exception_class(message, screen, stacktrace)
selenium.common.exceptions.TimeoutException: Message: Timeout loading page after 300000ms

