Pesquisando os atores: Eleições 2018, Lugar de votação, Candidatos a Presidente, Lula, Bolsonaro, Haddad, Marina Silva, Alckmin, Ciro Gomes, João Amoedo, Álvaro Dias, Cabo Daciolo, Boulos
<topstory.TopStory object at 0x7f46f030bb00>
<genericresult.GenericResult object at 0x7f46f030bc88>
<video.Video object at 0x7f46f030bcf8>
<topstory.TopStory object at 0x7f46f163ada0>
<genericresult.GenericResult object at 0x7f46f030bfd0>
<video.Video object at 0x7f46f030b978>
<topstory.TopStory object at 0x7f46f42c5438>
<genericresult.GenericResult object at 0x7f46f030bda0>
<video.Video object at 0x7f46f030b9b0>
<topstory.TopStory object at 0x7f46f163ada0>
<genericresult.GenericResult object at 0x7f46f030be48>
<video.Video object at 0x7f46f030b978>
<topstory.TopStory object at 0x7f46f42c5438>
<genericresult.GenericResult object at 0x7f46f030bd68>
<video.Video object at 0x7f46f030be48>
<topstory.TopStory object at 0x7f46f163ada0>
<genericresult.GenericResult object at 0x7f46f030b898>
<video.Video object at 0x7f46f030ba90>
<topstory.TopStory object at 0x7f46f42c5438>
<genericresult.GenericResult object at 0x7f46f030b978>
<video.Video object at 0x7f46f030b7f0>
<topstory.TopStory object at 0x7f46f163ada0>
<genericresult.GenericResult object at 0x7f46f030bd68>
<video.Video object at 0x7f46f030bbe0>
<topstory.TopStory object at 0x7f46f42c5438>
<genericresult.GenericResult object at 0x7f46f030b7f0>
<video.Video object at 0x7f46f030b898>
<topstory.TopStory object at 0x7f46f163ada0>
<genericresult.GenericResult object at 0x7f46f030bc88>
<video.Video object at 0x7f46f030bda0>
Traceback (most recent call last):
  File "/home/ibpad-005023/Documentos/Observatorio-google/roda_pesquisas.py", line 93, in <module>
    main()
  File "/home/ibpad-005023/Documentos/Observatorio-google/roda_pesquisas.py", line 84, in main
    google_html = google_search(driver, busca)
  File "/home/ibpad-005023/Documentos/Observatorio-google/roda_pesquisas.py", line 24, in google_search
    driver.get("https://www.google.com")
  File "/home/ibpad-005023/Documentos/Observatorio-google/venv/lib/python3.6/site-packages/selenium/webdriver/remote/webdriver.py", line 326, in get
    self.execute(Command.GET, {'url': url})
  File "/home/ibpad-005023/Documentos/Observatorio-google/venv/lib/python3.6/site-packages/selenium/webdriver/remote/webdriver.py", line 314, in execute
    self.error_handler.check_response(response)
  File "/home/ibpad-005023/Documentos/Observatorio-google/venv/lib/python3.6/site-packages/selenium/webdriver/remote/errorhandler.py", line 242, in check_response
    raise exception_class(message, screen, stacktrace)
selenium.common.exceptions.TimeoutException: Message: Timeout loading page after 300000ms

