Pesquisando os atores: Eleições 2018, Lugar de votação, Candidatos a Presidente, Lula, Bolsonaro, Haddad, Marina Silva, Alckmin, Ciro Gomes, João Amoedo, Álvaro Dias, Cabo Daciolo, Boulos
<topstory.TopStory object at 0x7f518e507b00>
<genericresult.GenericResult object at 0x7f518e507c88>
<video.Video object at 0x7f518e507cf8>
<topstory.TopStory object at 0x7f518f836da0>
<genericresult.GenericResult object at 0x7f518e507fd0>
<video.Video object at 0x7f518e507978>
<topstory.TopStory object at 0x7f51924c1438>
<genericresult.GenericResult object at 0x7f518e507a90>
<video.Video object at 0x7f518e5079b0>
<topstory.TopStory object at 0x7f518f836da0>
<genericresult.GenericResult object at 0x7f518e507eb8>
<video.Video object at 0x7f518e507978>
<topstory.TopStory object at 0x7f51924c1438>
<genericresult.GenericResult object at 0x7f518e5072e8>
<video.Video object at 0x7f518e507eb8>
<topstory.TopStory object at 0x7f518f836da0>
<genericresult.GenericResult object at 0x7f518e507898>
<video.Video object at 0x7f518e507be0>
<topstory.TopStory object at 0x7f51924c1438>
<genericresult.GenericResult object at 0x7f518e507b70>
<video.Video object at 0x7f518e507cf8>
<topstory.TopStory object at 0x7f518f836da0>
<genericresult.GenericResult object at 0x7f518e507828>
<video.Video object at 0x7f518e507eb8>
<topstory.TopStory object at 0x7f51924c1438>
<genericresult.GenericResult object at 0x7f518e507fd0>
<video.Video object at 0x7f518e507898>
<topstory.TopStory object at 0x7f518f836da0>
<genericresult.GenericResult object at 0x7f518e507e48>
<video.Video object at 0x7f518e507f60>
<topstory.TopStory object at 0x7f51924c1438>
<genericresult.GenericResult object at 0x7f518e5079b0>
<video.Video object at 0x7f518e507eb8>
<topstory.TopStory object at 0x7f518f836da0>
<genericresult.GenericResult object at 0x7f518e507b00>
<video.Video object at 0x7f518e5079b0>
<topstory.TopStory object at 0x7f51924c1438>
<genericresult.GenericResult object at 0x7f518e507ba8>
<video.Video object at 0x7f518e507cf8>
Pesquisando os atores: Eleições 2018, Lugar de votação, Candidatos a Presidente, Lula, Bolsonaro, Haddad, Marina Silva, Alckmin, Ciro Gomes, João Amoedo, Álvaro Dias, Cabo Daciolo, Boulos
<topstory.TopStory object at 0x7f51924c1438>
<genericresult.GenericResult object at 0x7f518e507898>
<topstory.TopStory object at 0x7f518e507390>
<genericresult.GenericResult object at 0x7f518e5074a8>
<video.Video object at 0x7f518dc77f98>
<topstory.TopStory object at 0x7f518e507da0>
<genericresult.GenericResult object at 0x7f518e5078d0>
<video.Video object at 0x7f518dc77ba8>
<topstory.TopStory object at 0x7f518e507828>
<genericresult.GenericResult object at 0x7f518e5073c8>
<video.Video object at 0x7f518dc77cf8>
<topstory.TopStory object at 0x7f518e507390>
<genericresult.GenericResult object at 0x7f518e507208>
<video.Video object at 0x7f518dc77dd8>
<topstory.TopStory object at 0x7f518dc77fd0>
<genericresult.GenericResult object at 0x7f518dc77f60>
<video.Video object at 0x7f518dc77390>
<topstory.TopStory object at 0x7f518dc77cf8>
<genericresult.GenericResult object at 0x7f518dc77dd8>
<video.Video object at 0x7f518dc77c50>
<topstory.TopStory object at 0x7f518dc77c50>
<genericresult.GenericResult object at 0x7f518dc77400>
<video.Video object at 0x7f518dc77be0>
<topstory.TopStory object at 0x7f518dc77eb8>
<genericresult.GenericResult object at 0x7f518dc77d30>
<video.Video object at 0x7f518dc77c18>
<topstory.TopStory object at 0x7f518dc77a58>
<genericresult.GenericResult object at 0x7f518dc77400>
<video.Video object at 0x7f518dc77c18>
<topstory.TopStory object at 0x7f518dc77f60>
<genericresult.GenericResult object at 0x7f518dc77d30>
<video.Video object at 0x7f518dc77a58>
<topstory.TopStory object at 0x7f518dc77a58>
<genericresult.GenericResult object at 0x7f518dc77eb8>
<video.Video object at 0x7f518dc77be0>
<topstory.TopStory object at 0x7f518dc77d68>
<genericresult.GenericResult object at 0x7f518dc77dd8>
<video.Video object at 0x7f518dc77be0>
Pesquisando os atores: Eleições 2018, Lugar de votação, Candidatos a Presidente, Lula, Bolsonaro, Haddad, Marina Silva, Alckmin, Ciro Gomes, João Amoedo, Álvaro Dias, Cabo Daciolo, Boulos
<topstory.TopStory object at 0x7f518dc91780>
<genericresult.GenericResult object at 0x7f518dc915c0>
<topstory.TopStory object at 0x7f518dc77ef0>
<genericresult.GenericResult object at 0x7f518dc916d8>
<video.Video object at 0x7f518dc91240>
<topstory.TopStory object at 0x7f518dc77780>
<genericresult.GenericResult object at 0x7f518dc913c8>
<video.Video object at 0x7f518dc91a58>
<topstory.TopStory object at 0x7f518dc77a58>
<genericresult.GenericResult object at 0x7f518dc91518>
<video.Video object at 0x7f518dc910f0>
<topstory.TopStory object at 0x7f518dc77fd0>
<genericresult.GenericResult object at 0x7f518dc91b00>
<video.Video object at 0x7f518dc91ba8>
<topstory.TopStory object at 0x7f518dc77ef0>
<genericresult.GenericResult object at 0x7f518dc910f0>
<video.Video object at 0x7f518dc91630>
<topstory.TopStory object at 0x7f518dc77780>
<genericresult.GenericResult object at 0x7f518dc91a58>
<video.Video object at 0x7f518dc912b0>
<topstory.TopStory object at 0x7f518dc77a58>
<genericresult.GenericResult object at 0x7f518dc91b00>
<video.Video object at 0x7f518dc91128>
<topstory.TopStory object at 0x7f518dc77fd0>
<genericresult.GenericResult object at 0x7f518dc91048>
<video.Video object at 0x7f518dc91780>
<topstory.TopStory object at 0x7f518dc77ef0>
<genericresult.GenericResult object at 0x7f518dc91208>
<video.Video object at 0x7f518dc917b8>
<topstory.TopStory object at 0x7f518dc77780>
<genericresult.GenericResult object at 0x7f518dc91748>
<video.Video object at 0x7f518dc91860>
<topstory.TopStory object at 0x7f518dc77a58>
<genericresult.GenericResult object at 0x7f518dc917b8>
<video.Video object at 0x7f518dc912b0>
<topstory.TopStory object at 0x7f518dc77fd0>
<genericresult.GenericResult object at 0x7f518dc91860>
<video.Video object at 0x7f518dc91898>
Traceback (most recent call last):
  File "/home/ibpad-005023/Documentos/Observatorio-google/roda_pesquisas.py", line 93, in <module>
    main()
  File "/home/ibpad-005023/Documentos/Observatorio-google/roda_pesquisas.py", line 81, in main
    gmail_sign_in(driver, profile)
  File "/home/ibpad-005023/Documentos/Observatorio-google/roda_pesquisas.py", line 42, in gmail_sign_in
    passw = driver.find_element_by_name("password")
  File "/home/ibpad-005023/Documentos/Observatorio-google/venv/lib/python3.6/site-packages/selenium/webdriver/remote/webdriver.py", line 489, in find_element_by_name
    return self.find_element(by=By.NAME, value=name)
  File "/home/ibpad-005023/Documentos/Observatorio-google/venv/lib/python3.6/site-packages/selenium/webdriver/remote/webdriver.py", line 957, in find_element
    'value': value})['value']
  File "/home/ibpad-005023/Documentos/Observatorio-google/venv/lib/python3.6/site-packages/selenium/webdriver/remote/webdriver.py", line 314, in execute
    self.error_handler.check_response(response)
  File "/home/ibpad-005023/Documentos/Observatorio-google/venv/lib/python3.6/site-packages/selenium/webdriver/remote/errorhandler.py", line 242, in check_response
    raise exception_class(message, screen, stacktrace)
selenium.common.exceptions.NoSuchElementException: Message: Unable to locate element: [name="password"]

