Pesquisando os atores: Eleições 2018, Lugar de votação, Candidatos a Presidente, Lula, Bolsonaro, Haddad, Marina Silva, Alckmin, Ciro Gomes, João Amoedo, Álvaro Dias, Cabo Daciolo, Boulos
<topstory.TopStory object at 0x7f4b3bb82b00>
<genericresult.GenericResult object at 0x7f4b3bb82c88>
<video.Video object at 0x7f4b3bb82cf8>
<topstory.TopStory object at 0x7f4b3ceb1da0>
<genericresult.GenericResult object at 0x7f4b3bb82fd0>
<video.Video object at 0x7f4b3bb82978>
<topstory.TopStory object at 0x7f4b3fb3c438>
<genericresult.GenericResult object at 0x7f4b3bb82e80>
<video.Video object at 0x7f4b3bb822e8>
<topstory.TopStory object at 0x7f4b3ceb1da0>
<genericresult.GenericResult object at 0x7f4b3bb82eb8>
<video.Video object at 0x7f4b3bb82cf8>
<topstory.TopStory object at 0x7f4b3fb3c438>
<genericresult.GenericResult object at 0x7f4b3bb822e8>
<video.Video object at 0x7f4b3bb82f60>
<topstory.TopStory object at 0x7f4b3ceb1da0>
<genericresult.GenericResult object at 0x7f4b3bb82828>
<video.Video object at 0x7f4b3bb829b0>
<topstory.TopStory object at 0x7f4b3fb3c438>
<genericresult.GenericResult object at 0x7f4b3bb82eb8>
<video.Video object at 0x7f4b3bb82b00>
<topstory.TopStory object at 0x7f4b3ceb1da0>
<genericresult.GenericResult object at 0x7f4b3bb82ef0>
<video.Video object at 0x7f4b3bb82978>
<topstory.TopStory object at 0x7f4b3fb3c438>
<genericresult.GenericResult object at 0x7f4b3bb82c88>
<video.Video object at 0x7f4b3bb82e10>
<topstory.TopStory object at 0x7f4b3ceb1da0>
<genericresult.GenericResult object at 0x7f4b3bb82d68>
<video.Video object at 0x7f4b3bb82b00>
<topstory.TopStory object at 0x7f4b3fb3c438>
<genericresult.GenericResult object at 0x7f4b3bb82828>
<video.Video object at 0x7f4b3bb822e8>
<topstory.TopStory object at 0x7f4b3ceb1da0>
<genericresult.GenericResult object at 0x7f4b3bb82b00>
<video.Video object at 0x7f4b3bb82828>
<topstory.TopStory object at 0x7f4b3fb3c438>
<genericresult.GenericResult object at 0x7f4b3bb822e8>
<video.Video object at 0x7f4b3bb82fd0>
Pesquisando os atores: Eleições 2018, Lugar de votação, Candidatos a Presidente, Lula, Bolsonaro, Haddad, Marina Silva, Alckmin, Ciro Gomes, João Amoedo, Álvaro Dias, Cabo Daciolo, Boulos
<topstory.TopStory object at 0x7f4b3fb3c438>
<genericresult.GenericResult object at 0x7f4b3bb82f60>
<video.Video object at 0x7f4b3b2f2f98>
<topstory.TopStory object at 0x7f4b3bb82390>
<genericresult.GenericResult object at 0x7f4b3bb824a8>
<video.Video object at 0x7f4b3b2f2b70>
<topstory.TopStory object at 0x7f4b3bb82be0>
<genericresult.GenericResult object at 0x7f4b3bb828d0>
<video.Video object at 0x7f4b3b2f29e8>
<topstory.TopStory object at 0x7f4b3bb829b0>
<genericresult.GenericResult object at 0x7f4b3bb823c8>
<video.Video object at 0x7f4b3b2f2a20>
<topstory.TopStory object at 0x7f4b3bb82390>
<genericresult.GenericResult object at 0x7f4b3bb823c8>
<video.Video object at 0x7f4b3b2f2fd0>
<topstory.TopStory object at 0x7f4b3b2f2c50>
<genericresult.GenericResult object at 0x7f4b3b2f2c88>
<video.Video object at 0x7f4b3b2f2c18>
<topstory.TopStory object at 0x7f4b3b2f2d68>
<genericresult.GenericResult object at 0x7f4b3b2f2fd0>
<video.Video object at 0x7f4b3b2f2a58>
<topstory.TopStory object at 0x7f4b3b2f2a58>
<genericresult.GenericResult object at 0x7f4b3b2f29b0>
<video.Video object at 0x7f4b3b2f2860>
<topstory.TopStory object at 0x7f4b3bb82518>
<genericresult.GenericResult object at 0x7f4b3bb828d0>
<video.Video object at 0x7f4b3b2f2b70>
<topstory.TopStory object at 0x7f4b3bb82908>
<genericresult.GenericResult object at 0x7f4b3bb82160>
<video.Video object at 0x7f4b3b2f2c50>
<topstory.TopStory object at 0x7f4b3bb82208>
<genericresult.GenericResult object at 0x7f4b3bb82160>
<video.Video object at 0x7f4b3b2f29b0>
<topstory.TopStory object at 0x7f4b3bb82dd8>
<genericresult.GenericResult object at 0x7f4b3bb82be0>
<video.Video object at 0x7f4b3b2f2b38>
<topstory.TopStory object at 0x7f4b3bb829b0>
<genericresult.GenericResult object at 0x7f4b3bb82208>
Pesquisando os atores: Eleições 2018, Lugar de votação, Candidatos a Presidente, Lula, Bolsonaro, Haddad, Marina Silva, Alckmin, Ciro Gomes, João Amoedo, Álvaro Dias, Cabo Daciolo, Boulos
<topstory.TopStory object at 0x7f4b3b2f2d30>
<genericresult.GenericResult object at 0x7f4b3b30b550>
<video.Video object at 0x7f4b3b30b780>
<topstory.TopStory object at 0x7f4b3b2f2400>
<genericresult.GenericResult object at 0x7f4b3b30b5c0>
<video.Video object at 0x7f4b3b30b320>
<topstory.TopStory object at 0x7f4b3b2f2a58>
<genericresult.GenericResult object at 0x7f4b3b30b898>
<video.Video object at 0x7f4b3b30b9e8>
<topstory.TopStory object at 0x7f4b3b2f2d30>
<genericresult.GenericResult object at 0x7f4b3b3111d0>
<video.Video object at 0x7f4b3b311518>
<topstory.TopStory object at 0x7f4b3b2f2f98>
<genericresult.GenericResult object at 0x7f4b3b311390>
<video.Video object at 0x7f4b3b3119b0>
<topstory.TopStory object at 0x7f4b3b2f2400>
<genericresult.GenericResult object at 0x7f4b3b3118d0>
<video.Video object at 0x7f4b3b311710>
<topstory.TopStory object at 0x7f4b3b2f2a58>
<genericresult.GenericResult object at 0x7f4b3b311128>
<video.Video object at 0x7f4b3b3113c8>
<topstory.TopStory object at 0x7f4b3b2f2d30>
<genericresult.GenericResult object at 0x7f4b3b311a58>
<video.Video object at 0x7f4b3b311b38>
<topstory.TopStory object at 0x7f4b3b2f2f98>
<genericresult.GenericResult object at 0x7f4b3b311828>
<video.Video object at 0x7f4b3b311588>
<topstory.TopStory object at 0x7f4b3b2f2400>
<genericresult.GenericResult object at 0x7f4b3b311ac8>
<video.Video object at 0x7f4b3b311438>
<topstory.TopStory object at 0x7f4b3b2f2a58>
<genericresult.GenericResult object at 0x7f4b3b311710>
<video.Video object at 0x7f4b3b311240>
<topstory.TopStory object at 0x7f4b3b2f2d30>
<genericresult.GenericResult object at 0x7f4b3b3121d0>
<video.Video object at 0x7f4b3b3127f0>
<topstory.TopStory object at 0x7f4b3b2f2f98>
<genericresult.GenericResult object at 0x7f4b3b312390>
Pesquisando os atores: Eleições 2018, Lugar de votação, Candidatos a Presidente, Lula, Bolsonaro, Haddad, Marina Silva, Alckmin, Ciro Gomes, João Amoedo, Álvaro Dias, Cabo Daciolo, Boulos
<topstory.TopStory object at 0x7f4b3b2f2cf8>
<genericresult.GenericResult object at 0x7f4b3b2f29e8>
<video.Video object at 0x7f4b3b3126a0>
<topstory.TopStory object at 0x7f4b3b2f2ef0>
<genericresult.GenericResult object at 0x7f4b3b2f2b38>
<video.Video object at 0x7f4b3b312a20>
<topstory.TopStory object at 0x7f4b3b2f29e8>
<genericresult.GenericResult object at 0x7f4b3b2f2ef0>
<video.Video object at 0x7f4b3b312cf8>
<topstory.TopStory object at 0x7f4b3b2f2cf8>
<genericresult.GenericResult object at 0x7f4b3b2f29e8>
<video.Video object at 0x7f4b3b312f60>
<topstory.TopStory object at 0x7f4b3b2f2908>
<genericresult.GenericResult object at 0x7f4b3b2f2cf8>
<video.Video object at 0x7f4b3b3129b0>
<topstory.TopStory object at 0x7f4b3b2f2fd0>
<genericresult.GenericResult object at 0x7f4b3b2f2908>
<video.Video object at 0x7f4b3b312eb8>
<topstory.TopStory object at 0x7f4b3b2f29b0>
<genericresult.GenericResult object at 0x7f4b3b2f2fd0>
<video.Video object at 0x7f4b3b312d30>
<topstory.TopStory object at 0x7f4b3b2f2b38>
<genericresult.GenericResult object at 0x7f4b3b2f29b0>
<video.Video object at 0x7f4b3b3128d0>
<topstory.TopStory object at 0x7f4b3b2f2ef0>
<genericresult.GenericResult object at 0x7f4b3b2f2b38>
<video.Video object at 0x7f4b3b312550>
<topstory.TopStory object at 0x7f4b3b2f29e8>
<genericresult.GenericResult object at 0x7f4b3b2f2ef0>
<video.Video object at 0x7f4b3b312240>
<topstory.TopStory object at 0x7f4b3b2f2cf8>
<genericresult.GenericResult object at 0x7f4b3b2f29e8>
<video.Video object at 0x7f4b3b312438>
Traceback (most recent call last):
  File "/home/ibpad-005023/Documentos/Observatorio-google/roda_pesquisas.py", line 93, in <module>
    main()
  File "/home/ibpad-005023/Documentos/Observatorio-google/roda_pesquisas.py", line 84, in main
    google_html = google_search(driver, busca)
  File "/home/ibpad-005023/Documentos/Observatorio-google/roda_pesquisas.py", line 25, in google_search
    driver.get(base_link + query)
  File "/home/ibpad-005023/Documentos/Observatorio-google/venv/lib/python3.6/site-packages/selenium/webdriver/remote/webdriver.py", line 326, in get
    self.execute(Command.GET, {'url': url})
  File "/home/ibpad-005023/Documentos/Observatorio-google/venv/lib/python3.6/site-packages/selenium/webdriver/remote/webdriver.py", line 314, in execute
    self.error_handler.check_response(response)
  File "/home/ibpad-005023/Documentos/Observatorio-google/venv/lib/python3.6/site-packages/selenium/webdriver/remote/errorhandler.py", line 242, in check_response
    raise exception_class(message, screen, stacktrace)
selenium.common.exceptions.TimeoutException: Message: Timeout loading page after 300000ms

