Pesquisando os atores: Eleições 2018, Lugar de votação, Candidatos a Presidente, Lula, Bolsonaro, Haddad, Marina Silva, Alckmin, Ciro Gomes, João Amoedo, Álvaro Dias, Cabo Daciolo, Boulos
<topstory.TopStory object at 0x7f4da6282a90>
<genericresult.GenericResult object at 0x7f4da6282fd0>
<video.Video object at 0x7f4da62827f0>
<topstory.TopStory object at 0x7f4da75b1d30>
<genericresult.GenericResult object at 0x7f4da6282f60>
<video.Video object at 0x7f4da6282a90>
<topstory.TopStory object at 0x7f4daa23c438>
<genericresult.GenericResult object at 0x7f4da6282b00>
<video.Video object at 0x7f4da6282ef0>
<topstory.TopStory object at 0x7f4da75b1d30>
<genericresult.GenericResult object at 0x7f4da6282a58>
<video.Video object at 0x7f4da6282b00>
<topstory.TopStory object at 0x7f4daa23c438>
<genericresult.GenericResult object at 0x7f4da6282ef0>
<video.Video object at 0x7f4da62827f0>
<topstory.TopStory object at 0x7f4da75b1d30>
<genericresult.GenericResult object at 0x7f4da6282da0>
<video.Video object at 0x7f4da6282e80>
<topstory.TopStory object at 0x7f4daa23c438>
<genericresult.GenericResult object at 0x7f4da6282dd8>
<video.Video object at 0x7f4da6282b70>
<topstory.TopStory object at 0x7f4da75b1d30>
<genericresult.GenericResult object at 0x7f4da6282f28>
<video.Video object at 0x7f4da6282a58>
<topstory.TopStory object at 0x7f4daa23c438>
<genericresult.GenericResult object at 0x7f4da6282b38>
<video.Video object at 0x7f4da6282a90>
Traceback (most recent call last):
  File "/home/ibpad-005023/Documentos/Observatorio-google/roda_pesquisas.py", line 93, in <module>
    main()
  File "/home/ibpad-005023/Documentos/Observatorio-google/roda_pesquisas.py", line 84, in main
    google_html = google_search(driver, busca)
  File "/home/ibpad-005023/Documentos/Observatorio-google/roda_pesquisas.py", line 25, in google_search
    driver.get(base_link + query)
  File "/home/ibpad-005023/Documentos/Observatorio-google/venv/lib/python3.6/site-packages/selenium/webdriver/remote/webdriver.py", line 326, in get
    self.execute(Command.GET, {'url': url})
  File "/home/ibpad-005023/Documentos/Observatorio-google/venv/lib/python3.6/site-packages/selenium/webdriver/remote/webdriver.py", line 314, in execute
    self.error_handler.check_response(response)
  File "/home/ibpad-005023/Documentos/Observatorio-google/venv/lib/python3.6/site-packages/selenium/webdriver/remote/errorhandler.py", line 242, in check_response
    raise exception_class(message, screen, stacktrace)
selenium.common.exceptions.TimeoutException: Message: Timeout loading page after 300000ms

