Pesquisando os atores: Eleições 2018, Lugar de votação, Candidatos a Presidente, Lula, Bolsonaro, Haddad, Marina Silva, Alckmin, Ciro Gomes, João Amoedo, Álvaro Dias, Cabo Daciolo, Boulos
<topstory.TopStory object at 0x7f52bf4c2b00>
<genericresult.GenericResult object at 0x7f52bf4c2c88>
<video.Video object at 0x7f52bf4c2cf8>
<topstory.TopStory object at 0x7f52c07f1da0>
<genericresult.GenericResult object at 0x7f52bf4c2fd0>
<video.Video object at 0x7f52bf4c2978>
<topstory.TopStory object at 0x7f52c347c438>
<genericresult.GenericResult object at 0x7f52bf4c2da0>
<video.Video object at 0x7f52bf4c29b0>
<topstory.TopStory object at 0x7f52c07f1da0>
<genericresult.GenericResult object at 0x7f52bf4c2978>
<video.Video object at 0x7f52bf4c2828>
<topstory.TopStory object at 0x7f52c347c438>
<genericresult.GenericResult object at 0x7f52bf4c2d68>
<video.Video object at 0x7f52bf4c2978>
<topstory.TopStory object at 0x7f52c07f1da0>
<genericresult.GenericResult object at 0x7f52bf4c2898>
<video.Video object at 0x7f52bf4c2b70>
<topstory.TopStory object at 0x7f52c347c438>
<genericresult.GenericResult object at 0x7f52bf4c29b0>
<video.Video object at 0x7f52bf4c2fd0>
<topstory.TopStory object at 0x7f52c07f1da0>
<genericresult.GenericResult object at 0x7f52bf4c2828>
<video.Video object at 0x7f52bf4c2eb8>
<topstory.TopStory object at 0x7f52c347c438>
<genericresult.GenericResult object at 0x7f52bf4c2f60>
<video.Video object at 0x7f52bf4c2898>
<topstory.TopStory object at 0x7f52c07f1da0>
<genericresult.GenericResult object at 0x7f52bf4c2f98>
<video.Video object at 0x7f52bf4c2c18>
<topstory.TopStory object at 0x7f52c347c438>
<genericresult.GenericResult object at 0x7f52bf4c2c88>
<video.Video object at 0x7f52bf4c2978>
<topstory.TopStory object at 0x7f52c07f1da0>
<genericresult.GenericResult object at 0x7f52bf4c2b70>
<video.Video object at 0x7f52bf4c29b0>
<topstory.TopStory object at 0x7f52c347c438>
<genericresult.GenericResult object at 0x7f52bf4c2978>
<video.Video object at 0x7f52bf4c2b70>
Pesquisando os atores: Eleições 2018, Lugar de votação, Candidatos a Presidente, Lula, Bolsonaro, Haddad, Marina Silva, Alckmin, Ciro Gomes, João Amoedo, Álvaro Dias, Cabo Daciolo, Boulos
<topstory.TopStory object at 0x7f52c347c438>
<genericresult.GenericResult object at 0x7f52bf4c2c18>
<video.Video object at 0x7f52bec32ac8>
<topstory.TopStory object at 0x7f52bf4c2390>
<genericresult.GenericResult object at 0x7f52bf4c24a8>
<video.Video object at 0x7f52bec32ba8>
<topstory.TopStory object at 0x7f52bf4c2be0>
<genericresult.GenericResult object at 0x7f52bf4c28d0>
<video.Video object at 0x7f52bec328d0>
<topstory.TopStory object at 0x7f52bf4c2ba8>
<genericresult.GenericResult object at 0x7f52bf4c23c8>
<video.Video object at 0x7f52bec32940>
<topstory.TopStory object at 0x7f52bf4c2390>
<genericresult.GenericResult object at 0x7f52bf4c23c8>
<video.Video object at 0x7f52bec32e48>
<topstory.TopStory object at 0x7f52bec32940>
<genericresult.GenericResult object at 0x7f52bec32c18>
<video.Video object at 0x7f52bec32908>
<topstory.TopStory object at 0x7f52bec32390>
<genericresult.GenericResult object at 0x7f52bec32e48>
<video.Video object at 0x7f52bec32f60>
<topstory.TopStory object at 0x7f52bec32f60>
<genericresult.GenericResult object at 0x7f52bec32eb8>
<video.Video object at 0x7f52bec32e10>
<topstory.TopStory object at 0x7f52bf4c2c88>
<genericresult.GenericResult object at 0x7f52bf4c2ba8>
<video.Video object at 0x7f52bec32e80>
<topstory.TopStory object at 0x7f52bf4c2390>
<genericresult.GenericResult object at 0x7f52bf4c2ba8>
<video.Video object at 0x7f52bec32cc0>
<topstory.TopStory object at 0x7f52bf4c2208>
<genericresult.GenericResult object at 0x7f52bf4c2780>
<video.Video object at 0x7f52bec32908>
<topstory.TopStory object at 0x7f52bf4c28d0>
<genericresult.GenericResult object at 0x7f52bf4c2390>
<video.Video object at 0x7f52bec32780>
<topstory.TopStory object at 0x7f52bf4c2c18>
<genericresult.GenericResult object at 0x7f52bf4c2278>
<video.Video object at 0x7f52bec32c18>
Pesquisando os atores: Eleições 2018, Lugar de votação, Candidatos a Presidente, Lula, Bolsonaro, Haddad, Marina Silva, Alckmin, Ciro Gomes, João Amoedo, Álvaro Dias, Cabo Daciolo, Boulos
<topstory.TopStory object at 0x7f52bec49780>
<genericresult.GenericResult object at 0x7f52bec495c0>
<video.Video object at 0x7f52bec49128>
<topstory.TopStory object at 0x7f52bec32ef0>
<genericresult.GenericResult object at 0x7f52bec496d8>
<video.Video object at 0x7f52bec49400>
Traceback (most recent call last):
  File "/home/ibpad-005023/Documentos/Observatorio-google/roda_pesquisas.py", line 93, in <module>
    main()
  File "/home/ibpad-005023/Documentos/Observatorio-google/roda_pesquisas.py", line 84, in main
    google_html = google_search(driver, busca)
  File "/home/ibpad-005023/Documentos/Observatorio-google/roda_pesquisas.py", line 25, in google_search
    driver.get(base_link + query)
  File "/home/ibpad-005023/Documentos/Observatorio-google/venv/lib/python3.6/site-packages/selenium/webdriver/remote/webdriver.py", line 326, in get
    self.execute(Command.GET, {'url': url})
  File "/home/ibpad-005023/Documentos/Observatorio-google/venv/lib/python3.6/site-packages/selenium/webdriver/remote/webdriver.py", line 314, in execute
    self.error_handler.check_response(response)
  File "/home/ibpad-005023/Documentos/Observatorio-google/venv/lib/python3.6/site-packages/selenium/webdriver/remote/errorhandler.py", line 242, in check_response
    raise exception_class(message, screen, stacktrace)
selenium.common.exceptions.TimeoutException: Message: Timeout loading page after 300000ms

