Pesquisando os atores: Eleições 2018, Lugar de votação, Candidatos a Presidente, Lula, Bolsonaro, Haddad, Marina Silva, Alckmin, Ciro Gomes, João Amoedo, Álvaro Dias, Cabo Daciolo, Boulos
<topstory.TopStory object at 0x7f8490ad2b00>
<genericresult.GenericResult object at 0x7f8490ad2c88>
<video.Video object at 0x7f8490ad2cf8>
<topstory.TopStory object at 0x7f8491e01da0>
<genericresult.GenericResult object at 0x7f8490ad2fd0>
<video.Video object at 0x7f8490ad2978>
<topstory.TopStory object at 0x7f8494a8c438>
<genericresult.GenericResult object at 0x7f8490ad2e10>
<video.Video object at 0x7f8490ad22e8>
<topstory.TopStory object at 0x7f8491e01da0>
<genericresult.GenericResult object at 0x7f8490ad2eb8>
<video.Video object at 0x7f8490ad2898>
<topstory.TopStory object at 0x7f8494a8c438>
<genericresult.GenericResult object at 0x7f8490ad2c18>
<video.Video object at 0x7f8490ad2b70>
<topstory.TopStory object at 0x7f8491e01da0>
<genericresult.GenericResult object at 0x7f8490ad2fd0>
<video.Video object at 0x7f8490ad2e80>
<topstory.TopStory object at 0x7f8494a8c438>
<genericresult.GenericResult object at 0x7f8490ad2f60>
<video.Video object at 0x7f8490ad2eb8>
<topstory.TopStory object at 0x7f8491e01da0>
<genericresult.GenericResult object at 0x7f8490ad2a90>
<video.Video object at 0x7f8490ad2da0>
<topstory.TopStory object at 0x7f8494a8c438>
<genericresult.GenericResult object at 0x7f8490ad2ef0>
<video.Video object at 0x7f8490ad2be0>
<topstory.TopStory object at 0x7f8491e01da0>
<genericresult.GenericResult object at 0x7f8490ad2c88>
<video.Video object at 0x7f8490ad2898>
<topstory.TopStory object at 0x7f8494a8c438>
<genericresult.GenericResult object at 0x7f8490ad29b0>
<video.Video object at 0x7f8490ad2f98>
<topstory.TopStory object at 0x7f8491e01da0>
<genericresult.GenericResult object at 0x7f8490ad2898>
<video.Video object at 0x7f8490ad29b0>
<topstory.TopStory object at 0x7f8494a8c438>
<genericresult.GenericResult object at 0x7f8490ad2f98>
<video.Video object at 0x7f8490ad2e10>
Pesquisando os atores: Eleições 2018, Lugar de votação, Candidatos a Presidente, Lula, Bolsonaro, Haddad, Marina Silva, Alckmin, Ciro Gomes, João Amoedo, Álvaro Dias, Cabo Daciolo, Boulos
<topstory.TopStory object at 0x7f8494a8c438>
<genericresult.GenericResult object at 0x7f8490ad2e80>
<video.Video object at 0x7f8490241f28>
<topstory.TopStory object at 0x7f8490ad2390>
<genericresult.GenericResult object at 0x7f8490ad24a8>
<video.Video object at 0x7f8490241c18>
<topstory.TopStory object at 0x7f8490ad29b0>
<genericresult.GenericResult object at 0x7f8490ad28d0>
<video.Video object at 0x7f8490241f28>
<topstory.TopStory object at 0x7f8490ad22e8>
<genericresult.GenericResult object at 0x7f8490ad23c8>
<video.Video object at 0x7f8490241c18>
<topstory.TopStory object at 0x7f8490ad2390>
<genericresult.GenericResult object at 0x7f8490ad23c8>
<video.Video object at 0x7f8490241b00>
<topstory.TopStory object at 0x7f8490ad2160>
<genericresult.GenericResult object at 0x7f8490ad2278>
<video.Video object at 0x7f8490241d68>
<topstory.TopStory object at 0x7f8490ad2208>
<genericresult.GenericResult object at 0x7f8490ad2390>
<video.Video object at 0x7f8490241c18>
<topstory.TopStory object at 0x7f8490ad2be0>
<genericresult.GenericResult object at 0x7f8490ad2e80>
<video.Video object at 0x7f8490241400>
<topstory.TopStory object at 0x7f8490241e48>
<genericresult.GenericResult object at 0x7f8490241c50>
<video.Video object at 0x7f8490241cf8>
<topstory.TopStory object at 0x7f8490241da0>
<genericresult.GenericResult object at 0x7f8490241b00>
<video.Video object at 0x7f8490241d68>
<topstory.TopStory object at 0x7f8490241f60>
<genericresult.GenericResult object at 0x7f8490241b70>
<video.Video object at 0x7f8490241da0>
<topstory.TopStory object at 0x7f8490241c88>
<genericresult.GenericResult object at 0x7f8490241d30>
<video.Video object at 0x7f8490241c50>
<topstory.TopStory object at 0x7f8490241c50>
<genericresult.GenericResult object at 0x7f8490241be0>
<video.Video object at 0x7f8490241a20>
Pesquisando os atores: Eleições 2018, Lugar de votação, Candidatos a Presidente, Lula, Bolsonaro, Haddad, Marina Silva, Alckmin, Ciro Gomes, João Amoedo, Álvaro Dias, Cabo Daciolo, Boulos
<topstory.TopStory object at 0x7f849025c780>
<genericresult.GenericResult object at 0x7f849025c5c0>
<video.Video object at 0x7f849025c128>
<topstory.TopStory object at 0x7f84902419e8>
<genericresult.GenericResult object at 0x7f849025c6d8>
<video.Video object at 0x7f849025c400>
<topstory.TopStory object at 0x7f8490241e80>
<genericresult.GenericResult object at 0x7f849025c358>
<video.Video object at 0x7f849025c198>
<topstory.TopStory object at 0x7f8490241f28>
<genericresult.GenericResult object at 0x7f849025c400>
<video.Video object at 0x7f849025c748>
<topstory.TopStory object at 0x7f8490241b70>
<genericresult.GenericResult object at 0x7f849025c7f0>
<video.Video object at 0x7f849025c2e8>
<topstory.TopStory object at 0x7f84902419e8>
<genericresult.GenericResult object at 0x7f849025c6d8>
<video.Video object at 0x7f849025c978>
<topstory.TopStory object at 0x7f8490241e80>
<genericresult.GenericResult object at 0x7f849025c320>
<video.Video object at 0x7f849025c4e0>
<topstory.TopStory object at 0x7f8490241f28>
<genericresult.GenericResult object at 0x7f849025c3c8>
<video.Video object at 0x7f849025ca90>
<topstory.TopStory object at 0x7f8490241b70>
<genericresult.GenericResult object at 0x7f849025c4e0>
<video.Video object at 0x7f849025c4a8>
<topstory.TopStory object at 0x7f84902419e8>
<genericresult.GenericResult object at 0x7f849025c550>
<video.Video object at 0x7f849025cc88>
<topstory.TopStory object at 0x7f8490241e80>
<genericresult.GenericResult object at 0x7f849025c0b8>
<video.Video object at 0x7f849025c828>
<topstory.TopStory object at 0x7f8490241f28>
<genericresult.GenericResult object at 0x7f84902651d0>
<video.Video object at 0x7f84902657f0>
<topstory.TopStory object at 0x7f8490241b70>
<genericresult.GenericResult object at 0x7f8490265390>
<video.Video object at 0x7f8490265940>
Pesquisando os atores: Eleições 2018, Lugar de votação, Candidatos a Presidente, Lula, Bolsonaro, Haddad, Marina Silva, Alckmin, Ciro Gomes, João Amoedo, Álvaro Dias, Cabo Daciolo, Boulos
<topstory.TopStory object at 0x7f8490ab9eb8>
<genericresult.GenericResult object at 0x7f84902419b0>
<video.Video object at 0x7f8490265588>
<topstory.TopStory object at 0x7f84902419b0>
<genericresult.GenericResult object at 0x7f8490ab9eb8>
<video.Video object at 0x7f8490265588>
<topstory.TopStory object at 0x7f8490ab9e10>
<genericresult.GenericResult object at 0x7f84902419b0>
<video.Video object at 0x7f8490265cf8>
<topstory.TopStory object at 0x7f8490241a58>
<genericresult.GenericResult object at 0x7f8490ab9e10>
<video.Video object at 0x7f8490265c50>
<topstory.TopStory object at 0x7f8490ab9eb8>
<genericresult.GenericResult object at 0x7f8490241a58>
<video.Video object at 0x7f8490265438>
<topstory.TopStory object at 0x7f8490241e48>
<genericresult.GenericResult object at 0x7f8490ab9eb8>
<video.Video object at 0x7f84902659e8>
<topstory.TopStory object at 0x7f8490ab9e10>
<genericresult.GenericResult object at 0x7f8490241e48>
<video.Video object at 0x7f8490265588>
<topstory.TopStory object at 0x7f8490241860>
<genericresult.GenericResult object at 0x7f8490ab9e10>
<video.Video object at 0x7f8490265e10>
<topstory.TopStory object at 0x7f8490ab9eb8>
<genericresult.GenericResult object at 0x7f8490241860>
<video.Video object at 0x7f84902653c8>
<topstory.TopStory object at 0x7f84902419b0>
<genericresult.GenericResult object at 0x7f8490ab9eb8>
<video.Video object at 0x7f84902650b8>
<topstory.TopStory object at 0x7f8490ab9e10>
<genericresult.GenericResult object at 0x7f84902419b0>
<video.Video object at 0x7f8490265630>
Traceback (most recent call last):
  File "/home/ibpad-005023/Documentos/Observatorio-google/roda_pesquisas.py", line 93, in <module>
    main()
  File "/home/ibpad-005023/Documentos/Observatorio-google/roda_pesquisas.py", line 84, in main
    google_html = google_search(driver, busca)
  File "/home/ibpad-005023/Documentos/Observatorio-google/roda_pesquisas.py", line 24, in google_search
    driver.get("https://www.google.com")
  File "/home/ibpad-005023/Documentos/Observatorio-google/venv/lib/python3.6/site-packages/selenium/webdriver/remote/webdriver.py", line 326, in get
    self.execute(Command.GET, {'url': url})
  File "/home/ibpad-005023/Documentos/Observatorio-google/venv/lib/python3.6/site-packages/selenium/webdriver/remote/webdriver.py", line 314, in execute
    self.error_handler.check_response(response)
  File "/home/ibpad-005023/Documentos/Observatorio-google/venv/lib/python3.6/site-packages/selenium/webdriver/remote/errorhandler.py", line 242, in check_response
    raise exception_class(message, screen, stacktrace)
selenium.common.exceptions.TimeoutException: Message: Timeout loading page after 300000ms

