Pesquisando os atores: Eleições 2018, Lugar de votação, Candidatos a Presidente, Lula, Bolsonaro, Haddad, Marina Silva, Alckmin, Ciro Gomes, João Amoedo, Álvaro Dias, Cabo Daciolo, Boulos
<topstory.TopStory object at 0x7f80acf8fb00>
<genericresult.GenericResult object at 0x7f80acf8fc88>
<video.Video object at 0x7f80acf8fcf8>
<topstory.TopStory object at 0x7f80ae2beda0>
<genericresult.GenericResult object at 0x7f80acf8ffd0>
<video.Video object at 0x7f80acf8fb00>
<topstory.TopStory object at 0x7f80b0f49438>
<genericresult.GenericResult object at 0x7f80acf8fe10>
<video.Video object at 0x7f80acf8f7f0>
<topstory.TopStory object at 0x7f80ae2beda0>
<genericresult.GenericResult object at 0x7f80acf8fd68>
<video.Video object at 0x7f80acf8fe10>
<topstory.TopStory object at 0x7f80b0f49438>
<genericresult.GenericResult object at 0x7f80acf8ff98>
<video.Video object at 0x7f80acf8fc88>
<topstory.TopStory object at 0x7f80ae2beda0>
<genericresult.GenericResult object at 0x7f80acf8ff60>
<video.Video object at 0x7f80acf8fd68>
<topstory.TopStory object at 0x7f80b0f49438>
<genericresult.GenericResult object at 0x7f80acf8ffd0>
<video.Video object at 0x7f80acf8fc18>
<topstory.TopStory object at 0x7f80ae2beda0>
<genericresult.GenericResult object at 0x7f80acf8fb00>
<video.Video object at 0x7f80acf8ffd0>
<topstory.TopStory object at 0x7f80b0f49438>
<genericresult.GenericResult object at 0x7f80acf8fbe0>
<video.Video object at 0x7f80acf8fe10>
<topstory.TopStory object at 0x7f80ae2beda0>
<genericresult.GenericResult object at 0x7f80acf8fb70>
<video.Video object at 0x7f80acf8ff60>
<topstory.TopStory object at 0x7f80b0f49438>
<genericresult.GenericResult object at 0x7f80acf8fcf8>
<video.Video object at 0x7f80acf8f7f0>
<topstory.TopStory object at 0x7f80ae2beda0>
<genericresult.GenericResult object at 0x7f80acf8f898>
<video.Video object at 0x7f80acf8fba8>
<topstory.TopStory object at 0x7f80b0f49438>
<genericresult.GenericResult object at 0x7f80acf8fbe0>
<video.Video object at 0x7f80acf8f898>
Pesquisando os atores: Eleições 2018, Lugar de votação, Candidatos a Presidente, Lula, Bolsonaro, Haddad, Marina Silva, Alckmin, Ciro Gomes, João Amoedo, Álvaro Dias, Cabo Daciolo, Boulos
<topstory.TopStory object at 0x7f80b0f49438>
<genericresult.GenericResult object at 0x7f80acf8f908>
<video.Video object at 0x7f80ac6ff748>
<topstory.TopStory object at 0x7f80acf8f3c8>
<genericresult.GenericResult object at 0x7f80acf8f908>
<video.Video object at 0x7f80ac6ffbe0>
<topstory.TopStory object at 0x7f80acf8fba8>
<genericresult.GenericResult object at 0x7f80acf8f8d0>
<video.Video object at 0x7f80ac6ff7f0>
<topstory.TopStory object at 0x7f80acf8ffd0>
<genericresult.GenericResult object at 0x7f80acf8f208>
<video.Video object at 0x7f80ac6ff7f0>
<topstory.TopStory object at 0x7f80ac6ffb38>
<genericresult.GenericResult object at 0x7f80ac6ffcf8>
<video.Video object at 0x7f80ac6ffa58>
<topstory.TopStory object at 0x7f80acf8f208>
<genericresult.GenericResult object at 0x7f80acf8f8d0>
<video.Video object at 0x7f80ac6ffda0>
<topstory.TopStory object at 0x7f80acf8f160>
<genericresult.GenericResult object at 0x7f80acf8f9b0>
<video.Video object at 0x7f80ac6fff60>
<topstory.TopStory object at 0x7f80acf8f278>
<genericresult.GenericResult object at 0x7f80acf8f390>
<video.Video object at 0x7f80ac6fff60>
<topstory.TopStory object at 0x7f80ac6ffa58>
<genericresult.GenericResult object at 0x7f80ac6ffbe0>
<video.Video object at 0x7f80ac6fff28>
<topstory.TopStory object at 0x7f80ac6fff60>
<genericresult.GenericResult object at 0x7f80ac6ffef0>
<video.Video object at 0x7f80ac6ffcc0>
<topstory.TopStory object at 0x7f80ac6ffa20>
<genericresult.GenericResult object at 0x7f80ac6fff98>
<video.Video object at 0x7f80ac6ff7f0>
<topstory.TopStory object at 0x7f80ac6ff908>
<genericresult.GenericResult object at 0x7f80ac6ff390>
<video.Video object at 0x7f80ac6ffa20>
<topstory.TopStory object at 0x7f80ac6fff60>
<genericresult.GenericResult object at 0x7f80ac6ffd68>
<video.Video object at 0x7f80ac6ffe80>
Pesquisando os atores: Eleições 2018, Lugar de votação, Candidatos a Presidente, Lula, Bolsonaro, Haddad, Marina Silva, Alckmin, Ciro Gomes, João Amoedo, Álvaro Dias, Cabo Daciolo, Boulos
<topstory.TopStory object at 0x7f80ac6ff860>
<genericresult.GenericResult object at 0x7f80ac70f550>
<video.Video object at 0x7f80ac70f518>
<topstory.TopStory object at 0x7f80ac6ffeb8>
<genericresult.GenericResult object at 0x7f80ac70f668>
<video.Video object at 0x7f80ac70f390>
<topstory.TopStory object at 0x7f80ac6ff860>
<genericresult.GenericResult object at 0x7f80ac70f0b8>
<video.Video object at 0x7f80ac70fba8>
<topstory.TopStory object at 0x7f80ac6ffcf8>
<genericresult.GenericResult object at 0x7f80ac70f390>
<video.Video object at 0x7f80ac70f7b8>
<topstory.TopStory object at 0x7f80ac6ffe10>
<genericresult.GenericResult object at 0x7f80ac70f0f0>
<video.Video object at 0x7f80ac70f940>
<topstory.TopStory object at 0x7f80ac6ffeb8>
<genericresult.GenericResult object at 0x7f80ac70f908>
<video.Video object at 0x7f80ac70f160>
<topstory.TopStory object at 0x7f80ac6ff860>
<genericresult.GenericResult object at 0x7f80ac70f9b0>
<video.Video object at 0x7f80ac70fcc0>
<topstory.TopStory object at 0x7f80ac6ffcf8>
<genericresult.GenericResult object at 0x7f80ac71f1d0>
<video.Video object at 0x7f80ac71f7f0>
<topstory.TopStory object at 0x7f80ac6ffe10>
<genericresult.GenericResult object at 0x7f80ac71f390>
<video.Video object at 0x7f80ac71fb38>
<topstory.TopStory object at 0x7f80ac6ffeb8>
<genericresult.GenericResult object at 0x7f80ac71f860>
<video.Video object at 0x7f80ac71f470>
<topstory.TopStory object at 0x7f80ac6ff860>
<genericresult.GenericResult object at 0x7f80ac71f278>
<video.Video object at 0x7f80ac71fb00>
<topstory.TopStory object at 0x7f80ac6ffcf8>
<genericresult.GenericResult object at 0x7f80ac71fb38>
<video.Video object at 0x7f80ac71f2b0>
<topstory.TopStory object at 0x7f80ac6ffe10>
<genericresult.GenericResult object at 0x7f80ac70f1d0>
<video.Video object at 0x7f80ac70f7f0>
Traceback (most recent call last):
  File "/home/ibpad-005023/Documentos/Observatorio-google/roda_pesquisas.py", line 93, in <module>
    main()
  File "/home/ibpad-005023/Documentos/Observatorio-google/roda_pesquisas.py", line 81, in main
    gmail_sign_in(driver, profile)
  File "/home/ibpad-005023/Documentos/Observatorio-google/roda_pesquisas.py", line 32, in gmail_sign_in
    driver.get("http://mail.google.com")
  File "/home/ibpad-005023/Documentos/Observatorio-google/venv/lib/python3.6/site-packages/selenium/webdriver/remote/webdriver.py", line 326, in get
    self.execute(Command.GET, {'url': url})
  File "/home/ibpad-005023/Documentos/Observatorio-google/venv/lib/python3.6/site-packages/selenium/webdriver/remote/webdriver.py", line 314, in execute
    self.error_handler.check_response(response)
  File "/home/ibpad-005023/Documentos/Observatorio-google/venv/lib/python3.6/site-packages/selenium/webdriver/remote/errorhandler.py", line 242, in check_response
    raise exception_class(message, screen, stacktrace)
selenium.common.exceptions.TimeoutException: Message: Timeout loading page after 300000ms

