Pesquisando os atores: Eleições 2018, Lugar de votação, Candidatos a Presidente, Lula, Bolsonaro, Haddad, Marina Silva, Alckmin, Ciro Gomes, João Amoedo, Álvaro Dias, Cabo Daciolo, Boulos
<topstory.TopStory object at 0x7f49dbc01b00>
<genericresult.GenericResult object at 0x7f49dbc01c88>
<video.Video object at 0x7f49dbc01cf8>
<topstory.TopStory object at 0x7f49dcf30da0>
<genericresult.GenericResult object at 0x7f49dbc01fd0>
<video.Video object at 0x7f49dbc01b00>
<topstory.TopStory object at 0x7f49dfbbb438>
<genericresult.GenericResult object at 0x7f49dbc01e80>
<video.Video object at 0x7f49dbc01fd0>
<topstory.TopStory object at 0x7f49dcf30da0>
<genericresult.GenericResult object at 0x7f49dbc01b70>
<video.Video object at 0x7f49dbc01f98>
<topstory.TopStory object at 0x7f49dfbbb438>
<genericresult.GenericResult object at 0x7f49dbc01da0>
<video.Video object at 0x7f49dbc01ef0>
<topstory.TopStory object at 0x7f49dcf30da0>
<genericresult.GenericResult object at 0x7f49dbc01898>
<video.Video object at 0x7f49dbc01d68>
<topstory.TopStory object at 0x7f49dfbbb438>
<genericresult.GenericResult object at 0x7f49dbc01c88>
<video.Video object at 0x7f49dbc01898>
<topstory.TopStory object at 0x7f49dcf30da0>
<genericresult.GenericResult object at 0x7f49dbc01da0>
<video.Video object at 0x7f49dbc01b00>
<topstory.TopStory object at 0x7f49dfbbb438>
<genericresult.GenericResult object at 0x7f49dbc01978>
<video.Video object at 0x7f49dbc012e8>
<topstory.TopStory object at 0x7f49dcf30da0>
<genericresult.GenericResult object at 0x7f49dbc01b70>
<video.Video object at 0x7f49dbc01828>
<topstory.TopStory object at 0x7f49dfbbb438>
<genericresult.GenericResult object at 0x7f49dbc01e80>
<video.Video object at 0x7f49dbc01f98>
<topstory.TopStory object at 0x7f49dcf30da0>
<genericresult.GenericResult object at 0x7f49dbc01898>
<video.Video object at 0x7f49dbc01ef0>
<topstory.TopStory object at 0x7f49dfbbb438>
<genericresult.GenericResult object at 0x7f49dbc01c88>
<video.Video object at 0x7f49dbc01898>
Pesquisando os atores: Eleições 2018, Lugar de votação, Candidatos a Presidente, Lula, Bolsonaro, Haddad, Marina Silva, Alckmin, Ciro Gomes, João Amoedo, Álvaro Dias, Cabo Daciolo, Boulos
<topstory.TopStory object at 0x7f49dfbbb438>
<genericresult.GenericResult object at 0x7f49dbc01908>
<video.Video object at 0x7f49db368eb8>
<topstory.TopStory object at 0x7f49dbc01390>
<genericresult.GenericResult object at 0x7f49dbc01da0>
<video.Video object at 0x7f49db368fd0>
<topstory.TopStory object at 0x7f49dbc01dd8>
<genericresult.GenericResult object at 0x7f49dbc01278>
<video.Video object at 0x7f49db368fd0>
<topstory.TopStory object at 0x7f49dbc018d0>
<genericresult.GenericResult object at 0x7f49dbc01a90>
<video.Video object at 0x7f49db368e10>
<topstory.TopStory object at 0x7f49dbc01e48>
<genericresult.GenericResult object at 0x7f49dbc01160>
<video.Video object at 0x7f49db368fd0>
<topstory.TopStory object at 0x7f49dbc01390>
<genericresult.GenericResult object at 0x7f49dbc01208>
<video.Video object at 0x7f49db368fd0>
<topstory.TopStory object at 0x7f49dbc01dd8>
<genericresult.GenericResult object at 0x7f49dbc01f60>
<video.Video object at 0x7f49db368c50>
<topstory.TopStory object at 0x7f49dbc018d0>
<genericresult.GenericResult object at 0x7f49dbc01f98>
<video.Video object at 0x7f49db368c50>
<topstory.TopStory object at 0x7f49dbc01e48>
<genericresult.GenericResult object at 0x7f49dbc01908>
<video.Video object at 0x7f49db368c50>
<topstory.TopStory object at 0x7f49dbc01390>
<genericresult.GenericResult object at 0x7f49dbc014a8>
<video.Video object at 0x7f49db368588>
<topstory.TopStory object at 0x7f49dbc01dd8>
<genericresult.GenericResult object at 0x7f49dbc01da0>
<video.Video object at 0x7f49db368588>
<topstory.TopStory object at 0x7f49dbc018d0>
<genericresult.GenericResult object at 0x7f49dbc01278>
<video.Video object at 0x7f49db368160>
<topstory.TopStory object at 0x7f49dbc01e48>
<genericresult.GenericResult object at 0x7f49dbc01a90>
<video.Video object at 0x7f49db368160>
Pesquisando os atores: Eleições 2018, Lugar de votação, Candidatos a Presidente, Lula, Bolsonaro, Haddad, Marina Silva, Alckmin, Ciro Gomes, João Amoedo, Álvaro Dias, Cabo Daciolo, Boulos
<topstory.TopStory object at 0x7f49db368da0>
<genericresult.GenericResult object at 0x7f49db38b240>
<video.Video object at 0x7f49db38b7f0>
<topstory.TopStory object at 0x7f49db368d30>
<genericresult.GenericResult object at 0x7f49db368dd8>
<video.Video object at 0x7f49db38b518>
<topstory.TopStory object at 0x7f49db368cf8>
<genericresult.GenericResult object at 0x7f49db368d30>
<video.Video object at 0x7f49db38b4a8>
<topstory.TopStory object at 0x7f49db368048>
<genericresult.GenericResult object at 0x7f49db368cf8>
<video.Video object at 0x7f49db38b1d0>
<topstory.TopStory object at 0x7f49db368da0>
<genericresult.GenericResult object at 0x7f49db368048>
<video.Video object at 0x7f49db38ba58>
<topstory.TopStory object at 0x7f49db368fd0>
<genericresult.GenericResult object at 0x7f49db368da0>
<video.Video object at 0x7f49db38b4e0>
<topstory.TopStory object at 0x7f49db368e48>
<genericresult.GenericResult object at 0x7f49db368fd0>
<video.Video object at 0x7f49db38b4a8>
<topstory.TopStory object at 0x7f49db368dd8>
<genericresult.GenericResult object at 0x7f49db368e48>
<video.Video object at 0x7f49db38bcf8>
<topstory.TopStory object at 0x7f49db368d30>
<genericresult.GenericResult object at 0x7f49db368dd8>
<video.Video object at 0x7f49db38bc50>
<topstory.TopStory object at 0x7f49db368cf8>
<genericresult.GenericResult object at 0x7f49db368d30>
<video.Video object at 0x7f49db38bac8>
<topstory.TopStory object at 0x7f49db368048>
<genericresult.GenericResult object at 0x7f49db368cf8>
<video.Video object at 0x7f49db38b4a8>
<topstory.TopStory object at 0x7f49db368da0>
<genericresult.GenericResult object at 0x7f49db368048>
<video.Video object at 0x7f49db38b898>
<topstory.TopStory object at 0x7f49db368fd0>
<genericresult.GenericResult object at 0x7f49db368da0>
<video.Video object at 0x7f49db38bba8>
Pesquisando os atores: Eleições 2018, Lugar de votação, Candidatos a Presidente, Lula, Bolsonaro, Haddad, Marina Silva, Alckmin, Ciro Gomes, João Amoedo, Álvaro Dias, Cabo Daciolo, Boulos
<topstory.TopStory object at 0x7f49db368f28>
<genericresult.GenericResult object at 0x7f49db3682b0>
<video.Video object at 0x7f49db38b0f0>
<topstory.TopStory object at 0x7f49db368be0>
<genericresult.GenericResult object at 0x7f49db368198>
<video.Video object at 0x7f49db38bcf8>
<topstory.TopStory object at 0x7f49db3682b0>
<genericresult.GenericResult object at 0x7f49db368be0>
<video.Video object at 0x7f49db38b240>
<topstory.TopStory object at 0x7f49db368f28>
<genericresult.GenericResult object at 0x7f49db3682b0>
<video.Video object at 0x7f49db38b4e0>
<topstory.TopStory object at 0x7f49db368320>
<genericresult.GenericResult object at 0x7f49db368f28>
<video.Video object at 0x7f49db38b0f0>
<topstory.TopStory object at 0x7f49db368cc0>
<genericresult.GenericResult object at 0x7f49db368320>
<video.Video object at 0x7f49db38b748>
<topstory.TopStory object at 0x7f49db368eb8>
<genericresult.GenericResult object at 0x7f49db368cc0>
<video.Video object at 0x7f49db38b828>
<topstory.TopStory object at 0x7f49db368198>
<genericresult.GenericResult object at 0x7f49db368eb8>
<video.Video object at 0x7f49db38bbe0>
<topstory.TopStory object at 0x7f49db368be0>
<genericresult.GenericResult object at 0x7f49db368198>
<video.Video object at 0x7f49db38b6d8>
<topstory.TopStory object at 0x7f49db3682b0>
<genericresult.GenericResult object at 0x7f49db368be0>
<video.Video object at 0x7f49db38b390>
<topstory.TopStory object at 0x7f49db368f28>
<genericresult.GenericResult object at 0x7f49db3682b0>
<video.Video object at 0x7f49db38be10>
Traceback (most recent call last):
  File "/home/ibpad-005023/Documentos/Observatorio-google/roda_pesquisas.py", line 93, in <module>
    main()
  File "/home/ibpad-005023/Documentos/Observatorio-google/roda_pesquisas.py", line 84, in main
    google_html = google_search(driver, busca)
  File "/home/ibpad-005023/Documentos/Observatorio-google/roda_pesquisas.py", line 24, in google_search
    driver.get("https://www.google.com")
  File "/home/ibpad-005023/Documentos/Observatorio-google/venv/lib/python3.6/site-packages/selenium/webdriver/remote/webdriver.py", line 326, in get
    self.execute(Command.GET, {'url': url})
  File "/home/ibpad-005023/Documentos/Observatorio-google/venv/lib/python3.6/site-packages/selenium/webdriver/remote/webdriver.py", line 314, in execute
    self.error_handler.check_response(response)
  File "/home/ibpad-005023/Documentos/Observatorio-google/venv/lib/python3.6/site-packages/selenium/webdriver/remote/errorhandler.py", line 242, in check_response
    raise exception_class(message, screen, stacktrace)
selenium.common.exceptions.TimeoutException: Message: Timeout loading page after 300000ms

