Pesquisando os atores: Eleições 2018, Lugar de votação, Candidatos a Presidente, Lula, Bolsonaro, Haddad, Marina Silva, Alckmin, Ciro Gomes, João Amoedo, Álvaro Dias, Cabo Daciolo, Boulos
<topstory.TopStory object at 0x7f6e0002fb00>
<genericresult.GenericResult object at 0x7f6e0002fc88>
<video.Video object at 0x7f6e0002fcf8>
<topstory.TopStory object at 0x7f6e0135eda0>
<genericresult.GenericResult object at 0x7f6e0002ffd0>
<video.Video object at 0x7f6e0002f978>
<topstory.TopStory object at 0x7f6e03fe9438>
<genericresult.GenericResult object at 0x7f6e0002fe10>
<video.Video object at 0x7f6e0002f9b0>
<topstory.TopStory object at 0x7f6e0135eda0>
<genericresult.GenericResult object at 0x7f6e0002feb8>
<video.Video object at 0x7f6e0002f978>
<topstory.TopStory object at 0x7f6e03fe9438>
<genericresult.GenericResult object at 0x7f6e0002f828>
<video.Video object at 0x7f6e0002feb8>
<topstory.TopStory object at 0x7f6e0135eda0>
<genericresult.GenericResult object at 0x7f6e0002f898>
<video.Video object at 0x7f6e0002fc18>
<topstory.TopStory object at 0x7f6e03fe9438>
<genericresult.GenericResult object at 0x7f6e0002ff98>
<video.Video object at 0x7f6e0002f9b0>
<topstory.TopStory object at 0x7f6e0135eda0>
<genericresult.GenericResult object at 0x7f6e0002fbe0>
<video.Video object at 0x7f6e0002feb8>
<topstory.TopStory object at 0x7f6e03fe9438>
<genericresult.GenericResult object at 0x7f6e0002fba8>
<video.Video object at 0x7f6e0002ff60>
<topstory.TopStory object at 0x7f6e0135eda0>
<genericresult.GenericResult object at 0x7f6e0002f828>
<video.Video object at 0x7f6e0002ffd0>
<topstory.TopStory object at 0x7f6e03fe9438>
<genericresult.GenericResult object at 0x7f6e0002fc88>
<video.Video object at 0x7f6e0002feb8>
<topstory.TopStory object at 0x7f6e0135eda0>
<genericresult.GenericResult object at 0x7f6e0002f898>
<video.Video object at 0x7f6e0002fba8>
<topstory.TopStory object at 0x7f6e03fe9438>
<genericresult.GenericResult object at 0x7f6e0002fcf8>
<video.Video object at 0x7f6e0002f9b0>
Pesquisando os atores: Eleições 2018, Lugar de votação, Candidatos a Presidente, Lula, Bolsonaro, Haddad, Marina Silva, Alckmin, Ciro Gomes, João Amoedo, Álvaro Dias, Cabo Daciolo, Boulos
<topstory.TopStory object at 0x7f6e03fe9438>
<genericresult.GenericResult object at 0x7f6e0002fe80>
<video.Video object at 0x7f6dff79f400>
<topstory.TopStory object at 0x7f6e0002f390>
<genericresult.GenericResult object at 0x7f6e0002f4a8>
<video.Video object at 0x7f6dff79f860>
<topstory.TopStory object at 0x7f6e0002fb00>
<genericresult.GenericResult object at 0x7f6e0002f8d0>
<video.Video object at 0x7f6dff79fa58>
<topstory.TopStory object at 0x7f6e0002fc88>
<genericresult.GenericResult object at 0x7f6e0002f3c8>
<video.Video object at 0x7f6dff79f860>
<topstory.TopStory object at 0x7f6e0002f390>
<genericresult.GenericResult object at 0x7f6e0002f208>
<video.Video object at 0x7f6dff79fa58>
<topstory.TopStory object at 0x7f6dff79fa20>
<genericresult.GenericResult object at 0x7f6dff79ff98>
<video.Video object at 0x7f6dff79f8d0>
<topstory.TopStory object at 0x7f6dff79fba8>
<genericresult.GenericResult object at 0x7f6dff79fa58>
<video.Video object at 0x7f6dff79fda0>
<topstory.TopStory object at 0x7f6dff79f8d0>
<genericresult.GenericResult object at 0x7f6dff79f860>
<video.Video object at 0x7f6dff79fd68>
<topstory.TopStory object at 0x7f6e0002f4a8>
<genericresult.GenericResult object at 0x7f6e0002fb00>
<video.Video object at 0x7f6dff79f9b0>
<topstory.TopStory object at 0x7f6e0002f208>
<genericresult.GenericResult object at 0x7f6e0002fc18>
<video.Video object at 0x7f6dff79fe48>
<topstory.TopStory object at 0x7f6e0002f3c8>
<genericresult.GenericResult object at 0x7f6e0002fc18>
<video.Video object at 0x7f6dff79f908>
<topstory.TopStory object at 0x7f6e0002fdd8>
<genericresult.GenericResult object at 0x7f6e0002f390>
<video.Video object at 0x7f6dff79fe10>
<topstory.TopStory object at 0x7f6e0002fe80>
<genericresult.GenericResult object at 0x7f6e0002f3c8>
<video.Video object at 0x7f6dff79fda0>
Pesquisando os atores: Eleições 2018, Lugar de votação, Candidatos a Presidente, Lula, Bolsonaro, Haddad, Marina Silva, Alckmin, Ciro Gomes, João Amoedo, Álvaro Dias, Cabo Daciolo, Boulos
<topstory.TopStory object at 0x7f6dff7bc780>
<genericresult.GenericResult object at 0x7f6dff7bc5c0>
<video.Video object at 0x7f6dff7bc128>
<topstory.TopStory object at 0x7f6dff79fcf8>
<genericresult.GenericResult object at 0x7f6dff7bc6d8>
<video.Video object at 0x7f6dff7bc7f0>
<topstory.TopStory object at 0x7f6dff79ffd0>
<genericresult.GenericResult object at 0x7f6dff7bc160>
<video.Video object at 0x7f6dff7bc898>
<topstory.TopStory object at 0x7f6dff79fba8>
<genericresult.GenericResult object at 0x7f6dff7bc198>
<video.Video object at 0x7f6dff7bc940>
<topstory.TopStory object at 0x7f6dff79fe10>
<genericresult.GenericResult object at 0x7f6dff7bc898>
<video.Video object at 0x7f6dff7bc4a8>
<topstory.TopStory object at 0x7f6dff79fcf8>
<genericresult.GenericResult object at 0x7f6dff7bc710>
<video.Video object at 0x7f6dff7bc208>
<topstory.TopStory object at 0x7f6dff79ffd0>
<genericresult.GenericResult object at 0x7f6dff7bc828>
<video.Video object at 0x7f6dff7bc860>
<topstory.TopStory object at 0x7f6dff79fba8>
<genericresult.GenericResult object at 0x7f6dff7bc978>
<video.Video object at 0x7f6dff7bc2b0>
<topstory.TopStory object at 0x7f6dff79fe10>
<genericresult.GenericResult object at 0x7f6dff7bc2e8>
<video.Video object at 0x7f6dff7bc438>
<topstory.TopStory object at 0x7f6dff79fcf8>
<genericresult.GenericResult object at 0x7f6dff7bca90>
<video.Video object at 0x7f6dff7bc6a0>
<topstory.TopStory object at 0x7f6dff79ffd0>
<genericresult.GenericResult object at 0x7f6dff7bc0b8>
<video.Video object at 0x7f6dff7bc908>
<topstory.TopStory object at 0x7f6dff79fba8>
<genericresult.GenericResult object at 0x7f6dff7bc6a0>
<video.Video object at 0x7f6dff7bc6d8>
<topstory.TopStory object at 0x7f6dff79fe10>
<genericresult.GenericResult object at 0x7f6dff7bc400>
<video.Video object at 0x7f6dff7bca90>
Traceback (most recent call last):
  File "/home/ibpad-005023/Documentos/Observatorio-google/roda_pesquisas.py", line 93, in <module>
    main()
  File "/home/ibpad-005023/Documentos/Observatorio-google/roda_pesquisas.py", line 81, in main
    gmail_sign_in(driver, profile)
  File "/home/ibpad-005023/Documentos/Observatorio-google/roda_pesquisas.py", line 32, in gmail_sign_in
    driver.get("http://mail.google.com")
  File "/home/ibpad-005023/Documentos/Observatorio-google/venv/lib/python3.6/site-packages/selenium/webdriver/remote/webdriver.py", line 326, in get
    self.execute(Command.GET, {'url': url})
  File "/home/ibpad-005023/Documentos/Observatorio-google/venv/lib/python3.6/site-packages/selenium/webdriver/remote/webdriver.py", line 314, in execute
    self.error_handler.check_response(response)
  File "/home/ibpad-005023/Documentos/Observatorio-google/venv/lib/python3.6/site-packages/selenium/webdriver/remote/errorhandler.py", line 242, in check_response
    raise exception_class(message, screen, stacktrace)
selenium.common.exceptions.TimeoutException: Message: Timeout loading page after 300000ms

