Pesquisando os atores: Eleições 2018, Lugar de votação, Candidatos a Presidente, Lula, Bolsonaro, Haddad, Marina Silva, Alckmin, Ciro Gomes, João Amoedo, Álvaro Dias, Cabo Daciolo, Boulos
<topstory.TopStory object at 0x7f9006e15ac8>
<genericresult.GenericResult object at 0x7f9006e15c50>
<video.Video object at 0x7f9006e15cc0>
<topstory.TopStory object at 0x7f9008144d68>
<genericresult.GenericResult object at 0x7f9006e15f98>
<video.Video object at 0x7f9006e15940>
<topstory.TopStory object at 0x7f900adcf438>
<genericresult.GenericResult object at 0x7f9006e15cc0>
<video.Video object at 0x7f9006e15978>
<topstory.TopStory object at 0x7f9008144d68>
<genericresult.GenericResult object at 0x7f9006e15dd8>
<video.Video object at 0x7f9006e15cc0>
<topstory.TopStory object at 0x7f900adcf438>
<genericresult.GenericResult object at 0x7f9006e15a58>
<video.Video object at 0x7f9006e15e10>
<topstory.TopStory object at 0x7f9008144d68>
<genericresult.GenericResult object at 0x7f9006e15ac8>
<video.Video object at 0x7f9006e15d30>
<topstory.TopStory object at 0x7f900adcf438>
<genericresult.GenericResult object at 0x7f9006e15f28>
<video.Video object at 0x7f9006e15fd0>
<topstory.TopStory object at 0x7f9008144d68>
<genericresult.GenericResult object at 0x7f9006e15860>
<video.Video object at 0x7f9006e15cc0>
<topstory.TopStory object at 0x7f900adcf438>
<genericresult.GenericResult object at 0x7f9006e15fd0>
<video.Video object at 0x7f9006e15ac8>
<topstory.TopStory object at 0x7f9008144d68>
<genericresult.GenericResult object at 0x7f9006e15f98>
<video.Video object at 0x7f9006e15c50>
<topstory.TopStory object at 0x7f900adcf438>
<genericresult.GenericResult object at 0x7f9006e15dd8>
<video.Video object at 0x7f9006e15e80>
<topstory.TopStory object at 0x7f9008144d68>
<genericresult.GenericResult object at 0x7f9006e15b70>
<video.Video object at 0x7f9006e15f28>
<topstory.TopStory object at 0x7f900adcf438>
<genericresult.GenericResult object at 0x7f9006e15e80>
<video.Video object at 0x7f9006e15b70>
Pesquisando os atores: Eleições 2018, Lugar de votação, Candidatos a Presidente, Lula, Bolsonaro, Haddad, Marina Silva, Alckmin, Ciro Gomes, João Amoedo, Álvaro Dias, Cabo Daciolo, Boulos
<topstory.TopStory object at 0x7f900adcf438>
<genericresult.GenericResult object at 0x7f9006e15b38>
<video.Video object at 0x7f9006585b70>
<topstory.TopStory object at 0x7f9006e15358>
<genericresult.GenericResult object at 0x7f9006e15470>
<video.Video object at 0x7f90065859b0>
<topstory.TopStory object at 0x7f9006e15dd8>
<genericresult.GenericResult object at 0x7f9006e15898>
<video.Video object at 0x7f9006585a20>
<topstory.TopStory object at 0x7f9006e15c50>
<genericresult.GenericResult object at 0x7f9006e15898>
<video.Video object at 0x7f90065859b0>
<topstory.TopStory object at 0x7f9006e15128>
<genericresult.GenericResult object at 0x7f9006e151d0>
<video.Video object at 0x7f9006585a20>
<topstory.TopStory object at 0x7f9006e15390>
<genericresult.GenericResult object at 0x7f9006e15c50>
<video.Video object at 0x7f9006585a90>
<topstory.TopStory object at 0x7f9006e158d0>
<genericresult.GenericResult object at 0x7f9006e15be0>
<video.Video object at 0x7f9006585d30>
<topstory.TopStory object at 0x7f9006e15128>
<genericresult.GenericResult object at 0x7f9006e15be0>
<video.Video object at 0x7f9006585e10>
<topstory.TopStory object at 0x7f9006e15da0>
<genericresult.GenericResult object at 0x7f9006e15dd8>
<video.Video object at 0x7f9006585da0>
<topstory.TopStory object at 0x7f9006e154e0>
<genericresult.GenericResult object at 0x7f9006e15128>
<video.Video object at 0x7f9006585cc0>
<topstory.TopStory object at 0x7f9006e15240>
<genericresult.GenericResult object at 0x7f9006e15470>
<video.Video object at 0x7f90065858d0>
<topstory.TopStory object at 0x7f9006e15da0>
<genericresult.GenericResult object at 0x7f9006e15748>
<video.Video object at 0x7f90065859b0>
<topstory.TopStory object at 0x7f9006e154e0>
<genericresult.GenericResult object at 0x7f9006e15748>
<video.Video object at 0x7f9006585f98>
Pesquisando os atores: Eleições 2018, Lugar de votação, Candidatos a Presidente, Lula, Bolsonaro, Haddad, Marina Silva, Alckmin, Ciro Gomes, João Amoedo, Álvaro Dias, Cabo Daciolo, Boulos
<topstory.TopStory object at 0x7f9006585c50>
<genericresult.GenericResult object at 0x7f90065a0550>
<video.Video object at 0x7f90065a0518>
<topstory.TopStory object at 0x7f9006585b38>
<genericresult.GenericResult object at 0x7f90065a5518>
<video.Video object at 0x7f90065a58d0>
<topstory.TopStory object at 0x7f9006585da0>
<genericresult.GenericResult object at 0x7f90065a1518>
<video.Video object at 0x7f90065a18d0>
<topstory.TopStory object at 0x7f9006585c50>
<genericresult.GenericResult object at 0x7f90065a11d0>
<video.Video object at 0x7f90065a10f0>
<topstory.TopStory object at 0x7f9006585f60>
<genericresult.GenericResult object at 0x7f90065a1630>
<video.Video object at 0x7f90065a1198>
<topstory.TopStory object at 0x7f9006585b38>
<genericresult.GenericResult object at 0x7f90065a12b0>
<video.Video object at 0x7f90065a1320>
<topstory.TopStory object at 0x7f9006585da0>
<genericresult.GenericResult object at 0x7f90065a1198>
<video.Video object at 0x7f90065a1908>
<topstory.TopStory object at 0x7f9006585c50>
<genericresult.GenericResult object at 0x7f90065a1a90>
<video.Video object at 0x7f90065a12b0>
<topstory.TopStory object at 0x7f9006585f60>
<genericresult.GenericResult object at 0x7f90065a1048>
<video.Video object at 0x7f90065a1160>
<topstory.TopStory object at 0x7f9006585b38>
<genericresult.GenericResult object at 0x7f90065a12e8>
<video.Video object at 0x7f90065a1a90>
<topstory.TopStory object at 0x7f9006585da0>
<genericresult.GenericResult object at 0x7f90065a15c0>
<video.Video object at 0x7f90065a1048>
<topstory.TopStory object at 0x7f9006585c50>
<genericresult.GenericResult object at 0x7f90065a1be0>
<video.Video object at 0x7f90065a12e8>
<topstory.TopStory object at 0x7f9006585f60>
<genericresult.GenericResult object at 0x7f90065a1a90>
<video.Video object at 0x7f90065a11d0>
Traceback (most recent call last):
  File "/home/ibpad-005023/Documentos/Observatorio-google/roda_pesquisas.py", line 93, in <module>
    main()
  File "/home/ibpad-005023/Documentos/Observatorio-google/roda_pesquisas.py", line 81, in main
    gmail_sign_in(driver, profile)
  File "/home/ibpad-005023/Documentos/Observatorio-google/roda_pesquisas.py", line 32, in gmail_sign_in
    driver.get("http://mail.google.com")
  File "/home/ibpad-005023/Documentos/Observatorio-google/venv/lib/python3.6/site-packages/selenium/webdriver/remote/webdriver.py", line 326, in get
    self.execute(Command.GET, {'url': url})
  File "/home/ibpad-005023/Documentos/Observatorio-google/venv/lib/python3.6/site-packages/selenium/webdriver/remote/webdriver.py", line 314, in execute
    self.error_handler.check_response(response)
  File "/home/ibpad-005023/Documentos/Observatorio-google/venv/lib/python3.6/site-packages/selenium/webdriver/remote/errorhandler.py", line 242, in check_response
    raise exception_class(message, screen, stacktrace)
selenium.common.exceptions.TimeoutException: Message: Timeout loading page after 300000ms

