Pesquisando os atores: Eleições 2018, Lugar de votação, Candidatos a Presidente, Lula, Bolsonaro, Haddad, Marina Silva, Alckmin, Ciro Gomes, João Amoedo, Álvaro Dias, Cabo Daciolo, Boulos
<topstory.TopStory object at 0x7f19cd633b00>
<genericresult.GenericResult object at 0x7f19cd633c88>
<video.Video object at 0x7f19cd633cf8>
<topstory.TopStory object at 0x7f19ce962dd8>
<genericresult.GenericResult object at 0x7f19cd633fd0>
<video.Video object at 0x7f19cd633978>
<topstory.TopStory object at 0x7f19d15ed438>
<genericresult.GenericResult object at 0x7f19cd633e48>
<video.Video object at 0x7f19cd6339b0>
<topstory.TopStory object at 0x7f19ce962dd8>
<genericresult.GenericResult object at 0x7f19cd633eb8>
<video.Video object at 0x7f19cd633978>
<topstory.TopStory object at 0x7f19d15ed438>
<genericresult.GenericResult object at 0x7f19cd6332e8>
<video.Video object at 0x7f19cd633ba8>
<topstory.TopStory object at 0x7f19ce962dd8>
<genericresult.GenericResult object at 0x7f19cd633fd0>
<video.Video object at 0x7f19cd633e10>
<topstory.TopStory object at 0x7f19d15ed438>
<genericresult.GenericResult object at 0x7f19cd6339b0>
<video.Video object at 0x7f19cd633cf8>
<topstory.TopStory object at 0x7f19ce962dd8>
<genericresult.GenericResult object at 0x7f19cd633c88>
<video.Video object at 0x7f19cd633be0>
<topstory.TopStory object at 0x7f19d15ed438>
<genericresult.GenericResult object at 0x7f19cd633c18>
<video.Video object at 0x7f19cd633fd0>
<topstory.TopStory object at 0x7f19ce962dd8>
<genericresult.GenericResult object at 0x7f19cd633f60>
<video.Video object at 0x7f19cd633f98>
<topstory.TopStory object at 0x7f19d15ed438>
<genericresult.GenericResult object at 0x7f19cd633e48>
<video.Video object at 0x7f19cd633da0>
<topstory.TopStory object at 0x7f19ce962dd8>
<genericresult.GenericResult object at 0x7f19cd633be0>
<video.Video object at 0x7f19cd633f98>
<topstory.TopStory object at 0x7f19d15ed438>
<genericresult.GenericResult object at 0x7f19cd633e10>
Pesquisando os atores: Eleições 2018, Lugar de votação, Candidatos a Presidente, Lula, Bolsonaro, Haddad, Marina Silva, Alckmin, Ciro Gomes, João Amoedo, Álvaro Dias, Cabo Daciolo, Boulos
<topstory.TopStory object at 0x7f19d15ed438>
<genericresult.GenericResult object at 0x7f19cd633eb8>
<video.Video object at 0x7f19ccda3cf8>
<topstory.TopStory object at 0x7f19cd633518>
<genericresult.GenericResult object at 0x7f19cd633278>
<video.Video object at 0x7f19ccda3c88>
<topstory.TopStory object at 0x7f19cd633eb8>
<genericresult.GenericResult object at 0x7f19cd633390>
<video.Video object at 0x7f19ccda3908>
<topstory.TopStory object at 0x7f19cd633208>
<genericresult.GenericResult object at 0x7f19cd6334a8>
<video.Video object at 0x7f19ccda3ef0>
<topstory.TopStory object at 0x7f19cd633da0>
<genericresult.GenericResult object at 0x7f19cd633278>
<video.Video object at 0x7f19ccda3400>
<topstory.TopStory object at 0x7f19cd6338d0>
<genericresult.GenericResult object at 0x7f19cd633390>
<video.Video object at 0x7f19ccda3c88>
<topstory.TopStory object at 0x7f19cd633518>
<genericresult.GenericResult object at 0x7f19cd6334a8>
<video.Video object at 0x7f19ccda3780>
<topstory.TopStory object at 0x7f19cd633eb8>
<genericresult.GenericResult object at 0x7f19cd633278>
<video.Video object at 0x7f19ccda3c18>
<topstory.TopStory object at 0x7f19cd633208>
<genericresult.GenericResult object at 0x7f19cd633390>
<video.Video object at 0x7f19ccda3d30>
<topstory.TopStory object at 0x7f19cd633da0>
<genericresult.GenericResult object at 0x7f19cd6334a8>
<video.Video object at 0x7f19ccda3780>
<topstory.TopStory object at 0x7f19cd6338d0>
<genericresult.GenericResult object at 0x7f19cd633278>
<video.Video object at 0x7f19ccda3da0>
<topstory.TopStory object at 0x7f19cd633518>
<genericresult.GenericResult object at 0x7f19cd633390>
<video.Video object at 0x7f19ccda3d68>
<topstory.TopStory object at 0x7f19cd633eb8>
<genericresult.GenericResult object at 0x7f19cd6334a8>
Pesquisando os atores: Eleições 2018, Lugar de votação, Candidatos a Presidente, Lula, Bolsonaro, Haddad, Marina Silva, Alckmin, Ciro Gomes, João Amoedo, Álvaro Dias, Cabo Daciolo, Boulos
<topstory.TopStory object at 0x7f19ccda3860>
<genericresult.GenericResult object at 0x7f19ccdbb550>
<video.Video object at 0x7f19ccdbb780>
<topstory.TopStory object at 0x7f19ccda3b70>
<genericresult.GenericResult object at 0x7f19ccdbb5c0>
<video.Video object at 0x7f19ccdbb160>
<topstory.TopStory object at 0x7f19ccda3a20>
<genericresult.GenericResult object at 0x7f19ccdbb2e8>
<video.Video object at 0x7f19ccdbb278>
<topstory.TopStory object at 0x7f19ccda3860>
<genericresult.GenericResult object at 0x7f19ccdbb160>
<video.Video object at 0x7f19ccdbb198>
Traceback (most recent call last):
  File "/home/ibpad-005023/Documentos/Observatorio-google/roda_pesquisas.py", line 93, in <module>
    main()
  File "/home/ibpad-005023/Documentos/Observatorio-google/roda_pesquisas.py", line 84, in main
    google_html = google_search(driver, busca)
  File "/home/ibpad-005023/Documentos/Observatorio-google/roda_pesquisas.py", line 25, in google_search
    driver.get(base_link + query)
  File "/home/ibpad-005023/Documentos/Observatorio-google/venv/lib/python3.6/site-packages/selenium/webdriver/remote/webdriver.py", line 326, in get
    self.execute(Command.GET, {'url': url})
  File "/home/ibpad-005023/Documentos/Observatorio-google/venv/lib/python3.6/site-packages/selenium/webdriver/remote/webdriver.py", line 314, in execute
    self.error_handler.check_response(response)
  File "/home/ibpad-005023/Documentos/Observatorio-google/venv/lib/python3.6/site-packages/selenium/webdriver/remote/errorhandler.py", line 242, in check_response
    raise exception_class(message, screen, stacktrace)
selenium.common.exceptions.TimeoutException: Message: Timeout loading page after 300000ms

