Pesquisando os atores: Eleições 2018, Lugar de votação, Candidatos a Presidente, Lula, Bolsonaro, Haddad, Marina Silva, Alckmin, Ciro Gomes, João Amoedo, Álvaro Dias, Cabo Daciolo, Boulos
<topstory.TopStory object at 0x7f931e403b00>
<genericresult.GenericResult object at 0x7f931e403c88>
<topstory.TopStory object at 0x7f931f732da0>
<genericresult.GenericResult object at 0x7f931e403fd0>
<video.Video object at 0x7f931e403978>
<topstory.TopStory object at 0x7f93223bd438>
<genericresult.GenericResult object at 0x7f931e403cf8>
<video.Video object at 0x7f931e403fd0>
<topstory.TopStory object at 0x7f931f732da0>
<genericresult.GenericResult object at 0x7f931e403f98>
<video.Video object at 0x7f931e403cf8>
<topstory.TopStory object at 0x7f93223bd438>
<genericresult.GenericResult object at 0x7f931e403c88>
<video.Video object at 0x7f931e403a90>
<topstory.TopStory object at 0x7f931f732da0>
<genericresult.GenericResult object at 0x7f931e403eb8>
<video.Video object at 0x7f931e403f98>
<topstory.TopStory object at 0x7f93223bd438>
<genericresult.GenericResult object at 0x7f931e403f60>
<video.Video object at 0x7f931e403978>
<topstory.TopStory object at 0x7f931f732da0>
<genericresult.GenericResult object at 0x7f931e403828>
<video.Video object at 0x7f931e403da0>
<topstory.TopStory object at 0x7f93223bd438>
<genericresult.GenericResult object at 0x7f931e403e80>
<video.Video object at 0x7f931e403da0>
<topstory.TopStory object at 0x7f931f732da0>
<genericresult.GenericResult object at 0x7f931e403c88>
<video.Video object at 0x7f931e403ba8>
<topstory.TopStory object at 0x7f93223bd438>
<genericresult.GenericResult object at 0x7f931e403978>
<video.Video object at 0x7f931e403eb8>
<topstory.TopStory object at 0x7f931f732da0>
<genericresult.GenericResult object at 0x7f931e403b00>
<video.Video object at 0x7f931e403f60>
<topstory.TopStory object at 0x7f93223bd438>
<genericresult.GenericResult object at 0x7f931e403e48>
<video.Video object at 0x7f931e403c88>
Pesquisando os atores: Eleições 2018, Lugar de votação, Candidatos a Presidente, Lula, Bolsonaro, Haddad, Marina Silva, Alckmin, Ciro Gomes, João Amoedo, Álvaro Dias, Cabo Daciolo, Boulos
<topstory.TopStory object at 0x7f93223bd438>
<genericresult.GenericResult object at 0x7f931e403ba8>
<video.Video object at 0x7f931db70cc0>
<topstory.TopStory object at 0x7f931e403390>
<genericresult.GenericResult object at 0x7f931e4034a8>
<video.Video object at 0x7f931db70a90>
Traceback (most recent call last):
  File "/home/ibpad-005023/Documentos/Observatorio-google/roda_pesquisas.py", line 93, in <module>
    main()
  File "/home/ibpad-005023/Documentos/Observatorio-google/roda_pesquisas.py", line 84, in main
    google_html = google_search(driver, busca)
  File "/home/ibpad-005023/Documentos/Observatorio-google/roda_pesquisas.py", line 24, in google_search
    driver.get("https://www.google.com")
  File "/home/ibpad-005023/Documentos/Observatorio-google/venv/lib/python3.6/site-packages/selenium/webdriver/remote/webdriver.py", line 326, in get
    self.execute(Command.GET, {'url': url})
  File "/home/ibpad-005023/Documentos/Observatorio-google/venv/lib/python3.6/site-packages/selenium/webdriver/remote/webdriver.py", line 314, in execute
    self.error_handler.check_response(response)
  File "/home/ibpad-005023/Documentos/Observatorio-google/venv/lib/python3.6/site-packages/selenium/webdriver/remote/errorhandler.py", line 242, in check_response
    raise exception_class(message, screen, stacktrace)
selenium.common.exceptions.TimeoutException: Message: Timeout loading page after 300000ms

