Pesquisando os atores: Eleições 2018, Lugar de votação, Candidatos a Presidente, Bolsonaro, Haddad, fraude nas urnas
<topstory.TopStory object at 0x7f552fe1c8d0>
<genericresult.GenericResult object at 0x7f552fe1cf28>
<video.Video object at 0x7f552fe1cba8>
<topstory.TopStory object at 0x7f553114bd68>
<genericresult.GenericResult object at 0x7f552fe1cef0>
<video.Video object at 0x7f552fe1c8d0>
<topstory.TopStory object at 0x7f5533dd6438>
<genericresult.GenericResult object at 0x7f552fe1ce80>
<video.Video object at 0x7f552fe1ccf8>
<topstory.TopStory object at 0x7f553114bd68>
<genericresult.GenericResult object at 0x7f552fe1cb70>
<video.Video object at 0x7f552fe1cd68>
<topstory.TopStory object at 0x7f5533dd6438>
<genericresult.GenericResult object at 0x7f552fe1c8d0>
<video.Video object at 0x7f552fe1c860>
<topstory.TopStory object at 0x7f553114bd68>
<genericresult.GenericResult object at 0x7f552fe1cf60>
<video.Video object at 0x7f552fe1cf28>
Pesquisando os atores: Eleições 2018, Lugar de votação, Candidatos a Presidente, Bolsonaro, Haddad, fraude nas urnas
<topstory.TopStory object at 0x7f553114bd68>
<genericresult.GenericResult object at 0x7f552fe1c208>
<video.Video object at 0x7f552f5837f0>
<topstory.TopStory object at 0x7f552fe1c4a8>
<genericresult.GenericResult object at 0x7f552fe1c0f0>
<video.Video object at 0x7f552f583be0>
<topstory.TopStory object at 0x7f552fe1cd30>
<genericresult.GenericResult object at 0x7f552fe1ca58>
<video.Video object at 0x7f552f583048>
<topstory.TopStory object at 0x7f552fe1c320>
<genericresult.GenericResult object at 0x7f552fe1c710>
<video.Video object at 0x7f552f583be0>
<topstory.TopStory object at 0x7f552fe1c4a8>
<genericresult.GenericResult object at 0x7f552fe1ca90>
<video.Video object at 0x7f552f583be0>
<topstory.TopStory object at 0x7f552fe1cd30>
<genericresult.GenericResult object at 0x7f552fe1c358>
<video.Video object at 0x7f552f583ba8>
Pesquisando os atores: Eleições 2018, Lugar de votação, Candidatos a Presidente, Bolsonaro, Haddad, fraude nas urnas
<topstory.TopStory object at 0x7f552f583d68>
<genericresult.GenericResult object at 0x7f552f583f60>
<video.Video object at 0x7f552f5a6630>
<topstory.TopStory object at 0x7f552f583e48>
<genericresult.GenericResult object at 0x7f552f583ef0>
<video.Video object at 0x7f552f5a66a0>
<topstory.TopStory object at 0x7f552f583d68>
<genericresult.GenericResult object at 0x7f552f583ef0>
<video.Video object at 0x7f552f5a6518>
<topstory.TopStory object at 0x7f552f583cc0>
<genericresult.GenericResult object at 0x7f552f583ef0>
<video.Video object at 0x7f552f5a6240>
<topstory.TopStory object at 0x7f552f583438>
<genericresult.GenericResult object at 0x7f552f583ef0>
<video.Video object at 0x7f552f5a6748>
<topstory.TopStory object at 0x7f552f583e48>
<genericresult.GenericResult object at 0x7f552f583ef0>
<video.Video object at 0x7f552f5a6358>
Pesquisando os atores: Eleições 2018, Lugar de votação, Candidatos a Presidente, Bolsonaro, Haddad, fraude nas urnas
Traceback (most recent call last):
  File "/home/ibpad-005023/Documentos/Observatorio-google/roda_pesquisas.py", line 93, in <module>
    main()
  File "/home/ibpad-005023/Documentos/Observatorio-google/roda_pesquisas.py", line 84, in main
    google_html = google_search(driver, busca)
  File "/home/ibpad-005023/Documentos/Observatorio-google/roda_pesquisas.py", line 25, in google_search
    driver.get(base_link + query)
  File "/home/ibpad-005023/Documentos/Observatorio-google/venv/lib/python3.6/site-packages/selenium/webdriver/remote/webdriver.py", line 326, in get
    self.execute(Command.GET, {'url': url})
  File "/home/ibpad-005023/Documentos/Observatorio-google/venv/lib/python3.6/site-packages/selenium/webdriver/remote/webdriver.py", line 314, in execute
    self.error_handler.check_response(response)
  File "/home/ibpad-005023/Documentos/Observatorio-google/venv/lib/python3.6/site-packages/selenium/webdriver/remote/errorhandler.py", line 242, in check_response
    raise exception_class(message, screen, stacktrace)
selenium.common.exceptions.TimeoutException: Message: Timeout loading page after 300000ms

