Pesquisando os atores: Eleições 2018, Lugar de votação, Candidatos a Presidente, Lula, Bolsonaro, Haddad, Marina Silva, Alckmin, Ciro Gomes, João Amoedo, Álvaro Dias, Cabo Daciolo, Boulos
<topstory.TopStory object at 0x7f86123a5b00>
<genericresult.GenericResult object at 0x7f86123a5c88>
<video.Video object at 0x7f86123a5cf8>
<topstory.TopStory object at 0x7f86136d4da0>
<genericresult.GenericResult object at 0x7f86123a5fd0>
<video.Video object at 0x7f86123a5978>
<topstory.TopStory object at 0x7f861635f438>
<genericresult.GenericResult object at 0x7f86123a5da0>
<video.Video object at 0x7f86123a5828>
<topstory.TopStory object at 0x7f86136d4da0>
<genericresult.GenericResult object at 0x7f86123a5c88>
<video.Video object at 0x7f86123a5898>
<topstory.TopStory object at 0x7f861635f438>
<genericresult.GenericResult object at 0x7f86123a5b00>
<video.Video object at 0x7f86123a5d68>
<topstory.TopStory object at 0x7f86136d4da0>
<genericresult.GenericResult object at 0x7f86123a5eb8>
<video.Video object at 0x7f86123a5fd0>
<topstory.TopStory object at 0x7f861635f438>
<genericresult.GenericResult object at 0x7f86123a5da0>
<video.Video object at 0x7f86123a5f60>
<topstory.TopStory object at 0x7f86136d4da0>
<genericresult.GenericResult object at 0x7f86123a5c88>
<video.Video object at 0x7f86123a5828>
<topstory.TopStory object at 0x7f861635f438>
<genericresult.GenericResult object at 0x7f86123a5f60>
<video.Video object at 0x7f86123a5eb8>
<topstory.TopStory object at 0x7f86136d4da0>
<genericresult.GenericResult object at 0x7f86123a5898>
<video.Video object at 0x7f86123a5ba8>
<topstory.TopStory object at 0x7f861635f438>
<genericresult.GenericResult object at 0x7f86123a5c88>
<video.Video object at 0x7f86123a5b70>
<topstory.TopStory object at 0x7f86136d4da0>
<genericresult.GenericResult object at 0x7f86123a5ba8>
<video.Video object at 0x7f86123a5c88>
<topstory.TopStory object at 0x7f861635f438>
<genericresult.GenericResult object at 0x7f86123a5b70>
<video.Video object at 0x7f86123a52e8>
Pesquisando os atores: Eleições 2018, Lugar de votação, Candidatos a Presidente, Lula, Bolsonaro, Haddad, Marina Silva, Alckmin, Ciro Gomes, João Amoedo, Álvaro Dias, Cabo Daciolo, Boulos
<topstory.TopStory object at 0x7f861635f438>
<genericresult.GenericResult object at 0x7f86123a5828>
<video.Video object at 0x7f8611b15f60>
<topstory.TopStory object at 0x7f8611b15ba8>
<genericresult.GenericResult object at 0x7f8611b159e8>
<video.Video object at 0x7f86123a5780>
<topstory.TopStory object at 0x7f86123a5518>
<genericresult.GenericResult object at 0x7f86123a5390>
<video.Video object at 0x7f8611b15cf8>
<topstory.TopStory object at 0x7f86123a5160>
<genericresult.GenericResult object at 0x7f86123a5e10>
<video.Video object at 0x7f8611b15b00>
<topstory.TopStory object at 0x7f86123a5908>
<genericresult.GenericResult object at 0x7f86123a53c8>
<video.Video object at 0x7f8611b15f98>
<topstory.TopStory object at 0x7f86123a5208>
<genericresult.GenericResult object at 0x7f86123a5e10>
<video.Video object at 0x7f8611b15f60>
<topstory.TopStory object at 0x7f86123a5780>
<genericresult.GenericResult object at 0x7f86123a53c8>
<video.Video object at 0x7f8611b15ba8>
<topstory.TopStory object at 0x7f86123a5390>
<genericresult.GenericResult object at 0x7f86123a5e10>
<video.Video object at 0x7f8611b15e48>
<topstory.TopStory object at 0x7f86123a54a8>
<genericresult.GenericResult object at 0x7f86123a53c8>
<video.Video object at 0x7f8611b15a20>
<topstory.TopStory object at 0x7f86123a5828>
<genericresult.GenericResult object at 0x7f86123a5e10>
<video.Video object at 0x7f8611b15b00>
<topstory.TopStory object at 0x7f8611b15390>
<genericresult.GenericResult object at 0x7f8611b15b00>
<video.Video object at 0x7f86123a5dd8>
<topstory.TopStory object at 0x7f86123a5208>
<genericresult.GenericResult object at 0x7f86123a5dd8>
<video.Video object at 0x7f8611b15ac8>
<topstory.TopStory object at 0x7f8611b15780>
<genericresult.GenericResult object at 0x7f8611b15da0>
<video.Video object at 0x7f86123a5208>
Pesquisando os atores: Eleições 2018, Lugar de votação, Candidatos a Presidente, Lula, Bolsonaro, Haddad, Marina Silva, Alckmin, Ciro Gomes, João Amoedo, Álvaro Dias, Cabo Daciolo, Boulos
<topstory.TopStory object at 0x7f8611b2d908>
<genericresult.GenericResult object at 0x7f8611b2d748>
<video.Video object at 0x7f8611b2d2b0>
<topstory.TopStory object at 0x7f8611b15ef0>
<genericresult.GenericResult object at 0x7f86123a5390>
<video.Video object at 0x7f8611b2d5f8>
<topstory.TopStory object at 0x7f8611b158d0>
<genericresult.GenericResult object at 0x7f86123a5780>
<video.Video object at 0x7f8611b2dbe0>
<topstory.TopStory object at 0x7f8611b15ef0>
<genericresult.GenericResult object at 0x7f86123a5390>
<video.Video object at 0x7f8611b2dc88>
<topstory.TopStory object at 0x7f8611b158d0>
<genericresult.GenericResult object at 0x7f86123a5780>
<video.Video object at 0x7f8611b2d5c0>
<topstory.TopStory object at 0x7f8611b15ef0>
<genericresult.GenericResult object at 0x7f86123a5390>
<video.Video object at 0x7f8611b2d908>
<topstory.TopStory object at 0x7f8611b158d0>
<genericresult.GenericResult object at 0x7f86123a5780>
<video.Video object at 0x7f8611b2d710>
<topstory.TopStory object at 0x7f8611b15ef0>
<genericresult.GenericResult object at 0x7f86123a5390>
<video.Video object at 0x7f8611b2d390>
<topstory.TopStory object at 0x7f8611b158d0>
<genericresult.GenericResult object at 0x7f86123a5780>
<video.Video object at 0x7f8611b2dcc0>
<topstory.TopStory object at 0x7f8611b15ef0>
<genericresult.GenericResult object at 0x7f86123a5390>
<video.Video object at 0x7f8611b2db00>
<topstory.TopStory object at 0x7f8611b158d0>
<genericresult.GenericResult object at 0x7f86123a5780>
<video.Video object at 0x7f8611b2d710>
<topstory.TopStory object at 0x7f8611b15ef0>
<genericresult.GenericResult object at 0x7f86123a5390>
<video.Video object at 0x7f8611b2d358>
<topstory.TopStory object at 0x7f8611b158d0>
<genericresult.GenericResult object at 0x7f86123a5780>
<video.Video object at 0x7f8611b2dc88>
Pesquisando os atores: Eleições 2018, Lugar de votação, Candidatos a Presidente, Lula, Bolsonaro, Haddad, Marina Silva, Alckmin, Ciro Gomes, João Amoedo, Álvaro Dias, Cabo Daciolo, Boulos
<topstory.TopStory object at 0x7f8611b2dac8>
<genericresult.GenericResult object at 0x7f8611b2d9e8>
<video.Video object at 0x7f8611b2d198>
<topstory.TopStory object at 0x7f8611b2d6d8>
<genericresult.GenericResult object at 0x7f8611b2d080>
<video.Video object at 0x7f8611b2d9b0>
<topstory.TopStory object at 0x7f8611b2d9e8>
<genericresult.GenericResult object at 0x7f8611b2d710>
<video.Video object at 0x7f8611b2d438>
<topstory.TopStory object at 0x7f8611b2dba8>
<genericresult.GenericResult object at 0x7f8611b2d9e8>
<video.Video object at 0x7f8611b2deb8>
<topstory.TopStory object at 0x7f8611b2dcc0>
<genericresult.GenericResult object at 0x7f8611b2dba8>
<video.Video object at 0x7f8611b2d128>
<topstory.TopStory object at 0x7f8611b2dc18>
<genericresult.GenericResult object at 0x7f8611b2dcc0>
<video.Video object at 0x7f8611b2df28>
<topstory.TopStory object at 0x7f8611b2dac8>
<genericresult.GenericResult object at 0x7f8611b2dbe0>
<video.Video object at 0x7f8611b2d748>
<topstory.TopStory object at 0x7f8611b2d198>
<genericresult.GenericResult object at 0x7f8611b2d828>
<video.Video object at 0x7f8611b2dda0>
<topstory.TopStory object at 0x7f8611b2df60>
<genericresult.GenericResult object at 0x7f8611b2dac8>
<video.Video object at 0x7f8611b2da90>
<topstory.TopStory object at 0x7f8611b2d5c0>
<genericresult.GenericResult object at 0x7f8611b2df60>
<video.Video object at 0x7f8611b2deb8>
<topstory.TopStory object at 0x7f8611b2d748>
<genericresult.GenericResult object at 0x7f8611b2d080>
<video.Video object at 0x7f8611b2d1d0>
<topstory.TopStory object at 0x7f8611b2de80>
<genericresult.GenericResult object at 0x7f8611b2d2e8>
<video.Video object at 0x7f8611b2da90>
<topstory.TopStory object at 0x7f8611b2d4e0>
<genericresult.GenericResult object at 0x7f8611b2d198>
<video.Video object at 0x7f8611b2d710>
Pesquisando os atores: Eleições 2018, Lugar de votação, Candidatos a Presidente, Lula, Bolsonaro, Haddad, Marina Silva, Alckmin, Ciro Gomes, João Amoedo, Álvaro Dias, Cabo Daciolo, Boulos
<topstory.TopStory object at 0x7f8611b2d908>
<genericresult.GenericResult object at 0x7f8611b2de80>
<video.Video object at 0x7f8611b3b240>
<topstory.TopStory object at 0x7f8611b159e8>
<genericresult.GenericResult object at 0x7f8611b2d9e8>
<video.Video object at 0x7f8611b2d828>
<topstory.TopStory object at 0x7f8611b15ac8>
<genericresult.GenericResult object at 0x7f8611b2d198>
<video.Video object at 0x7f8611b2de48>
<topstory.TopStory object at 0x7f8611b159e8>
<genericresult.GenericResult object at 0x7f8611b2d7f0>
<video.Video object at 0x7f8611b2da90>
<topstory.TopStory object at 0x7f8611b15ac8>
<genericresult.GenericResult object at 0x7f8611b2d668>
<video.Video object at 0x7f8611b2d550>
Traceback (most recent call last):
  File "/home/ibpad-005023/Documentos/Observatorio-google/roda_pesquisas.py", line 93, in <module>
    main()
  File "/home/ibpad-005023/Documentos/Observatorio-google/roda_pesquisas.py", line 84, in main
    google_html = google_search(driver, busca)
  File "/home/ibpad-005023/Documentos/Observatorio-google/roda_pesquisas.py", line 25, in google_search
    driver.get(base_link + query)
  File "/home/ibpad-005023/Documentos/Observatorio-google/venv/lib/python3.6/site-packages/selenium/webdriver/remote/webdriver.py", line 326, in get
    self.execute(Command.GET, {'url': url})
  File "/home/ibpad-005023/Documentos/Observatorio-google/venv/lib/python3.6/site-packages/selenium/webdriver/remote/webdriver.py", line 314, in execute
    self.error_handler.check_response(response)
  File "/home/ibpad-005023/Documentos/Observatorio-google/venv/lib/python3.6/site-packages/selenium/webdriver/remote/errorhandler.py", line 242, in check_response
    raise exception_class(message, screen, stacktrace)
selenium.common.exceptions.TimeoutException: Message: Timeout loading page after 300000ms

