Pesquisando os atores: Eleições 2018, Lugar de votação, Candidatos a Presidente, Lula, Bolsonaro, Haddad, Marina Silva, Alckmin, Ciro Gomes, João Amoedo, Álvaro Dias, Cabo Daciolo, Boulos
<topstory.TopStory object at 0x7fbb65ed1a58>
<genericresult.GenericResult object at 0x7fbb65ed1f98>
<video.Video object at 0x7fbb65ed19e8>
<topstory.TopStory object at 0x7fbb67200cf8>
<genericresult.GenericResult object at 0x7fbb65ed1f28>
<video.Video object at 0x7fbb65ed1be0>
<topstory.TopStory object at 0x7fbb69e8b438>
<genericresult.GenericResult object at 0x7fbb65ed1dd8>
<video.Video object at 0x7fbb65ed1a20>
<topstory.TopStory object at 0x7fbb67200cf8>
<genericresult.GenericResult object at 0x7fbb65ed1cc0>
<video.Video object at 0x7fbb65ed18d0>
<topstory.TopStory object at 0x7fbb69e8b438>
<genericresult.GenericResult object at 0x7fbb65ed1b00>
<video.Video object at 0x7fbb65ed1b38>
<topstory.TopStory object at 0x7fbb67200cf8>
<genericresult.GenericResult object at 0x7fbb65ed1f98>
<video.Video object at 0x7fbb65ed1f28>
<topstory.TopStory object at 0x7fbb69e8b438>
<genericresult.GenericResult object at 0x7fbb65ed1240>
<video.Video object at 0x7fbb65ed1eb8>
<topstory.TopStory object at 0x7fbb67200cf8>
<genericresult.GenericResult object at 0x7fbb65ed17b8>
<video.Video object at 0x7fbb65ed18d0>
<topstory.TopStory object at 0x7fbb69e8b438>
<genericresult.GenericResult object at 0x7fbb65ed1eb8>
<video.Video object at 0x7fbb65ed1f98>
<topstory.TopStory object at 0x7fbb67200cf8>
<genericresult.GenericResult object at 0x7fbb65ed19e8>
<video.Video object at 0x7fbb65ed1be0>
<topstory.TopStory object at 0x7fbb69e8b438>
<genericresult.GenericResult object at 0x7fbb65ed17b8>
<video.Video object at 0x7fbb65ed1da0>
<topstory.TopStory object at 0x7fbb67200cf8>
<genericresult.GenericResult object at 0x7fbb65ed1b38>
<video.Video object at 0x7fbb65ed17b8>
<topstory.TopStory object at 0x7fbb69e8b438>
<genericresult.GenericResult object at 0x7fbb65ed1da0>
<video.Video object at 0x7fbb65ed1dd8>
Pesquisando os atores: Eleições 2018, Lugar de votação, Candidatos a Presidente, Lula, Bolsonaro, Haddad, Marina Silva, Alckmin, Ciro Gomes, João Amoedo, Álvaro Dias, Cabo Daciolo, Boulos
<topstory.TopStory object at 0x7fbb69e8b438>
<genericresult.GenericResult object at 0x7fbb65ed1c50>
<video.Video object at 0x7fbb65642dd8>
<topstory.TopStory object at 0x7fbb65ed12e8>
<genericresult.GenericResult object at 0x7fbb65ed1400>
<video.Video object at 0x7fbb656427b8>
<topstory.TopStory object at 0x7fbb65ed1f28>
<genericresult.GenericResult object at 0x7fbb65ed1828>
<video.Video object at 0x7fbb65642e10>
<topstory.TopStory object at 0x7fbb65ed1a20>
<genericresult.GenericResult object at 0x7fbb65ed1828>
<video.Video object at 0x7fbb65642d30>
<topstory.TopStory object at 0x7fbb65ed10b8>
<genericresult.GenericResult object at 0x7fbb65ed1160>
<video.Video object at 0x7fbb65642da0>
<topstory.TopStory object at 0x7fbb65ed1320>
<genericresult.GenericResult object at 0x7fbb65ed1a20>
<video.Video object at 0x7fbb656422e8>
<topstory.TopStory object at 0x7fbb65ed1860>
<genericresult.GenericResult object at 0x7fbb65ed1a20>
<video.Video object at 0x7fbb65642c18>
<topstory.TopStory object at 0x7fbb65ed1d30>
<genericresult.GenericResult object at 0x7fbb65ed1470>
<video.Video object at 0x7fbb65642cf8>
<topstory.TopStory object at 0x7fbb65ed1b00>
<genericresult.GenericResult object at 0x7fbb65ed1470>
<video.Video object at 0x7fbb656426d8>
<topstory.TopStory object at 0x7fbb65ed16d8>
<genericresult.GenericResult object at 0x7fbb65ed11d0>
<video.Video object at 0x7fbb65642e80>
<topstory.TopStory object at 0x7fbb65ed1860>
<genericresult.GenericResult object at 0x7fbb65ed1b00>
<video.Video object at 0x7fbb65642c18>
<topstory.TopStory object at 0x7fbb65ed1a20>
<genericresult.GenericResult object at 0x7fbb65ed10b8>
<video.Video object at 0x7fbb65642828>
<topstory.TopStory object at 0x7fbb65ed16d8>
<genericresult.GenericResult object at 0x7fbb65ed10b8>
<video.Video object at 0x7fbb656429b0>
Pesquisando os atores: Eleições 2018, Lugar de votação, Candidatos a Presidente, Lula, Bolsonaro, Haddad, Marina Silva, Alckmin, Ciro Gomes, João Amoedo, Álvaro Dias, Cabo Daciolo, Boulos
<topstory.TopStory object at 0x7fbb65642358>
<genericresult.GenericResult object at 0x7fbb6565b518>
<video.Video object at 0x7fbb6565b748>
Traceback (most recent call last):
  File "/home/ibpad-005023/Documentos/Observatorio-google/roda_pesquisas.py", line 93, in <module>
    main()
  File "/home/ibpad-005023/Documentos/Observatorio-google/roda_pesquisas.py", line 84, in main
    google_html = google_search(driver, busca)
  File "/home/ibpad-005023/Documentos/Observatorio-google/roda_pesquisas.py", line 25, in google_search
    driver.get(base_link + query)
  File "/home/ibpad-005023/Documentos/Observatorio-google/venv/lib/python3.6/site-packages/selenium/webdriver/remote/webdriver.py", line 326, in get
    self.execute(Command.GET, {'url': url})
  File "/home/ibpad-005023/Documentos/Observatorio-google/venv/lib/python3.6/site-packages/selenium/webdriver/remote/webdriver.py", line 314, in execute
    self.error_handler.check_response(response)
  File "/home/ibpad-005023/Documentos/Observatorio-google/venv/lib/python3.6/site-packages/selenium/webdriver/remote/errorhandler.py", line 242, in check_response
    raise exception_class(message, screen, stacktrace)
selenium.common.exceptions.TimeoutException: Message: Timeout loading page after 300000ms

