Pesquisando os atores: Eleições 2018, Lugar de votação, Candidatos a Presidente, Lula, Bolsonaro, Haddad, Marina Silva, Alckmin, Ciro Gomes, João Amoedo, Álvaro Dias, Cabo Daciolo, Boulos
<topstory.TopStory object at 0x7fd1d02dcb00>
<genericresult.GenericResult object at 0x7fd1d02dcc88>
<video.Video object at 0x7fd1d02dccf8>
<topstory.TopStory object at 0x7fd1d160bda0>
<genericresult.GenericResult object at 0x7fd1d02dcfd0>
<video.Video object at 0x7fd1d02dcb00>
<topstory.TopStory object at 0x7fd1d4296438>
<genericresult.GenericResult object at 0x7fd1d02dcef0>
<video.Video object at 0x7fd1d02dcfd0>
<topstory.TopStory object at 0x7fd1d160bda0>
<genericresult.GenericResult object at 0x7fd1d02dcb70>
<video.Video object at 0x7fd1d02dcc18>
<topstory.TopStory object at 0x7fd1d4296438>
<genericresult.GenericResult object at 0x7fd1d02dc9b0>
<video.Video object at 0x7fd1d02dce10>
<topstory.TopStory object at 0x7fd1d160bda0>
<genericresult.GenericResult object at 0x7fd1d02dc898>
<video.Video object at 0x7fd1d02dcb00>
<topstory.TopStory object at 0x7fd1d4296438>
<genericresult.GenericResult object at 0x7fd1d02dce10>
<video.Video object at 0x7fd1d02dc2e8>
<topstory.TopStory object at 0x7fd1d160bda0>
<genericresult.GenericResult object at 0x7fd1d02dc828>
<video.Video object at 0x7fd1d02dccf8>
<topstory.TopStory object at 0x7fd1d4296438>
<genericresult.GenericResult object at 0x7fd1d02dcfd0>
<video.Video object at 0x7fd1d02dcb70>
<topstory.TopStory object at 0x7fd1d160bda0>
<genericresult.GenericResult object at 0x7fd1d02dcf60>
<video.Video object at 0x7fd1d02dcfd0>
<topstory.TopStory object at 0x7fd1d4296438>
<genericresult.GenericResult object at 0x7fd1d02dc898>
<video.Video object at 0x7fd1d02dcc18>
<topstory.TopStory object at 0x7fd1d160bda0>
<genericresult.GenericResult object at 0x7fd1d02dce80>
<video.Video object at 0x7fd1d02dc898>
<topstory.TopStory object at 0x7fd1d4296438>
<genericresult.GenericResult object at 0x7fd1d02dcf60>
<video.Video object at 0x7fd1d02dce10>
Pesquisando os atores: Eleições 2018, Lugar de votação, Candidatos a Presidente, Lula, Bolsonaro, Haddad, Marina Silva, Alckmin, Ciro Gomes, João Amoedo, Álvaro Dias, Cabo Daciolo, Boulos
<topstory.TopStory object at 0x7fd1d4296438>
<genericresult.GenericResult object at 0x7fd1d02dc908>
<video.Video object at 0x7fd1cfa43b70>
<topstory.TopStory object at 0x7fd1cfa43d68>
<genericresult.GenericResult object at 0x7fd1cfa43ef0>
<video.Video object at 0x7fd1d02dcdd8>
<topstory.TopStory object at 0x7fd1d02dc208>
<genericresult.GenericResult object at 0x7fd1d02dc8d0>
<video.Video object at 0x7fd1cfa43fd0>
<topstory.TopStory object at 0x7fd1d02dc208>
<genericresult.GenericResult object at 0x7fd1d02dce80>
<video.Video object at 0x7fd1cfa43550>
<topstory.TopStory object at 0x7fd1d02dc518>
<genericresult.GenericResult object at 0x7fd1d02dce80>
<video.Video object at 0x7fd1cfa43b70>
<topstory.TopStory object at 0x7fd1d02dc780>
<genericresult.GenericResult object at 0x7fd1d02dce80>
<video.Video object at 0x7fd1cfa439b0>
<topstory.TopStory object at 0x7fd1d02dceb8>
<genericresult.GenericResult object at 0x7fd1d02dce80>
<video.Video object at 0x7fd1cfa43f28>
<topstory.TopStory object at 0x7fd1d02dc908>
<genericresult.GenericResult object at 0x7fd1d02dce80>
<video.Video object at 0x7fd1cfa43a20>
<topstory.TopStory object at 0x7fd1d02dc390>
<genericresult.GenericResult object at 0x7fd1d02dce80>
<video.Video object at 0x7fd1cfa43e10>
<topstory.TopStory object at 0x7fd1d02dc3c8>
<genericresult.GenericResult object at 0x7fd1d02dce80>
<video.Video object at 0x7fd1cfa43b70>
<topstory.TopStory object at 0x7fd1d02dc208>
<genericresult.GenericResult object at 0x7fd1d02dce80>
<video.Video object at 0x7fd1cfa43f98>
<topstory.TopStory object at 0x7fd1d02dc518>
<genericresult.GenericResult object at 0x7fd1d02dce80>
<video.Video object at 0x7fd1cfa43ac8>
<topstory.TopStory object at 0x7fd1d02dc780>
<genericresult.GenericResult object at 0x7fd1d02dce80>
<video.Video object at 0x7fd1cfa43908>
Pesquisando os atores: Eleições 2018, Lugar de votação, Candidatos a Presidente, Lula, Bolsonaro, Haddad, Marina Silva, Alckmin, Ciro Gomes, João Amoedo, Álvaro Dias, Cabo Daciolo, Boulos
<topstory.TopStory object at 0x7fd1cfa63908>
<genericresult.GenericResult object at 0x7fd1cfa63748>
<video.Video object at 0x7fd1cfa63048>
<topstory.TopStory object at 0x7fd1cfa43cc0>
<genericresult.GenericResult object at 0x7fd1cfa43f98>
<video.Video object at 0x7fd1cfa63550>
<topstory.TopStory object at 0x7fd1cfa43550>
<genericresult.GenericResult object at 0x7fd1cfa43ba8>
<video.Video object at 0x7fd1cfa63a58>
<topstory.TopStory object at 0x7fd1cfa43fd0>
<genericresult.GenericResult object at 0x7fd1cfa43048>
<video.Video object at 0x7fd1cfa63978>
<topstory.TopStory object at 0x7fd1cfa43e10>
<genericresult.GenericResult object at 0x7fd1cfa439b0>
<video.Video object at 0x7fd1cfa63be0>
<topstory.TopStory object at 0x7fd1cfa43f98>
<genericresult.GenericResult object at 0x7fd1cfa435c0>
<video.Video object at 0x7fd1cfa63ac8>
<topstory.TopStory object at 0x7fd1cfa43ba8>
<genericresult.GenericResult object at 0x7fd1cfa43f60>
<video.Video object at 0x7fd1cfa633c8>
<topstory.TopStory object at 0x7fd1cfa43048>
<genericresult.GenericResult object at 0x7fd1cfa43b00>
<video.Video object at 0x7fd1cfa63a90>
<topstory.TopStory object at 0x7fd1cfa439b0>
<genericresult.GenericResult object at 0x7fd1cfa43cc0>
<video.Video object at 0x7fd1cfa639b0>
<topstory.TopStory object at 0x7fd1cfa435c0>
<genericresult.GenericResult object at 0x7fd1cfa43550>
<video.Video object at 0x7fd1cfa63b70>
<topstory.TopStory object at 0x7fd1cfa43f60>
<genericresult.GenericResult object at 0x7fd1cfa43fd0>
<video.Video object at 0x7fd1cfa635f8>
<topstory.TopStory object at 0x7fd1cfa43b00>
<genericresult.GenericResult object at 0x7fd1cfa43e10>
<video.Video object at 0x7fd1cfa631d0>
<topstory.TopStory object at 0x7fd1cfa43cc0>
<genericresult.GenericResult object at 0x7fd1cfa43f98>
<video.Video object at 0x7fd1cfa63320>
Pesquisando os atores: Eleições 2018, Lugar de votação, Candidatos a Presidente, Lula, Bolsonaro, Haddad, Marina Silva, Alckmin, Ciro Gomes, João Amoedo, Álvaro Dias, Cabo Daciolo, Boulos
<topstory.TopStory object at 0x7fd1cfa43908>
<genericresult.GenericResult object at 0x7fd1cfa63c18>
<video.Video object at 0x7fd1cfa63ac8>
<topstory.TopStory object at 0x7fd1cfa43f28>
<genericresult.GenericResult object at 0x7fd1cfa63a90>
<video.Video object at 0x7fd1cfa632e8>
<topstory.TopStory object at 0x7fd1cfa43908>
<genericresult.GenericResult object at 0x7fd1cfa63588>
<video.Video object at 0x7fd1cfa63278>
<topstory.TopStory object at 0x7fd1cfa43f28>
<genericresult.GenericResult object at 0x7fd1cfa63f28>
<video.Video object at 0x7fd1cfa639e8>
<topstory.TopStory object at 0x7fd1cfa43908>
<genericresult.GenericResult object at 0x7fd1cfa632e8>
<video.Video object at 0x7fd1cfa631d0>
<topstory.TopStory object at 0x7fd1cfa43f28>
<genericresult.GenericResult object at 0x7fd1cfa63ef0>
<video.Video object at 0x7fd1cfa632e8>
<topstory.TopStory object at 0x7fd1cfa43908>
<genericresult.GenericResult object at 0x7fd1cfa63080>
<video.Video object at 0x7fd1cfa631d0>
<topstory.TopStory object at 0x7fd1cfa43f28>
<genericresult.GenericResult object at 0x7fd1cfa635c0>
<video.Video object at 0x7fd1cfa63ef0>
<topstory.TopStory object at 0x7fd1cfa43908>
<genericresult.GenericResult object at 0x7fd1cfa639b0>
<video.Video object at 0x7fd1cfa63048>
<topstory.TopStory object at 0x7fd1cfa43f28>
<genericresult.GenericResult object at 0x7fd1cfa63860>
<video.Video object at 0x7fd1cfa639b0>
<topstory.TopStory object at 0x7fd1cfa43908>
<genericresult.GenericResult object at 0x7fd1cfa63c50>
<video.Video object at 0x7fd1cfa63048>
<topstory.TopStory object at 0x7fd1cfa43f28>
<genericresult.GenericResult object at 0x7fd1cfa63c50>
<video.Video object at 0x7fd1cfa63e10>
<topstory.TopStory object at 0x7fd1cfa43908>
<genericresult.GenericResult object at 0x7fd1cfa63588>
<video.Video object at 0x7fd1cfa63c50>
Traceback (most recent call last):
  File "/home/ibpad-005023/Documentos/Observatorio-google/roda_pesquisas.py", line 93, in <module>
    main()
  File "/home/ibpad-005023/Documentos/Observatorio-google/roda_pesquisas.py", line 81, in main
    gmail_sign_in(driver, profile)
  File "/home/ibpad-005023/Documentos/Observatorio-google/roda_pesquisas.py", line 32, in gmail_sign_in
    driver.get("http://mail.google.com")
  File "/home/ibpad-005023/Documentos/Observatorio-google/venv/lib/python3.6/site-packages/selenium/webdriver/remote/webdriver.py", line 326, in get
    self.execute(Command.GET, {'url': url})
  File "/home/ibpad-005023/Documentos/Observatorio-google/venv/lib/python3.6/site-packages/selenium/webdriver/remote/webdriver.py", line 314, in execute
    self.error_handler.check_response(response)
  File "/home/ibpad-005023/Documentos/Observatorio-google/venv/lib/python3.6/site-packages/selenium/webdriver/remote/errorhandler.py", line 242, in check_response
    raise exception_class(message, screen, stacktrace)
selenium.common.exceptions.TimeoutException: Message: Timeout loading page after 300000ms

