Pesquisando os atores: Eleições 2018, Lugar de votação, Candidatos a Presidente, Lula, Bolsonaro, Haddad, Marina Silva, Alckmin, Ciro Gomes, João Amoedo, Álvaro Dias, Cabo Daciolo, Boulos
<topstory.TopStory object at 0x7f6940d66a58>
<genericresult.GenericResult object at 0x7f6940d66f98>
<video.Video object at 0x7f6940d669e8>
<topstory.TopStory object at 0x7f6942095cf8>
<genericresult.GenericResult object at 0x7f6940d66f28>
<video.Video object at 0x7f6940d66be0>
<topstory.TopStory object at 0x7f6944d20438>
<genericresult.GenericResult object at 0x7f6940d66cf8>
<video.Video object at 0x7f6940d66a20>
<topstory.TopStory object at 0x7f6942095cf8>
<genericresult.GenericResult object at 0x7f6940d66c50>
<video.Video object at 0x7f6940d669e8>
<topstory.TopStory object at 0x7f6944d20438>
<genericresult.GenericResult object at 0x7f6940d66ac8>
<video.Video object at 0x7f6940d66eb8>
<topstory.TopStory object at 0x7f6942095cf8>
<genericresult.GenericResult object at 0x7f6940d66a90>
<video.Video object at 0x7f6940d66f28>
<topstory.TopStory object at 0x7f6944d20438>
<genericresult.GenericResult object at 0x7f6940d66a58>
<video.Video object at 0x7f6940d66cc0>
<topstory.TopStory object at 0x7f6942095cf8>
<genericresult.GenericResult object at 0x7f6940d66ef0>
<video.Video object at 0x7f6940d66a20>
<topstory.TopStory object at 0x7f6944d20438>
<genericresult.GenericResult object at 0x7f6940d66c50>
<video.Video object at 0x7f6940d66cf8>
<topstory.TopStory object at 0x7f6942095cf8>
<genericresult.GenericResult object at 0x7f6940d66f98>
<video.Video object at 0x7f6940d66e10>
<topstory.TopStory object at 0x7f6944d20438>
<genericresult.GenericResult object at 0x7f6940d66a58>
<video.Video object at 0x7f6940d66f98>
<topstory.TopStory object at 0x7f6942095cf8>
<genericresult.GenericResult object at 0x7f6940d66e10>
<video.Video object at 0x7f6940d667b8>
<topstory.TopStory object at 0x7f6944d20438>
<genericresult.GenericResult object at 0x7f6940d66a90>
<video.Video object at 0x7f6940d66b38>
Pesquisando os atores: Eleições 2018, Lugar de votação, Candidatos a Presidente, Lula, Bolsonaro, Haddad, Marina Silva, Alckmin, Ciro Gomes, João Amoedo, Álvaro Dias, Cabo Daciolo, Boulos
<topstory.TopStory object at 0x7f6944d20438>
<genericresult.GenericResult object at 0x7f6940d66ac8>
<video.Video object at 0x7f69404d8ac8>
<topstory.TopStory object at 0x7f6940d662e8>
<genericresult.GenericResult object at 0x7f6940d66400>
<video.Video object at 0x7f69404d8908>
<topstory.TopStory object at 0x7f6940d66eb8>
<genericresult.GenericResult object at 0x7f6940d66828>
<video.Video object at 0x7f69404d8dd8>
<topstory.TopStory object at 0x7f6940d66b00>
<genericresult.GenericResult object at 0x7f6940d66320>
<video.Video object at 0x7f69404d8c18>
<topstory.TopStory object at 0x7f6940d662e8>
<genericresult.GenericResult object at 0x7f6940d66320>
<video.Video object at 0x7f69404d8cf8>
<topstory.TopStory object at 0x7f6940d660b8>
<genericresult.GenericResult object at 0x7f6940d661d0>
<video.Video object at 0x7f69404d86d8>
<topstory.TopStory object at 0x7f6940d66160>
<genericresult.GenericResult object at 0x7f6940d662e8>
<video.Video object at 0x7f69404d8fd0>
<topstory.TopStory object at 0x7f6940d66c50>
<genericresult.GenericResult object at 0x7f6940d662e8>
<video.Video object at 0x7f69404d8eb8>
<topstory.TopStory object at 0x7f6940d66470>
<genericresult.GenericResult object at 0x7f6940d66d30>
<video.Video object at 0x7f69404d8c50>
<topstory.TopStory object at 0x7f6940d66ac8>
<genericresult.GenericResult object at 0x7f6940d66c50>
<video.Video object at 0x7f69404d8cf8>
<topstory.TopStory object at 0x7f6940d66eb8>
<genericresult.GenericResult object at 0x7f6940d66c50>
<video.Video object at 0x7f69404d8b70>
<topstory.TopStory object at 0x7f6940d66860>
<genericresult.GenericResult object at 0x7f6940d66400>
<video.Video object at 0x7f69404d8e10>
<topstory.TopStory object at 0x7f6940d666d8>
<genericresult.GenericResult object at 0x7f6940d66400>
<video.Video object at 0x7f69404d8940>
Pesquisando os atores: Eleições 2018, Lugar de votação, Candidatos a Presidente, Lula, Bolsonaro, Haddad, Marina Silva, Alckmin, Ciro Gomes, João Amoedo, Álvaro Dias, Cabo Daciolo, Boulos
<topstory.TopStory object at 0x7f69404d8f98>
<genericresult.GenericResult object at 0x7f69404f1518>
<video.Video object at 0x7f69404f1748>
<topstory.TopStory object at 0x7f69404d8b38>
<genericresult.GenericResult object at 0x7f69404d8b70>
<video.Video object at 0x7f69404f1748>
<topstory.TopStory object at 0x7f69404d82e8>
<genericresult.GenericResult object at 0x7f69404d8b38>
<video.Video object at 0x7f69404f17f0>
<topstory.TopStory object at 0x7f69404d8e10>
<genericresult.GenericResult object at 0x7f69404d82e8>
<video.Video object at 0x7f69404f1940>
<topstory.TopStory object at 0x7f69404d8f98>
<genericresult.GenericResult object at 0x7f69404d8e10>
<video.Video object at 0x7f69404f1668>
<topstory.TopStory object at 0x7f69404d8eb8>
<genericresult.GenericResult object at 0x7f69404d8f98>
<video.Video object at 0x7f69404f1b70>
<topstory.TopStory object at 0x7f69404d87b8>
<genericresult.GenericResult object at 0x7f69404d8eb8>
<video.Video object at 0x7f69404f1320>
<topstory.TopStory object at 0x7f69404d8b70>
<genericresult.GenericResult object at 0x7f69404d87b8>
<video.Video object at 0x7f69404f1be0>
<topstory.TopStory object at 0x7f69404d8b38>
<genericresult.GenericResult object at 0x7f69404d8b70>
<video.Video object at 0x7f69404f19b0>
<topstory.TopStory object at 0x7f69404d82e8>
<genericresult.GenericResult object at 0x7f69404d8b38>
<video.Video object at 0x7f69404f1630>
<topstory.TopStory object at 0x7f69404d8e10>
<genericresult.GenericResult object at 0x7f69404d82e8>
<video.Video object at 0x7f69404f1668>
<topstory.TopStory object at 0x7f69404d8f98>
<genericresult.GenericResult object at 0x7f69404d8e10>
<video.Video object at 0x7f69404f15c0>
<topstory.TopStory object at 0x7f69404d8eb8>
<genericresult.GenericResult object at 0x7f69404d8f98>
<video.Video object at 0x7f69404f17b8>
Pesquisando os atores: Eleições 2018, Lugar de votação, Candidatos a Presidente, Lula, Bolsonaro, Haddad, Marina Silva, Alckmin, Ciro Gomes, João Amoedo, Álvaro Dias, Cabo Daciolo, Boulos
<topstory.TopStory object at 0x7f69404d8a20>
<genericresult.GenericResult object at 0x7f69404d8cf8>
<video.Video object at 0x7f69404f1668>
<topstory.TopStory object at 0x7f69404d86d8>
<genericresult.GenericResult object at 0x7f69404d8ac8>
<video.Video object at 0x7f69404f1668>
<topstory.TopStory object at 0x7f69404d8cf8>
<genericresult.GenericResult object at 0x7f69404d86d8>
<video.Video object at 0x7f69404f1c50>
<topstory.TopStory object at 0x7f69404d8a20>
<genericresult.GenericResult object at 0x7f69404d8cf8>
<video.Video object at 0x7f69404f1cf8>
<topstory.TopStory object at 0x7f69404d8e48>
<genericresult.GenericResult object at 0x7f69404d8a20>
<video.Video object at 0x7f69404f1278>
<topstory.TopStory object at 0x7f69404d89b0>
<genericresult.GenericResult object at 0x7f69404d8e48>
<video.Video object at 0x7f69404f1518>
<topstory.TopStory object at 0x7f69404d8dd8>
<genericresult.GenericResult object at 0x7f69404d89b0>
<video.Video object at 0x7f69404f1c18>
<topstory.TopStory object at 0x7f69404d8ac8>
<genericresult.GenericResult object at 0x7f69404d8dd8>
<video.Video object at 0x7f69404f1cc0>
<topstory.TopStory object at 0x7f69404d86d8>
<genericresult.GenericResult object at 0x7f69404d8ac8>
<video.Video object at 0x7f69404f1940>
<topstory.TopStory object at 0x7f69404d8cf8>
<genericresult.GenericResult object at 0x7f69404d86d8>
<video.Video object at 0x7f69404f1cf8>
<topstory.TopStory object at 0x7f69404d8a20>
<genericresult.GenericResult object at 0x7f69404d8cf8>
<video.Video object at 0x7f69404f1be0>
<topstory.TopStory object at 0x7f69404d8e48>
<genericresult.GenericResult object at 0x7f69404d8a20>
<video.Video object at 0x7f69404f1e10>
<topstory.TopStory object at 0x7f69404d89b0>
<genericresult.GenericResult object at 0x7f69404d8e48>
<video.Video object at 0x7f69404f16a0>
Pesquisando os atores: Eleições 2018, Lugar de votação, Candidatos a Presidente, Lula, Bolsonaro, Haddad, Marina Silva, Alckmin, Ciro Gomes, João Amoedo, Álvaro Dias, Cabo Daciolo, Boulos
<topstory.TopStory object at 0x7f69404f13c8>
<genericresult.GenericResult object at 0x7f69404f10b8>
<video.Video object at 0x7f69404f1c88>
Traceback (most recent call last):
  File "/home/ibpad-005023/Documentos/Observatorio-google/roda_pesquisas.py", line 93, in <module>
    main()
  File "/home/ibpad-005023/Documentos/Observatorio-google/roda_pesquisas.py", line 84, in main
    google_html = google_search(driver, busca)
  File "/home/ibpad-005023/Documentos/Observatorio-google/roda_pesquisas.py", line 24, in google_search
    driver.get("https://www.google.com")
  File "/home/ibpad-005023/Documentos/Observatorio-google/venv/lib/python3.6/site-packages/selenium/webdriver/remote/webdriver.py", line 326, in get
    self.execute(Command.GET, {'url': url})
  File "/home/ibpad-005023/Documentos/Observatorio-google/venv/lib/python3.6/site-packages/selenium/webdriver/remote/webdriver.py", line 314, in execute
    self.error_handler.check_response(response)
  File "/home/ibpad-005023/Documentos/Observatorio-google/venv/lib/python3.6/site-packages/selenium/webdriver/remote/errorhandler.py", line 242, in check_response
    raise exception_class(message, screen, stacktrace)
selenium.common.exceptions.TimeoutException: Message: Timeout loading page after 300000ms

