Pesquisando os atores: Eleições 2018, Lugar de votação, Candidatos a Presidente, Lula, Bolsonaro, Haddad, Marina Silva, Alckmin, Ciro Gomes, João Amoedo, Álvaro Dias, Cabo Daciolo, Boulos
<topstory.TopStory object at 0x7ff5937a5b00>
<genericresult.GenericResult object at 0x7ff5937a5c88>
<video.Video object at 0x7ff5937a5cf8>
<topstory.TopStory object at 0x7ff594ad4da0>
<genericresult.GenericResult object at 0x7ff5937a5fd0>
<video.Video object at 0x7ff5937a5978>
<topstory.TopStory object at 0x7ff59775f438>
<genericresult.GenericResult object at 0x7ff5937a5e80>
<video.Video object at 0x7ff5937a5fd0>
<topstory.TopStory object at 0x7ff594ad4da0>
<genericresult.GenericResult object at 0x7ff5937a5eb8>
<video.Video object at 0x7ff5937a5be0>
<topstory.TopStory object at 0x7ff59775f438>
<genericresult.GenericResult object at 0x7ff5937a5c88>
<video.Video object at 0x7ff5937a5cf8>
<topstory.TopStory object at 0x7ff594ad4da0>
<genericresult.GenericResult object at 0x7ff5937a5e80>
<video.Video object at 0x7ff5937a5c88>
<topstory.TopStory object at 0x7ff59775f438>
<genericresult.GenericResult object at 0x7ff5937a5f60>
<video.Video object at 0x7ff5937a59b0>
<topstory.TopStory object at 0x7ff594ad4da0>
<genericresult.GenericResult object at 0x7ff5937a5eb8>
<video.Video object at 0x7ff5937a5f60>
<topstory.TopStory object at 0x7ff59775f438>
<genericresult.GenericResult object at 0x7ff5937a5c88>
<video.Video object at 0x7ff5937a5da0>
<topstory.TopStory object at 0x7ff594ad4da0>
<genericresult.GenericResult object at 0x7ff5937a5e10>
<video.Video object at 0x7ff5937a5c18>
<topstory.TopStory object at 0x7ff59775f438>
<genericresult.GenericResult object at 0x7ff5937a5eb8>
<video.Video object at 0x7ff5937a5e10>
<topstory.TopStory object at 0x7ff594ad4da0>
<genericresult.GenericResult object at 0x7ff5937a5fd0>
<video.Video object at 0x7ff5937a5ef0>
<topstory.TopStory object at 0x7ff59775f438>
<genericresult.GenericResult object at 0x7ff5937a5c88>
<video.Video object at 0x7ff5937a5fd0>
Pesquisando os atores: Eleições 2018, Lugar de votação, Candidatos a Presidente, Lula, Bolsonaro, Haddad, Marina Silva, Alckmin, Ciro Gomes, João Amoedo, Álvaro Dias, Cabo Daciolo, Boulos
<topstory.TopStory object at 0x7ff59775f438>
<genericresult.GenericResult object at 0x7ff5937a5898>
<video.Video object at 0x7ff592f0ca20>
<topstory.TopStory object at 0x7ff5937a5160>
<genericresult.GenericResult object at 0x7ff5937a5898>
<video.Video object at 0x7ff592f0cef0>
<topstory.TopStory object at 0x7ff5937a5780>
<genericresult.GenericResult object at 0x7ff5937a5e80>
<video.Video object at 0x7ff592f0cc18>
<topstory.TopStory object at 0x7ff5937a5dd8>
<genericresult.GenericResult object at 0x7ff5937a54a8>
<video.Video object at 0x7ff592f0c2e8>
<topstory.TopStory object at 0x7ff5937a53c8>
<genericresult.GenericResult object at 0x7ff5937a5278>
<video.Video object at 0x7ff592f0cda0>
<topstory.TopStory object at 0x7ff5937a5898>
<genericresult.GenericResult object at 0x7ff5937a5160>
<video.Video object at 0x7ff592f0c5c0>
<topstory.TopStory object at 0x7ff5937a5518>
<genericresult.GenericResult object at 0x7ff5937a5978>
<video.Video object at 0x7ff592f0c2e8>
<topstory.TopStory object at 0x7ff5937a5d68>
<genericresult.GenericResult object at 0x7ff5937a5390>
<video.Video object at 0x7ff592f0cef0>
<topstory.TopStory object at 0x7ff5937a5898>
<genericresult.GenericResult object at 0x7ff5937a5dd8>
<video.Video object at 0x7ff592f0cba8>
<topstory.TopStory object at 0x7ff5937a5208>
<genericresult.GenericResult object at 0x7ff5937a5278>
<video.Video object at 0x7ff592f0c5c0>
<topstory.TopStory object at 0x7ff5937a54a8>
<genericresult.GenericResult object at 0x7ff5937a5518>
<video.Video object at 0x7ff592f0c2b0>
<topstory.TopStory object at 0x7ff5937a5780>
<genericresult.GenericResult object at 0x7ff5937a5978>
<video.Video object at 0x7ff592f0c198>
<topstory.TopStory object at 0x7ff5937a5160>
<genericresult.GenericResult object at 0x7ff5937a5908>
<video.Video object at 0x7ff592f0cb70>
Pesquisando os atores: Eleições 2018, Lugar de votação, Candidatos a Presidente, Lula, Bolsonaro, Haddad, Marina Silva, Alckmin, Ciro Gomes, João Amoedo, Álvaro Dias, Cabo Daciolo, Boulos
<topstory.TopStory object at 0x7ff592f0ce10>
<genericresult.GenericResult object at 0x7ff592f2a240>
<video.Video object at 0x7ff592f2a7f0>
<topstory.TopStory object at 0x7ff5937a5208>
<genericresult.GenericResult object at 0x7ff592f0ce10>
<video.Video object at 0x7ff592f2a7f0>
<topstory.TopStory object at 0x7ff5937a5898>
<genericresult.GenericResult object at 0x7ff592f0c5c0>
<video.Video object at 0x7ff592f2a6a0>
<topstory.TopStory object at 0x7ff5937a5208>
<genericresult.GenericResult object at 0x7ff592f0ce10>
<video.Video object at 0x7ff592f2a3c8>
<topstory.TopStory object at 0x7ff5937a5898>
<genericresult.GenericResult object at 0x7ff592f0c5c0>
<video.Video object at 0x7ff592f2ab70>
<topstory.TopStory object at 0x7ff5937a5208>
<genericresult.GenericResult object at 0x7ff592f0ce10>
<video.Video object at 0x7ff592f2a780>
<topstory.TopStory object at 0x7ff5937a5898>
<genericresult.GenericResult object at 0x7ff592f0c5c0>
<video.Video object at 0x7ff592f2a860>
<topstory.TopStory object at 0x7ff5937a5208>
<genericresult.GenericResult object at 0x7ff592f0ce10>
<video.Video object at 0x7ff592f2a668>
<topstory.TopStory object at 0x7ff5937a5898>
<genericresult.GenericResult object at 0x7ff592f0c5c0>
<video.Video object at 0x7ff592f2a358>
<topstory.TopStory object at 0x7ff5937a5208>
<genericresult.GenericResult object at 0x7ff592f0ce10>
<video.Video object at 0x7ff592f2a1d0>
<topstory.TopStory object at 0x7ff5937a5898>
<genericresult.GenericResult object at 0x7ff592f0c5c0>
<video.Video object at 0x7ff592f2a668>
<topstory.TopStory object at 0x7ff5937a5208>
<genericresult.GenericResult object at 0x7ff592f0ce10>
<video.Video object at 0x7ff592f2a0f0>
<topstory.TopStory object at 0x7ff5937a5898>
<genericresult.GenericResult object at 0x7ff592f0c5c0>
<video.Video object at 0x7ff592f2a978>
Pesquisando os atores: Eleições 2018, Lugar de votação, Candidatos a Presidente, Lula, Bolsonaro, Haddad, Marina Silva, Alckmin, Ciro Gomes, João Amoedo, Álvaro Dias, Cabo Daciolo, Boulos
<topstory.TopStory object at 0x7ff592f0ca20>
<genericresult.GenericResult object at 0x7ff592f0cb70>
<video.Video object at 0x7ff592f2ab70>
<topstory.TopStory object at 0x7ff592f0c240>
<genericresult.GenericResult object at 0x7ff592f0cdd8>
<video.Video object at 0x7ff592f2ac88>
<topstory.TopStory object at 0x7ff592f0cb70>
<genericresult.GenericResult object at 0x7ff592f0c240>
<video.Video object at 0x7ff592f2a6a0>
<topstory.TopStory object at 0x7ff592f0ca20>
<genericresult.GenericResult object at 0x7ff592f0cb70>
<video.Video object at 0x7ff592f2a390>
<topstory.TopStory object at 0x7ff592f0cd68>
<genericresult.GenericResult object at 0x7ff592f0ca20>
<video.Video object at 0x7ff592f2af98>
<topstory.TopStory object at 0x7ff592f0ce48>
<genericresult.GenericResult object at 0x7ff592f0cd68>
<video.Video object at 0x7ff592f2a710>
<topstory.TopStory object at 0x7ff592f0cac8>
<genericresult.GenericResult object at 0x7ff592f0ce48>
<video.Video object at 0x7ff592f2aa90>
<topstory.TopStory object at 0x7ff592f0cdd8>
<genericresult.GenericResult object at 0x7ff592f0cac8>
<video.Video object at 0x7ff592f2a860>
<topstory.TopStory object at 0x7ff592f0c240>
<genericresult.GenericResult object at 0x7ff592f0cdd8>
<video.Video object at 0x7ff592f2a898>
<topstory.TopStory object at 0x7ff592f0cb70>
<genericresult.GenericResult object at 0x7ff592f0c240>
<video.Video object at 0x7ff592f2a470>
<topstory.TopStory object at 0x7ff592f0ca20>
<genericresult.GenericResult object at 0x7ff592f0cb70>
<video.Video object at 0x7ff592f2a630>
Traceback (most recent call last):
  File "/home/ibpad-005023/Documentos/Observatorio-google/roda_pesquisas.py", line 93, in <module>
    main()
  File "/home/ibpad-005023/Documentos/Observatorio-google/roda_pesquisas.py", line 84, in main
    google_html = google_search(driver, busca)
  File "/home/ibpad-005023/Documentos/Observatorio-google/roda_pesquisas.py", line 24, in google_search
    driver.get("https://www.google.com")
  File "/home/ibpad-005023/Documentos/Observatorio-google/venv/lib/python3.6/site-packages/selenium/webdriver/remote/webdriver.py", line 326, in get
    self.execute(Command.GET, {'url': url})
  File "/home/ibpad-005023/Documentos/Observatorio-google/venv/lib/python3.6/site-packages/selenium/webdriver/remote/webdriver.py", line 314, in execute
    self.error_handler.check_response(response)
  File "/home/ibpad-005023/Documentos/Observatorio-google/venv/lib/python3.6/site-packages/selenium/webdriver/remote/errorhandler.py", line 242, in check_response
    raise exception_class(message, screen, stacktrace)
selenium.common.exceptions.TimeoutException: Message: Timeout loading page after 300000ms

