Pesquisando os atores: Eleições 2018, Lugar de votação, Candidatos a Presidente, Lula, Bolsonaro, Haddad, Marina Silva, Alckmin, Ciro Gomes, João Amoedo, Álvaro Dias, Cabo Daciolo, Boulos
<topstory.TopStory object at 0x7fdcd971cb00>
<genericresult.GenericResult object at 0x7fdcd971cc88>
<video.Video object at 0x7fdcd971ccf8>
<topstory.TopStory object at 0x7fdcdaa4bda0>
<genericresult.GenericResult object at 0x7fdcd971cfd0>
<video.Video object at 0x7fdcd971cb00>
<topstory.TopStory object at 0x7fdcdd6d6438>
<genericresult.GenericResult object at 0x7fdcd971ce80>
<video.Video object at 0x7fdcd971cfd0>
<topstory.TopStory object at 0x7fdcdaa4bda0>
<genericresult.GenericResult object at 0x7fdcd971cb70>
<video.Video object at 0x7fdcd971cf98>
<topstory.TopStory object at 0x7fdcdd6d6438>
<genericresult.GenericResult object at 0x7fdcd971cda0>
<video.Video object at 0x7fdcd971cd68>
<topstory.TopStory object at 0x7fdcdaa4bda0>
<genericresult.GenericResult object at 0x7fdcd971c2e8>
<video.Video object at 0x7fdcd971cef0>
<topstory.TopStory object at 0x7fdcdd6d6438>
<genericresult.GenericResult object at 0x7fdcd971cc88>
<video.Video object at 0x7fdcd971c2e8>
<topstory.TopStory object at 0x7fdcdaa4bda0>
<genericresult.GenericResult object at 0x7fdcd971cda0>
<video.Video object at 0x7fdcd971ce10>
<topstory.TopStory object at 0x7fdcdd6d6438>
<genericresult.GenericResult object at 0x7fdcd971cf60>
<video.Video object at 0x7fdcd971cda0>
<topstory.TopStory object at 0x7fdcdaa4bda0>
<genericresult.GenericResult object at 0x7fdcd971cc88>
<video.Video object at 0x7fdcd971c828>
<topstory.TopStory object at 0x7fdcdd6d6438>
<genericresult.GenericResult object at 0x7fdcd971c978>
<video.Video object at 0x7fdcd971cef0>
<topstory.TopStory object at 0x7fdcdaa4bda0>
<genericresult.GenericResult object at 0x7fdcd971ce80>
<video.Video object at 0x7fdcd971ce10>
<topstory.TopStory object at 0x7fdcdd6d6438>
<genericresult.GenericResult object at 0x7fdcd971cef0>
<video.Video object at 0x7fdcd971cb00>
Pesquisando os atores: Eleições 2018, Lugar de votação, Candidatos a Presidente, Lula, Bolsonaro, Haddad, Marina Silva, Alckmin, Ciro Gomes, João Amoedo, Álvaro Dias, Cabo Daciolo, Boulos
<topstory.TopStory object at 0x7fdcdd6d6438>
<genericresult.GenericResult object at 0x7fdcd971c908>
<video.Video object at 0x7fdcd8e85940>
<topstory.TopStory object at 0x7fdcd971c390>
<genericresult.GenericResult object at 0x7fdcd971cb70>
<video.Video object at 0x7fdcd8e85eb8>
<topstory.TopStory object at 0x7fdcd971c208>
<genericresult.GenericResult object at 0x7fdcd971c278>
<video.Video object at 0x7fdcd8e85e10>
<topstory.TopStory object at 0x7fdcd971c9b0>
<genericresult.GenericResult object at 0x7fdcd971c978>
<video.Video object at 0x7fdcd8e85f28>
<topstory.TopStory object at 0x7fdcd971c780>
<genericresult.GenericResult object at 0x7fdcd971c4a8>
<video.Video object at 0x7fdcd8e85b00>
<topstory.TopStory object at 0x7fdcd971c518>
<genericresult.GenericResult object at 0x7fdcd971c390>
<video.Video object at 0x7fdcd8e85cf8>
<topstory.TopStory object at 0x7fdcd971ccf8>
<genericresult.GenericResult object at 0x7fdcd971cb70>
<video.Video object at 0x7fdcd8e85128>
<topstory.TopStory object at 0x7fdcd971cc88>
<genericresult.GenericResult object at 0x7fdcd971c208>
<video.Video object at 0x7fdcd8e855f8>
<topstory.TopStory object at 0x7fdcd971c160>
<genericresult.GenericResult object at 0x7fdcd971cdd8>
<video.Video object at 0x7fdcd8e85f28>
<topstory.TopStory object at 0x7fdcd971c3c8>
<genericresult.GenericResult object at 0x7fdcd971c390>
<video.Video object at 0x7fdcd8e85be0>
<topstory.TopStory object at 0x7fdcd971c978>
<genericresult.GenericResult object at 0x7fdcd971c780>
<video.Video object at 0x7fdcd8e85e10>
<topstory.TopStory object at 0x7fdcd971ccf8>
<genericresult.GenericResult object at 0x7fdcd971cb70>
<video.Video object at 0x7fdcd8e85f28>
<topstory.TopStory object at 0x7fdcd971c278>
<genericresult.GenericResult object at 0x7fdcd971c4a8>
<video.Video object at 0x7fdcd8e85128>
Pesquisando os atores: Eleições 2018, Lugar de votação, Candidatos a Presidente, Lula, Bolsonaro, Haddad, Marina Silva, Alckmin, Ciro Gomes, João Amoedo, Álvaro Dias, Cabo Daciolo, Boulos
<topstory.TopStory object at 0x7fdcd8e85e80>
<genericresult.GenericResult object at 0x7fdcd8ea7470>
<video.Video object at 0x7fdcd8ea77f0>
<topstory.TopStory object at 0x7fdcd8e85278>
<genericresult.GenericResult object at 0x7fdcd8e85e48>
<video.Video object at 0x7fdcd8ea7400>
<topstory.TopStory object at 0x7fdcd8e85be0>
<genericresult.GenericResult object at 0x7fdcd8e85278>
<video.Video object at 0x7fdcd8ea79b0>
<topstory.TopStory object at 0x7fdcd8e85ba8>
<genericresult.GenericResult object at 0x7fdcd8e85be0>
<video.Video object at 0x7fdcd8ea7780>
<topstory.TopStory object at 0x7fdcd8e85e80>
<genericresult.GenericResult object at 0x7fdcd8e85ba8>
<video.Video object at 0x7fdcd8ea7a20>
<topstory.TopStory object at 0x7fdcd8e85f28>
<genericresult.GenericResult object at 0x7fdcd8e85e80>
<video.Video object at 0x7fdcd8ea7898>
<topstory.TopStory object at 0x7fdcd8e85e48>
<genericresult.GenericResult object at 0x7fdcd8e85f28>
<video.Video object at 0x7fdcd8ea7550>
<topstory.TopStory object at 0x7fdcd8e85278>
<genericresult.GenericResult object at 0x7fdcd8e85e48>
<video.Video object at 0x7fdcd8ea7860>
<topstory.TopStory object at 0x7fdcd8e85be0>
<genericresult.GenericResult object at 0x7fdcd8e85278>
<video.Video object at 0x7fdcd8ea7518>
<topstory.TopStory object at 0x7fdcd8e85ba8>
<genericresult.GenericResult object at 0x7fdcd8e85be0>
<video.Video object at 0x7fdcd8ea76d8>
<topstory.TopStory object at 0x7fdcd8e85e80>
<genericresult.GenericResult object at 0x7fdcd8e85ba8>
<video.Video object at 0x7fdcd8ea7940>
<topstory.TopStory object at 0x7fdcd8e85f28>
<genericresult.GenericResult object at 0x7fdcd8e85e80>
<video.Video object at 0x7fdcd8ea7278>
<topstory.TopStory object at 0x7fdcd8e85e48>
<genericresult.GenericResult object at 0x7fdcd8e85f28>
<video.Video object at 0x7fdcd8ea7400>
Pesquisando os atores: Eleições 2018, Lugar de votação, Candidatos a Presidente, Lula, Bolsonaro, Haddad, Marina Silva, Alckmin, Ciro Gomes, João Amoedo, Álvaro Dias, Cabo Daciolo, Boulos
<topstory.TopStory object at 0x7fdcd8e85c50>
<genericresult.GenericResult object at 0x7fdcd8e85d68>
<video.Video object at 0x7fdcd8ea7ba8>
<topstory.TopStory object at 0x7fdcd8e85160>
<genericresult.GenericResult object at 0x7fdcd8e85198>
<video.Video object at 0x7fdcd8ea72e8>
<topstory.TopStory object at 0x7fdcd8e85d68>
<genericresult.GenericResult object at 0x7fdcd8e85160>
<video.Video object at 0x7fdcd8ea7550>
<topstory.TopStory object at 0x7fdcd8e85c50>
<genericresult.GenericResult object at 0x7fdcd8e85d68>
<video.Video object at 0x7fdcd8ea7780>
<topstory.TopStory object at 0x7fdcd8e85b38>
<genericresult.GenericResult object at 0x7fdcd8e85c50>
<video.Video object at 0x7fdcd8ea7588>
<topstory.TopStory object at 0x7fdcd8e85048>
<genericresult.GenericResult object at 0x7fdcd8e85b38>
<video.Video object at 0x7fdcd8ea7ef0>
<topstory.TopStory object at 0x7fdcd8e85320>
<genericresult.GenericResult object at 0x7fdcd8e85048>
<video.Video object at 0x7fdcd8ea7fd0>
<topstory.TopStory object at 0x7fdcd8e85198>
<genericresult.GenericResult object at 0x7fdcd8e85320>
<video.Video object at 0x7fdcd8ea7cc0>
<topstory.TopStory object at 0x7fdcd8e85160>
<genericresult.GenericResult object at 0x7fdcd8e85198>
<video.Video object at 0x7fdcd8ea71d0>
<topstory.TopStory object at 0x7fdcd8e85d68>
<genericresult.GenericResult object at 0x7fdcd8e85160>
<video.Video object at 0x7fdcd8ea7f98>
<topstory.TopStory object at 0x7fdcd8e85c50>
<genericresult.GenericResult object at 0x7fdcd8e85d68>
<video.Video object at 0x7fdcd8ea7cf8>
<topstory.TopStory object at 0x7fdcd8e85b38>
<genericresult.GenericResult object at 0x7fdcd8e85c50>
<video.Video object at 0x7fdcd8ea7278>
<topstory.TopStory object at 0x7fdcd8e85048>
<genericresult.GenericResult object at 0x7fdcd8e85b38>
<video.Video object at 0x7fdcd8ea72e8>
Pesquisando os atores: Eleições 2018, Lugar de votação, Candidatos a Presidente, Lula, Bolsonaro, Haddad, Marina Silva, Alckmin, Ciro Gomes, João Amoedo, Álvaro Dias, Cabo Daciolo, Boulos
<topstory.TopStory object at 0x7fdcd8ea7240>
<genericresult.GenericResult object at 0x7fdcd8ea7e10>
<video.Video object at 0x7fdcd8eae240>
<topstory.TopStory object at 0x7fdcd8e85d30>
<genericresult.GenericResult object at 0x7fdcd8ea7d68>
<video.Video object at 0x7fdcd8ea77f0>
Traceback (most recent call last):
  File "/home/ibpad-005023/Documentos/Observatorio-google/roda_pesquisas.py", line 93, in <module>
    main()
  File "/home/ibpad-005023/Documentos/Observatorio-google/roda_pesquisas.py", line 84, in main
    google_html = google_search(driver, busca)
  File "/home/ibpad-005023/Documentos/Observatorio-google/roda_pesquisas.py", line 25, in google_search
    driver.get(base_link + query)
  File "/home/ibpad-005023/Documentos/Observatorio-google/venv/lib/python3.6/site-packages/selenium/webdriver/remote/webdriver.py", line 326, in get
    self.execute(Command.GET, {'url': url})
  File "/home/ibpad-005023/Documentos/Observatorio-google/venv/lib/python3.6/site-packages/selenium/webdriver/remote/webdriver.py", line 314, in execute
    self.error_handler.check_response(response)
  File "/home/ibpad-005023/Documentos/Observatorio-google/venv/lib/python3.6/site-packages/selenium/webdriver/remote/errorhandler.py", line 242, in check_response
    raise exception_class(message, screen, stacktrace)
selenium.common.exceptions.TimeoutException: Message: Timeout loading page after 300000ms

