Pesquisando os atores: Eleições 2018, Lugar de votação, Candidatos a Presidente, Lula, Bolsonaro, Haddad, Marina Silva, Alckmin, Ciro Gomes, João Amoedo, Álvaro Dias, Cabo Daciolo, Boulos
<topstory.TopStory object at 0x7f783963eb00>
<genericresult.GenericResult object at 0x7f783963ec88>
<video.Video object at 0x7f783963ecf8>
<topstory.TopStory object at 0x7f783a96dda0>
<genericresult.GenericResult object at 0x7f783963efd0>
<video.Video object at 0x7f783963e978>
<topstory.TopStory object at 0x7f783d5f8438>
<genericresult.GenericResult object at 0x7f783963ed68>
<video.Video object at 0x7f783963e828>
<topstory.TopStory object at 0x7f783a96dda0>
<genericresult.GenericResult object at 0x7f783963eeb8>
<video.Video object at 0x7f783963ecf8>
<topstory.TopStory object at 0x7f783d5f8438>
<genericresult.GenericResult object at 0x7f783963e828>
<video.Video object at 0x7f783963ef60>
<topstory.TopStory object at 0x7f783a96dda0>
<genericresult.GenericResult object at 0x7f783963ee48>
<video.Video object at 0x7f783963eda0>
<topstory.TopStory object at 0x7f783d5f8438>
<genericresult.GenericResult object at 0x7f783963eb00>
<video.Video object at 0x7f783963ef98>
<topstory.TopStory object at 0x7f783a96dda0>
<genericresult.GenericResult object at 0x7f783963eb70>
<video.Video object at 0x7f783963ea90>
<topstory.TopStory object at 0x7f783d5f8438>
<genericresult.GenericResult object at 0x7f783963ebe0>
<video.Video object at 0x7f783963e828>
<topstory.TopStory object at 0x7f783a96dda0>
<genericresult.GenericResult object at 0x7f783963e898>
<video.Video object at 0x7f783963ee10>
<topstory.TopStory object at 0x7f783d5f8438>
<genericresult.GenericResult object at 0x7f783963ef60>
<video.Video object at 0x7f783963ea90>
<topstory.TopStory object at 0x7f783a96dda0>
<genericresult.GenericResult object at 0x7f783963ef98>
<video.Video object at 0x7f783963ebe0>
<topstory.TopStory object at 0x7f783d5f8438>
<genericresult.GenericResult object at 0x7f783963e978>
<video.Video object at 0x7f783963e9b0>
Pesquisando os atores: Eleições 2018, Lugar de votação, Candidatos a Presidente, Lula, Bolsonaro, Haddad, Marina Silva, Alckmin, Ciro Gomes, João Amoedo, Álvaro Dias, Cabo Daciolo, Boulos
<topstory.TopStory object at 0x7f783d5f8438>
<genericresult.GenericResult object at 0x7f783963ee48>
<video.Video object at 0x7f7838daf9e8>
<topstory.TopStory object at 0x7f783963e390>
<genericresult.GenericResult object at 0x7f783963e4a8>
<video.Video object at 0x7f7838dafe10>
<topstory.TopStory object at 0x7f783963ef60>
<genericresult.GenericResult object at 0x7f783963e8d0>
<video.Video object at 0x7f7838daf8d0>
<topstory.TopStory object at 0x7f783963e898>
<genericresult.GenericResult object at 0x7f783963e3c8>
<video.Video object at 0x7f7838dafd68>
<topstory.TopStory object at 0x7f783963e390>
<genericresult.GenericResult object at 0x7f783963e3c8>
<video.Video object at 0x7f7838dafcf8>
<topstory.TopStory object at 0x7f7838daf9e8>
<genericresult.GenericResult object at 0x7f7838daff98>
<video.Video object at 0x7f7838daf8d0>
<topstory.TopStory object at 0x7f7838daffd0>
<genericresult.GenericResult object at 0x7f7838dafcf8>
<video.Video object at 0x7f7838dafcc0>
<topstory.TopStory object at 0x7f7838dafcc0>
<genericresult.GenericResult object at 0x7f7838dafe10>
<video.Video object at 0x7f7838dafd68>
<topstory.TopStory object at 0x7f783963e780>
<genericresult.GenericResult object at 0x7f783963e8d0>
<video.Video object at 0x7f7838daf400>
<topstory.TopStory object at 0x7f783963e278>
<genericresult.GenericResult object at 0x7f783963ee48>
<video.Video object at 0x7f7838daf390>
<topstory.TopStory object at 0x7f783963edd8>
<genericresult.GenericResult object at 0x7f783963ee48>
<video.Video object at 0x7f7838dafe48>
<topstory.TopStory object at 0x7f783963e518>
<genericresult.GenericResult object at 0x7f783963e4a8>
<video.Video object at 0x7f7838daff98>
<topstory.TopStory object at 0x7f783963e390>
<genericresult.GenericResult object at 0x7f783963edd8>
<video.Video object at 0x7f7838daf9e8>
Pesquisando os atores: Eleições 2018, Lugar de votação, Candidatos a Presidente, Lula, Bolsonaro, Haddad, Marina Silva, Alckmin, Ciro Gomes, João Amoedo, Álvaro Dias, Cabo Daciolo, Boulos
<topstory.TopStory object at 0x7f7838dc9780>
<genericresult.GenericResult object at 0x7f7838dc95c0>
<video.Video object at 0x7f7838dc9128>
<topstory.TopStory object at 0x7f7838dafdd8>
<genericresult.GenericResult object at 0x7f7838dc96d8>
<video.Video object at 0x7f7838dc99b0>
<topstory.TopStory object at 0x7f7838dafd68>
<genericresult.GenericResult object at 0x7f7838dc9160>
<video.Video object at 0x7f7838dc9ba8>
<topstory.TopStory object at 0x7f7838dafb70>
<genericresult.GenericResult object at 0x7f7838dc9a58>
<video.Video object at 0x7f7838dc9208>
<topstory.TopStory object at 0x7f7838dafdd8>
<genericresult.GenericResult object at 0x7f7838dc91d0>
<video.Video object at 0x7f7838dc9438>
<topstory.TopStory object at 0x7f7838dafd68>
<genericresult.GenericResult object at 0x7f7838dc97b8>
<video.Video object at 0x7f7838dc9160>
<topstory.TopStory object at 0x7f7838dafb70>
<genericresult.GenericResult object at 0x7f7838dc9dd8>
<video.Video object at 0x7f7838dc9908>
<topstory.TopStory object at 0x7f7838dafdd8>
<genericresult.GenericResult object at 0x7f7838dc9710>
<video.Video object at 0x7f7838dc9940>
<topstory.TopStory object at 0x7f7838dafd68>
<genericresult.GenericResult object at 0x7f7838dc96a0>
<video.Video object at 0x7f7838dc9780>
<topstory.TopStory object at 0x7f7838dafb70>
<genericresult.GenericResult object at 0x7f7838dc9eb8>
<video.Video object at 0x7f7838dc9908>
<topstory.TopStory object at 0x7f7838dafdd8>
<genericresult.GenericResult object at 0x7f7838dc9e10>
<video.Video object at 0x7f7838dc9588>
<topstory.TopStory object at 0x7f7838dafd68>
<genericresult.GenericResult object at 0x7f7838dc9e10>
<video.Video object at 0x7f7838dc9828>
<topstory.TopStory object at 0x7f7838dafb70>
<genericresult.GenericResult object at 0x7f7838dc99b0>
<video.Video object at 0x7f7838dc9a90>
Pesquisando os atores: Eleições 2018, Lugar de votação, Candidatos a Presidente, Lula, Bolsonaro, Haddad, Marina Silva, Alckmin, Ciro Gomes, João Amoedo, Álvaro Dias, Cabo Daciolo, Boulos
<topstory.TopStory object at 0x7f783963e518>
<genericresult.GenericResult object at 0x7f7838daf780>
<video.Video object at 0x7f7838dc9b38>
<topstory.TopStory object at 0x7f7839625e10>
<genericresult.GenericResult object at 0x7f7838daf390>
<video.Video object at 0x7f7838dc9e48>
<topstory.TopStory object at 0x7f783963e518>
<genericresult.GenericResult object at 0x7f7838daf9b0>
<video.Video object at 0x7f7838dc9a90>
<topstory.TopStory object at 0x7f7839625e10>
<genericresult.GenericResult object at 0x7f7838daf390>
<video.Video object at 0x7f7838dc91d0>
<topstory.TopStory object at 0x7f783963e518>
<genericresult.GenericResult object at 0x7f7838daf9b0>
<video.Video object at 0x7f7838dc9470>
<topstory.TopStory object at 0x7f7839625e10>
<genericresult.GenericResult object at 0x7f7838daf390>
<video.Video object at 0x7f7838dc9ef0>
<topstory.TopStory object at 0x7f783963e518>
<genericresult.GenericResult object at 0x7f7838daf9b0>
<video.Video object at 0x7f7838dc93c8>
<topstory.TopStory object at 0x7f7839625e10>
<genericresult.GenericResult object at 0x7f7838daf390>
<video.Video object at 0x7f7838dc9e10>
<topstory.TopStory object at 0x7f783963e518>
<genericresult.GenericResult object at 0x7f7838daf9b0>
<video.Video object at 0x7f7838dc9cc0>
Traceback (most recent call last):
  File "/home/ibpad-005023/Documentos/Observatorio-google/roda_pesquisas.py", line 93, in <module>
    main()
  File "/home/ibpad-005023/Documentos/Observatorio-google/roda_pesquisas.py", line 84, in main
    google_html = google_search(driver, busca)
  File "/home/ibpad-005023/Documentos/Observatorio-google/roda_pesquisas.py", line 24, in google_search
    driver.get("https://www.google.com")
  File "/home/ibpad-005023/Documentos/Observatorio-google/venv/lib/python3.6/site-packages/selenium/webdriver/remote/webdriver.py", line 326, in get
    self.execute(Command.GET, {'url': url})
  File "/home/ibpad-005023/Documentos/Observatorio-google/venv/lib/python3.6/site-packages/selenium/webdriver/remote/webdriver.py", line 314, in execute
    self.error_handler.check_response(response)
  File "/home/ibpad-005023/Documentos/Observatorio-google/venv/lib/python3.6/site-packages/selenium/webdriver/remote/errorhandler.py", line 242, in check_response
    raise exception_class(message, screen, stacktrace)
selenium.common.exceptions.TimeoutException: Message: Timeout loading page after 300000ms

