Pesquisando os atores: Eleições 2018, Lugar de votação, Candidatos a Presidente, Lula, Bolsonaro, Haddad, Marina Silva, Alckmin, Ciro Gomes, João Amoedo, Álvaro Dias, Cabo Daciolo, Boulos
<topstory.TopStory object at 0x7fcaa7b0ab00>
<genericresult.GenericResult object at 0x7fcaa7b0ac88>
<video.Video object at 0x7fcaa7b0acf8>
<topstory.TopStory object at 0x7fcaa8e39da0>
<genericresult.GenericResult object at 0x7fcaa7b0afd0>
<video.Video object at 0x7fcaa7b0a978>
<topstory.TopStory object at 0x7fcaabac4438>
<genericresult.GenericResult object at 0x7fcaa7b0ae80>
<video.Video object at 0x7fcaa7b0a828>
<topstory.TopStory object at 0x7fcaa8e39da0>
<genericresult.GenericResult object at 0x7fcaa7b0aeb8>
<video.Video object at 0x7fcaa7b0a2e8>
<topstory.TopStory object at 0x7fcaabac4438>
<genericresult.GenericResult object at 0x7fcaa7b0ac18>
<video.Video object at 0x7fcaa7b0a978>
<topstory.TopStory object at 0x7fcaa8e39da0>
<genericresult.GenericResult object at 0x7fcaa7b0afd0>
<video.Video object at 0x7fcaa7b0acf8>
<topstory.TopStory object at 0x7fcaabac4438>
<genericresult.GenericResult object at 0x7fcaa7b0ae10>
<video.Video object at 0x7fcaa7b0a2e8>
<topstory.TopStory object at 0x7fcaa8e39da0>
<genericresult.GenericResult object at 0x7fcaa7b0ae80>
<video.Video object at 0x7fcaa7b0ac18>
<topstory.TopStory object at 0x7fcaabac4438>
<genericresult.GenericResult object at 0x7fcaa7b0ac88>
<video.Video object at 0x7fcaa7b0aeb8>
Traceback (most recent call last):
  File "/home/ibpad-005023/Documentos/Observatorio-google/roda_pesquisas.py", line 93, in <module>
    main()
  File "/home/ibpad-005023/Documentos/Observatorio-google/roda_pesquisas.py", line 84, in main
    google_html = google_search(driver, busca)
  File "/home/ibpad-005023/Documentos/Observatorio-google/roda_pesquisas.py", line 24, in google_search
    driver.get("https://www.google.com")
  File "/home/ibpad-005023/Documentos/Observatorio-google/venv/lib/python3.6/site-packages/selenium/webdriver/remote/webdriver.py", line 326, in get
    self.execute(Command.GET, {'url': url})
  File "/home/ibpad-005023/Documentos/Observatorio-google/venv/lib/python3.6/site-packages/selenium/webdriver/remote/webdriver.py", line 314, in execute
    self.error_handler.check_response(response)
  File "/home/ibpad-005023/Documentos/Observatorio-google/venv/lib/python3.6/site-packages/selenium/webdriver/remote/errorhandler.py", line 242, in check_response
    raise exception_class(message, screen, stacktrace)
selenium.common.exceptions.TimeoutException: Message: Timeout loading page after 300000ms

