Pesquisando os atores: Eleições 2018, Lugar de votação, Candidatos a Presidente, Lula, Bolsonaro, Haddad, Marina Silva, Alckmin, Ciro Gomes, João Amoedo, Álvaro Dias, Cabo Daciolo, Boulos
<topstory.TopStory object at 0x7fe09ac72ac8>
<genericresult.GenericResult object at 0x7fe09ac72c50>
<video.Video object at 0x7fe09ac72cc0>
<topstory.TopStory object at 0x7fe09bfa1d68>
<genericresult.GenericResult object at 0x7fe09ac72f98>
<video.Video object at 0x7fe09ac72940>
<topstory.TopStory object at 0x7fe09ec2c438>
<genericresult.GenericResult object at 0x7fe09ac72cc0>
<video.Video object at 0x7fe09ac727f0>
<topstory.TopStory object at 0x7fe09bfa1d68>
<genericresult.GenericResult object at 0x7fe09ac72be0>
<video.Video object at 0x7fe09ac72d68>
<topstory.TopStory object at 0x7fe09ec2c438>
<genericresult.GenericResult object at 0x7fe09ac722b0>
<video.Video object at 0x7fe09ac72d68>
<topstory.TopStory object at 0x7fe09bfa1d68>
<genericresult.GenericResult object at 0x7fe09ac72ba8>
<video.Video object at 0x7fe09ac72d30>
<topstory.TopStory object at 0x7fe09ec2c438>
<genericresult.GenericResult object at 0x7fe09ac72e10>
<video.Video object at 0x7fe09ac72cc0>
<topstory.TopStory object at 0x7fe09bfa1d68>
<genericresult.GenericResult object at 0x7fe09ac72d30>
<video.Video object at 0x7fe09ac72f98>
<topstory.TopStory object at 0x7fe09ec2c438>
<genericresult.GenericResult object at 0x7fe09ac72cc0>
<video.Video object at 0x7fe09ac72f98>
<topstory.TopStory object at 0x7fe09bfa1d68>
<genericresult.GenericResult object at 0x7fe09ac72dd8>
<video.Video object at 0x7fe09ac72b38>
<topstory.TopStory object at 0x7fe09ec2c438>
<genericresult.GenericResult object at 0x7fe09ac72f98>
<video.Video object at 0x7fe09ac72dd8>
<topstory.TopStory object at 0x7fe09bfa1d68>
<genericresult.GenericResult object at 0x7fe09ac72ba8>
<video.Video object at 0x7fe09ac72978>
<topstory.TopStory object at 0x7fe09ec2c438>
<genericresult.GenericResult object at 0x7fe09ac72dd8>
<video.Video object at 0x7fe09ac72e80>
Pesquisando os atores: Eleições 2018, Lugar de votação, Candidatos a Presidente, Lula, Bolsonaro, Haddad, Marina Silva, Alckmin, Ciro Gomes, João Amoedo, Álvaro Dias, Cabo Daciolo, Boulos
<topstory.TopStory object at 0x7fe09ec2c438>
<genericresult.GenericResult object at 0x7fe09ac72e80>
<video.Video object at 0x7fe09a3e2e48>
<topstory.TopStory object at 0x7fe09ac72358>
<genericresult.GenericResult object at 0x7fe09ac72470>
<video.Video object at 0x7fe09a3e2cf8>
<topstory.TopStory object at 0x7fe09ac72f28>
<genericresult.GenericResult object at 0x7fe09ac72898>
<video.Video object at 0x7fe09a3e2ba8>
<topstory.TopStory object at 0x7fe09ac722b0>
<genericresult.GenericResult object at 0x7fe09ac72898>
<video.Video object at 0x7fe09a3e2978>
<topstory.TopStory object at 0x7fe09ac72128>
<genericresult.GenericResult object at 0x7fe09ac721d0>
<video.Video object at 0x7fe09a3e2dd8>
<topstory.TopStory object at 0x7fe09ac72390>
<genericresult.GenericResult object at 0x7fe09ac722b0>
<video.Video object at 0x7fe09a3e2860>
<topstory.TopStory object at 0x7fe09ac728d0>
<genericresult.GenericResult object at 0x7fe09ac722b0>
<video.Video object at 0x7fe09a3e2320>
<topstory.TopStory object at 0x7fe09ac72da0>
<genericresult.GenericResult object at 0x7fe09ac724e0>
<video.Video object at 0x7fe09a3e2c18>
<topstory.TopStory object at 0x7fe09ac727f0>
<genericresult.GenericResult object at 0x7fe09ac728d0>
<video.Video object at 0x7fe09a3e2978>
<topstory.TopStory object at 0x7fe09ac72358>
<genericresult.GenericResult object at 0x7fe09ac72240>
<video.Video object at 0x7fe09a3e2c88>
<topstory.TopStory object at 0x7fe09ac72da0>
<genericresult.GenericResult object at 0x7fe09ac72e80>
<video.Video object at 0x7fe09a3e2f60>
<topstory.TopStory object at 0x7fe09ac727f0>
<genericresult.GenericResult object at 0x7fe09ac72390>
<video.Video object at 0x7fe09a3e2c18>
<topstory.TopStory object at 0x7fe09ac72358>
<genericresult.GenericResult object at 0x7fe09ac722b0>
<video.Video object at 0x7fe09a3e2cf8>
Pesquisando os atores: Eleições 2018, Lugar de votação, Candidatos a Presidente, Lula, Bolsonaro, Haddad, Marina Silva, Alckmin, Ciro Gomes, João Amoedo, Álvaro Dias, Cabo Daciolo, Boulos
<topstory.TopStory object at 0x7fe09a3e2e10>
<genericresult.GenericResult object at 0x7fe09a3fe550>
<video.Video object at 0x7fe09a3fe780>
<topstory.TopStory object at 0x7fe09a3e28d0>
<genericresult.GenericResult object at 0x7fe09a3ff518>
<video.Video object at 0x7fe09a3ff8d0>
<topstory.TopStory object at 0x7fe09a3e2e10>
<genericresult.GenericResult object at 0x7fe09a3ffb00>
<video.Video object at 0x7fe09a3ff0f0>
<topstory.TopStory object at 0x7fe09a3e2b38>
<genericresult.GenericResult object at 0x7fe09a3ffac8>
<video.Video object at 0x7fe09a3ff6a0>
<topstory.TopStory object at 0x7fe09a3e2c18>
<genericresult.GenericResult object at 0x7fe09a3ff550>
<video.Video object at 0x7fe09a3ffa20>
<topstory.TopStory object at 0x7fe09a3e28d0>
<genericresult.GenericResult object at 0x7fe09a3ff470>
<video.Video object at 0x7fe09a3ff358>
<topstory.TopStory object at 0x7fe09a3e2e10>
<genericresult.GenericResult object at 0x7fe09a3ffb70>
<video.Video object at 0x7fe09a3ffa58>
<topstory.TopStory object at 0x7fe09a3e2b38>
<genericresult.GenericResult object at 0x7fe09a3ff710>
<video.Video object at 0x7fe09a3ff470>
<topstory.TopStory object at 0x7fe09a3e2c18>
<genericresult.GenericResult object at 0x7fe09a3ff358>
<video.Video object at 0x7fe09a3ffbe0>
<topstory.TopStory object at 0x7fe09a3e28d0>
<genericresult.GenericResult object at 0x7fe09a3ffb38>
<video.Video object at 0x7fe09a3ff5c0>
<topstory.TopStory object at 0x7fe09a3e2e10>
<genericresult.GenericResult object at 0x7fe09a404518>
<video.Video object at 0x7fe09a4048d0>
<topstory.TopStory object at 0x7fe09a3e2b38>
<genericresult.GenericResult object at 0x7fe09a404080>
<video.Video object at 0x7fe09a4040f0>
<topstory.TopStory object at 0x7fe09a3e2c18>
<genericresult.GenericResult object at 0x7fe09a404a58>
<video.Video object at 0x7fe09a4046a0>
Pesquisando os atores: Eleições 2018, Lugar de votação, Candidatos a Presidente, Lula, Bolsonaro, Haddad, Marina Silva, Alckmin, Ciro Gomes, João Amoedo, Álvaro Dias, Cabo Daciolo, Boulos
<topstory.TopStory object at 0x7fe09a3e2a58>
<genericresult.GenericResult object at 0x7fe09a3e2860>
<video.Video object at 0x7fe09a404588>
<topstory.TopStory object at 0x7fe09a3e27f0>
<genericresult.GenericResult object at 0x7fe09a3e2390>
<video.Video object at 0x7fe09a404588>
<topstory.TopStory object at 0x7fe09a3e2860>
<genericresult.GenericResult object at 0x7fe09a3e27f0>
<video.Video object at 0x7fe09a404828>
<topstory.TopStory object at 0x7fe09a3e2a58>
<genericresult.GenericResult object at 0x7fe09a3e2860>
<video.Video object at 0x7fe09a404d68>
<topstory.TopStory object at 0x7fe09a3e2320>
<genericresult.GenericResult object at 0x7fe09a3e2a58>
<video.Video object at 0x7fe09a404a90>
<topstory.TopStory object at 0x7fe09a3e2898>
<genericresult.GenericResult object at 0x7fe09a3e2320>
<video.Video object at 0x7fe09a404eb8>
<topstory.TopStory object at 0x7fe09a3e2ac8>
<genericresult.GenericResult object at 0x7fe09a3e2898>
<video.Video object at 0x7fe09a404588>
<topstory.TopStory object at 0x7fe09a3e2390>
<genericresult.GenericResult object at 0x7fe09a3e2ac8>
<video.Video object at 0x7fe09a404f28>
Traceback (most recent call last):
  File "/home/ibpad-005023/Documentos/Observatorio-google/roda_pesquisas.py", line 93, in <module>
    main()
  File "/home/ibpad-005023/Documentos/Observatorio-google/roda_pesquisas.py", line 84, in main
    google_html = google_search(driver, busca)
  File "/home/ibpad-005023/Documentos/Observatorio-google/roda_pesquisas.py", line 25, in google_search
    driver.get(base_link + query)
  File "/home/ibpad-005023/Documentos/Observatorio-google/venv/lib/python3.6/site-packages/selenium/webdriver/remote/webdriver.py", line 326, in get
    self.execute(Command.GET, {'url': url})
  File "/home/ibpad-005023/Documentos/Observatorio-google/venv/lib/python3.6/site-packages/selenium/webdriver/remote/webdriver.py", line 314, in execute
    self.error_handler.check_response(response)
  File "/home/ibpad-005023/Documentos/Observatorio-google/venv/lib/python3.6/site-packages/selenium/webdriver/remote/errorhandler.py", line 242, in check_response
    raise exception_class(message, screen, stacktrace)
selenium.common.exceptions.TimeoutException: Message: Timeout loading page after 300000ms

