Pesquisando os atores: Eleições 2018, Lugar de votação, Candidatos a Presidente, Lula, Bolsonaro, Haddad, Marina Silva, Alckmin, Ciro Gomes, João Amoedo, Álvaro Dias, Cabo Daciolo, Boulos
<topstory.TopStory object at 0x7f5baff3bac8>
<genericresult.GenericResult object at 0x7f5baff3bc50>
<video.Video object at 0x7f5baff3bcc0>
<topstory.TopStory object at 0x7f5bb126ad68>
<genericresult.GenericResult object at 0x7f5baff3bf98>
<video.Video object at 0x7f5baff3b940>
<topstory.TopStory object at 0x7f5bb3ef5438>
<genericresult.GenericResult object at 0x7f5baff3bd30>
<video.Video object at 0x7f5baff3b2b0>
<topstory.TopStory object at 0x7f5bb126ad68>
<genericresult.GenericResult object at 0x7f5baff3bfd0>
<video.Video object at 0x7f5baff3b860>
<topstory.TopStory object at 0x7f5bb3ef5438>
<genericresult.GenericResult object at 0x7f5baff3bb38>
<video.Video object at 0x7f5baff3bb70>
<topstory.TopStory object at 0x7f5bb126ad68>
<genericresult.GenericResult object at 0x7f5baff3b7f0>
<video.Video object at 0x7f5baff3bf98>
<topstory.TopStory object at 0x7f5bb3ef5438>
<genericresult.GenericResult object at 0x7f5baff3bfd0>
<video.Video object at 0x7f5baff3be80>
<topstory.TopStory object at 0x7f5bb126ad68>
<genericresult.GenericResult object at 0x7f5baff3bba8>
<video.Video object at 0x7f5baff3bf28>
<topstory.TopStory object at 0x7f5bb3ef5438>
<genericresult.GenericResult object at 0x7f5baff3bc50>
<video.Video object at 0x7f5baff3beb8>
<topstory.TopStory object at 0x7f5bb126ad68>
<genericresult.GenericResult object at 0x7f5baff3bd68>
<video.Video object at 0x7f5baff3bd30>
<topstory.TopStory object at 0x7f5bb3ef5438>
<genericresult.GenericResult object at 0x7f5baff3bba8>
<video.Video object at 0x7f5baff3bd68>
<topstory.TopStory object at 0x7f5bb126ad68>
<genericresult.GenericResult object at 0x7f5baff3b2b0>
<video.Video object at 0x7f5baff3b7f0>
<topstory.TopStory object at 0x7f5bb3ef5438>
<genericresult.GenericResult object at 0x7f5baff3b978>
<video.Video object at 0x7f5baff3be80>
Pesquisando os atores: Eleições 2018, Lugar de votação, Candidatos a Presidente, Lula, Bolsonaro, Haddad, Marina Silva, Alckmin, Ciro Gomes, João Amoedo, Álvaro Dias, Cabo Daciolo, Boulos
<topstory.TopStory object at 0x7f5bb3ef5438>
<genericresult.GenericResult object at 0x7f5baff3bba8>
<video.Video object at 0x7f5baf6aba20>
<topstory.TopStory object at 0x7f5baff3b358>
<genericresult.GenericResult object at 0x7f5baff3b470>
<video.Video object at 0x7f5baf6abe80>
<topstory.TopStory object at 0x7f5baff3bac8>
<genericresult.GenericResult object at 0x7f5baff3b898>
<video.Video object at 0x7f5baf6abc88>
<topstory.TopStory object at 0x7f5baff3ba58>
<genericresult.GenericResult object at 0x7f5baff3b898>
<video.Video object at 0x7f5baf6abb38>
<topstory.TopStory object at 0x7f5baff3b128>
<genericresult.GenericResult object at 0x7f5baff3b1d0>
<video.Video object at 0x7f5baf6ab908>
<topstory.TopStory object at 0x7f5baff3b390>
<genericresult.GenericResult object at 0x7f5baff3ba58>
<video.Video object at 0x7f5baf6ab8d0>
<topstory.TopStory object at 0x7f5baff3b8d0>
<genericresult.GenericResult object at 0x7f5baff3bd30>
<video.Video object at 0x7f5baf6abe10>
<topstory.TopStory object at 0x7f5baff3b128>
<genericresult.GenericResult object at 0x7f5baff3bd30>
<video.Video object at 0x7f5baf6aba90>
<topstory.TopStory object at 0x7f5baff3bda0>
<genericresult.GenericResult object at 0x7f5baff3bac8>
<video.Video object at 0x7f5baf6abc88>
<topstory.TopStory object at 0x7f5baff3b4e0>
<genericresult.GenericResult object at 0x7f5baff3b128>
<video.Video object at 0x7f5baf6ab8d0>
<topstory.TopStory object at 0x7f5baff3b240>
<genericresult.GenericResult object at 0x7f5baff3b128>
<video.Video object at 0x7f5baf6abf98>
<topstory.TopStory object at 0x7f5baff3bba8>
<genericresult.GenericResult object at 0x7f5baff3b748>
<video.Video object at 0x7f5baf6aba90>
<topstory.TopStory object at 0x7f5baff3b470>
<genericresult.GenericResult object at 0x7f5baff3b748>
<video.Video object at 0x7f5baf6abf28>
Pesquisando os atores: Eleições 2018, Lugar de votação, Candidatos a Presidente, Lula, Bolsonaro, Haddad, Marina Silva, Alckmin, Ciro Gomes, João Amoedo, Álvaro Dias, Cabo Daciolo, Boulos
<topstory.TopStory object at 0x7f5baf6abb70>
<genericresult.GenericResult object at 0x7f5baf6c0550>
<video.Video object at 0x7f5baf6c0518>
<topstory.TopStory object at 0x7f5baf6abeb8>
<genericresult.GenericResult object at 0x7f5baf6c0160>
<video.Video object at 0x7f5baf6c0860>
<topstory.TopStory object at 0x7f5baf6abe10>
<genericresult.GenericResult object at 0x7f5baf6c0ac8>
<video.Video object at 0x7f5baf6c05f8>
<topstory.TopStory object at 0x7f5baf6abb70>
<genericresult.GenericResult object at 0x7f5baf6c0710>
<video.Video object at 0x7f5baf6c04e0>
<topstory.TopStory object at 0x7f5baf6ab908>
<genericresult.GenericResult object at 0x7f5baf6c0198>
<video.Video object at 0x7f5baf6c0438>
<topstory.TopStory object at 0x7f5baf6abeb8>
<genericresult.GenericResult object at 0x7f5baf6c0048>
<video.Video object at 0x7f5baf6c0780>
<topstory.TopStory object at 0x7f5baf6abe10>
<genericresult.GenericResult object at 0x7f5baf6c0860>
<video.Video object at 0x7f5baf6c0b38>
<topstory.TopStory object at 0x7f5baf6abb70>
<genericresult.GenericResult object at 0x7f5baf6c0c50>
<video.Video object at 0x7f5baf6c0048>
<topstory.TopStory object at 0x7f5baf6ab908>
<genericresult.GenericResult object at 0x7f5baf6c09e8>
<video.Video object at 0x7f5baf6c04a8>
<topstory.TopStory object at 0x7f5baf6abeb8>
<genericresult.GenericResult object at 0x7f5baf6ce518>
<video.Video object at 0x7f5baf6ce8d0>
<topstory.TopStory object at 0x7f5baf6abe10>
<genericresult.GenericResult object at 0x7f5baf6ce390>
<video.Video object at 0x7f5baf6ce0f0>
<topstory.TopStory object at 0x7f5baf6abb70>
<genericresult.GenericResult object at 0x7f5baf6ce940>
<video.Video object at 0x7f5baf6ce6a0>
<topstory.TopStory object at 0x7f5baf6ab908>
<genericresult.GenericResult object at 0x7f5baf6ce2b0>
<video.Video object at 0x7f5baf6ce320>
Pesquisando os atores: Eleições 2018, Lugar de votação, Candidatos a Presidente, Lula, Bolsonaro, Haddad, Marina Silva, Alckmin, Ciro Gomes, João Amoedo, Álvaro Dias, Cabo Daciolo, Boulos
<topstory.TopStory object at 0x7f5baf6aba20>
<genericresult.GenericResult object at 0x7f5baf6ab9e8>
<video.Video object at 0x7f5baf6ce400>
<topstory.TopStory object at 0x7f5baf6ab9e8>
<genericresult.GenericResult object at 0x7f5baf6abd68>
<video.Video object at 0x7f5baf6ce400>
<topstory.TopStory object at 0x7f5baf6aba20>
<genericresult.GenericResult object at 0x7f5baf6ab9e8>
<video.Video object at 0x7f5baf6cecc0>
<topstory.TopStory object at 0x7f5baf6abf98>
<genericresult.GenericResult object at 0x7f5baf6aba20>
<video.Video object at 0x7f5baf6ced68>
<topstory.TopStory object at 0x7f5baf6abdd8>
<genericresult.GenericResult object at 0x7f5baf6abf98>
<video.Video object at 0x7f5baf6ce898>
<topstory.TopStory object at 0x7f5baf6abef0>
<genericresult.GenericResult object at 0x7f5baf6abdd8>
<video.Video object at 0x7f5baf6ce8d0>
<topstory.TopStory object at 0x7f5baf6abd68>
<genericresult.GenericResult object at 0x7f5baf6abef0>
<video.Video object at 0x7f5baf6cec50>
<topstory.TopStory object at 0x7f5baf6ab9e8>
<genericresult.GenericResult object at 0x7f5baf6abd68>
<video.Video object at 0x7f5baf6cec88>
<topstory.TopStory object at 0x7f5baf6aba20>
<genericresult.GenericResult object at 0x7f5baf6ab9e8>
<video.Video object at 0x7f5baf6cea20>
<topstory.TopStory object at 0x7f5baf6abf98>
<genericresult.GenericResult object at 0x7f5baf6aba20>
<video.Video object at 0x7f5baf6ced68>
<topstory.TopStory object at 0x7f5baf6abdd8>
<genericresult.GenericResult object at 0x7f5baf6abf98>
<video.Video object at 0x7f5baf6ceda0>
<topstory.TopStory object at 0x7f5baf6abef0>
<genericresult.GenericResult object at 0x7f5baf6abdd8>
<video.Video object at 0x7f5baf6ce908>
<topstory.TopStory object at 0x7f5baf6abd68>
<genericresult.GenericResult object at 0x7f5baf6abef0>
<video.Video object at 0x7f5baf6ce668>
Pesquisando os atores: Eleições 2018, Lugar de votação, Candidatos a Presidente, Lula, Bolsonaro, Haddad, Marina Silva, Alckmin, Ciro Gomes, João Amoedo, Álvaro Dias, Cabo Daciolo, Boulos
<topstory.TopStory object at 0x7f5baf6cee10>
<genericresult.GenericResult object at 0x7f5baf6ce978>
<video.Video object at 0x7f5baf6ce908>
<topstory.TopStory object at 0x7f5baf6abcc0>
<genericresult.GenericResult object at 0x7f5baf6ce550>
<video.Video object at 0x7f5baf6ceac8>
<topstory.TopStory object at 0x7f5baf6abb38>
<genericresult.GenericResult object at 0x7f5baf6ce780>
<video.Video object at 0x7f5baf6ce2e8>
<topstory.TopStory object at 0x7f5baf6abcc0>
<genericresult.GenericResult object at 0x7f5baf6ce588>
<video.Video object at 0x7f5baf6ceb38>
<topstory.TopStory object at 0x7f5baf6abb38>
<genericresult.GenericResult object at 0x7f5baf6ce2b0>
<video.Video object at 0x7f5baf6ce630>
<topstory.TopStory object at 0x7f5baf6abcc0>
<genericresult.GenericResult object at 0x7f5baf6ceb38>
<video.Video object at 0x7f5baf6ce5f8>
<topstory.TopStory object at 0x7f5baf6abb38>
<genericresult.GenericResult object at 0x7f5baf6ce400>
<video.Video object at 0x7f5baf6cee80>
<topstory.TopStory object at 0x7f5baf6abcc0>
<genericresult.GenericResult object at 0x7f5baf6ceb38>
<video.Video object at 0x7f5baf6ce860>
<topstory.TopStory object at 0x7f5baf6abb38>
<genericresult.GenericResult object at 0x7f5baf6cee48>
<video.Video object at 0x7f5baf6ce5f8>
<topstory.TopStory object at 0x7f5baf6abcc0>
<genericresult.GenericResult object at 0x7f5baf6ce550>
<video.Video object at 0x7f5baf6ce860>
<topstory.TopStory object at 0x7f5baf6abb38>
<genericresult.GenericResult object at 0x7f5baf6ce780>
<video.Video object at 0x7f5baf6ce550>
<topstory.TopStory object at 0x7f5baf6abcc0>
<genericresult.GenericResult object at 0x7f5baf6ceeb8>
<video.Video object at 0x7f5baf6cee80>
Traceback (most recent call last):
  File "/home/ibpad-005023/Documentos/Observatorio-google/roda_pesquisas.py", line 93, in <module>
    main()
  File "/home/ibpad-005023/Documentos/Observatorio-google/roda_pesquisas.py", line 84, in main
    google_html = google_search(driver, busca)
  File "/home/ibpad-005023/Documentos/Observatorio-google/roda_pesquisas.py", line 25, in google_search
    driver.get(base_link + query)
  File "/home/ibpad-005023/Documentos/Observatorio-google/venv/lib/python3.6/site-packages/selenium/webdriver/remote/webdriver.py", line 326, in get
    self.execute(Command.GET, {'url': url})
  File "/home/ibpad-005023/Documentos/Observatorio-google/venv/lib/python3.6/site-packages/selenium/webdriver/remote/webdriver.py", line 314, in execute
    self.error_handler.check_response(response)
  File "/home/ibpad-005023/Documentos/Observatorio-google/venv/lib/python3.6/site-packages/selenium/webdriver/remote/errorhandler.py", line 242, in check_response
    raise exception_class(message, screen, stacktrace)
selenium.common.exceptions.TimeoutException: Message: Timeout loading page after 300000ms

