Pesquisando os atores: Eleições 2018, Lugar de votação, Candidatos a Presidente, Lula, Bolsonaro, Haddad, Marina Silva, Alckmin, Ciro Gomes, João Amoedo, Álvaro Dias, Cabo Daciolo, Boulos
<topstory.TopStory object at 0x7fcc3a161ac8>
<genericresult.GenericResult object at 0x7fcc3a161c50>
<video.Video object at 0x7fcc3a161cc0>
<topstory.TopStory object at 0x7fcc3b490d68>
<genericresult.GenericResult object at 0x7fcc3a161f98>
<video.Video object at 0x7fcc3a161940>
<topstory.TopStory object at 0x7fcc3e11b438>
<genericresult.GenericResult object at 0x7fcc3a161d30>
<video.Video object at 0x7fcc3a1617f0>
<topstory.TopStory object at 0x7fcc3b490d68>
<genericresult.GenericResult object at 0x7fcc3a161a58>
<video.Video object at 0x7fcc3a161860>
<topstory.TopStory object at 0x7fcc3e11b438>
<genericresult.GenericResult object at 0x7fcc3a161f60>
<video.Video object at 0x7fcc3a161978>
<topstory.TopStory object at 0x7fcc3b490d68>
<genericresult.GenericResult object at 0x7fcc3a161828>
<video.Video object at 0x7fcc3a161be0>
<topstory.TopStory object at 0x7fcc3e11b438>
<genericresult.GenericResult object at 0x7fcc3a161b38>
<video.Video object at 0x7fcc3a161cc0>
<topstory.TopStory object at 0x7fcc3b490d68>
<genericresult.GenericResult object at 0x7fcc3a161e80>
<video.Video object at 0x7fcc3a161f60>
<topstory.TopStory object at 0x7fcc3e11b438>
<genericresult.GenericResult object at 0x7fcc3a161be0>
<video.Video object at 0x7fcc3a161b70>
<topstory.TopStory object at 0x7fcc3b490d68>
<genericresult.GenericResult object at 0x7fcc3a161d68>
<video.Video object at 0x7fcc3a161f28>
<topstory.TopStory object at 0x7fcc3e11b438>
<genericresult.GenericResult object at 0x7fcc3a1617f0>
<video.Video object at 0x7fcc3a161d68>
<topstory.TopStory object at 0x7fcc3b490d68>
<genericresult.GenericResult object at 0x7fcc3a161828>
<video.Video object at 0x7fcc3a161e48>
<topstory.TopStory object at 0x7fcc3e11b438>
<genericresult.GenericResult object at 0x7fcc3a161f28>
<video.Video object at 0x7fcc3a161f60>
Pesquisando os atores: Eleições 2018, Lugar de votação, Candidatos a Presidente, Lula, Bolsonaro, Haddad, Marina Silva, Alckmin, Ciro Gomes, João Amoedo, Álvaro Dias, Cabo Daciolo, Boulos
<topstory.TopStory object at 0x7fcc3e11b438>
<genericresult.GenericResult object at 0x7fcc3a1617f0>
<video.Video object at 0x7fcc398d1c18>
<topstory.TopStory object at 0x7fcc3a161358>
<genericresult.GenericResult object at 0x7fcc3a161470>
<video.Video object at 0x7fcc398d1d30>
<topstory.TopStory object at 0x7fcc3a161cc0>
<genericresult.GenericResult object at 0x7fcc3a161898>
<video.Video object at 0x7fcc398d1c50>
<topstory.TopStory object at 0x7fcc3a161c50>
<genericresult.GenericResult object at 0x7fcc3a161898>
<video.Video object at 0x7fcc398d1d30>
<topstory.TopStory object at 0x7fcc3a161128>
<genericresult.GenericResult object at 0x7fcc3a1611d0>
<video.Video object at 0x7fcc398d1e48>
<topstory.TopStory object at 0x7fcc3a161390>
<genericresult.GenericResult object at 0x7fcc3a161c50>
<video.Video object at 0x7fcc398d1d30>
<topstory.TopStory object at 0x7fcc3a1618d0>
<genericresult.GenericResult object at 0x7fcc3a161dd8>
<video.Video object at 0x7fcc398d1c88>
<topstory.TopStory object at 0x7fcc3a161128>
<genericresult.GenericResult object at 0x7fcc3a161dd8>
<video.Video object at 0x7fcc398d1a20>
<topstory.TopStory object at 0x7fcc3a161da0>
<genericresult.GenericResult object at 0x7fcc3a161cc0>
<video.Video object at 0x7fcc398d1eb8>
<topstory.TopStory object at 0x7fcc3a1614e0>
<genericresult.GenericResult object at 0x7fcc3a161128>
<video.Video object at 0x7fcc398d1be0>
<topstory.TopStory object at 0x7fcc3a161240>
<genericresult.GenericResult object at 0x7fcc3a161128>
<video.Video object at 0x7fcc398d1c18>
<topstory.TopStory object at 0x7fcc3a1617f0>
<genericresult.GenericResult object at 0x7fcc3a161748>
<video.Video object at 0x7fcc398d18d0>
<topstory.TopStory object at 0x7fcc3a161470>
<genericresult.GenericResult object at 0x7fcc3a161748>
<video.Video object at 0x7fcc398d1c18>
Pesquisando os atores: Eleições 2018, Lugar de votação, Candidatos a Presidente, Lula, Bolsonaro, Haddad, Marina Silva, Alckmin, Ciro Gomes, João Amoedo, Álvaro Dias, Cabo Daciolo, Boulos
<topstory.TopStory object at 0x7fcc398d1b38>
<genericresult.GenericResult object at 0x7fcc398f1550>
<video.Video object at 0x7fcc398f1518>
<topstory.TopStory object at 0x7fcc398d1748>
<genericresult.GenericResult object at 0x7fcc398f1470>
<video.Video object at 0x7fcc398f1860>
<topstory.TopStory object at 0x7fcc398d1cc0>
<genericresult.GenericResult object at 0x7fcc398f1ac8>
<video.Video object at 0x7fcc398f15f8>
<topstory.TopStory object at 0x7fcc398d1b38>
<genericresult.GenericResult object at 0x7fcc398f1be0>
<video.Video object at 0x7fcc398f14e0>
<topstory.TopStory object at 0x7fcc398d19e8>
<genericresult.GenericResult object at 0x7fcc398f1860>
<video.Video object at 0x7fcc398f17f0>
<topstory.TopStory object at 0x7fcc398d1748>
<genericresult.GenericResult object at 0x7fcc398f15f8>
<video.Video object at 0x7fcc398f1550>
<topstory.TopStory object at 0x7fcc398d1cc0>
<genericresult.GenericResult object at 0x7fcc398f15c0>
<video.Video object at 0x7fcc398f1940>
<topstory.TopStory object at 0x7fcc398d1b38>
<genericresult.GenericResult object at 0x7fcc398f1240>
<video.Video object at 0x7fcc398f16d8>
<topstory.TopStory object at 0x7fcc398d19e8>
<genericresult.GenericResult object at 0x7fcc398f12b0>
<video.Video object at 0x7fcc398f17f0>
<topstory.TopStory object at 0x7fcc398d1748>
<genericresult.GenericResult object at 0x7fcc398f1828>
<video.Video object at 0x7fcc398f1630>
<topstory.TopStory object at 0x7fcc398d1cc0>
<genericresult.GenericResult object at 0x7fcc398f12e8>
<video.Video object at 0x7fcc398f1b00>
<topstory.TopStory object at 0x7fcc398d1b38>
<genericresult.GenericResult object at 0x7fcc398f14e0>
<video.Video object at 0x7fcc398f1240>
<topstory.TopStory object at 0x7fcc398d19e8>
<genericresult.GenericResult object at 0x7fcc398f1860>
<video.Video object at 0x7fcc398f1ba8>
Pesquisando os atores: Eleições 2018, Lugar de votação, Candidatos a Presidente, Lula, Bolsonaro, Haddad, Marina Silva, Alckmin, Ciro Gomes, João Amoedo, Álvaro Dias, Cabo Daciolo, Boulos
<topstory.TopStory object at 0x7fcc398d1c88>
<genericresult.GenericResult object at 0x7fcc398d1f28>
<video.Video object at 0x7fcc398f10f0>
<topstory.TopStory object at 0x7fcc398d1f28>
<genericresult.GenericResult object at 0x7fcc398d1a90>
<video.Video object at 0x7fcc398f10f0>
<topstory.TopStory object at 0x7fcc398d1c88>
<genericresult.GenericResult object at 0x7fcc398d1f28>
<video.Video object at 0x7fcc398f1a58>
Traceback (most recent call last):
  File "/home/ibpad-005023/Documentos/Observatorio-google/roda_pesquisas.py", line 93, in <module>
    main()
  File "/home/ibpad-005023/Documentos/Observatorio-google/roda_pesquisas.py", line 84, in main
    google_html = google_search(driver, busca)
  File "/home/ibpad-005023/Documentos/Observatorio-google/roda_pesquisas.py", line 24, in google_search
    driver.get("https://www.google.com")
  File "/home/ibpad-005023/Documentos/Observatorio-google/venv/lib/python3.6/site-packages/selenium/webdriver/remote/webdriver.py", line 326, in get
    self.execute(Command.GET, {'url': url})
  File "/home/ibpad-005023/Documentos/Observatorio-google/venv/lib/python3.6/site-packages/selenium/webdriver/remote/webdriver.py", line 314, in execute
    self.error_handler.check_response(response)
  File "/home/ibpad-005023/Documentos/Observatorio-google/venv/lib/python3.6/site-packages/selenium/webdriver/remote/errorhandler.py", line 242, in check_response
    raise exception_class(message, screen, stacktrace)
selenium.common.exceptions.TimeoutException: Message: Timeout loading page after 300000ms

