Pesquisando os atores: Eleições 2018, Lugar de votação, Candidatos a Presidente, Lula, Bolsonaro, Haddad, Marina Silva, Alckmin, Ciro Gomes, João Amoedo, Álvaro Dias, Cabo Daciolo, Boulos
<topstory.TopStory object at 0x7f6f5b61cac8>
<genericresult.GenericResult object at 0x7f6f5b61cc50>
<video.Video object at 0x7f6f5b61ccc0>
<topstory.TopStory object at 0x7f6f5c94bd68>
<genericresult.GenericResult object at 0x7f6f5b61cf98>
<video.Video object at 0x7f6f5b61c940>
<topstory.TopStory object at 0x7f6f5f5d6438>
<genericresult.GenericResult object at 0x7f6f5b61ccc0>
<video.Video object at 0x7f6f5b61c7f0>
<topstory.TopStory object at 0x7f6f5c94bd68>
<genericresult.GenericResult object at 0x7f6f5b61ceb8>
<video.Video object at 0x7f6f5b61c860>
<topstory.TopStory object at 0x7f6f5f5d6438>
<genericresult.GenericResult object at 0x7f6f5b61cb38>
<video.Video object at 0x7f6f5b61cb70>
<topstory.TopStory object at 0x7f6f5c94bd68>
<genericresult.GenericResult object at 0x7f6f5b61cf60>
<video.Video object at 0x7f6f5b61cf98>
<topstory.TopStory object at 0x7f6f5f5d6438>
<genericresult.GenericResult object at 0x7f6f5b61cf28>
<video.Video object at 0x7f6f5b61ccc0>
<topstory.TopStory object at 0x7f6f5c94bd68>
<genericresult.GenericResult object at 0x7f6f5b61ce80>
<video.Video object at 0x7f6f5b61c940>
<topstory.TopStory object at 0x7f6f5f5d6438>
<genericresult.GenericResult object at 0x7f6f5b61cbe0>
<video.Video object at 0x7f6f5b61c828>
<topstory.TopStory object at 0x7f6f5c94bd68>
<genericresult.GenericResult object at 0x7f6f5b61ca58>
<video.Video object at 0x7f6f5b61cd68>
<topstory.TopStory object at 0x7f6f5f5d6438>
<genericresult.GenericResult object at 0x7f6f5b61ccc0>
<video.Video object at 0x7f6f5b61ca58>
<topstory.TopStory object at 0x7f6f5c94bd68>
<genericresult.GenericResult object at 0x7f6f5b61c860>
<video.Video object at 0x7f6f5b61cbe0>
<topstory.TopStory object at 0x7f6f5f5d6438>
<genericresult.GenericResult object at 0x7f6f5b61cd30>
<video.Video object at 0x7f6f5b61cc50>
Pesquisando os atores: Eleições 2018, Lugar de votação, Candidatos a Presidente, Lula, Bolsonaro, Haddad, Marina Silva, Alckmin, Ciro Gomes, João Amoedo, Álvaro Dias, Cabo Daciolo, Boulos
<topstory.TopStory object at 0x7f6f5f5d6438>
<genericresult.GenericResult object at 0x7f6f5b61cf60>
<video.Video object at 0x7f6f5ad8ee10>
<topstory.TopStory object at 0x7f6f5b61c358>
<genericresult.GenericResult object at 0x7f6f5b61c470>
<video.Video object at 0x7f6f5ad8e3c8>
<topstory.TopStory object at 0x7f6f5b61cac8>
<genericresult.GenericResult object at 0x7f6f5b61c898>
<video.Video object at 0x7f6f5ad8e828>
<topstory.TopStory object at 0x7f6f5b61ccc0>
<genericresult.GenericResult object at 0x7f6f5b61c898>
<video.Video object at 0x7f6f5ad8eef0>
<topstory.TopStory object at 0x7f6f5b61c128>
<genericresult.GenericResult object at 0x7f6f5b61c1d0>
<video.Video object at 0x7f6f5ad8ed30>
<topstory.TopStory object at 0x7f6f5b61c390>
<genericresult.GenericResult object at 0x7f6f5b61ccc0>
<video.Video object at 0x7f6f5ad8ec18>
<topstory.TopStory object at 0x7f6f5b61c8d0>
<genericresult.GenericResult object at 0x7f6f5b61ceb8>
<video.Video object at 0x7f6f5ad8eef0>
<topstory.TopStory object at 0x7f6f5b61c128>
<genericresult.GenericResult object at 0x7f6f5b61ceb8>
<video.Video object at 0x7f6f5ad8ea20>
<topstory.TopStory object at 0x7f6f5b61cda0>
<genericresult.GenericResult object at 0x7f6f5b61cac8>
<video.Video object at 0x7f6f5ad8eef0>
<topstory.TopStory object at 0x7f6f5b61c4e0>
<genericresult.GenericResult object at 0x7f6f5b61c128>
<video.Video object at 0x7f6f5ad8ec50>
<topstory.TopStory object at 0x7f6f5b61c240>
<genericresult.GenericResult object at 0x7f6f5b61c128>
<video.Video object at 0x7f6f5ad8eba8>
<topstory.TopStory object at 0x7f6f5b61cf60>
<genericresult.GenericResult object at 0x7f6f5b61c748>
<video.Video object at 0x7f6f5ad8ecf8>
<topstory.TopStory object at 0x7f6f5b61c470>
<genericresult.GenericResult object at 0x7f6f5b61c748>
<video.Video object at 0x7f6f5ad8ee48>
Traceback (most recent call last):
  File "/home/ibpad-005023/Documentos/Observatorio-google/roda_pesquisas.py", line 93, in <module>
    main()
  File "/home/ibpad-005023/Documentos/Observatorio-google/roda_pesquisas.py", line 81, in main
    gmail_sign_in(driver, profile)
  File "/home/ibpad-005023/Documentos/Observatorio-google/roda_pesquisas.py", line 32, in gmail_sign_in
    driver.get("http://mail.google.com")
  File "/home/ibpad-005023/Documentos/Observatorio-google/venv/lib/python3.6/site-packages/selenium/webdriver/remote/webdriver.py", line 326, in get
    self.execute(Command.GET, {'url': url})
  File "/home/ibpad-005023/Documentos/Observatorio-google/venv/lib/python3.6/site-packages/selenium/webdriver/remote/webdriver.py", line 314, in execute
    self.error_handler.check_response(response)
  File "/home/ibpad-005023/Documentos/Observatorio-google/venv/lib/python3.6/site-packages/selenium/webdriver/remote/errorhandler.py", line 242, in check_response
    raise exception_class(message, screen, stacktrace)
selenium.common.exceptions.TimeoutException: Message: Timeout loading page after 300000ms

