Pesquisando os atores: Eleições 2018, Lugar de votação, Candidatos a Presidente, Lula, Bolsonaro, Haddad, Marina Silva, Alckmin, Ciro Gomes, João Amoedo, Álvaro Dias, Cabo Daciolo, Boulos
<topstory.TopStory object at 0x7f9598671b00>
<genericresult.GenericResult object at 0x7f9598671c88>
<video.Video object at 0x7f9598671cf8>
<topstory.TopStory object at 0x7f95999a0da0>
<genericresult.GenericResult object at 0x7f9598671fd0>
<video.Video object at 0x7f9598671978>
<topstory.TopStory object at 0x7f959c62b438>
<genericresult.GenericResult object at 0x7f9598671da0>
<video.Video object at 0x7f9598671828>
<topstory.TopStory object at 0x7f95999a0da0>
<genericresult.GenericResult object at 0x7f9598671978>
<video.Video object at 0x7f9598671eb8>
<topstory.TopStory object at 0x7f959c62b438>
<genericresult.GenericResult object at 0x7f9598671828>
<video.Video object at 0x7f9598671c18>
<topstory.TopStory object at 0x7f95999a0da0>
<genericresult.GenericResult object at 0x7f9598671b70>
<video.Video object at 0x7f9598671978>
<topstory.TopStory object at 0x7f959c62b438>
<genericresult.GenericResult object at 0x7f9598671cf8>
<video.Video object at 0x7f9598671be0>
<topstory.TopStory object at 0x7f95999a0da0>
<genericresult.GenericResult object at 0x7f9598671c88>
<video.Video object at 0x7f9598671d68>
<topstory.TopStory object at 0x7f959c62b438>
<genericresult.GenericResult object at 0x7f9598671be0>
<video.Video object at 0x7f9598671d68>
<topstory.TopStory object at 0x7f95999a0da0>
<genericresult.GenericResult object at 0x7f9598671b70>
<video.Video object at 0x7f9598671c18>
<topstory.TopStory object at 0x7f959c62b438>
<genericresult.GenericResult object at 0x7f9598671b00>
<video.Video object at 0x7f9598671c88>
<topstory.TopStory object at 0x7f95999a0da0>
<genericresult.GenericResult object at 0x7f9598671c18>
<video.Video object at 0x7f95986712e8>
<topstory.TopStory object at 0x7f959c62b438>
<genericresult.GenericResult object at 0x7f9598671c88>
<video.Video object at 0x7f9598671f98>
Pesquisando os atores: Eleições 2018, Lugar de votação, Candidatos a Presidente, Lula, Bolsonaro, Haddad, Marina Silva, Alckmin, Ciro Gomes, João Amoedo, Álvaro Dias, Cabo Daciolo, Boulos
<topstory.TopStory object at 0x7f959c62b438>
<genericresult.GenericResult object at 0x7f9598671828>
<video.Video object at 0x7f9597de2cc0>
<topstory.TopStory object at 0x7f9597de2ef0>
<genericresult.GenericResult object at 0x7f9597de2d68>
<video.Video object at 0x7f9598671908>
<topstory.TopStory object at 0x7f9598671390>
<genericresult.GenericResult object at 0x7f95986714a8>
<video.Video object at 0x7f9597de29b0>
<topstory.TopStory object at 0x7f9598671828>
<genericresult.GenericResult object at 0x7f9598671390>
<video.Video object at 0x7f9597de2898>
<topstory.TopStory object at 0x7f9598671518>
<genericresult.GenericResult object at 0x7f9598671fd0>
<video.Video object at 0x7f9597de2358>
<topstory.TopStory object at 0x7f95986713c8>
<genericresult.GenericResult object at 0x7f9598671390>
<video.Video object at 0x7f9597de2978>
<topstory.TopStory object at 0x7f9598671780>
<genericresult.GenericResult object at 0x7f9598671fd0>
<video.Video object at 0x7f9597de2b00>
<topstory.TopStory object at 0x7f9598671dd8>
<genericresult.GenericResult object at 0x7f9598671390>
<video.Video object at 0x7f9597de2358>
<topstory.TopStory object at 0x7f9598671908>
<genericresult.GenericResult object at 0x7f9598671fd0>
<video.Video object at 0x7f9597de2cc0>
<topstory.TopStory object at 0x7f9597de2c18>
<genericresult.GenericResult object at 0x7f9597de2c88>
<video.Video object at 0x7f95986714a8>
<topstory.TopStory object at 0x7f9598671518>
<genericresult.GenericResult object at 0x7f95986718d0>
<video.Video object at 0x7f9597de2a20>
<topstory.TopStory object at 0x7f9598671828>
<genericresult.GenericResult object at 0x7f9598671518>
<video.Video object at 0x7f9597de2f98>
<topstory.TopStory object at 0x7f95986713c8>
<genericresult.GenericResult object at 0x7f9598671278>
<video.Video object at 0x7f9597de2ef0>
Pesquisando os atores: Eleições 2018, Lugar de votação, Candidatos a Presidente, Lula, Bolsonaro, Haddad, Marina Silva, Alckmin, Ciro Gomes, João Amoedo, Álvaro Dias, Cabo Daciolo, Boulos
<topstory.TopStory object at 0x7f9597dfd908>
<genericresult.GenericResult object at 0x7f9597dfd748>
<video.Video object at 0x7f9597dfd2b0>
<topstory.TopStory object at 0x7f9597de2c18>
<genericresult.GenericResult object at 0x7f9597de2e80>
<video.Video object at 0x7f9597dfd390>
<topstory.TopStory object at 0x7f9597de2898>
<genericresult.GenericResult object at 0x7f9597de2f98>
<video.Video object at 0x7f9597dfd320>
<topstory.TopStory object at 0x7f9597de2908>
<genericresult.GenericResult object at 0x7f9597de2cc0>
<video.Video object at 0x7f9597dfda90>
<topstory.TopStory object at 0x7f9597de2b70>
<genericresult.GenericResult object at 0x7f9597de2cf8>
<video.Video object at 0x7f9597dfd390>
<topstory.TopStory object at 0x7f9597de2e80>
<genericresult.GenericResult object at 0x7f9597de2f60>
<video.Video object at 0x7f9597dfd710>
<topstory.TopStory object at 0x7f9597de2f98>
<genericresult.GenericResult object at 0x7f9597de2828>
<video.Video object at 0x7f9597dfd7f0>
<topstory.TopStory object at 0x7f9597de2cc0>
<genericresult.GenericResult object at 0x7f9597de2e10>
<video.Video object at 0x7f9597dfd390>
<topstory.TopStory object at 0x7f9597de2cf8>
<genericresult.GenericResult object at 0x7f9597de2c18>
<video.Video object at 0x7f9597dfdba8>
<topstory.TopStory object at 0x7f9597de2f60>
<genericresult.GenericResult object at 0x7f9597de2898>
<video.Video object at 0x7f9597dfd0f0>
<topstory.TopStory object at 0x7f9597de2828>
<genericresult.GenericResult object at 0x7f9597de2908>
<video.Video object at 0x7f9597dfd470>
<topstory.TopStory object at 0x7f9597de2e10>
<genericresult.GenericResult object at 0x7f9597de2b70>
<video.Video object at 0x7f9597dfdb38>
<topstory.TopStory object at 0x7f9597de2c18>
<genericresult.GenericResult object at 0x7f9597de2e80>
<video.Video object at 0x7f9597dfd5f8>
Pesquisando os atores: Eleições 2018, Lugar de votação, Candidatos a Presidente, Lula, Bolsonaro, Haddad, Marina Silva, Alckmin, Ciro Gomes, João Amoedo, Álvaro Dias, Cabo Daciolo, Boulos
<topstory.TopStory object at 0x7f9597dfd438>
<genericresult.GenericResult object at 0x7f9597dfda20>
<video.Video object at 0x7f9597dfd198>
<topstory.TopStory object at 0x7f9597dfd710>
<genericresult.GenericResult object at 0x7f9597dfd080>
<video.Video object at 0x7f9597dfd9b0>
<topstory.TopStory object at 0x7f9597dfd908>
<genericresult.GenericResult object at 0x7f9597dfd320>
<video.Video object at 0x7f9597dfde48>
<topstory.TopStory object at 0x7f9597dfd4e0>
<genericresult.GenericResult object at 0x7f9597dfde10>
<video.Video object at 0x7f9597dfdeb8>
Traceback (most recent call last):
  File "/home/ibpad-005023/Documentos/Observatorio-google/roda_pesquisas.py", line 93, in <module>
    main()
  File "/home/ibpad-005023/Documentos/Observatorio-google/roda_pesquisas.py", line 84, in main
    google_html = google_search(driver, busca)
  File "/home/ibpad-005023/Documentos/Observatorio-google/roda_pesquisas.py", line 25, in google_search
    driver.get(base_link + query)
  File "/home/ibpad-005023/Documentos/Observatorio-google/venv/lib/python3.6/site-packages/selenium/webdriver/remote/webdriver.py", line 326, in get
    self.execute(Command.GET, {'url': url})
  File "/home/ibpad-005023/Documentos/Observatorio-google/venv/lib/python3.6/site-packages/selenium/webdriver/remote/webdriver.py", line 314, in execute
    self.error_handler.check_response(response)
  File "/home/ibpad-005023/Documentos/Observatorio-google/venv/lib/python3.6/site-packages/selenium/webdriver/remote/errorhandler.py", line 242, in check_response
    raise exception_class(message, screen, stacktrace)
selenium.common.exceptions.TimeoutException: Message: Timeout loading page after 300000ms

