Pesquisando os atores: Eleições 2018, Lugar de votação, Candidatos a Presidente, Lula, Bolsonaro, Haddad, Marina Silva, Alckmin, Ciro Gomes, João Amoedo, Álvaro Dias, Cabo Daciolo, Boulos
<topstory.TopStory object at 0x7fe966314ac8>
<genericresult.GenericResult object at 0x7fe966314c50>
<video.Video object at 0x7fe966314cc0>
<topstory.TopStory object at 0x7fe967643d68>
<genericresult.GenericResult object at 0x7fe966314f98>
<video.Video object at 0x7fe966314940>
<topstory.TopStory object at 0x7fe96a2ce438>
<genericresult.GenericResult object at 0x7fe966314eb8>
<video.Video object at 0x7fe9663142b0>
<topstory.TopStory object at 0x7fe967643d68>
<genericresult.GenericResult object at 0x7fe966314d30>
<video.Video object at 0x7fe966314860>
<topstory.TopStory object at 0x7fe96a2ce438>
<genericresult.GenericResult object at 0x7fe966314b70>
<video.Video object at 0x7fe966314ba8>
<topstory.TopStory object at 0x7fe967643d68>
<genericresult.GenericResult object at 0x7fe966314cc0>
<video.Video object at 0x7fe966314f98>
<topstory.TopStory object at 0x7fe96a2ce438>
<genericresult.GenericResult object at 0x7fe966314e48>
<video.Video object at 0x7fe966314978>
<topstory.TopStory object at 0x7fe967643d68>
<genericresult.GenericResult object at 0x7fe966314d68>
<video.Video object at 0x7fe966314860>
<topstory.TopStory object at 0x7fe96a2ce438>
<genericresult.GenericResult object at 0x7fe966314978>
<video.Video object at 0x7fe966314cc0>
<topstory.TopStory object at 0x7fe967643d68>
<genericresult.GenericResult object at 0x7fe966314ba8>
<video.Video object at 0x7fe966314940>
<topstory.TopStory object at 0x7fe96a2ce438>
<genericresult.GenericResult object at 0x7fe966314f60>
<video.Video object at 0x7fe966314c50>
<topstory.TopStory object at 0x7fe967643d68>
<genericresult.GenericResult object at 0x7fe966314b38>
<video.Video object at 0x7fe966314f60>
<topstory.TopStory object at 0x7fe96a2ce438>
<genericresult.GenericResult object at 0x7fe966314c50>
<video.Video object at 0x7fe966314d30>
Pesquisando os atores: Eleições 2018, Lugar de votação, Candidatos a Presidente, Lula, Bolsonaro, Haddad, Marina Silva, Alckmin, Ciro Gomes, João Amoedo, Álvaro Dias, Cabo Daciolo, Boulos
<topstory.TopStory object at 0x7fe96a2ce438>
<genericresult.GenericResult object at 0x7fe966314d68>
<video.Video object at 0x7fe965a85e10>
<topstory.TopStory object at 0x7fe966314358>
<genericresult.GenericResult object at 0x7fe966314470>
<video.Video object at 0x7fe965a85f28>
<topstory.TopStory object at 0x7fe966314be0>
<genericresult.GenericResult object at 0x7fe966314898>
<video.Video object at 0x7fe965a85da0>
<topstory.TopStory object at 0x7fe966314dd8>
<genericresult.GenericResult object at 0x7fe966314898>
<video.Video object at 0x7fe965a85f28>
<topstory.TopStory object at 0x7fe966314128>
<genericresult.GenericResult object at 0x7fe9663141d0>
<video.Video object at 0x7fe965a85c88>
<topstory.TopStory object at 0x7fe966314390>
<genericresult.GenericResult object at 0x7fe966314dd8>
<video.Video object at 0x7fe965a859e8>
<topstory.TopStory object at 0x7fe9663148d0>
<genericresult.GenericResult object at 0x7fe966314978>
<video.Video object at 0x7fe965a85978>
<topstory.TopStory object at 0x7fe966314128>
<genericresult.GenericResult object at 0x7fe9663144e0>
<video.Video object at 0x7fe965a85dd8>
<topstory.TopStory object at 0x7fe966314390>
<genericresult.GenericResult object at 0x7fe9663144e0>
<video.Video object at 0x7fe965a85cf8>
<topstory.TopStory object at 0x7fe966314da0>
<genericresult.GenericResult object at 0x7fe966314898>
<video.Video object at 0x7fe965a85978>
<topstory.TopStory object at 0x7fe966314be0>
<genericresult.GenericResult object at 0x7fe966314390>
<video.Video object at 0x7fe965a859e8>
<topstory.TopStory object at 0x7fe966314470>
<genericresult.GenericResult object at 0x7fe9663141d0>
<video.Video object at 0x7fe965a85cf8>
<topstory.TopStory object at 0x7fe966314da0>
<genericresult.GenericResult object at 0x7fe9663141d0>
<video.Video object at 0x7fe965a85eb8>
Pesquisando os atores: Eleições 2018, Lugar de votação, Candidatos a Presidente, Lula, Bolsonaro, Haddad, Marina Silva, Alckmin, Ciro Gomes, João Amoedo, Álvaro Dias, Cabo Daciolo, Boulos
<topstory.TopStory object at 0x7fe965a85fd0>
<genericresult.GenericResult object at 0x7fe965a9c550>
<video.Video object at 0x7fe965a9c518>
<topstory.TopStory object at 0x7fe965a859b0>
<genericresult.GenericResult object at 0x7fe965a9c7f0>
<video.Video object at 0x7fe965a9c860>
<topstory.TopStory object at 0x7fe965a853c8>
<genericresult.GenericResult object at 0x7fe965a9c978>
<video.Video object at 0x7fe965a9c5f8>
<topstory.TopStory object at 0x7fe965a85fd0>
<genericresult.GenericResult object at 0x7fe965a9c8d0>
<video.Video object at 0x7fe965a9c4e0>
<topstory.TopStory object at 0x7fe965a85ba8>
<genericresult.GenericResult object at 0x7fe965a9cc50>
<video.Video object at 0x7fe965a9cba8>
<topstory.TopStory object at 0x7fe965a859b0>
<genericresult.GenericResult object at 0x7fe965a9c278>
<video.Video object at 0x7fe965a9c780>
<topstory.TopStory object at 0x7fe965a853c8>
<genericresult.GenericResult object at 0x7fe965a9ca58>
<video.Video object at 0x7fe965a9c518>
<topstory.TopStory object at 0x7fe965a85fd0>
<genericresult.GenericResult object at 0x7fe965a9c748>
<video.Video object at 0x7fe965a9ca90>
<topstory.TopStory object at 0x7fe965a85ba8>
<genericresult.GenericResult object at 0x7fe965a9c940>
<video.Video object at 0x7fe965a9c860>
<topstory.TopStory object at 0x7fe965a859b0>
<genericresult.GenericResult object at 0x7fe965a9c048>
<video.Video object at 0x7fe965a9c320>
<topstory.TopStory object at 0x7fe965a853c8>
<genericresult.GenericResult object at 0x7fe965aa4518>
<video.Video object at 0x7fe965aa48d0>
<topstory.TopStory object at 0x7fe965a85fd0>
<genericresult.GenericResult object at 0x7fe965aa4ba8>
<video.Video object at 0x7fe965aa40f0>
<topstory.TopStory object at 0x7fe965a85ba8>
<genericresult.GenericResult object at 0x7fe965aa42b0>
<video.Video object at 0x7fe965aa46a0>
Pesquisando os atores: Eleições 2018, Lugar de votação, Candidatos a Presidente, Lula, Bolsonaro, Haddad, Marina Silva, Alckmin, Ciro Gomes, João Amoedo, Álvaro Dias, Cabo Daciolo, Boulos
<topstory.TopStory object at 0x7fe965a85cc0>
<genericresult.GenericResult object at 0x7fe965a85f28>
<video.Video object at 0x7fe965aa45f8>
<topstory.TopStory object at 0x7fe965a85f28>
<genericresult.GenericResult object at 0x7fe965a85e80>
<video.Video object at 0x7fe965aa45f8>
<topstory.TopStory object at 0x7fe965a85cc0>
<genericresult.GenericResult object at 0x7fe965a85f28>
<video.Video object at 0x7fe965aa4828>
<topstory.TopStory object at 0x7fe965a85c88>
<genericresult.GenericResult object at 0x7fe965a85cc0>
<video.Video object at 0x7fe965aa4d68>
<topstory.TopStory object at 0x7fe965a85be0>
<genericresult.GenericResult object at 0x7fe965a85c88>
<video.Video object at 0x7fe965aa4908>
<topstory.TopStory object at 0x7fe965a85e10>
<genericresult.GenericResult object at 0x7fe965a85be0>
<video.Video object at 0x7fe965aa4668>
<topstory.TopStory object at 0x7fe965a85e80>
<genericresult.GenericResult object at 0x7fe965a85e10>
<video.Video object at 0x7fe965aa4860>
<topstory.TopStory object at 0x7fe965a85f28>
<genericresult.GenericResult object at 0x7fe965a85e80>
<video.Video object at 0x7fe965aa4208>
<topstory.TopStory object at 0x7fe965a85cc0>
<genericresult.GenericResult object at 0x7fe965a85f28>
<video.Video object at 0x7fe965aa4160>
<topstory.TopStory object at 0x7fe965a85c88>
<genericresult.GenericResult object at 0x7fe965a85cc0>
<video.Video object at 0x7fe965aa4668>
<topstory.TopStory object at 0x7fe965a85be0>
<genericresult.GenericResult object at 0x7fe965a85c88>
<video.Video object at 0x7fe965aa4358>
Traceback (most recent call last):
  File "/home/ibpad-005023/Documentos/Observatorio-google/roda_pesquisas.py", line 93, in <module>
    main()
  File "/home/ibpad-005023/Documentos/Observatorio-google/roda_pesquisas.py", line 84, in main
    google_html = google_search(driver, busca)
  File "/home/ibpad-005023/Documentos/Observatorio-google/roda_pesquisas.py", line 25, in google_search
    driver.get(base_link + query)
  File "/home/ibpad-005023/Documentos/Observatorio-google/venv/lib/python3.6/site-packages/selenium/webdriver/remote/webdriver.py", line 326, in get
    self.execute(Command.GET, {'url': url})
  File "/home/ibpad-005023/Documentos/Observatorio-google/venv/lib/python3.6/site-packages/selenium/webdriver/remote/webdriver.py", line 314, in execute
    self.error_handler.check_response(response)
  File "/home/ibpad-005023/Documentos/Observatorio-google/venv/lib/python3.6/site-packages/selenium/webdriver/remote/errorhandler.py", line 242, in check_response
    raise exception_class(message, screen, stacktrace)
selenium.common.exceptions.TimeoutException: Message: Timeout loading page after 300000ms

