Pesquisando os atores: Eleições 2018, Lugar de votação, Candidatos a Presidente, Lula, Bolsonaro, Haddad, Marina Silva, Alckmin, Ciro Gomes, João Amoedo, Álvaro Dias, Cabo Daciolo, Boulos
<topstory.TopStory object at 0x7f632f5bbb00>
<genericresult.GenericResult object at 0x7f632f5bbc88>
<video.Video object at 0x7f632f5bbcf8>
<topstory.TopStory object at 0x7f63308eada0>
<genericresult.GenericResult object at 0x7f632f5bbfd0>
<video.Video object at 0x7f632f5bb978>
<topstory.TopStory object at 0x7f6333575438>
<genericresult.GenericResult object at 0x7f632f5bbda0>
<video.Video object at 0x7f632f5bb828>
<topstory.TopStory object at 0x7f63308eada0>
<genericresult.GenericResult object at 0x7f632f5bbbe0>
<video.Video object at 0x7f632f5bbeb8>
<topstory.TopStory object at 0x7f6333575438>
<genericresult.GenericResult object at 0x7f632f5bbb00>
<video.Video object at 0x7f632f5bbf60>
<topstory.TopStory object at 0x7f63308eada0>
<genericresult.GenericResult object at 0x7f632f5bb9b0>
<video.Video object at 0x7f632f5bba90>
<topstory.TopStory object at 0x7f6333575438>
<genericresult.GenericResult object at 0x7f632f5bbe10>
<video.Video object at 0x7f632f5bbbe0>
<topstory.TopStory object at 0x7f63308eada0>
<genericresult.GenericResult object at 0x7f632f5bbe80>
<video.Video object at 0x7f632f5bb828>
<topstory.TopStory object at 0x7f6333575438>
<genericresult.GenericResult object at 0x7f632f5bbc88>
<video.Video object at 0x7f632f5bbb70>
<topstory.TopStory object at 0x7f63308eada0>
<genericresult.GenericResult object at 0x7f632f5bb2e8>
<video.Video object at 0x7f632f5bbeb8>
<topstory.TopStory object at 0x7f6333575438>
<genericresult.GenericResult object at 0x7f632f5bbda0>
<video.Video object at 0x7f632f5bb828>
<topstory.TopStory object at 0x7f63308eada0>
<genericresult.GenericResult object at 0x7f632f5bbbe0>
<video.Video object at 0x7f632f5bbc88>
<topstory.TopStory object at 0x7f6333575438>
<genericresult.GenericResult object at 0x7f632f5bb9b0>
<video.Video object at 0x7f632f5bbf60>
Pesquisando os atores: Eleições 2018, Lugar de votação, Candidatos a Presidente, Lula, Bolsonaro, Haddad, Marina Silva, Alckmin, Ciro Gomes, João Amoedo, Álvaro Dias, Cabo Daciolo, Boulos
<topstory.TopStory object at 0x7f6333575438>
<genericresult.GenericResult object at 0x7f632f5bbba8>
<video.Video object at 0x7f632ed2cac8>
<topstory.TopStory object at 0x7f632f5bb390>
<genericresult.GenericResult object at 0x7f632f5bb4a8>
<video.Video object at 0x7f632ed2ce80>
<topstory.TopStory object at 0x7f632f5bbcf8>
<genericresult.GenericResult object at 0x7f632f5bb8d0>
<video.Video object at 0x7f632ed2cbe0>
<topstory.TopStory object at 0x7f632f5bb898>
<genericresult.GenericResult object at 0x7f632f5bb3c8>
<video.Video object at 0x7f632ed2ce48>
<topstory.TopStory object at 0x7f632f5bb390>
<genericresult.GenericResult object at 0x7f632f5bb3c8>
<video.Video object at 0x7f632ed2c390>
<topstory.TopStory object at 0x7f632ed2cac8>
<genericresult.GenericResult object at 0x7f632ed2cda0>
<video.Video object at 0x7f632ed2cf60>
<topstory.TopStory object at 0x7f632ed2ccc0>
<genericresult.GenericResult object at 0x7f632ed2c390>
<video.Video object at 0x7f632ed2c8d0>
<topstory.TopStory object at 0x7f632ed2c8d0>
<genericresult.GenericResult object at 0x7f632ed2cc50>
<video.Video object at 0x7f632ed2c400>
<topstory.TopStory object at 0x7f632f5bb278>
<genericresult.GenericResult object at 0x7f632f5bb780>
<video.Video object at 0x7f632ed2ccf8>
<topstory.TopStory object at 0x7f632f5bb208>
<genericresult.GenericResult object at 0x7f632f5bb908>
<video.Video object at 0x7f632ed2cda0>
<topstory.TopStory object at 0x7f632f5bb3c8>
<genericresult.GenericResult object at 0x7f632f5bb908>
<video.Video object at 0x7f632ed2c8d0>
<topstory.TopStory object at 0x7f632f5bbdd8>
<genericresult.GenericResult object at 0x7f632f5bbba8>
<video.Video object at 0x7f632ed2ccc0>
<topstory.TopStory object at 0x7f632f5bb518>
<genericresult.GenericResult object at 0x7f632f5bb3c8>
<video.Video object at 0x7f632ed2cfd0>
Pesquisando os atores: Eleições 2018, Lugar de votação, Candidatos a Presidente, Lula, Bolsonaro, Haddad, Marina Silva, Alckmin, Ciro Gomes, João Amoedo, Álvaro Dias, Cabo Daciolo, Boulos
<topstory.TopStory object at 0x7f632ed44780>
<genericresult.GenericResult object at 0x7f632ed445c0>
<video.Video object at 0x7f632ed44128>
<topstory.TopStory object at 0x7f632ed2cef0>
<genericresult.GenericResult object at 0x7f632ed446d8>
<video.Video object at 0x7f632ed44390>
<topstory.TopStory object at 0x7f632ed2ce48>
<genericresult.GenericResult object at 0x7f632ed440f0>
<video.Video object at 0x7f632ed44438>
<topstory.TopStory object at 0x7f632ed2cd30>
<genericresult.GenericResult object at 0x7f632ed44898>
<video.Video object at 0x7f632ed44940>
<topstory.TopStory object at 0x7f632ed2cef0>
<genericresult.GenericResult object at 0x7f632ed44438>
<video.Video object at 0x7f632ed44550>
<topstory.TopStory object at 0x7f632ed2ce48>
<genericresult.GenericResult object at 0x7f632ed44b00>
<video.Video object at 0x7f632ed441d0>
<topstory.TopStory object at 0x7f632ed2cd30>
<genericresult.GenericResult object at 0x7f632ed44a58>
<video.Video object at 0x7f632ed44828>
<topstory.TopStory object at 0x7f632ed2cef0>
<genericresult.GenericResult object at 0x7f632ed44710>
<video.Video object at 0x7f632ed447b8>
<topstory.TopStory object at 0x7f632ed2ce48>
<genericresult.GenericResult object at 0x7f632ed44080>
<video.Video object at 0x7f632ed44c88>
<topstory.TopStory object at 0x7f632ed2cd30>
<genericresult.GenericResult object at 0x7f632ed44438>
<video.Video object at 0x7f632ed44588>
<topstory.TopStory object at 0x7f632ed2cef0>
<genericresult.GenericResult object at 0x7f632ed44400>
<video.Video object at 0x7f632ed44860>
<topstory.TopStory object at 0x7f632ed2ce48>
<genericresult.GenericResult object at 0x7f632ed449e8>
<video.Video object at 0x7f632ed44128>
<topstory.TopStory object at 0x7f632ed2cd30>
<genericresult.GenericResult object at 0x7f632ed44048>
<video.Video object at 0x7f632ed445f8>
Pesquisando os atores: Eleições 2018, Lugar de votação, Candidatos a Presidente, Lula, Bolsonaro, Haddad, Marina Silva, Alckmin, Ciro Gomes, João Amoedo, Álvaro Dias, Cabo Daciolo, Boulos
<topstory.TopStory object at 0x7f632f5bbdd8>
<genericresult.GenericResult object at 0x7f632ed2cba8>
<video.Video object at 0x7f632ed44518>
<topstory.TopStory object at 0x7f632f5a2e10>
<genericresult.GenericResult object at 0x7f632ed2c860>
<video.Video object at 0x7f632ed44518>
<topstory.TopStory object at 0x7f632f5bbdd8>
<genericresult.GenericResult object at 0x7f632ed2c908>
<video.Video object at 0x7f632ed44b38>
<topstory.TopStory object at 0x7f632f5a2e10>
<genericresult.GenericResult object at 0x7f632ed2c860>
<video.Video object at 0x7f632ed44b00>
<topstory.TopStory object at 0x7f632f5bbdd8>
<genericresult.GenericResult object at 0x7f632ed2c908>
<video.Video object at 0x7f632ed44da0>
<topstory.TopStory object at 0x7f632f5a2e10>
<genericresult.GenericResult object at 0x7f632ed2c860>
<video.Video object at 0x7f632ed440b8>
Traceback (most recent call last):
  File "/home/ibpad-005023/Documentos/Observatorio-google/roda_pesquisas.py", line 93, in <module>
    main()
  File "/home/ibpad-005023/Documentos/Observatorio-google/roda_pesquisas.py", line 84, in main
    google_html = google_search(driver, busca)
  File "/home/ibpad-005023/Documentos/Observatorio-google/roda_pesquisas.py", line 25, in google_search
    driver.get(base_link + query)
  File "/home/ibpad-005023/Documentos/Observatorio-google/venv/lib/python3.6/site-packages/selenium/webdriver/remote/webdriver.py", line 326, in get
    self.execute(Command.GET, {'url': url})
  File "/home/ibpad-005023/Documentos/Observatorio-google/venv/lib/python3.6/site-packages/selenium/webdriver/remote/webdriver.py", line 314, in execute
    self.error_handler.check_response(response)
  File "/home/ibpad-005023/Documentos/Observatorio-google/venv/lib/python3.6/site-packages/selenium/webdriver/remote/errorhandler.py", line 242, in check_response
    raise exception_class(message, screen, stacktrace)
selenium.common.exceptions.TimeoutException: Message: Timeout loading page after 300000ms

