Pesquisando os atores: Eleições 2018, Lugar de votação, Candidatos a Presidente, Lula, Bolsonaro, Haddad, Marina Silva, Alckmin, Ciro Gomes, João Amoedo, Álvaro Dias, Cabo Daciolo, Boulos
<topstory.TopStory object at 0x7fe94f058b00>
<genericresult.GenericResult object at 0x7fe94f058c88>
<video.Video object at 0x7fe94f058cf8>
<topstory.TopStory object at 0x7fe950387da0>
<genericresult.GenericResult object at 0x7fe94f058fd0>
<video.Video object at 0x7fe94f058978>
<topstory.TopStory object at 0x7fe953012438>
<genericresult.GenericResult object at 0x7fe94f058ef0>
<video.Video object at 0x7fe94f058828>
<topstory.TopStory object at 0x7fe950387da0>
<genericresult.GenericResult object at 0x7fe94f058c18>
<video.Video object at 0x7fe94f058cf8>
<topstory.TopStory object at 0x7fe953012438>
<genericresult.GenericResult object at 0x7fe94f058828>
<video.Video object at 0x7fe94f058f60>
<topstory.TopStory object at 0x7fe950387da0>
<genericresult.GenericResult object at 0x7fe94f058a90>
<video.Video object at 0x7fe94f058fd0>
<topstory.TopStory object at 0x7fe953012438>
<genericresult.GenericResult object at 0x7fe94f058b00>
<video.Video object at 0x7fe94f058b70>
<topstory.TopStory object at 0x7fe950387da0>
<genericresult.GenericResult object at 0x7fe94f058c18>
<video.Video object at 0x7fe94f058d68>
<topstory.TopStory object at 0x7fe953012438>
<genericresult.GenericResult object at 0x7fe94f058cf8>
<video.Video object at 0x7fe94f058f60>
<topstory.TopStory object at 0x7fe950387da0>
<genericresult.GenericResult object at 0x7fe94f058e48>
<video.Video object at 0x7fe94f058f98>
<topstory.TopStory object at 0x7fe953012438>
<genericresult.GenericResult object at 0x7fe94f058b70>
<video.Video object at 0x7fe94f058d68>
<topstory.TopStory object at 0x7fe950387da0>
<genericresult.GenericResult object at 0x7fe94f058fd0>
<video.Video object at 0x7fe94f058cf8>
<topstory.TopStory object at 0x7fe953012438>
<genericresult.GenericResult object at 0x7fe94f058b00>
<video.Video object at 0x7fe94f058828>
Pesquisando os atores: Eleições 2018, Lugar de votação, Candidatos a Presidente, Lula, Bolsonaro, Haddad, Marina Silva, Alckmin, Ciro Gomes, João Amoedo, Álvaro Dias, Cabo Daciolo, Boulos
<topstory.TopStory object at 0x7fe953012438>
<genericresult.GenericResult object at 0x7fe94f058da0>
<video.Video object at 0x7fe94e7c8be0>
<topstory.TopStory object at 0x7fe94e7c8400>
<genericresult.GenericResult object at 0x7fe94e7c8b70>
<video.Video object at 0x7fe94f058780>
<topstory.TopStory object at 0x7fe94f058518>
<genericresult.GenericResult object at 0x7fe94f058390>
<video.Video object at 0x7fe94e7c8e80>
<topstory.TopStory object at 0x7fe94f0588d0>
<genericresult.GenericResult object at 0x7fe94f058cf8>
<video.Video object at 0x7fe94e7c8d68>
<topstory.TopStory object at 0x7fe94f058908>
<genericresult.GenericResult object at 0x7fe94f0583c8>
<video.Video object at 0x7fe94e7c8390>
<topstory.TopStory object at 0x7fe94f058208>
<genericresult.GenericResult object at 0x7fe94f058cf8>
<video.Video object at 0x7fe94e7c8be0>
<topstory.TopStory object at 0x7fe94f058780>
<genericresult.GenericResult object at 0x7fe94f0583c8>
<video.Video object at 0x7fe94e7c88d0>
<topstory.TopStory object at 0x7fe94f058390>
<genericresult.GenericResult object at 0x7fe94f058cf8>
<video.Video object at 0x7fe94e7c8ef0>
<topstory.TopStory object at 0x7fe94f0584a8>
<genericresult.GenericResult object at 0x7fe94f0583c8>
<video.Video object at 0x7fe94e7c8ac8>
<topstory.TopStory object at 0x7fe94e7c8400>
<genericresult.GenericResult object at 0x7fe94e7c8e80>
<video.Video object at 0x7fe94f058dd8>
<topstory.TopStory object at 0x7fe94f058908>
<genericresult.GenericResult object at 0x7fe94f058390>
<video.Video object at 0x7fe94e7c88d0>
<topstory.TopStory object at 0x7fe94f058160>
<genericresult.GenericResult object at 0x7fe94f058908>
<video.Video object at 0x7fe94e7c8fd0>
<topstory.TopStory object at 0x7fe94f058208>
<genericresult.GenericResult object at 0x7fe94f058f98>
<video.Video object at 0x7fe94e7c8b38>
Pesquisando os atores: Eleições 2018, Lugar de votação, Candidatos a Presidente, Lula, Bolsonaro, Haddad, Marina Silva, Alckmin, Ciro Gomes, João Amoedo, Álvaro Dias, Cabo Daciolo, Boulos
<topstory.TopStory object at 0x7fe94e7e6908>
<genericresult.GenericResult object at 0x7fe94e7e6748>
<video.Video object at 0x7fe94e7e62b0>
<topstory.TopStory object at 0x7fe94e7c8c88>
<genericresult.GenericResult object at 0x7fe94e7c8390>
<video.Video object at 0x7fe94e7e6208>
<topstory.TopStory object at 0x7fe94e7c8780>
<genericresult.GenericResult object at 0x7fe94e7c8be0>
<video.Video object at 0x7fe94e7e6be0>
<topstory.TopStory object at 0x7fe94e7c8f98>
<genericresult.GenericResult object at 0x7fe94e7c8dd8>
<video.Video object at 0x7fe94e7e6780>
<topstory.TopStory object at 0x7fe94e7c8fd0>
<genericresult.GenericResult object at 0x7fe94e7c8d68>
<video.Video object at 0x7fe94e7e6320>
<topstory.TopStory object at 0x7fe94e7c8390>
<genericresult.GenericResult object at 0x7fe94e7c8e10>
<video.Video object at 0x7fe94e7e6160>
<topstory.TopStory object at 0x7fe94e7c8be0>
<genericresult.GenericResult object at 0x7fe94e7c8eb8>
<video.Video object at 0x7fe94e7e66d8>
<topstory.TopStory object at 0x7fe94e7c8dd8>
<genericresult.GenericResult object at 0x7fe94e7c8e48>
<video.Video object at 0x7fe94e7e66a0>
<topstory.TopStory object at 0x7fe94e7c8d68>
<genericresult.GenericResult object at 0x7fe94e7c8c88>
<video.Video object at 0x7fe94e7e67f0>
<topstory.TopStory object at 0x7fe94e7c8e10>
<genericresult.GenericResult object at 0x7fe94e7c8780>
<video.Video object at 0x7fe94e7e6630>
<topstory.TopStory object at 0x7fe94e7c8eb8>
<genericresult.GenericResult object at 0x7fe94e7c8f98>
<video.Video object at 0x7fe94e7e6550>
<topstory.TopStory object at 0x7fe94e7c8e48>
<genericresult.GenericResult object at 0x7fe94e7c8fd0>
<video.Video object at 0x7fe94e7e6400>
<topstory.TopStory object at 0x7fe94e7c8c88>
<genericresult.GenericResult object at 0x7fe94e7c8390>
<video.Video object at 0x7fe94e7e6748>
Pesquisando os atores: Eleições 2018, Lugar de votação, Candidatos a Presidente, Lula, Bolsonaro, Haddad, Marina Silva, Alckmin, Ciro Gomes, João Amoedo, Álvaro Dias, Cabo Daciolo, Boulos
<topstory.TopStory object at 0x7fe94e7e6710>
<genericresult.GenericResult object at 0x7fe94e7e6898>
<video.Video object at 0x7fe94e7e6198>
<topstory.TopStory object at 0x7fe94e7e61d0>
<genericresult.GenericResult object at 0x7fe94e7e62b0>
<video.Video object at 0x7fe94e7e67f0>
Traceback (most recent call last):
  File "/home/ibpad-005023/Documentos/Observatorio-google/roda_pesquisas.py", line 93, in <module>
    main()
  File "/home/ibpad-005023/Documentos/Observatorio-google/roda_pesquisas.py", line 84, in main
    google_html = google_search(driver, busca)
  File "/home/ibpad-005023/Documentos/Observatorio-google/roda_pesquisas.py", line 25, in google_search
    driver.get(base_link + query)
  File "/home/ibpad-005023/Documentos/Observatorio-google/venv/lib/python3.6/site-packages/selenium/webdriver/remote/webdriver.py", line 326, in get
    self.execute(Command.GET, {'url': url})
  File "/home/ibpad-005023/Documentos/Observatorio-google/venv/lib/python3.6/site-packages/selenium/webdriver/remote/webdriver.py", line 314, in execute
    self.error_handler.check_response(response)
  File "/home/ibpad-005023/Documentos/Observatorio-google/venv/lib/python3.6/site-packages/selenium/webdriver/remote/errorhandler.py", line 242, in check_response
    raise exception_class(message, screen, stacktrace)
selenium.common.exceptions.TimeoutException: Message: Timeout loading page after 300000ms

