Pesquisando os atores: Eleições 2018, Lugar de votação, Candidatos a Presidente, Lula, Bolsonaro, Haddad, Marina Silva, Alckmin, Ciro Gomes, João Amoedo, Álvaro Dias, Cabo Daciolo, Boulos
<topstory.TopStory object at 0x7f18ab721b00>
<genericresult.GenericResult object at 0x7f18ab721c88>
<video.Video object at 0x7f18ab721cf8>
<topstory.TopStory object at 0x7f18aca50dd8>
<genericresult.GenericResult object at 0x7f18ab721fd0>
<video.Video object at 0x7f18ab721b00>
<topstory.TopStory object at 0x7f18af6db438>
<genericresult.GenericResult object at 0x7f18ab7219b0>
<video.Video object at 0x7f18ab721d68>
<topstory.TopStory object at 0x7f18aca50dd8>
<genericresult.GenericResult object at 0x7f18ab721c88>
<video.Video object at 0x7f18ab721a90>
<topstory.TopStory object at 0x7f18af6db438>
<genericresult.GenericResult object at 0x7f18ab721b70>
<video.Video object at 0x7f18ab721be0>
<topstory.TopStory object at 0x7f18aca50dd8>
<genericresult.GenericResult object at 0x7f18ab721828>
<video.Video object at 0x7f18ab721da0>
<topstory.TopStory object at 0x7f18af6db438>
<genericresult.GenericResult object at 0x7f18ab721c18>
<video.Video object at 0x7f18ab721828>
<topstory.TopStory object at 0x7f18aca50dd8>
<genericresult.GenericResult object at 0x7f18ab721be0>
<video.Video object at 0x7f18ab721e80>
<topstory.TopStory object at 0x7f18af6db438>
<genericresult.GenericResult object at 0x7f18ab721b00>
<video.Video object at 0x7f18ab721f98>
<topstory.TopStory object at 0x7f18aca50dd8>
<genericresult.GenericResult object at 0x7f18ab721f60>
<video.Video object at 0x7f18ab721978>
<topstory.TopStory object at 0x7f18af6db438>
<genericresult.GenericResult object at 0x7f18ab721d68>
<video.Video object at 0x7f18ab721898>
<topstory.TopStory object at 0x7f18aca50dd8>
<genericresult.GenericResult object at 0x7f18ab721c88>
<video.Video object at 0x7f18ab721cf8>
<topstory.TopStory object at 0x7f18af6db438>
<genericresult.GenericResult object at 0x7f18ab7219b0>
<video.Video object at 0x7f18ab721ba8>
Pesquisando os atores: Eleições 2018, Lugar de votação, Candidatos a Presidente, Lula, Bolsonaro, Haddad, Marina Silva, Alckmin, Ciro Gomes, João Amoedo, Álvaro Dias, Cabo Daciolo, Boulos
<topstory.TopStory object at 0x7f18af6db438>
<genericresult.GenericResult object at 0x7f18ab721c88>
<video.Video object at 0x7f18aae88dd8>
<topstory.TopStory object at 0x7f18ab721208>
<genericresult.GenericResult object at 0x7f18ab7214a8>
<video.Video object at 0x7f18ab721160>
<topstory.TopStory object at 0x7f18ab721160>
<genericresult.GenericResult object at 0x7f18ab721b70>
<video.Video object at 0x7f18aae88eb8>
<topstory.TopStory object at 0x7f18ab7218d0>
<genericresult.GenericResult object at 0x7f18ab7214a8>
<video.Video object at 0x7f18ab721780>
<topstory.TopStory object at 0x7f18ab721780>
<genericresult.GenericResult object at 0x7f18ab721390>
<video.Video object at 0x7f18aae88ba8>
<topstory.TopStory object at 0x7f18ab721160>
<genericresult.GenericResult object at 0x7f18ab7214a8>
<video.Video object at 0x7f18aae88b00>
<topstory.TopStory object at 0x7f18ab721518>
<genericresult.GenericResult object at 0x7f18ab721898>
<video.Video object at 0x7f18ab7212e8>
<topstory.TopStory object at 0x7f18ab7212e8>
<genericresult.GenericResult object at 0x7f18ab721390>
<video.Video object at 0x7f18aae88e10>
<topstory.TopStory object at 0x7f18ab721160>
<genericresult.GenericResult object at 0x7f18ab721898>
<video.Video object at 0x7f18aae88ba8>
<topstory.TopStory object at 0x7f18ab721208>
<genericresult.GenericResult object at 0x7f18ab7214a8>
<video.Video object at 0x7f18ab721a90>
<topstory.TopStory object at 0x7f18ab721978>
<genericresult.GenericResult object at 0x7f18ab721390>
<video.Video object at 0x7f18ab721a90>
<topstory.TopStory object at 0x7f18ab721a90>
<genericresult.GenericResult object at 0x7f18ab721780>
<video.Video object at 0x7f18aae88d30>
<topstory.TopStory object at 0x7f18ab721160>
<genericresult.GenericResult object at 0x7f18ab721978>
<video.Video object at 0x7f18ab721c88>
Pesquisando os atores: Eleições 2018, Lugar de votação, Candidatos a Presidente, Lula, Bolsonaro, Haddad, Marina Silva, Alckmin, Ciro Gomes, João Amoedo, Álvaro Dias, Cabo Daciolo, Boulos
<topstory.TopStory object at 0x7f18aae88b38>
<genericresult.GenericResult object at 0x7f18aaeab240>
<video.Video object at 0x7f18aaeab7f0>
<topstory.TopStory object at 0x7f18ab721898>
<genericresult.GenericResult object at 0x7f18aae88b38>
<video.Video object at 0x7f18aaeab7f0>
<topstory.TopStory object at 0x7f18ab721dd8>
<genericresult.GenericResult object at 0x7f18aae881d0>
<video.Video object at 0x7f18aaeab898>
<topstory.TopStory object at 0x7f18ab721898>
<genericresult.GenericResult object at 0x7f18aae88b38>
<video.Video object at 0x7f18aaeab9e8>
<topstory.TopStory object at 0x7f18ab721dd8>
<genericresult.GenericResult object at 0x7f18aae881d0>
<video.Video object at 0x7f18aaeab400>
<topstory.TopStory object at 0x7f18ab721898>
<genericresult.GenericResult object at 0x7f18aae88b38>
<video.Video object at 0x7f18aaeab5c0>
<topstory.TopStory object at 0x7f18ab721dd8>
<genericresult.GenericResult object at 0x7f18aae881d0>
<video.Video object at 0x7f18aaeabb00>
<topstory.TopStory object at 0x7f18ab721898>
<genericresult.GenericResult object at 0x7f18aae88b38>
<video.Video object at 0x7f18aaeab8d0>
<topstory.TopStory object at 0x7f18ab721dd8>
<genericresult.GenericResult object at 0x7f18aae881d0>
<video.Video object at 0x7f18aaeab358>
<topstory.TopStory object at 0x7f18ab721898>
<genericresult.GenericResult object at 0x7f18aae88b38>
<video.Video object at 0x7f18aaeabbe0>
<topstory.TopStory object at 0x7f18ab721dd8>
<genericresult.GenericResult object at 0x7f18aae881d0>
<video.Video object at 0x7f18aaeab5c0>
<topstory.TopStory object at 0x7f18ab721898>
<genericresult.GenericResult object at 0x7f18aae88b38>
<video.Video object at 0x7f18aaeabb70>
<topstory.TopStory object at 0x7f18ab721dd8>
<genericresult.GenericResult object at 0x7f18aae881d0>
<video.Video object at 0x7f18aaeabcc0>
Pesquisando os atores: Eleições 2018, Lugar de votação, Candidatos a Presidente, Lula, Bolsonaro, Haddad, Marina Silva, Alckmin, Ciro Gomes, João Amoedo, Álvaro Dias, Cabo Daciolo, Boulos
<topstory.TopStory object at 0x7f18aae88dd8>
<genericresult.GenericResult object at 0x7f18aae88d30>
<video.Video object at 0x7f18aaeab898>
<topstory.TopStory object at 0x7f18aae88be0>
<genericresult.GenericResult object at 0x7f18aae885f8>
<video.Video object at 0x7f18aaeab898>
<topstory.TopStory object at 0x7f18aae88d30>
<genericresult.GenericResult object at 0x7f18aae88be0>
<video.Video object at 0x7f18aaeab7b8>
<topstory.TopStory object at 0x7f18aae88dd8>
<genericresult.GenericResult object at 0x7f18aae88d30>
<video.Video object at 0x7f18aaeabda0>
<topstory.TopStory object at 0x7f18aae88978>
<genericresult.GenericResult object at 0x7f18aae88dd8>
<video.Video object at 0x7f18aaeab9b0>
<topstory.TopStory object at 0x7f18aae88cc0>
<genericresult.GenericResult object at 0x7f18aae88978>
<video.Video object at 0x7f18aaeab358>
<topstory.TopStory object at 0x7f18aae88a58>
<genericresult.GenericResult object at 0x7f18aae88cc0>
<video.Video object at 0x7f18aaeab6a0>
<topstory.TopStory object at 0x7f18aae885f8>
<genericresult.GenericResult object at 0x7f18aae88a58>
<video.Video object at 0x7f18aaeab400>
<topstory.TopStory object at 0x7f18aae88be0>
<genericresult.GenericResult object at 0x7f18aae885f8>
<video.Video object at 0x7f18aaeab940>
<topstory.TopStory object at 0x7f18aae88d30>
<genericresult.GenericResult object at 0x7f18aae88be0>
<video.Video object at 0x7f18aaeab828>
<topstory.TopStory object at 0x7f18aae88dd8>
<genericresult.GenericResult object at 0x7f18aae88d30>
<video.Video object at 0x7f18aaeab668>
<topstory.TopStory object at 0x7f18aae88978>
<genericresult.GenericResult object at 0x7f18aae88dd8>
<video.Video object at 0x7f18aaeabfd0>
<topstory.TopStory object at 0x7f18aae88cc0>
<genericresult.GenericResult object at 0x7f18aae88978>
<video.Video object at 0x7f18aaeaba58>
Pesquisando os atores: Eleições 2018, Lugar de votação, Candidatos a Presidente, Lula, Bolsonaro, Haddad, Marina Silva, Alckmin, Ciro Gomes, João Amoedo, Álvaro Dias, Cabo Daciolo, Boulos
<topstory.TopStory object at 0x7f18aaeab940>
<genericresult.GenericResult object at 0x7f18aaeaba90>
<video.Video object at 0x7f18aaeab4e0>
<topstory.TopStory object at 0x7f18aae88e10>
<genericresult.GenericResult object at 0x7f18aaeab400>
<video.Video object at 0x7f18aaeab860>
<topstory.TopStory object at 0x7f18aae880b8>
<genericresult.GenericResult object at 0x7f18aaeaba90>
<video.Video object at 0x7f18aaeab5f8>
<topstory.TopStory object at 0x7f18aae88e10>
<genericresult.GenericResult object at 0x7f18aaeab470>
<video.Video object at 0x7f18aaeab160>
Traceback (most recent call last):
  File "/home/ibpad-005023/Documentos/Observatorio-google/roda_pesquisas.py", line 93, in <module>
    main()
  File "/home/ibpad-005023/Documentos/Observatorio-google/roda_pesquisas.py", line 84, in main
    google_html = google_search(driver, busca)
  File "/home/ibpad-005023/Documentos/Observatorio-google/roda_pesquisas.py", line 25, in google_search
    driver.get(base_link + query)
  File "/home/ibpad-005023/Documentos/Observatorio-google/venv/lib/python3.6/site-packages/selenium/webdriver/remote/webdriver.py", line 326, in get
    self.execute(Command.GET, {'url': url})
  File "/home/ibpad-005023/Documentos/Observatorio-google/venv/lib/python3.6/site-packages/selenium/webdriver/remote/webdriver.py", line 314, in execute
    self.error_handler.check_response(response)
  File "/home/ibpad-005023/Documentos/Observatorio-google/venv/lib/python3.6/site-packages/selenium/webdriver/remote/errorhandler.py", line 242, in check_response
    raise exception_class(message, screen, stacktrace)
selenium.common.exceptions.TimeoutException: Message: Timeout loading page after 300000ms

