Pesquisando os atores: Eleições 2018, Lugar de votação, Candidatos a Presidente, Lula, Bolsonaro, Haddad, Marina Silva, Alckmin, Ciro Gomes, João Amoedo, Álvaro Dias, Cabo Daciolo, Boulos
<topstory.TopStory object at 0x7f43206c5ac8>
<genericresult.GenericResult object at 0x7f43206c5c50>
<video.Video object at 0x7f43206c5cc0>
<topstory.TopStory object at 0x7f43219f4d68>
<genericresult.GenericResult object at 0x7f43206c5f98>
<video.Video object at 0x7f43206c5940>
<topstory.TopStory object at 0x7f432467f438>
<genericresult.GenericResult object at 0x7f43206c5a58>
<video.Video object at 0x7f43206c57f0>
<topstory.TopStory object at 0x7f43219f4d68>
<genericresult.GenericResult object at 0x7f43206c5d30>
<video.Video object at 0x7f43206c52b0>
<topstory.TopStory object at 0x7f432467f438>
<genericresult.GenericResult object at 0x7f43206c5940>
<video.Video object at 0x7f43206c5d68>
<topstory.TopStory object at 0x7f43219f4d68>
<genericresult.GenericResult object at 0x7f43206c5c50>
<video.Video object at 0x7f43206c5e80>
<topstory.TopStory object at 0x7f432467f438>
<genericresult.GenericResult object at 0x7f43206c5b38>
<video.Video object at 0x7f43206c5978>
<topstory.TopStory object at 0x7f43219f4d68>
<genericresult.GenericResult object at 0x7f43206c5f60>
<video.Video object at 0x7f43206c5d30>
<topstory.TopStory object at 0x7f432467f438>
<genericresult.GenericResult object at 0x7f43206c5f28>
<video.Video object at 0x7f43206c5b70>
<topstory.TopStory object at 0x7f43219f4d68>
<genericresult.GenericResult object at 0x7f43206c5a58>
<video.Video object at 0x7f43206c52b0>
<topstory.TopStory object at 0x7f432467f438>
<genericresult.GenericResult object at 0x7f43206c5d30>
<video.Video object at 0x7f43206c5940>
<topstory.TopStory object at 0x7f43219f4d68>
<genericresult.GenericResult object at 0x7f43206c52b0>
<video.Video object at 0x7f43206c5d30>
<topstory.TopStory object at 0x7f432467f438>
<genericresult.GenericResult object at 0x7f43206c5940>
<video.Video object at 0x7f43206c5f98>
Pesquisando os atores: Eleições 2018, Lugar de votação, Candidatos a Presidente, Lula, Bolsonaro, Haddad, Marina Silva, Alckmin, Ciro Gomes, João Amoedo, Álvaro Dias, Cabo Daciolo, Boulos
<topstory.TopStory object at 0x7f432467f438>
<genericresult.GenericResult object at 0x7f43206c5b38>
<video.Video object at 0x7f431fe35f28>
<topstory.TopStory object at 0x7f43206c5358>
<genericresult.GenericResult object at 0x7f43206c5470>
<video.Video object at 0x7f431fe35fd0>
<topstory.TopStory object at 0x7f43206c5a58>
<genericresult.GenericResult object at 0x7f43206c5898>
<video.Video object at 0x7f431fe35ef0>
<topstory.TopStory object at 0x7f43206c5b70>
<genericresult.GenericResult object at 0x7f43206c5898>
<video.Video object at 0x7f431fe353c8>
<topstory.TopStory object at 0x7f43206c5128>
<genericresult.GenericResult object at 0x7f43206c51d0>
<video.Video object at 0x7f431fe35b00>
<topstory.TopStory object at 0x7f43206c5390>
<genericresult.GenericResult object at 0x7f43206c5b70>
<video.Video object at 0x7f431fe35d68>
<topstory.TopStory object at 0x7f43206c58d0>
<genericresult.GenericResult object at 0x7f43206c5be0>
<video.Video object at 0x7f431fe35d30>
<topstory.TopStory object at 0x7f43206c5128>
<genericresult.GenericResult object at 0x7f43206c5be0>
<video.Video object at 0x7f431fe35f60>
<topstory.TopStory object at 0x7f43206c5da0>
<genericresult.GenericResult object at 0x7f43206c5a58>
<video.Video object at 0x7f431fe35fd0>
<topstory.TopStory object at 0x7f43206c54e0>
<genericresult.GenericResult object at 0x7f43206c5a58>
<video.Video object at 0x7f431fe35dd8>
<topstory.TopStory object at 0x7f43206c5b38>
<genericresult.GenericResult object at 0x7f43206c5470>
<video.Video object at 0x7f431fe35b70>
<topstory.TopStory object at 0x7f43206c5128>
<genericresult.GenericResult object at 0x7f43206c54e0>
<video.Video object at 0x7f431fe359b0>
<topstory.TopStory object at 0x7f43206c5be0>
<genericresult.GenericResult object at 0x7f43206c54e0>
<video.Video object at 0x7f431fe35b70>
Pesquisando os atores: Eleições 2018, Lugar de votação, Candidatos a Presidente, Lula, Bolsonaro, Haddad, Marina Silva, Alckmin, Ciro Gomes, João Amoedo, Álvaro Dias, Cabo Daciolo, Boulos
<topstory.TopStory object at 0x7f431fe35748>
<genericresult.GenericResult object at 0x7f431fe54550>
<video.Video object at 0x7f431fe54518>
<topstory.TopStory object at 0x7f431fe35e80>
<genericresult.GenericResult object at 0x7f431fe542b0>
<video.Video object at 0x7f431fe54860>
<topstory.TopStory object at 0x7f431fe35e10>
<genericresult.GenericResult object at 0x7f431fe54240>
<video.Video object at 0x7f431fe545f8>
<topstory.TopStory object at 0x7f431fe35748>
<genericresult.GenericResult object at 0x7f431fe54828>
<video.Video object at 0x7f431fe544e0>
<topstory.TopStory object at 0x7f431fe35fd0>
<genericresult.GenericResult object at 0x7f431fe540b8>
<video.Video object at 0x7f431fe541d0>
<topstory.TopStory object at 0x7f431fe35e80>
<genericresult.GenericResult object at 0x7f431fe546d8>
<video.Video object at 0x7f431fe54780>
<topstory.TopStory object at 0x7f431fe35e10>
<genericresult.GenericResult object at 0x7f431fe54c18>
<video.Video object at 0x7f431fe54a20>
<topstory.TopStory object at 0x7f431fe35748>
<genericresult.GenericResult object at 0x7f431fe54588>
<video.Video object at 0x7f431fe546d8>
<topstory.TopStory object at 0x7f431fe35fd0>
<genericresult.GenericResult object at 0x7f431fe543c8>
<video.Video object at 0x7f431fe54630>
<topstory.TopStory object at 0x7f431fe35e80>
<genericresult.GenericResult object at 0x7f431fe54668>
<video.Video object at 0x7f431fe54ba8>
<topstory.TopStory object at 0x7f431fe35e10>
<genericresult.GenericResult object at 0x7f431fe54470>
<video.Video object at 0x7f431fe545f8>
<topstory.TopStory object at 0x7f431fe35748>
<genericresult.GenericResult object at 0x7f431fe54080>
<video.Video object at 0x7f431fe548d0>
<topstory.TopStory object at 0x7f431fe35fd0>
<genericresult.GenericResult object at 0x7f431fe54a90>
<video.Video object at 0x7f431fe54128>
Pesquisando os atores: Eleições 2018, Lugar de votação, Candidatos a Presidente, Lula, Bolsonaro, Haddad, Marina Silva, Alckmin, Ciro Gomes, João Amoedo, Álvaro Dias, Cabo Daciolo, Boulos
<topstory.TopStory object at 0x7f431fe35a90>
<genericresult.GenericResult object at 0x7f431fe35b00>
<video.Video object at 0x7f431fe54438>
<topstory.TopStory object at 0x7f431fe35b00>
<genericresult.GenericResult object at 0x7f431fe35b38>
<video.Video object at 0x7f431fe54438>
<topstory.TopStory object at 0x7f431fe35a90>
<genericresult.GenericResult object at 0x7f431fe35b00>
<video.Video object at 0x7f431fe54358>
<topstory.TopStory object at 0x7f431fe35be0>
<genericresult.GenericResult object at 0x7f431fe35a90>
<video.Video object at 0x7f431fe54d68>
<topstory.TopStory object at 0x7f431fe35eb8>
<genericresult.GenericResult object at 0x7f431fe35be0>
<video.Video object at 0x7f431fe54320>
<topstory.TopStory object at 0x7f431fe35d30>
<genericresult.GenericResult object at 0x7f431fe35eb8>
<video.Video object at 0x7f431fe54b38>
<topstory.TopStory object at 0x7f431fe35b38>
<genericresult.GenericResult object at 0x7f431fe35d30>
<video.Video object at 0x7f431fe546d8>
<topstory.TopStory object at 0x7f431fe35b00>
<genericresult.GenericResult object at 0x7f431fe35b38>
<video.Video object at 0x7f431fe54668>
<topstory.TopStory object at 0x7f431fe35a90>
<genericresult.GenericResult object at 0x7f431fe35b00>
<video.Video object at 0x7f431fe54a20>
<topstory.TopStory object at 0x7f431fe35be0>
<genericresult.GenericResult object at 0x7f431fe35a90>
<video.Video object at 0x7f431fe54b70>
<topstory.TopStory object at 0x7f431fe35eb8>
<genericresult.GenericResult object at 0x7f431fe35be0>
<video.Video object at 0x7f431fe54e80>
Traceback (most recent call last):
  File "/home/ibpad-005023/Documentos/Observatorio-google/roda_pesquisas.py", line 93, in <module>
    main()
  File "/home/ibpad-005023/Documentos/Observatorio-google/roda_pesquisas.py", line 84, in main
    google_html = google_search(driver, busca)
  File "/home/ibpad-005023/Documentos/Observatorio-google/roda_pesquisas.py", line 25, in google_search
    driver.get(base_link + query)
  File "/home/ibpad-005023/Documentos/Observatorio-google/venv/lib/python3.6/site-packages/selenium/webdriver/remote/webdriver.py", line 326, in get
    self.execute(Command.GET, {'url': url})
  File "/home/ibpad-005023/Documentos/Observatorio-google/venv/lib/python3.6/site-packages/selenium/webdriver/remote/webdriver.py", line 314, in execute
    self.error_handler.check_response(response)
  File "/home/ibpad-005023/Documentos/Observatorio-google/venv/lib/python3.6/site-packages/selenium/webdriver/remote/errorhandler.py", line 242, in check_response
    raise exception_class(message, screen, stacktrace)
selenium.common.exceptions.TimeoutException: Message: Timeout loading page after 300000ms

