Pesquisando os atores: Eleições 2018, Lugar de votação, Candidatos a Presidente, Lula, Bolsonaro, Haddad, Marina Silva, Alckmin, Ciro Gomes, João Amoedo, Álvaro Dias, Cabo Daciolo, Boulos
<topstory.TopStory object at 0x7f58aaa55b00>
<genericresult.GenericResult object at 0x7f58aaa55c88>
<video.Video object at 0x7f58aaa55cf8>
<topstory.TopStory object at 0x7f58abd84da0>
<genericresult.GenericResult object at 0x7f58aaa55fd0>
<video.Video object at 0x7f58aaa55978>
<topstory.TopStory object at 0x7f58aea0f438>
<genericresult.GenericResult object at 0x7f58aaa55d68>
<video.Video object at 0x7f58aaa552e8>
<topstory.TopStory object at 0x7f58abd84da0>
<genericresult.GenericResult object at 0x7f58aaa55eb8>
<video.Video object at 0x7f58aaa55cf8>
<topstory.TopStory object at 0x7f58aea0f438>
<genericresult.GenericResult object at 0x7f58aaa55c18>
<video.Video object at 0x7f58aaa55f60>
<topstory.TopStory object at 0x7f58abd84da0>
<genericresult.GenericResult object at 0x7f58aaa55978>
<video.Video object at 0x7f58aaa559b0>
<topstory.TopStory object at 0x7f58aea0f438>
<genericresult.GenericResult object at 0x7f58aaa55ef0>
<video.Video object at 0x7f58aaa55b00>
<topstory.TopStory object at 0x7f58abd84da0>
<genericresult.GenericResult object at 0x7f58aaa55eb8>
<video.Video object at 0x7f58aaa552e8>
<topstory.TopStory object at 0x7f58aea0f438>
<genericresult.GenericResult object at 0x7f58aaa55be0>
<video.Video object at 0x7f58aaa55d68>
<topstory.TopStory object at 0x7f58abd84da0>
<genericresult.GenericResult object at 0x7f58aaa55b00>
<video.Video object at 0x7f58aaa55fd0>
<topstory.TopStory object at 0x7f58aea0f438>
<genericresult.GenericResult object at 0x7f58aaa55ef0>
<video.Video object at 0x7f58aaa55f98>
<topstory.TopStory object at 0x7f58abd84da0>
<genericresult.GenericResult object at 0x7f58aaa55fd0>
<video.Video object at 0x7f58aaa55ef0>
<topstory.TopStory object at 0x7f58aea0f438>
<genericresult.GenericResult object at 0x7f58aaa55f98>
<video.Video object at 0x7f58aaa55e48>
Pesquisando os atores: Eleições 2018, Lugar de votação, Candidatos a Presidente, Lula, Bolsonaro, Haddad, Marina Silva, Alckmin, Ciro Gomes, João Amoedo, Álvaro Dias, Cabo Daciolo, Boulos
<topstory.TopStory object at 0x7f58aea0f438>
<genericresult.GenericResult object at 0x7f58aaa55ba8>
<video.Video object at 0x7f58aa1c5eb8>
<topstory.TopStory object at 0x7f58aaa55390>
<genericresult.GenericResult object at 0x7f58aaa554a8>
<video.Video object at 0x7f58aa1c5f28>
<topstory.TopStory object at 0x7f58aaa55828>
<genericresult.GenericResult object at 0x7f58aaa558d0>
<video.Video object at 0x7f58aa1c5860>
<topstory.TopStory object at 0x7f58aaa55f60>
<genericresult.GenericResult object at 0x7f58aaa553c8>
<video.Video object at 0x7f58aa1c59e8>
<topstory.TopStory object at 0x7f58aaa55390>
<genericresult.GenericResult object at 0x7f58aaa553c8>
<video.Video object at 0x7f58aa1c5cc0>
<topstory.TopStory object at 0x7f58aa1c5da0>
<genericresult.GenericResult object at 0x7f58aa1c5eb8>
<video.Video object at 0x7f58aa1c5d68>
<topstory.TopStory object at 0x7f58aa1c5390>
<genericresult.GenericResult object at 0x7f58aa1c5cc0>
<video.Video object at 0x7f58aa1c5b70>
<topstory.TopStory object at 0x7f58aa1c5b70>
<genericresult.GenericResult object at 0x7f58aa1c5a20>
<video.Video object at 0x7f58aa1c5908>
<topstory.TopStory object at 0x7f58aaa554a8>
<genericresult.GenericResult object at 0x7f58aaa55278>
<video.Video object at 0x7f58aa1c5f28>
<topstory.TopStory object at 0x7f58aaa55908>
<genericresult.GenericResult object at 0x7f58aaa55780>
<video.Video object at 0x7f58aa1c5f98>
<topstory.TopStory object at 0x7f58aaa55ef0>
<genericresult.GenericResult object at 0x7f58aaa55828>
<video.Video object at 0x7f58aa1c5b38>
<topstory.TopStory object at 0x7f58aaa554a8>
<genericresult.GenericResult object at 0x7f58aaa55ba8>
<video.Video object at 0x7f58aa1c5e10>
<topstory.TopStory object at 0x7f58aaa55908>
<genericresult.GenericResult object at 0x7f58aaa553c8>
<video.Video object at 0x7f58aa1c5a58>
Pesquisando os atores: Eleições 2018, Lugar de votação, Candidatos a Presidente, Lula, Bolsonaro, Haddad, Marina Silva, Alckmin, Ciro Gomes, João Amoedo, Álvaro Dias, Cabo Daciolo, Boulos
<topstory.TopStory object at 0x7f58aa1db780>
<genericresult.GenericResult object at 0x7f58aa1db5c0>
<video.Video object at 0x7f58aa1db128>
<topstory.TopStory object at 0x7f58aa1c5f60>
<genericresult.GenericResult object at 0x7f58aa1db6d8>
<video.Video object at 0x7f58aa1dba20>
<topstory.TopStory object at 0x7f58aa1c5e10>
<genericresult.GenericResult object at 0x7f58aa1db2e8>
<video.Video object at 0x7f58aa1db5c0>
<topstory.TopStory object at 0x7f58aa1c5400>
<genericresult.GenericResult object at 0x7f58aa1db898>
<video.Video object at 0x7f58aa1db630>
<topstory.TopStory object at 0x7f58aa1c5f60>
<genericresult.GenericResult object at 0x7f58aa1db828>
<video.Video object at 0x7f58aa1dbc18>
<topstory.TopStory object at 0x7f58aa1c5e10>
<genericresult.GenericResult object at 0x7f58aa1db588>
<video.Video object at 0x7f58aa1db518>
<topstory.TopStory object at 0x7f58aa1c5400>
<genericresult.GenericResult object at 0x7f58aa1db358>
<video.Video object at 0x7f58aa1db7f0>
<topstory.TopStory object at 0x7f58aa1c5f60>
<genericresult.GenericResult object at 0x7f58aa1db438>
<video.Video object at 0x7f58aa1db278>
<topstory.TopStory object at 0x7f58aa1c5e10>
<genericresult.GenericResult object at 0x7f58aa1db8d0>
<video.Video object at 0x7f58aa1db080>
<topstory.TopStory object at 0x7f58aa1c5400>
<genericresult.GenericResult object at 0x7f58aa1db2b0>
<video.Video object at 0x7f58aa1db630>
<topstory.TopStory object at 0x7f58aa1c5f60>
<genericresult.GenericResult object at 0x7f58aa1db2b0>
<video.Video object at 0x7f58aa1db2e8>
<topstory.TopStory object at 0x7f58aa1c5e10>
<genericresult.GenericResult object at 0x7f58aa1db2b0>
<video.Video object at 0x7f58aa1db9b0>
<topstory.TopStory object at 0x7f58aa1c5400>
<genericresult.GenericResult object at 0x7f58aa1dbd68>
<video.Video object at 0x7f58aa1dbbe0>
Traceback (most recent call last):
  File "/home/ibpad-005023/Documentos/Observatorio-google/roda_pesquisas.py", line 93, in <module>
    main()
  File "/home/ibpad-005023/Documentos/Observatorio-google/roda_pesquisas.py", line 81, in main
    gmail_sign_in(driver, profile)
  File "/home/ibpad-005023/Documentos/Observatorio-google/roda_pesquisas.py", line 32, in gmail_sign_in
    driver.get("http://mail.google.com")
  File "/home/ibpad-005023/Documentos/Observatorio-google/venv/lib/python3.6/site-packages/selenium/webdriver/remote/webdriver.py", line 326, in get
    self.execute(Command.GET, {'url': url})
  File "/home/ibpad-005023/Documentos/Observatorio-google/venv/lib/python3.6/site-packages/selenium/webdriver/remote/webdriver.py", line 314, in execute
    self.error_handler.check_response(response)
  File "/home/ibpad-005023/Documentos/Observatorio-google/venv/lib/python3.6/site-packages/selenium/webdriver/remote/errorhandler.py", line 242, in check_response
    raise exception_class(message, screen, stacktrace)
selenium.common.exceptions.TimeoutException: Message: Timeout loading page after 300000ms

