Pesquisando os atores: Eleições 2018, Lugar de votação, Candidatos a Presidente, Lula, Bolsonaro, Haddad, Marina Silva, Alckmin, Ciro Gomes, João Amoedo, Álvaro Dias, Cabo Daciolo, Boulos
<topstory.TopStory object at 0x7f0382d1bb00>
<genericresult.GenericResult object at 0x7f0382d1bc88>
<video.Video object at 0x7f0382d1bcf8>
<topstory.TopStory object at 0x7f038404ada0>
<genericresult.GenericResult object at 0x7f0382d1bfd0>
<video.Video object at 0x7f0382d1b978>
<topstory.TopStory object at 0x7f0386cd5438>
<genericresult.GenericResult object at 0x7f0382d1bda0>
<video.Video object at 0x7f0382d1b828>
<topstory.TopStory object at 0x7f038404ada0>
<genericresult.GenericResult object at 0x7f0382d1bc18>
<video.Video object at 0x7f0382d1b898>
<topstory.TopStory object at 0x7f0386cd5438>
<genericresult.GenericResult object at 0x7f0382d1b9b0>
<video.Video object at 0x7f0382d1bcf8>
<topstory.TopStory object at 0x7f038404ada0>
<genericresult.GenericResult object at 0x7f0382d1bb70>
<video.Video object at 0x7f0382d1bd68>
<topstory.TopStory object at 0x7f0386cd5438>
<genericresult.GenericResult object at 0x7f0382d1b2e8>
<video.Video object at 0x7f0382d1bc18>
<topstory.TopStory object at 0x7f038404ada0>
<genericresult.GenericResult object at 0x7f0382d1bf60>
<video.Video object at 0x7f0382d1b978>
<topstory.TopStory object at 0x7f0386cd5438>
<genericresult.GenericResult object at 0x7f0382d1bf98>
<video.Video object at 0x7f0382d1bfd0>
<topstory.TopStory object at 0x7f038404ada0>
<genericresult.GenericResult object at 0x7f0382d1b828>
<video.Video object at 0x7f0382d1be80>
<topstory.TopStory object at 0x7f0386cd5438>
<genericresult.GenericResult object at 0x7f0382d1bb70>
<video.Video object at 0x7f0382d1b978>
<topstory.TopStory object at 0x7f038404ada0>
<genericresult.GenericResult object at 0x7f0382d1b898>
<video.Video object at 0x7f0382d1bf98>
<topstory.TopStory object at 0x7f0386cd5438>
<genericresult.GenericResult object at 0x7f0382d1be80>
<video.Video object at 0x7f0382d1b9b0>
Pesquisando os atores: Eleições 2018, Lugar de votação, Candidatos a Presidente, Lula, Bolsonaro, Haddad, Marina Silva, Alckmin, Ciro Gomes, João Amoedo, Álvaro Dias, Cabo Daciolo, Boulos
<topstory.TopStory object at 0x7f0386cd5438>
<genericresult.GenericResult object at 0x7f0382d1be10>
<video.Video object at 0x7f038248cfd0>
<topstory.TopStory object at 0x7f0382d1b390>
<genericresult.GenericResult object at 0x7f0382d1b4a8>
<video.Video object at 0x7f038248cf98>
<topstory.TopStory object at 0x7f0382d1bd68>
<genericresult.GenericResult object at 0x7f0382d1b8d0>
<video.Video object at 0x7f038248cc18>
<topstory.TopStory object at 0x7f0382d1bc88>
<genericresult.GenericResult object at 0x7f0382d1b8d0>
<video.Video object at 0x7f038248cc88>
<topstory.TopStory object at 0x7f038248cba8>
<genericresult.GenericResult object at 0x7f038248c390>
<video.Video object at 0x7f038248cda0>
<topstory.TopStory object at 0x7f0382d1b390>
<genericresult.GenericResult object at 0x7f0382d1b4a8>
<video.Video object at 0x7f038248cfd0>
<topstory.TopStory object at 0x7f0382d1b3c8>
<genericresult.GenericResult object at 0x7f0382d1b8d0>
<video.Video object at 0x7f038248cc88>
<topstory.TopStory object at 0x7f0382d1b780>
<genericresult.GenericResult object at 0x7f0382d1b8d0>
<video.Video object at 0x7f038248c400>
<topstory.TopStory object at 0x7f038248cf98>
<genericresult.GenericResult object at 0x7f038248cb70>
<video.Video object at 0x7f038248c780>
<topstory.TopStory object at 0x7f038248c860>
<genericresult.GenericResult object at 0x7f038248ca58>
<video.Video object at 0x7f038248cfd0>
<topstory.TopStory object at 0x7f038248c390>
<genericresult.GenericResult object at 0x7f038248cf28>
<video.Video object at 0x7f038248cfd0>
<topstory.TopStory object at 0x7f038248ccf8>
<genericresult.GenericResult object at 0x7f038248ca58>
<video.Video object at 0x7f038248cc88>
<topstory.TopStory object at 0x7f038248cba8>
<genericresult.GenericResult object at 0x7f038248cf28>
<video.Video object at 0x7f038248cc88>
Pesquisando os atores: Eleições 2018, Lugar de votação, Candidatos a Presidente, Lula, Bolsonaro, Haddad, Marina Silva, Alckmin, Ciro Gomes, João Amoedo, Álvaro Dias, Cabo Daciolo, Boulos
<topstory.TopStory object at 0x7f03824a6780>
<genericresult.GenericResult object at 0x7f03824a65c0>
<video.Video object at 0x7f03824a6470>
<topstory.TopStory object at 0x7f038248ccc0>
<genericresult.GenericResult object at 0x7f03824a66d8>
<video.Video object at 0x7f03824a6320>
<topstory.TopStory object at 0x7f038248cb00>
<genericresult.GenericResult object at 0x7f03824a64a8>
<video.Video object at 0x7f03824a6550>
<topstory.TopStory object at 0x7f038248cdd8>
<genericresult.GenericResult object at 0x7f03824a6ba8>
<video.Video object at 0x7f03824a69b0>
<topstory.TopStory object at 0x7f038248c9b0>
<genericresult.GenericResult object at 0x7f03824a6828>
<video.Video object at 0x7f03824a6208>
<topstory.TopStory object at 0x7f038248ccc0>
<genericresult.GenericResult object at 0x7f03824a6198>
<video.Video object at 0x7f03824a6710>
<topstory.TopStory object at 0x7f038248cb00>
<genericresult.GenericResult object at 0x7f03824a6940>
<video.Video object at 0x7f03824a6668>
<topstory.TopStory object at 0x7f038248cdd8>
<genericresult.GenericResult object at 0x7f03824a6cc0>
<video.Video object at 0x7f03824a66a0>
<topstory.TopStory object at 0x7f038248c9b0>
<genericresult.GenericResult object at 0x7f03824a6080>
<video.Video object at 0x7f03824a6b70>
<topstory.TopStory object at 0x7f038248ccc0>
<genericresult.GenericResult object at 0x7f03824a6c18>
<video.Video object at 0x7f03824a62e8>
<topstory.TopStory object at 0x7f038248cb00>
<genericresult.GenericResult object at 0x7f03824a6438>
<video.Video object at 0x7f03824a6358>
<topstory.TopStory object at 0x7f038248cdd8>
<genericresult.GenericResult object at 0x7f03824a68d0>
<video.Video object at 0x7f03824a69e8>
<topstory.TopStory object at 0x7f038248c9b0>
<genericresult.GenericResult object at 0x7f03824a6160>
<video.Video object at 0x7f03824a6b38>
Pesquisando os atores: Eleições 2018, Lugar de votação, Candidatos a Presidente, Lula, Bolsonaro, Haddad, Marina Silva, Alckmin, Ciro Gomes, João Amoedo, Álvaro Dias, Cabo Daciolo, Boulos
Traceback (most recent call last):
  File "/home/ibpad-005023/Documentos/Observatorio-google/roda_pesquisas.py", line 93, in <module>
    main()
  File "/home/ibpad-005023/Documentos/Observatorio-google/roda_pesquisas.py", line 84, in main
    google_html = google_search(driver, busca)
  File "/home/ibpad-005023/Documentos/Observatorio-google/roda_pesquisas.py", line 24, in google_search
    driver.get("https://www.google.com")
  File "/home/ibpad-005023/Documentos/Observatorio-google/venv/lib/python3.6/site-packages/selenium/webdriver/remote/webdriver.py", line 326, in get
    self.execute(Command.GET, {'url': url})
  File "/home/ibpad-005023/Documentos/Observatorio-google/venv/lib/python3.6/site-packages/selenium/webdriver/remote/webdriver.py", line 314, in execute
    self.error_handler.check_response(response)
  File "/home/ibpad-005023/Documentos/Observatorio-google/venv/lib/python3.6/site-packages/selenium/webdriver/remote/errorhandler.py", line 242, in check_response
    raise exception_class(message, screen, stacktrace)
selenium.common.exceptions.TimeoutException: Message: Timeout loading page after 300000ms

