Pesquisando os atores: Eleições 2018, Lugar de votação, Candidatos a Presidente, Lula, Bolsonaro, Haddad, Marina Silva, Alckmin, Ciro Gomes, João Amoedo, Álvaro Dias, Cabo Daciolo, Boulos
<topstory.TopStory object at 0x7f71dc3adb00>
<genericresult.GenericResult object at 0x7f71dc3adc88>
<video.Video object at 0x7f71dc3adcf8>
<topstory.TopStory object at 0x7f71dd6dcda0>
<genericresult.GenericResult object at 0x7f71dc3adfd0>
<video.Video object at 0x7f71dc3adb00>
<topstory.TopStory object at 0x7f71e0367438>
<genericresult.GenericResult object at 0x7f71dc3adda0>
<video.Video object at 0x7f71dc3ade80>
<topstory.TopStory object at 0x7f71dd6dcda0>
<genericresult.GenericResult object at 0x7f71dc3adb00>
<video.Video object at 0x7f71dc3adc18>
<topstory.TopStory object at 0x7f71e0367438>
<genericresult.GenericResult object at 0x7f71dc3ade80>
<video.Video object at 0x7f71dc3adc18>
<topstory.TopStory object at 0x7f71dd6dcda0>
<genericresult.GenericResult object at 0x7f71dc3adc88>
<video.Video object at 0x7f71dc3ada90>
<topstory.TopStory object at 0x7f71e0367438>
<genericresult.GenericResult object at 0x7f71dc3adef0>
<video.Video object at 0x7f71dc3adc88>
<topstory.TopStory object at 0x7f71dd6dcda0>
<genericresult.GenericResult object at 0x7f71dc3ad2e8>
<video.Video object at 0x7f71dc3adef0>
<topstory.TopStory object at 0x7f71e0367438>
<genericresult.GenericResult object at 0x7f71dc3adb00>
<video.Video object at 0x7f71dc3ad898>
<topstory.TopStory object at 0x7f71dd6dcda0>
<genericresult.GenericResult object at 0x7f71dc3ada90>
<video.Video object at 0x7f71dc3adf98>
<topstory.TopStory object at 0x7f71e0367438>
<genericresult.GenericResult object at 0x7f71dc3ad9b0>
<video.Video object at 0x7f71dc3adb70>
<topstory.TopStory object at 0x7f71dd6dcda0>
<genericresult.GenericResult object at 0x7f71dc3adcf8>
<video.Video object at 0x7f71dc3adb70>
<topstory.TopStory object at 0x7f71e0367438>
<genericresult.GenericResult object at 0x7f71dc3ad978>
<video.Video object at 0x7f71dc3adeb8>
Pesquisando os atores: Eleições 2018, Lugar de votação, Candidatos a Presidente, Lula, Bolsonaro, Haddad, Marina Silva, Alckmin, Ciro Gomes, João Amoedo, Álvaro Dias, Cabo Daciolo, Boulos
<topstory.TopStory object at 0x7f71e0367438>
<genericresult.GenericResult object at 0x7f71dc3ad908>
<video.Video object at 0x7f71dbb1ef28>
<topstory.TopStory object at 0x7f71dbb1edd8>
<genericresult.GenericResult object at 0x7f71dbb1ec88>
<video.Video object at 0x7f71dc3ad160>
<topstory.TopStory object at 0x7f71dc3ad780>
<genericresult.GenericResult object at 0x7f71dc3adeb8>
<video.Video object at 0x7f71dbb1ee48>
<topstory.TopStory object at 0x7f71dbb1e9b0>
<genericresult.GenericResult object at 0x7f71dbb1ef28>
<video.Video object at 0x7f71dc3adf98>
<topstory.TopStory object at 0x7f71dc3adeb8>
<genericresult.GenericResult object at 0x7f71dc3ad4a8>
<video.Video object at 0x7f71dbb1eb38>
<topstory.TopStory object at 0x7f71dbb1e9b0>
<genericresult.GenericResult object at 0x7f71dbb1e7f0>
<video.Video object at 0x7f71dc3ad780>
<topstory.TopStory object at 0x7f71dc3addd8>
<genericresult.GenericResult object at 0x7f71dc3adf98>
<video.Video object at 0x7f71dbb1ee48>
<topstory.TopStory object at 0x7f71dbb1e390>
<genericresult.GenericResult object at 0x7f71dbb1e748>
<video.Video object at 0x7f71dc3ad908>
<topstory.TopStory object at 0x7f71dc3adf98>
<genericresult.GenericResult object at 0x7f71dc3ad518>
<video.Video object at 0x7f71dbb1ed68>
<topstory.TopStory object at 0x7f71dbb1ef98>
<genericresult.GenericResult object at 0x7f71dbb1e390>
<video.Video object at 0x7f71dc3ad780>
<topstory.TopStory object at 0x7f71dc3ad780>
<genericresult.GenericResult object at 0x7f71dc3adf98>
<video.Video object at 0x7f71dbb1e7f0>
<topstory.TopStory object at 0x7f71dbb1eb38>
<genericresult.GenericResult object at 0x7f71dbb1eeb8>
<video.Video object at 0x7f71dc3ad278>
<topstory.TopStory object at 0x7f71dc3adf98>
<genericresult.GenericResult object at 0x7f71dc3ad4a8>
<video.Video object at 0x7f71dbb1ecf8>
Pesquisando os atores: Eleições 2018, Lugar de votação, Candidatos a Presidente, Lula, Bolsonaro, Haddad, Marina Silva, Alckmin, Ciro Gomes, João Amoedo, Álvaro Dias, Cabo Daciolo, Boulos
<topstory.TopStory object at 0x7f71dbb38908>
<genericresult.GenericResult object at 0x7f71dbb38748>
<video.Video object at 0x7f71dbb382b0>
<topstory.TopStory object at 0x7f71dbb1ea20>
<genericresult.GenericResult object at 0x7f71dbb1ee48>
<video.Video object at 0x7f71dbb382b0>
<topstory.TopStory object at 0x7f71dbb1ef98>
<genericresult.GenericResult object at 0x7f71dbb1eeb8>
<video.Video object at 0x7f71dbb389b0>
<topstory.TopStory object at 0x7f71dbb1ed68>
<genericresult.GenericResult object at 0x7f71dbb1eac8>
<video.Video object at 0x7f71dbb38828>
<topstory.TopStory object at 0x7f71dbb1ebe0>
<genericresult.GenericResult object at 0x7f71dbb1ec88>
<video.Video object at 0x7f71dbb389e8>
<topstory.TopStory object at 0x7f71dbb1ee48>
<genericresult.GenericResult object at 0x7f71dbb1ec18>
<video.Video object at 0x7f71dbb38630>
<topstory.TopStory object at 0x7f71dbb1eeb8>
<genericresult.GenericResult object at 0x7f71dbb1eba8>
<video.Video object at 0x7f71dbb38e48>
<topstory.TopStory object at 0x7f71dbb1eac8>
<genericresult.GenericResult object at 0x7f71dbb1e9b0>
<video.Video object at 0x7f71dbb386a0>
Traceback (most recent call last):
  File "/home/ibpad-005023/Documentos/Observatorio-google/roda_pesquisas.py", line 93, in <module>
    main()
  File "/home/ibpad-005023/Documentos/Observatorio-google/roda_pesquisas.py", line 84, in main
    google_html = google_search(driver, busca)
  File "/home/ibpad-005023/Documentos/Observatorio-google/roda_pesquisas.py", line 25, in google_search
    driver.get(base_link + query)
  File "/home/ibpad-005023/Documentos/Observatorio-google/venv/lib/python3.6/site-packages/selenium/webdriver/remote/webdriver.py", line 326, in get
    self.execute(Command.GET, {'url': url})
  File "/home/ibpad-005023/Documentos/Observatorio-google/venv/lib/python3.6/site-packages/selenium/webdriver/remote/webdriver.py", line 314, in execute
    self.error_handler.check_response(response)
  File "/home/ibpad-005023/Documentos/Observatorio-google/venv/lib/python3.6/site-packages/selenium/webdriver/remote/errorhandler.py", line 242, in check_response
    raise exception_class(message, screen, stacktrace)
selenium.common.exceptions.TimeoutException: Message: Timeout loading page after 300000ms

