Pesquisando os atores: Eleições 2018, Lugar de votação, Candidatos a Presidente, Lula, Bolsonaro, Haddad, Marina Silva, Alckmin, Ciro Gomes, João Amoedo, Álvaro Dias, Cabo Daciolo, Boulos
<topstory.TopStory object at 0x7eff89afeb00>
<genericresult.GenericResult object at 0x7eff89afec88>
<video.Video object at 0x7eff89afecf8>
<topstory.TopStory object at 0x7eff8ae2dda0>
<genericresult.GenericResult object at 0x7eff89afefd0>
<video.Video object at 0x7eff89afe978>
<topstory.TopStory object at 0x7eff8dab8438>
<genericresult.GenericResult object at 0x7eff89afeda0>
<video.Video object at 0x7eff89afe828>
<topstory.TopStory object at 0x7eff8ae2dda0>
<genericresult.GenericResult object at 0x7eff89afe860>
<video.Video object at 0x7eff89afe2e8>
<topstory.TopStory object at 0x7eff8dab8438>
<genericresult.GenericResult object at 0x7eff89afe978>
<video.Video object at 0x7eff89afe9b0>
<topstory.TopStory object at 0x7eff8ae2dda0>
<genericresult.GenericResult object at 0x7eff89afeb70>
<video.Video object at 0x7eff89afefd0>
<topstory.TopStory object at 0x7eff8dab8438>
<genericresult.GenericResult object at 0x7eff89afeda0>
<video.Video object at 0x7eff89afef60>
<topstory.TopStory object at 0x7eff8ae2dda0>
<genericresult.GenericResult object at 0x7eff89afe860>
<video.Video object at 0x7eff89afec88>
<topstory.TopStory object at 0x7eff8dab8438>
<genericresult.GenericResult object at 0x7eff89afee48>
<video.Video object at 0x7eff89afe9b0>
<topstory.TopStory object at 0x7eff8ae2dda0>
<genericresult.GenericResult object at 0x7eff89afecf8>
<video.Video object at 0x7eff89afef60>
<topstory.TopStory object at 0x7eff8dab8438>
<genericresult.GenericResult object at 0x7eff89afe2e8>
<video.Video object at 0x7eff89afec88>
<topstory.TopStory object at 0x7eff8ae2dda0>
<genericresult.GenericResult object at 0x7eff89afeb70>
<video.Video object at 0x7eff89afee10>
<topstory.TopStory object at 0x7eff8dab8438>
<genericresult.GenericResult object at 0x7eff89afe860>
<video.Video object at 0x7eff89afef60>
Pesquisando os atores: Eleições 2018, Lugar de votação, Candidatos a Presidente, Lula, Bolsonaro, Haddad, Marina Silva, Alckmin, Ciro Gomes, João Amoedo, Álvaro Dias, Cabo Daciolo, Boulos
<topstory.TopStory object at 0x7eff8dab8438>
<genericresult.GenericResult object at 0x7eff89afe9b0>
<video.Video object at 0x7eff8926fb38>
<topstory.TopStory object at 0x7eff89afe278>
<genericresult.GenericResult object at 0x7eff89afedd8>
<video.Video object at 0x7eff8926f780>
<topstory.TopStory object at 0x7eff89afe208>
<genericresult.GenericResult object at 0x7eff89afedd8>
<video.Video object at 0x7eff8926ff60>
<topstory.TopStory object at 0x7eff89afe780>
<genericresult.GenericResult object at 0x7eff89afedd8>
<video.Video object at 0x7eff8926fd68>
<topstory.TopStory object at 0x7eff89afe4a8>
<genericresult.GenericResult object at 0x7eff89afedd8>
<video.Video object at 0x7eff8926fa58>
<topstory.TopStory object at 0x7eff89afe8d0>
<genericresult.GenericResult object at 0x7eff89afedd8>
<video.Video object at 0x7eff8926f9b0>
<topstory.TopStory object at 0x7eff89afe390>
<genericresult.GenericResult object at 0x7eff89afedd8>
<video.Video object at 0x7eff8926fd68>
<topstory.TopStory object at 0x7eff89afeeb8>
<genericresult.GenericResult object at 0x7eff89afedd8>
<video.Video object at 0x7eff8926feb8>
<topstory.TopStory object at 0x7eff89afe278>
<genericresult.GenericResult object at 0x7eff89afedd8>
<video.Video object at 0x7eff8926fa58>
<topstory.TopStory object at 0x7eff89afe208>
<genericresult.GenericResult object at 0x7eff89afedd8>
<video.Video object at 0x7eff8926fa20>
<topstory.TopStory object at 0x7eff89afe780>
<genericresult.GenericResult object at 0x7eff89afedd8>
<video.Video object at 0x7eff8926ff60>
<topstory.TopStory object at 0x7eff89afe4a8>
<genericresult.GenericResult object at 0x7eff89afedd8>
<video.Video object at 0x7eff8926f8d0>
<topstory.TopStory object at 0x7eff89afe8d0>
<genericresult.GenericResult object at 0x7eff89afedd8>
<video.Video object at 0x7eff8926fa58>
Pesquisando os atores: Eleições 2018, Lugar de votação, Candidatos a Presidente, Lula, Bolsonaro, Haddad, Marina Silva, Alckmin, Ciro Gomes, João Amoedo, Álvaro Dias, Cabo Daciolo, Boulos
<topstory.TopStory object at 0x7eff89280908>
<genericresult.GenericResult object at 0x7eff89280748>
<video.Video object at 0x7eff892802b0>
<topstory.TopStory object at 0x7eff8926fcf8>
<genericresult.GenericResult object at 0x7eff8926fd68>
<video.Video object at 0x7eff89280358>
<topstory.TopStory object at 0x7eff8926fba8>
<genericresult.GenericResult object at 0x7eff8926f400>
<video.Video object at 0x7eff89280c18>
<topstory.TopStory object at 0x7eff8926fac8>
<genericresult.GenericResult object at 0x7eff8926feb8>
<video.Video object at 0x7eff89280400>
<topstory.TopStory object at 0x7eff8926f8d0>
<genericresult.GenericResult object at 0x7eff8926fa20>
<video.Video object at 0x7eff89280978>
<topstory.TopStory object at 0x7eff8926fd68>
<genericresult.GenericResult object at 0x7eff8926ff28>
<video.Video object at 0x7eff892806a0>
<topstory.TopStory object at 0x7eff8926f400>
<genericresult.GenericResult object at 0x7eff8926fbe0>
<video.Video object at 0x7eff89280470>
<topstory.TopStory object at 0x7eff8926feb8>
<genericresult.GenericResult object at 0x7eff8926fb00>
<video.Video object at 0x7eff89280ba8>
<topstory.TopStory object at 0x7eff8926fa20>
<genericresult.GenericResult object at 0x7eff8926fcf8>
<video.Video object at 0x7eff89280908>
<topstory.TopStory object at 0x7eff8926ff28>
<genericresult.GenericResult object at 0x7eff8926fba8>
<video.Video object at 0x7eff892804a8>
<topstory.TopStory object at 0x7eff8926fbe0>
<genericresult.GenericResult object at 0x7eff8926fac8>
<video.Video object at 0x7eff89280940>
<topstory.TopStory object at 0x7eff8926fb00>
<genericresult.GenericResult object at 0x7eff8926f8d0>
<video.Video object at 0x7eff89280400>
<topstory.TopStory object at 0x7eff8926fcf8>
<genericresult.GenericResult object at 0x7eff8926fd68>
<video.Video object at 0x7eff89280cc0>
Pesquisando os atores: Eleições 2018, Lugar de votação, Candidatos a Presidente, Lula, Bolsonaro, Haddad, Marina Silva, Alckmin, Ciro Gomes, João Amoedo, Álvaro Dias, Cabo Daciolo, Boulos
<topstory.TopStory object at 0x7eff89280668>
<genericresult.GenericResult object at 0x7eff892807f0>
<video.Video object at 0x7eff89280198>
<topstory.TopStory object at 0x7eff89280828>
<genericresult.GenericResult object at 0x7eff89280400>
<video.Video object at 0x7eff89280940>
<topstory.TopStory object at 0x7eff89280668>
<genericresult.GenericResult object at 0x7eff89280710>
<video.Video object at 0x7eff89280a58>
<topstory.TopStory object at 0x7eff89280240>
<genericresult.GenericResult object at 0x7eff89280278>
<video.Video object at 0x7eff89280e10>
<topstory.TopStory object at 0x7eff892804e0>
<genericresult.GenericResult object at 0x7eff89280be0>
<video.Video object at 0x7eff89280940>
<topstory.TopStory object at 0x7eff89280dd8>
<genericresult.GenericResult object at 0x7eff892807b8>
<video.Video object at 0x7eff89280860>
Traceback (most recent call last):
  File "/home/ibpad-005023/Documentos/Observatorio-google/roda_pesquisas.py", line 93, in <module>
    main()
  File "/home/ibpad-005023/Documentos/Observatorio-google/roda_pesquisas.py", line 84, in main
    google_html = google_search(driver, busca)
  File "/home/ibpad-005023/Documentos/Observatorio-google/roda_pesquisas.py", line 24, in google_search
    driver.get("https://www.google.com")
  File "/home/ibpad-005023/Documentos/Observatorio-google/venv/lib/python3.6/site-packages/selenium/webdriver/remote/webdriver.py", line 326, in get
    self.execute(Command.GET, {'url': url})
  File "/home/ibpad-005023/Documentos/Observatorio-google/venv/lib/python3.6/site-packages/selenium/webdriver/remote/webdriver.py", line 314, in execute
    self.error_handler.check_response(response)
  File "/home/ibpad-005023/Documentos/Observatorio-google/venv/lib/python3.6/site-packages/selenium/webdriver/remote/errorhandler.py", line 242, in check_response
    raise exception_class(message, screen, stacktrace)
selenium.common.exceptions.TimeoutException: Message: Timeout loading page after 300000ms

