Pesquisando os atores: Eleições 2018, Lugar de votação, Candidatos a Presidente, Lula, Bolsonaro, Haddad, Marina Silva, Alckmin, Ciro Gomes, João Amoedo, Álvaro Dias, Cabo Daciolo, Boulos
<topstory.TopStory object at 0x7fa2c0ab3b00>
<genericresult.GenericResult object at 0x7fa2c0ab3c88>
<video.Video object at 0x7fa2c0ab3cf8>
<topstory.TopStory object at 0x7fa2c1de2dd8>
<genericresult.GenericResult object at 0x7fa2c0ab3fd0>
<video.Video object at 0x7fa2c0ab3978>
<topstory.TopStory object at 0x7fa2c4a6d438>
<genericresult.GenericResult object at 0x7fa2c0ab3da0>
<video.Video object at 0x7fa2c0ab3828>
<topstory.TopStory object at 0x7fa2c1de2dd8>
<genericresult.GenericResult object at 0x7fa2c0ab3c18>
<video.Video object at 0x7fa2c0ab3978>
<topstory.TopStory object at 0x7fa2c4a6d438>
<genericresult.GenericResult object at 0x7fa2c0ab3cf8>
<video.Video object at 0x7fa2c0ab3be0>
<topstory.TopStory object at 0x7fa2c1de2dd8>
<genericresult.GenericResult object at 0x7fa2c0ab3f60>
<video.Video object at 0x7fa2c0ab3c18>
<topstory.TopStory object at 0x7fa2c4a6d438>
<genericresult.GenericResult object at 0x7fa2c0ab32e8>
<video.Video object at 0x7fa2c0ab3c88>
<topstory.TopStory object at 0x7fa2c1de2dd8>
<genericresult.GenericResult object at 0x7fa2c0ab3f98>
<video.Video object at 0x7fa2c0ab3eb8>
Traceback (most recent call last):
  File "/home/ibpad-005023/Documentos/Observatorio-google/roda_pesquisas.py", line 93, in <module>
    main()
  File "/home/ibpad-005023/Documentos/Observatorio-google/roda_pesquisas.py", line 84, in main
    google_html = google_search(driver, busca)
  File "/home/ibpad-005023/Documentos/Observatorio-google/roda_pesquisas.py", line 25, in google_search
    driver.get(base_link + query)
  File "/home/ibpad-005023/Documentos/Observatorio-google/venv/lib/python3.6/site-packages/selenium/webdriver/remote/webdriver.py", line 326, in get
    self.execute(Command.GET, {'url': url})
  File "/home/ibpad-005023/Documentos/Observatorio-google/venv/lib/python3.6/site-packages/selenium/webdriver/remote/webdriver.py", line 314, in execute
    self.error_handler.check_response(response)
  File "/home/ibpad-005023/Documentos/Observatorio-google/venv/lib/python3.6/site-packages/selenium/webdriver/remote/errorhandler.py", line 242, in check_response
    raise exception_class(message, screen, stacktrace)
selenium.common.exceptions.TimeoutException: Message: Timeout loading page after 300000ms

